[2023-06-26T18:58:33.924+0000] {taskinstance.py:1087} INFO - Dependencies all met for <TaskInstance: dbt_ipflow_dag.get_input_data manual__2023-06-26T18:52:04.674534+00:00 [queued]>
[2023-06-26T18:58:33.932+0000] {taskinstance.py:1087} INFO - Dependencies all met for <TaskInstance: dbt_ipflow_dag.get_input_data manual__2023-06-26T18:52:04.674534+00:00 [queued]>
[2023-06-26T18:58:33.933+0000] {taskinstance.py:1283} INFO - 
--------------------------------------------------------------------------------
[2023-06-26T18:58:33.934+0000] {taskinstance.py:1284} INFO - Starting attempt 3 of 3
[2023-06-26T18:58:33.935+0000] {taskinstance.py:1285} INFO - 
--------------------------------------------------------------------------------
[2023-06-26T18:58:33.945+0000] {taskinstance.py:1304} INFO - Executing <Task(BashOperator): get_input_data> on 2023-06-26 18:52:04.674534+00:00
[2023-06-26T18:58:33.952+0000] {standard_task_runner.py:55} INFO - Started process 27172 to run task
[2023-06-26T18:58:33.957+0000] {standard_task_runner.py:82} INFO - Running: ['***', 'tasks', 'run', 'dbt_ipflow_dag', 'get_input_data', 'manual__2023-06-26T18:52:04.674534+00:00', '--job-id', '65', '--raw', '--subdir', 'DAGS_FOLDER/dbt_ip_flow_dag.py', '--cfg-path', '/tmp/tmps3xt10gt']
[2023-06-26T18:58:33.961+0000] {standard_task_runner.py:83} INFO - Job 65: Subtask get_input_data
[2023-06-26T18:58:34.033+0000] {task_command.py:389} INFO - Running <TaskInstance: dbt_ipflow_dag.get_input_data manual__2023-06-26T18:52:04.674534+00:00 [running]> on host 635f1a4ac995
[2023-06-26T18:58:34.094+0000] {taskinstance.py:1513} INFO - Exporting the following env vars:
AIRFLOW_CTX_DAG_OWNER=***
AIRFLOW_CTX_DAG_ID=dbt_ipflow_dag
AIRFLOW_CTX_TASK_ID=get_input_data
AIRFLOW_CTX_EXECUTION_DATE=2023-06-26T18:52:04.674534+00:00
AIRFLOW_CTX_TRY_NUMBER=3
AIRFLOW_CTX_DAG_RUN_ID=manual__2023-06-26T18:52:04.674534+00:00
[2023-06-26T18:58:34.097+0000] {subprocess.py:63} INFO - Tmp dir root location: 
 /tmp
[2023-06-26T18:58:34.099+0000] {subprocess.py:75} INFO - Running command: ['/bin/bash', '-c', "dbt run --select stg_ipflow_input_data --profiles-dir /opt/***/dbt/dbt_dsg_app --project-dir /opt/***/dbt/dbt_dsg_app  --target dev --vars '{'env': 'dev'}' "]
[2023-06-26T18:58:34.115+0000] {subprocess.py:86} INFO - Output:
[2023-06-26T18:58:36.201+0000] {subprocess.py:93} INFO - [0m18:58:36  Running with dbt=1.5.1
[2023-06-26T18:58:37.459+0000] {subprocess.py:93} INFO - [0m18:58:37  Unable to do partial parsing because config vars, config profile, or config target have changed
[2023-06-26T18:58:40.323+0000] {subprocess.py:93} INFO - [0m18:58:40  Found 12 models, 2 tests, 0 snapshots, 0 analyses, 321 macros, 0 operations, 0 seed files, 0 sources, 0 exposures, 0 metrics, 0 groups
[2023-06-26T18:58:40.330+0000] {subprocess.py:93} INFO - [0m18:58:40
[2023-06-26T18:58:42.337+0000] {subprocess.py:93} INFO - [0m18:58:42  Concurrency: 4 threads (target='dev')
[2023-06-26T18:58:42.340+0000] {subprocess.py:93} INFO - [0m18:58:42
[2023-06-26T18:58:42.356+0000] {subprocess.py:93} INFO - [0m18:58:42  1 of 1 START sql table model DBT_POC.stg_ipflow_input_data ..................... [RUN]
[2023-06-26T18:59:50.390+0000] {subprocess.py:93} INFO - [0m18:59:50  1 of 1 OK created sql table model DBT_POC.stg_ipflow_input_data ................ [[32mSUCCESS 1[0m in 68.01s]
[2023-06-26T18:59:50.447+0000] {subprocess.py:93} INFO - [0m18:59:50
[2023-06-26T18:59:50.450+0000] {subprocess.py:93} INFO - [0m18:59:50  Finished running 1 table model in 0 hours 1 minutes and 10.11 seconds (70.11s).
[2023-06-26T18:59:50.543+0000] {subprocess.py:93} INFO - [0m18:59:50
[2023-06-26T18:59:50.546+0000] {subprocess.py:93} INFO - [0m18:59:50  [32mCompleted successfully[0m
[2023-06-26T18:59:50.549+0000] {subprocess.py:93} INFO - [0m18:59:50
[2023-06-26T18:59:50.559+0000] {subprocess.py:93} INFO - [0m18:59:50  Done. PASS=1 WARN=0 ERROR=0 SKIP=0 TOTAL=1
[2023-06-26T18:59:51.265+0000] {subprocess.py:97} INFO - Command exited with return code 0
[2023-06-26T18:59:51.313+0000] {taskinstance.py:1327} INFO - Marking task as SUCCESS. dag_id=dbt_ipflow_dag, task_id=get_input_data, execution_date=20230626T185204, start_date=20230626T185833, end_date=20230626T185951
[2023-06-26T18:59:51.385+0000] {local_task_job.py:159} INFO - Task exited with return code 0
[2023-06-26T18:59:51.431+0000] {taskinstance.py:2582} INFO - 1 downstream tasks scheduled from follow-on schedule check
