[2023-08-04T18:20:26.150+0000] {taskinstance.py:1087} INFO - Dependencies all met for <TaskInstance: dbt_ipflow_dag.get_input_data manual__2023-08-04T18:20:24.263042+00:00 [queued]>
[2023-08-04T18:20:26.157+0000] {taskinstance.py:1087} INFO - Dependencies all met for <TaskInstance: dbt_ipflow_dag.get_input_data manual__2023-08-04T18:20:24.263042+00:00 [queued]>
[2023-08-04T18:20:26.158+0000] {taskinstance.py:1283} INFO - 
--------------------------------------------------------------------------------
[2023-08-04T18:20:26.160+0000] {taskinstance.py:1284} INFO - Starting attempt 1 of 1
[2023-08-04T18:20:26.161+0000] {taskinstance.py:1285} INFO - 
--------------------------------------------------------------------------------
[2023-08-04T18:20:26.170+0000] {taskinstance.py:1304} INFO - Executing <Task(BashOperator): get_input_data> on 2023-08-04 18:20:24.263042+00:00
[2023-08-04T18:20:26.179+0000] {standard_task_runner.py:55} INFO - Started process 850 to run task
[2023-08-04T18:20:26.184+0000] {standard_task_runner.py:82} INFO - Running: ['***', 'tasks', 'run', 'dbt_ipflow_dag', 'get_input_data', 'manual__2023-08-04T18:20:24.263042+00:00', '--job-id', '8', '--raw', '--subdir', 'DAGS_FOLDER/dbt_ip_flow_dag.py', '--cfg-path', '/tmp/tmpue37ga74']
[2023-08-04T18:20:26.187+0000] {standard_task_runner.py:83} INFO - Job 8: Subtask get_input_data
[2023-08-04T18:20:26.252+0000] {task_command.py:389} INFO - Running <TaskInstance: dbt_ipflow_dag.get_input_data manual__2023-08-04T18:20:24.263042+00:00 [running]> on host 2d3cfeb384b0
[2023-08-04T18:20:26.309+0000] {taskinstance.py:1513} INFO - Exporting the following env vars:
AIRFLOW_CTX_DAG_OWNER=***
AIRFLOW_CTX_DAG_ID=dbt_ipflow_dag
AIRFLOW_CTX_TASK_ID=get_input_data
AIRFLOW_CTX_EXECUTION_DATE=2023-08-04T18:20:24.263042+00:00
AIRFLOW_CTX_TRY_NUMBER=1
AIRFLOW_CTX_DAG_RUN_ID=manual__2023-08-04T18:20:24.263042+00:00
[2023-08-04T18:20:26.312+0000] {subprocess.py:63} INFO - Tmp dir root location: 
 /tmp
[2023-08-04T18:20:26.314+0000] {subprocess.py:75} INFO - Running command: ['/bin/bash', '-c', "dbt run --select stg_ipflow_input_data --profiles-dir /opt/***/dbt/dbt_dsg_app --project-dir /opt/***/dbt/dbt_dsg_app  --target dev --vars '{'env': 'dev'}' "]
[2023-08-04T18:20:26.330+0000] {subprocess.py:86} INFO - Output:
[2023-08-04T18:20:27.838+0000] {subprocess.py:93} INFO - [0m18:20:27  Running with dbt=1.5.4
[2023-08-04T18:20:28.480+0000] {subprocess.py:93} INFO - [0m18:20:28  Registered adapter: snowflake=1.5.1
[2023-08-04T18:20:28.747+0000] {subprocess.py:93} INFO - [0m18:20:28  Found 12 models, 2 tests, 0 snapshots, 0 analyses, 322 macros, 0 operations, 0 seed files, 0 sources, 0 exposures, 0 metrics, 0 groups
[2023-08-04T18:20:28.752+0000] {subprocess.py:93} INFO - [0m18:20:28
[2023-08-04T18:20:30.412+0000] {subprocess.py:93} INFO - [0m18:20:30  Concurrency: 4 threads (target='dev')
[2023-08-04T18:20:30.415+0000] {subprocess.py:93} INFO - [0m18:20:30
[2023-08-04T18:20:30.428+0000] {subprocess.py:93} INFO - [0m18:20:30  1 of 1 START sql table model DBT_POC.stg_ipflow_input_data ..................... [RUN]
[2023-08-04T18:20:33.241+0000] {subprocess.py:93} INFO - [0m18:20:33  1 of 1 OK created sql table model DBT_POC.stg_ipflow_input_data ................ [[32mSUCCESS 1[0m in 2.77s]
[2023-08-04T18:20:33.333+0000] {subprocess.py:93} INFO - [0m18:20:33
[2023-08-04T18:20:33.340+0000] {subprocess.py:93} INFO - [0m18:20:33  Finished running 1 table model in 0 hours 0 minutes and 4.58 seconds (4.58s).
[2023-08-04T18:20:33.437+0000] {subprocess.py:93} INFO - [0m18:20:33
[2023-08-04T18:20:33.444+0000] {subprocess.py:93} INFO - [0m18:20:33  [32mCompleted successfully[0m
[2023-08-04T18:20:33.450+0000] {subprocess.py:93} INFO - [0m18:20:33
[2023-08-04T18:20:33.454+0000] {subprocess.py:93} INFO - [0m18:20:33  Done. PASS=1 WARN=0 ERROR=0 SKIP=0 TOTAL=1
[2023-08-04T18:20:33.908+0000] {subprocess.py:97} INFO - Command exited with return code 0
[2023-08-04T18:20:33.957+0000] {taskinstance.py:1327} INFO - Marking task as SUCCESS. dag_id=dbt_ipflow_dag, task_id=get_input_data, execution_date=20230804T182024, start_date=20230804T182026, end_date=20230804T182033
[2023-08-04T18:20:34.017+0000] {local_task_job.py:159} INFO - Task exited with return code 0
[2023-08-04T18:20:34.035+0000] {taskinstance.py:2582} INFO - 0 downstream tasks scheduled from follow-on schedule check
