[2023-07-24T02:29:54.336+0000] {taskinstance.py:1087} INFO - Dependencies all met for <TaskInstance: dbt_ipflow_dag.run_full_outputs_workflow manual__2023-07-24T02:26:50.654432+00:00 [queued]>
[2023-07-24T02:29:54.344+0000] {taskinstance.py:1087} INFO - Dependencies all met for <TaskInstance: dbt_ipflow_dag.run_full_outputs_workflow manual__2023-07-24T02:26:50.654432+00:00 [queued]>
[2023-07-24T02:29:54.345+0000] {taskinstance.py:1283} INFO - 
--------------------------------------------------------------------------------
[2023-07-24T02:29:54.347+0000] {taskinstance.py:1284} INFO - Starting attempt 1 of 1
[2023-07-24T02:29:54.348+0000] {taskinstance.py:1285} INFO - 
--------------------------------------------------------------------------------
[2023-07-24T02:29:54.359+0000] {taskinstance.py:1304} INFO - Executing <Task(BashOperator): run_full_outputs_workflow> on 2023-07-24 02:26:50.654432+00:00
[2023-07-24T02:29:54.365+0000] {standard_task_runner.py:55} INFO - Started process 38515 to run task
[2023-07-24T02:29:54.369+0000] {standard_task_runner.py:82} INFO - Running: ['***', 'tasks', 'run', 'dbt_ipflow_dag', 'run_full_outputs_workflow', 'manual__2023-07-24T02:26:50.654432+00:00', '--job-id', '84', '--raw', '--subdir', 'DAGS_FOLDER/dbt_ip_flow_dag.py', '--cfg-path', '/tmp/tmpzudnmwdb']
[2023-07-24T02:29:54.373+0000] {standard_task_runner.py:83} INFO - Job 84: Subtask run_full_outputs_workflow
[2023-07-24T02:29:54.440+0000] {task_command.py:389} INFO - Running <TaskInstance: dbt_ipflow_dag.run_full_outputs_workflow manual__2023-07-24T02:26:50.654432+00:00 [running]> on host 635f1a4ac995
[2023-07-24T02:29:54.502+0000] {taskinstance.py:1513} INFO - Exporting the following env vars:
AIRFLOW_CTX_DAG_OWNER=***
AIRFLOW_CTX_DAG_ID=dbt_ipflow_dag
AIRFLOW_CTX_TASK_ID=run_full_outputs_workflow
AIRFLOW_CTX_EXECUTION_DATE=2023-07-24T02:26:50.654432+00:00
AIRFLOW_CTX_TRY_NUMBER=1
AIRFLOW_CTX_DAG_RUN_ID=manual__2023-07-24T02:26:50.654432+00:00
[2023-07-24T02:29:54.505+0000] {subprocess.py:63} INFO - Tmp dir root location: 
 /tmp
[2023-07-24T02:29:54.506+0000] {subprocess.py:75} INFO - Running command: ['/bin/bash', '-c', "dbt run --select src_ipflow_merge_output+ --profiles-dir /opt/***/dbt/dbt_dsg_app --project-dir /opt/***/dbt/dbt_dsg_app  --target dev --vars '{'env': 'dev'}' "]
[2023-07-24T02:29:54.522+0000] {subprocess.py:86} INFO - Output:
[2023-07-24T02:29:55.922+0000] {subprocess.py:93} INFO - [0m02:29:55  Running with dbt=1.5.1
[2023-07-24T02:29:56.723+0000] {subprocess.py:93} INFO - [0m02:29:56  Found 12 models, 2 tests, 0 snapshots, 0 analyses, 321 macros, 0 operations, 0 seed files, 0 sources, 0 exposures, 0 metrics, 0 groups
[2023-07-24T02:29:56.731+0000] {subprocess.py:93} INFO - [0m02:29:56
[2023-07-24T02:29:58.192+0000] {subprocess.py:93} INFO - [0m02:29:58  Concurrency: 4 threads (target='dev')
[2023-07-24T02:29:58.194+0000] {subprocess.py:93} INFO - [0m02:29:58
[2023-07-24T02:29:58.207+0000] {subprocess.py:93} INFO - [0m02:29:58  1 of 2 START sql table model DBT_POC.src_ipflow_merge_output ................... [RUN]
[2023-07-24T02:29:59.425+0000] {subprocess.py:93} INFO - [0m02:29:59  1 of 2 OK created sql table model DBT_POC.src_ipflow_merge_output .............. [[32mSUCCESS 1[0m in 1.15s]
[2023-07-24T02:29:59.455+0000] {subprocess.py:93} INFO - [0m02:29:59  2 of 2 START sql incremental model DBT_POC.stg_ipflow_merge_output ............. [RUN]
[2023-07-24T02:30:02.073+0000] {subprocess.py:93} INFO - [0m02:30:02  2 of 2 OK created sql incremental model DBT_POC.stg_ipflow_merge_output ........ [[32mSUCCESS 0[0m in 2.61s]
[2023-07-24T02:30:02.163+0000] {subprocess.py:93} INFO - [0m02:30:02
[2023-07-24T02:30:02.167+0000] {subprocess.py:93} INFO - [0m02:30:02  Finished running 1 table model, 1 incremental model in 0 hours 0 minutes and 5.43 seconds (5.43s).
[2023-07-24T02:30:02.262+0000] {subprocess.py:93} INFO - [0m02:30:02
[2023-07-24T02:30:02.270+0000] {subprocess.py:93} INFO - [0m02:30:02  [32mCompleted successfully[0m
[2023-07-24T02:30:02.281+0000] {subprocess.py:93} INFO - [0m02:30:02
[2023-07-24T02:30:02.286+0000] {subprocess.py:93} INFO - [0m02:30:02  Done. PASS=2 WARN=0 ERROR=0 SKIP=0 TOTAL=2
[2023-07-24T02:30:02.758+0000] {subprocess.py:97} INFO - Command exited with return code 0
[2023-07-24T02:30:02.841+0000] {taskinstance.py:1327} INFO - Marking task as SUCCESS. dag_id=dbt_ipflow_dag, task_id=run_full_outputs_workflow, execution_date=20230724T022650, start_date=20230724T022954, end_date=20230724T023002
[2023-07-24T02:30:02.920+0000] {local_task_job.py:159} INFO - Task exited with return code 0
[2023-07-24T02:30:02.955+0000] {taskinstance.py:2582} INFO - 0 downstream tasks scheduled from follow-on schedule check
