[2023-06-25T00:01:29.497+0000] {taskinstance.py:1087} INFO - Dependencies all met for <TaskInstance: dbt_ipflow_dag.run_success_outputs_workflow scheduled__2023-06-24T00:00:00+00:00 [queued]>
[2023-06-25T00:01:29.505+0000] {taskinstance.py:1087} INFO - Dependencies all met for <TaskInstance: dbt_ipflow_dag.run_success_outputs_workflow scheduled__2023-06-24T00:00:00+00:00 [queued]>
[2023-06-25T00:01:29.511+0000] {taskinstance.py:1283} INFO - 
--------------------------------------------------------------------------------
[2023-06-25T00:01:29.513+0000] {taskinstance.py:1284} INFO - Starting attempt 1 of 1
[2023-06-25T00:01:29.514+0000] {taskinstance.py:1285} INFO - 
--------------------------------------------------------------------------------
[2023-06-25T00:01:29.525+0000] {taskinstance.py:1304} INFO - Executing <Task(BashOperator): run_success_outputs_workflow> on 2023-06-24 00:00:00+00:00
[2023-06-25T00:01:29.531+0000] {standard_task_runner.py:55} INFO - Started process 93546 to run task
[2023-06-25T00:01:29.540+0000] {standard_task_runner.py:82} INFO - Running: ['***', 'tasks', 'run', 'dbt_ipflow_dag', 'run_success_outputs_workflow', 'scheduled__2023-06-24T00:00:00+00:00', '--job-id', '57', '--raw', '--subdir', 'DAGS_FOLDER/dbt_ip_flow_dag.py', '--cfg-path', '/tmp/tmpgh5k14ir']
[2023-06-25T00:01:29.547+0000] {standard_task_runner.py:83} INFO - Job 57: Subtask run_success_outputs_workflow
[2023-06-25T00:01:29.624+0000] {task_command.py:389} INFO - Running <TaskInstance: dbt_ipflow_dag.run_success_outputs_workflow scheduled__2023-06-24T00:00:00+00:00 [running]> on host 635f1a4ac995
[2023-06-25T00:01:29.688+0000] {taskinstance.py:1513} INFO - Exporting the following env vars:
AIRFLOW_CTX_DAG_OWNER=***
AIRFLOW_CTX_DAG_ID=dbt_ipflow_dag
AIRFLOW_CTX_TASK_ID=run_success_outputs_workflow
AIRFLOW_CTX_EXECUTION_DATE=2023-06-24T00:00:00+00:00
AIRFLOW_CTX_TRY_NUMBER=1
AIRFLOW_CTX_DAG_RUN_ID=scheduled__2023-06-24T00:00:00+00:00
[2023-06-25T00:01:29.691+0000] {subprocess.py:63} INFO - Tmp dir root location: 
 /tmp
[2023-06-25T00:01:29.692+0000] {subprocess.py:75} INFO - Running command: ['/bin/bash', '-c', 'dbt run --select stg_ipflow_success_data+ --profiles-dir /opt/***/dbt/dbt_dsg_app --project-dir /opt/***/dbt/dbt_dsg_app']
[2023-06-25T00:01:29.709+0000] {subprocess.py:86} INFO - Output:
[2023-06-25T00:01:31.136+0000] {subprocess.py:93} INFO - [0m00:01:31  Running with dbt=1.5.1
[2023-06-25T00:01:31.866+0000] {subprocess.py:93} INFO - [0m00:01:31  Found 12 models, 2 tests, 0 snapshots, 0 analyses, 321 macros, 0 operations, 0 seed files, 0 sources, 0 exposures, 0 metrics, 0 groups
[2023-06-25T00:01:31.872+0000] {subprocess.py:93} INFO - [0m00:01:31
[2023-06-25T00:01:33.430+0000] {subprocess.py:93} INFO - [0m00:01:33  Concurrency: 4 threads (target='dev')
[2023-06-25T00:01:33.433+0000] {subprocess.py:93} INFO - [0m00:01:33
[2023-06-25T00:01:33.450+0000] {subprocess.py:93} INFO - [0m00:01:33  1 of 9 START sql table model DBT_POC.stg_ipflow_success_data ................... [RUN]
[2023-06-25T00:01:34.954+0000] {subprocess.py:93} INFO - [0m00:01:34  1 of 9 OK created sql table model DBT_POC.stg_ipflow_success_data .............. [[32mSUCCESS 1[0m in 1.50s]
[2023-06-25T00:01:34.967+0000] {subprocess.py:93} INFO - [0m00:01:34  2 of 9 START sql table model DBT_POC.src_ipflow_merge_domain_observations ...... [RUN]
[2023-06-25T00:01:34.972+0000] {subprocess.py:93} INFO - [0m00:01:34  3 of 9 START sql table model DBT_POC.src_ipflow_merge_success_output ........... [RUN]
[2023-06-25T00:01:36.157+0000] {subprocess.py:93} INFO - [0m00:01:36  2 of 9 OK created sql table model DBT_POC.src_ipflow_merge_domain_observations . [[32mSUCCESS 1[0m in 1.17s]
[2023-06-25T00:01:36.164+0000] {subprocess.py:93} INFO - [0m00:01:36  3 of 9 OK created sql table model DBT_POC.src_ipflow_merge_success_output ...... [[32mSUCCESS 1[0m in 1.17s]
[2023-06-25T00:01:36.176+0000] {subprocess.py:93} INFO - [0m00:01:36  4 of 9 START sql incremental model DBT_POC.stg_ipflow_merge_domain_observations  [RUN]
[2023-06-25T00:01:36.182+0000] {subprocess.py:93} INFO - [0m00:01:36  5 of 9 START sql incremental model DBT_POC.stg_ipflow_merge_success_output ..... [RUN]
[2023-06-25T00:01:39.508+0000] {subprocess.py:93} INFO - [0m00:01:39  5 of 9 OK created sql incremental model DBT_POC.stg_ipflow_merge_success_output  [[32mSUCCESS 0[0m in 3.29s]
[2023-06-25T00:01:39.528+0000] {subprocess.py:93} INFO - [0m00:01:39  6 of 9 START sql table model DBT_POC.src_ipflow_normalized_location ............ [RUN]
[2023-06-25T00:01:39.891+0000] {subprocess.py:93} INFO - [0m00:01:39  4 of 9 OK created sql incremental model DBT_POC.stg_ipflow_merge_domain_observations  [[32mSUCCESS 0[0m in 3.70s]
[2023-06-25T00:01:39.908+0000] {subprocess.py:93} INFO - [0m00:01:39  7 of 9 START sql table model DBT_POC.fact_ip_to_company_domain ................. [RUN]
[2023-06-25T00:01:41.725+0000] {subprocess.py:93} INFO - [0m00:01:41  7 of 9 OK created sql table model DBT_POC.fact_ip_to_company_domain ............ [[32mSUCCESS 1[0m in 1.81s]
[2023-06-25T00:01:41.963+0000] {subprocess.py:93} INFO - [0m00:01:41  6 of 9 OK created sql table model DBT_POC.src_ipflow_normalized_location ....... [[32mSUCCESS 1[0m in 2.43s]
[2023-06-25T00:01:41.977+0000] {subprocess.py:93} INFO - [0m00:01:41  8 of 9 START sql table model DBT_POC.src_ipflow_ip_to_location ................. [RUN]
[2023-06-25T00:01:43.415+0000] {subprocess.py:93} INFO - [0m00:01:43  8 of 9 OK created sql table model DBT_POC.src_ipflow_ip_to_location ............ [[32mSUCCESS 1[0m in 1.43s]
[2023-06-25T00:01:43.428+0000] {subprocess.py:93} INFO - [0m00:01:43  9 of 9 START sql incremental model DBT_POC.stg_ipflow_ip_to_location_mappings .. [RUN]
[2023-06-25T00:01:47.163+0000] {subprocess.py:93} INFO - [0m00:01:47  9 of 9 OK created sql incremental model DBT_POC.stg_ipflow_ip_to_location_mappings  [[32mSUCCESS 2[0m in 3.70s]
[2023-06-25T00:01:47.251+0000] {subprocess.py:93} INFO - [0m00:01:47
[2023-06-25T00:01:47.254+0000] {subprocess.py:93} INFO - [0m00:01:47  Finished running 6 table models, 3 incremental models in 0 hours 0 minutes and 15.38 seconds (15.38s).
[2023-06-25T00:01:47.329+0000] {subprocess.py:93} INFO - [0m00:01:47
[2023-06-25T00:01:47.332+0000] {subprocess.py:93} INFO - [0m00:01:47  [32mCompleted successfully[0m
[2023-06-25T00:01:47.335+0000] {subprocess.py:93} INFO - [0m00:01:47
[2023-06-25T00:01:47.338+0000] {subprocess.py:93} INFO - [0m00:01:47  Done. PASS=9 WARN=0 ERROR=0 SKIP=0 TOTAL=9
[2023-06-25T00:01:47.733+0000] {subprocess.py:97} INFO - Command exited with return code 0
[2023-06-25T00:01:47.790+0000] {taskinstance.py:1327} INFO - Marking task as SUCCESS. dag_id=dbt_ipflow_dag, task_id=run_success_outputs_workflow, execution_date=20230624T000000, start_date=20230625T000129, end_date=20230625T000147
[2023-06-25T00:01:47.837+0000] {local_task_job.py:159} INFO - Task exited with return code 0
[2023-06-25T00:01:47.881+0000] {taskinstance.py:2582} INFO - 1 downstream tasks scheduled from follow-on schedule check
