[2023-08-08T00:00:01.901+0000] {taskinstance.py:1087} INFO - Dependencies all met for <TaskInstance: dbt_ipflow_dag.get_input_data scheduled__2023-08-07T00:00:00+00:00 [queued]>
[2023-08-08T00:00:01.909+0000] {taskinstance.py:1087} INFO - Dependencies all met for <TaskInstance: dbt_ipflow_dag.get_input_data scheduled__2023-08-07T00:00:00+00:00 [queued]>
[2023-08-08T00:00:01.910+0000] {taskinstance.py:1283} INFO - 
--------------------------------------------------------------------------------
[2023-08-08T00:00:01.911+0000] {taskinstance.py:1284} INFO - Starting attempt 1 of 1
[2023-08-08T00:00:01.912+0000] {taskinstance.py:1285} INFO - 
--------------------------------------------------------------------------------
[2023-08-08T00:00:01.922+0000] {taskinstance.py:1304} INFO - Executing <Task(BashOperator): get_input_data> on 2023-08-07 00:00:00+00:00
[2023-08-08T00:00:01.932+0000] {standard_task_runner.py:55} INFO - Started process 7608 to run task
[2023-08-08T00:00:01.938+0000] {standard_task_runner.py:82} INFO - Running: ['***', 'tasks', 'run', 'dbt_ipflow_dag', 'get_input_data', 'scheduled__2023-08-07T00:00:00+00:00', '--job-id', '12', '--raw', '--subdir', 'DAGS_FOLDER/dbt_ip_flow_dag.py', '--cfg-path', '/tmp/tmp_fik5dod']
[2023-08-08T00:00:01.941+0000] {standard_task_runner.py:83} INFO - Job 12: Subtask get_input_data
[2023-08-08T00:00:02.012+0000] {task_command.py:389} INFO - Running <TaskInstance: dbt_ipflow_dag.get_input_data scheduled__2023-08-07T00:00:00+00:00 [running]> on host 2d3cfeb384b0
[2023-08-08T00:00:02.071+0000] {taskinstance.py:1513} INFO - Exporting the following env vars:
AIRFLOW_CTX_DAG_OWNER=***
AIRFLOW_CTX_DAG_ID=dbt_ipflow_dag
AIRFLOW_CTX_TASK_ID=get_input_data
AIRFLOW_CTX_EXECUTION_DATE=2023-08-07T00:00:00+00:00
AIRFLOW_CTX_TRY_NUMBER=1
AIRFLOW_CTX_DAG_RUN_ID=scheduled__2023-08-07T00:00:00+00:00
[2023-08-08T00:00:02.088+0000] {subprocess.py:63} INFO - Tmp dir root location: 
 /tmp
[2023-08-08T00:00:02.091+0000] {subprocess.py:75} INFO - Running command: ['/bin/bash', '-c', "dbt run --select stg_ipflow_input_data --profiles-dir /opt/***/dbt/dbt_dsg_app --project-dir /opt/***/dbt/dbt_dsg_app  --target dev --vars '{'env': 'dev'}' "]
[2023-08-08T00:00:02.114+0000] {subprocess.py:86} INFO - Output:
[2023-08-08T00:00:03.629+0000] {subprocess.py:93} INFO - [0m00:00:03  Running with dbt=1.5.4
[2023-08-08T00:00:04.172+0000] {subprocess.py:93} INFO - [0m00:00:04  Registered adapter: snowflake=1.5.1
[2023-08-08T00:00:04.484+0000] {subprocess.py:93} INFO - [0m00:00:04  Found 12 models, 2 tests, 0 snapshots, 0 analyses, 322 macros, 0 operations, 0 seed files, 0 sources, 0 exposures, 0 metrics, 0 groups
[2023-08-08T00:00:04.491+0000] {subprocess.py:93} INFO - [0m00:00:04
[2023-08-08T00:00:06.608+0000] {subprocess.py:93} INFO - [0m00:00:06  Concurrency: 4 threads (target='dev')
[2023-08-08T00:00:06.617+0000] {subprocess.py:93} INFO - [0m00:00:06
[2023-08-08T00:00:06.641+0000] {subprocess.py:93} INFO - [0m00:00:06  1 of 1 START sql table model DBT_POC.stg_ipflow_input_data ..................... [RUN]
[2023-08-08T00:00:09.571+0000] {subprocess.py:93} INFO - [0m00:00:09  1 of 1 OK created sql table model DBT_POC.stg_ipflow_input_data ................ [[32mSUCCESS 1[0m in 2.91s]
[2023-08-08T00:00:09.673+0000] {subprocess.py:93} INFO - [0m00:00:09
[2023-08-08T00:00:09.681+0000] {subprocess.py:93} INFO - [0m00:00:09  Finished running 1 table model in 0 hours 0 minutes and 5.18 seconds (5.18s).
[2023-08-08T00:00:09.726+0000] {subprocess.py:93} INFO - [0m00:00:09
[2023-08-08T00:00:09.730+0000] {subprocess.py:93} INFO - [0m00:00:09  [32mCompleted successfully[0m
[2023-08-08T00:00:09.733+0000] {subprocess.py:93} INFO - [0m00:00:09
[2023-08-08T00:00:09.736+0000] {subprocess.py:93} INFO - [0m00:00:09  Done. PASS=1 WARN=0 ERROR=0 SKIP=0 TOTAL=1
[2023-08-08T00:00:10.232+0000] {subprocess.py:97} INFO - Command exited with return code 0
[2023-08-08T00:00:10.269+0000] {taskinstance.py:1327} INFO - Marking task as SUCCESS. dag_id=dbt_ipflow_dag, task_id=get_input_data, execution_date=20230807T000000, start_date=20230808T000001, end_date=20230808T000010
[2023-08-08T00:00:10.353+0000] {local_task_job.py:159} INFO - Task exited with return code 0
[2023-08-08T00:00:10.375+0000] {taskinstance.py:2582} INFO - 0 downstream tasks scheduled from follow-on schedule check
