[2023-06-21T01:17:15.466+0000] {taskinstance.py:1087} INFO - Dependencies all met for <TaskInstance: dbt_ipflow_dag.get_input_data manual__2023-06-21T01:17:13.639585+00:00 [queued]>
[2023-06-21T01:17:15.475+0000] {taskinstance.py:1087} INFO - Dependencies all met for <TaskInstance: dbt_ipflow_dag.get_input_data manual__2023-06-21T01:17:13.639585+00:00 [queued]>
[2023-06-21T01:17:15.477+0000] {taskinstance.py:1283} INFO - 
--------------------------------------------------------------------------------
[2023-06-21T01:17:15.478+0000] {taskinstance.py:1284} INFO - Starting attempt 1 of 1
[2023-06-21T01:17:15.482+0000] {taskinstance.py:1285} INFO - 
--------------------------------------------------------------------------------
[2023-06-21T01:17:15.493+0000] {taskinstance.py:1304} INFO - Executing <Task(BashOperator): get_input_data> on 2023-06-21 01:17:13.639585+00:00
[2023-06-21T01:17:15.499+0000] {standard_task_runner.py:55} INFO - Started process 30384 to run task
[2023-06-21T01:17:15.504+0000] {standard_task_runner.py:82} INFO - Running: ['***', 'tasks', 'run', 'dbt_ipflow_dag', 'get_input_data', 'manual__2023-06-21T01:17:13.639585+00:00', '--job-id', '40', '--raw', '--subdir', 'DAGS_FOLDER/dbt_ip_flow_dag.py', '--cfg-path', '/tmp/tmpd2b7a_eb']
[2023-06-21T01:17:15.508+0000] {standard_task_runner.py:83} INFO - Job 40: Subtask get_input_data
[2023-06-21T01:17:15.575+0000] {task_command.py:389} INFO - Running <TaskInstance: dbt_ipflow_dag.get_input_data manual__2023-06-21T01:17:13.639585+00:00 [running]> on host 635f1a4ac995
[2023-06-21T01:17:15.637+0000] {taskinstance.py:1513} INFO - Exporting the following env vars:
AIRFLOW_CTX_DAG_OWNER=***
AIRFLOW_CTX_DAG_ID=dbt_ipflow_dag
AIRFLOW_CTX_TASK_ID=get_input_data
AIRFLOW_CTX_EXECUTION_DATE=2023-06-21T01:17:13.639585+00:00
AIRFLOW_CTX_TRY_NUMBER=1
AIRFLOW_CTX_DAG_RUN_ID=manual__2023-06-21T01:17:13.639585+00:00
[2023-06-21T01:17:15.640+0000] {subprocess.py:63} INFO - Tmp dir root location: 
 /tmp
[2023-06-21T01:17:15.642+0000] {subprocess.py:75} INFO - Running command: ['/bin/bash', '-c', 'dbt run --select stg_ipflow_input_data --profiles-dir /opt/***/dbt/dbt_dsg_app --project-dir /opt/***/dbt/dbt_dsg_app']
[2023-06-21T01:17:15.657+0000] {subprocess.py:86} INFO - Output:
[2023-06-21T01:17:17.566+0000] {subprocess.py:93} INFO - [0m01:17:17  Running with dbt=1.5.1
[2023-06-21T01:17:18.994+0000] {subprocess.py:93} INFO - [0m01:17:18  Found 12 models, 2 tests, 0 snapshots, 0 analyses, 321 macros, 0 operations, 0 seed files, 0 sources, 0 exposures, 0 metrics, 0 groups
[2023-06-21T01:17:19.005+0000] {subprocess.py:93} INFO - [0m01:17:19
[2023-06-21T01:17:21.201+0000] {subprocess.py:93} INFO - [0m01:17:21  Concurrency: 4 threads (target='dev')
[2023-06-21T01:17:21.204+0000] {subprocess.py:93} INFO - [0m01:17:21
[2023-06-21T01:17:21.219+0000] {subprocess.py:93} INFO - [0m01:17:21  1 of 1 START sql table model DBT_POC.stg_ipflow_input_data ..................... [RUN]
[2023-06-21T01:18:49.122+0000] {subprocess.py:93} INFO - [0m01:18:49  1 of 1 OK created sql table model DBT_POC.stg_ipflow_input_data ................ [[32mSUCCESS 1[0m in 87.89s]
[2023-06-21T01:18:49.177+0000] {subprocess.py:93} INFO - [0m01:18:49
[2023-06-21T01:18:49.185+0000] {subprocess.py:93} INFO - [0m01:18:49  Finished running 1 table model in 0 hours 1 minutes and 30.17 seconds (90.17s).
[2023-06-21T01:18:49.316+0000] {subprocess.py:93} INFO - [0m01:18:49
[2023-06-21T01:18:49.320+0000] {subprocess.py:93} INFO - [0m01:18:49  [32mCompleted successfully[0m
[2023-06-21T01:18:49.323+0000] {subprocess.py:93} INFO - [0m01:18:49
[2023-06-21T01:18:49.326+0000] {subprocess.py:93} INFO - [0m01:18:49  Done. PASS=1 WARN=0 ERROR=0 SKIP=0 TOTAL=1
[2023-06-21T01:18:49.862+0000] {subprocess.py:97} INFO - Command exited with return code 0
[2023-06-21T01:18:49.927+0000] {taskinstance.py:1327} INFO - Marking task as SUCCESS. dag_id=dbt_ipflow_dag, task_id=get_input_data, execution_date=20230621T011713, start_date=20230621T011715, end_date=20230621T011849
[2023-06-21T01:18:49.969+0000] {local_task_job.py:159} INFO - Task exited with return code 0
[2023-06-21T01:18:50.013+0000] {taskinstance.py:2582} INFO - 1 downstream tasks scheduled from follow-on schedule check
