[2023-06-21T00:44:19.687+0000] {taskinstance.py:1087} INFO - Dependencies all met for <TaskInstance: dbt_ipflow_dag.dbt_run_2 manual__2023-06-21T00:44:17.674130+00:00 [queued]>
[2023-06-21T00:44:19.697+0000] {taskinstance.py:1087} INFO - Dependencies all met for <TaskInstance: dbt_ipflow_dag.dbt_run_2 manual__2023-06-21T00:44:17.674130+00:00 [queued]>
[2023-06-21T00:44:19.698+0000] {taskinstance.py:1283} INFO - 
--------------------------------------------------------------------------------
[2023-06-21T00:44:19.699+0000] {taskinstance.py:1284} INFO - Starting attempt 1 of 1
[2023-06-21T00:44:19.700+0000] {taskinstance.py:1285} INFO - 
--------------------------------------------------------------------------------
[2023-06-21T00:44:19.714+0000] {taskinstance.py:1304} INFO - Executing <Task(BashOperator): dbt_run_2> on 2023-06-21 00:44:17.674130+00:00
[2023-06-21T00:44:19.725+0000] {standard_task_runner.py:55} INFO - Started process 28264 to run task
[2023-06-21T00:44:19.731+0000] {standard_task_runner.py:82} INFO - Running: ['***', 'tasks', 'run', 'dbt_ipflow_dag', 'dbt_run_2', 'manual__2023-06-21T00:44:17.674130+00:00', '--job-id', '36', '--raw', '--subdir', 'DAGS_FOLDER/dbt_ip_flow_dag.py', '--cfg-path', '/tmp/tmpfqlpkkcj']
[2023-06-21T00:44:19.734+0000] {standard_task_runner.py:83} INFO - Job 36: Subtask dbt_run_2
[2023-06-21T00:44:19.822+0000] {task_command.py:389} INFO - Running <TaskInstance: dbt_ipflow_dag.dbt_run_2 manual__2023-06-21T00:44:17.674130+00:00 [running]> on host 635f1a4ac995
[2023-06-21T00:44:19.902+0000] {taskinstance.py:1513} INFO - Exporting the following env vars:
AIRFLOW_CTX_DAG_OWNER=***
AIRFLOW_CTX_DAG_ID=dbt_ipflow_dag
AIRFLOW_CTX_TASK_ID=dbt_run_2
AIRFLOW_CTX_EXECUTION_DATE=2023-06-21T00:44:17.674130+00:00
AIRFLOW_CTX_TRY_NUMBER=1
AIRFLOW_CTX_DAG_RUN_ID=manual__2023-06-21T00:44:17.674130+00:00
[2023-06-21T00:44:19.906+0000] {subprocess.py:63} INFO - Tmp dir root location: 
 /tmp
[2023-06-21T00:44:19.908+0000] {subprocess.py:75} INFO - Running command: ['/bin/bash', '-c', 'cd /opt/***/dbt/dbt_dsg_app']
[2023-06-21T00:44:19.927+0000] {subprocess.py:86} INFO - Output:
[2023-06-21T00:44:19.936+0000] {subprocess.py:97} INFO - Command exited with return code 0
[2023-06-21T00:44:19.967+0000] {taskinstance.py:1327} INFO - Marking task as SUCCESS. dag_id=dbt_ipflow_dag, task_id=dbt_run_2, execution_date=20230621T004417, start_date=20230621T004419, end_date=20230621T004419
[2023-06-21T00:44:20.025+0000] {local_task_job.py:159} INFO - Task exited with return code 0
[2023-06-21T00:44:20.052+0000] {taskinstance.py:2582} INFO - 1 downstream tasks scheduled from follow-on schedule check
