[2023-06-21T00:46:11.801+0000] {taskinstance.py:1087} INFO - Dependencies all met for <TaskInstance: dbt_ipflow_dag.dbt_run_3 manual__2023-06-21T00:46:10.262978+00:00 [queued]>
[2023-06-21T00:46:11.809+0000] {taskinstance.py:1087} INFO - Dependencies all met for <TaskInstance: dbt_ipflow_dag.dbt_run_3 manual__2023-06-21T00:46:10.262978+00:00 [queued]>
[2023-06-21T00:46:11.810+0000] {taskinstance.py:1283} INFO - 
--------------------------------------------------------------------------------
[2023-06-21T00:46:11.812+0000] {taskinstance.py:1284} INFO - Starting attempt 1 of 1
[2023-06-21T00:46:11.813+0000] {taskinstance.py:1285} INFO - 
--------------------------------------------------------------------------------
[2023-06-21T00:46:11.824+0000] {taskinstance.py:1304} INFO - Executing <Task(BashOperator): dbt_run_3> on 2023-06-21 00:46:10.262978+00:00
[2023-06-21T00:46:11.833+0000] {standard_task_runner.py:55} INFO - Started process 28399 to run task
[2023-06-21T00:46:11.842+0000] {standard_task_runner.py:82} INFO - Running: ['***', 'tasks', 'run', 'dbt_ipflow_dag', 'dbt_run_3', 'manual__2023-06-21T00:46:10.262978+00:00', '--job-id', '38', '--raw', '--subdir', 'DAGS_FOLDER/dbt_ip_flow_dag.py', '--cfg-path', '/tmp/tmpbh6z69r9']
[2023-06-21T00:46:11.848+0000] {standard_task_runner.py:83} INFO - Job 38: Subtask dbt_run_3
[2023-06-21T00:46:11.969+0000] {task_command.py:389} INFO - Running <TaskInstance: dbt_ipflow_dag.dbt_run_3 manual__2023-06-21T00:46:10.262978+00:00 [running]> on host 635f1a4ac995
[2023-06-21T00:46:12.034+0000] {taskinstance.py:1513} INFO - Exporting the following env vars:
AIRFLOW_CTX_DAG_OWNER=***
AIRFLOW_CTX_DAG_ID=dbt_ipflow_dag
AIRFLOW_CTX_TASK_ID=dbt_run_3
AIRFLOW_CTX_EXECUTION_DATE=2023-06-21T00:46:10.262978+00:00
AIRFLOW_CTX_TRY_NUMBER=1
AIRFLOW_CTX_DAG_RUN_ID=manual__2023-06-21T00:46:10.262978+00:00
[2023-06-21T00:46:12.037+0000] {subprocess.py:63} INFO - Tmp dir root location: 
 /tmp
[2023-06-21T00:46:12.038+0000] {subprocess.py:75} INFO - Running command: ['/bin/bash', '-c', 'dbt run --profiles-dir /opt/***/dbt/dbt_dsg_app --project-dir /opt/***/dbt/dbt_dsg_app']
[2023-06-21T00:46:12.054+0000] {subprocess.py:86} INFO - Output:
[2023-06-21T00:46:13.653+0000] {subprocess.py:93} INFO - [0m00:46:13  Running with dbt=1.5.1
[2023-06-21T00:46:14.983+0000] {subprocess.py:93} INFO - [0m00:46:14  Found 12 models, 2 tests, 0 snapshots, 0 analyses, 321 macros, 0 operations, 0 seed files, 0 sources, 0 exposures, 0 metrics, 0 groups
[2023-06-21T00:46:14.990+0000] {subprocess.py:93} INFO - [0m00:46:14
[2023-06-21T00:46:17.375+0000] {subprocess.py:93} INFO - [0m00:46:17  Concurrency: 4 threads (target='dev')
[2023-06-21T00:46:17.388+0000] {subprocess.py:93} INFO - [0m00:46:17
[2023-06-21T00:46:17.400+0000] {subprocess.py:93} INFO - [0m00:46:17  1 of 12 START sql table model DBT_POC.src_ipflow_merge_output .................. [RUN]
[2023-06-21T00:46:17.404+0000] {subprocess.py:93} INFO - [0m00:46:17  2 of 12 START sql table model DBT_POC.stg_ipflow_input_data .................... [RUN]
[2023-06-21T00:46:17.407+0000] {subprocess.py:93} INFO - [0m00:46:17  3 of 12 START sql table model DBT_POC.stg_ipflow_success_data .................. [RUN]
[2023-06-21T00:46:18.800+0000] {subprocess.py:93} INFO - [0m00:46:18  1 of 12 OK created sql table model DBT_POC.src_ipflow_merge_output ............. [[32mSUCCESS 1[0m in 1.37s]
[2023-06-21T00:46:18.809+0000] {subprocess.py:93} INFO - [0m00:46:18  4 of 12 START sql incremental model DBT_POC.stg_ipflow_merge_output ............ [RUN]
[2023-06-21T00:46:19.213+0000] {subprocess.py:93} INFO - [0m00:46:19  3 of 12 OK created sql table model DBT_POC.stg_ipflow_success_data ............. [[32mSUCCESS 1[0m in 1.74s]
[2023-06-21T00:46:19.222+0000] {subprocess.py:93} INFO - [0m00:46:19  5 of 12 START sql table model DBT_POC.src_ipflow_merge_domain_observations ..... [RUN]
[2023-06-21T00:46:19.225+0000] {subprocess.py:93} INFO - [0m00:46:19  6 of 12 START sql table model DBT_POC.src_ipflow_merge_success_output .......... [RUN]
[2023-06-21T00:46:20.420+0000] {subprocess.py:93} INFO - [0m00:46:20  5 of 12 OK created sql table model DBT_POC.src_ipflow_merge_domain_observations  [[32mSUCCESS 1[0m in 1.19s]
[2023-06-21T00:46:20.477+0000] {subprocess.py:93} INFO - [0m00:46:20  6 of 12 OK created sql table model DBT_POC.src_ipflow_merge_success_output ..... [[32mSUCCESS 1[0m in 1.19s]
[2023-06-21T00:46:20.518+0000] {subprocess.py:93} INFO - [0m00:46:20  8 of 12 START sql incremental model DBT_POC.stg_ipflow_merge_domain_observations  [RUN]
[2023-06-21T00:46:20.532+0000] {subprocess.py:93} INFO - [0m00:46:20  7 of 12 START sql incremental model DBT_POC.stg_ipflow_merge_success_output .... [RUN]
[2023-06-21T00:46:21.122+0000] {subprocess.py:93} INFO - [0m00:46:21  4 of 12 OK created sql incremental model DBT_POC.stg_ipflow_merge_output ....... [[32mSUCCESS 0[0m in 2.30s]
[2023-06-21T00:46:23.051+0000] {subprocess.py:93} INFO - [0m00:46:23  7 of 12 OK created sql incremental model DBT_POC.stg_ipflow_merge_success_output  [[32mSUCCESS 0[0m in 2.49s]
[2023-06-21T00:46:23.061+0000] {subprocess.py:93} INFO - [0m00:46:23  9 of 12 START sql table model DBT_POC.src_ipflow_normalized_location ........... [RUN]
[2023-06-21T00:46:23.095+0000] {subprocess.py:93} INFO - [0m00:46:23  8 of 12 OK created sql incremental model DBT_POC.stg_ipflow_merge_domain_observations  [[32mSUCCESS 0[0m in 2.56s]
[2023-06-21T00:46:23.106+0000] {subprocess.py:93} INFO - [0m00:46:23  10 of 12 START sql table model DBT_POC.fact_ip_to_company_domain ............... [RUN]
[2023-06-21T00:46:24.189+0000] {subprocess.py:93} INFO - [0m00:46:24  9 of 12 OK created sql table model DBT_POC.src_ipflow_normalized_location ...... [[32mSUCCESS 1[0m in 1.11s]
[2023-06-21T00:46:24.205+0000] {subprocess.py:93} INFO - [0m00:46:24  11 of 12 START sql table model DBT_POC.src_ipflow_ip_to_location ............... [RUN]
[2023-06-21T00:46:24.300+0000] {subprocess.py:93} INFO - [0m00:46:24  10 of 12 OK created sql table model DBT_POC.fact_ip_to_company_domain .......... [[32mSUCCESS 1[0m in 1.18s]
[2023-06-21T00:46:25.402+0000] {subprocess.py:93} INFO - [0m00:46:25  11 of 12 OK created sql table model DBT_POC.src_ipflow_ip_to_location .......... [[32mSUCCESS 1[0m in 1.18s]
[2023-06-21T00:46:25.433+0000] {subprocess.py:93} INFO - [0m00:46:25  12 of 12 START sql incremental model DBT_POC.stg_ipflow_ip_to_location_mappings  [RUN]
[2023-06-21T00:46:27.680+0000] {subprocess.py:93} INFO - [0m00:46:27  12 of 12 OK created sql incremental model DBT_POC.stg_ipflow_ip_to_location_mappings  [[32mSUCCESS 0[0m in 2.24s]
[2023-06-21T00:47:25.065+0000] {subprocess.py:93} INFO - [0m00:47:25  2 of 12 OK created sql table model DBT_POC.stg_ipflow_input_data ............... [[32mSUCCESS 1[0m in 67.63s]
[2023-06-21T00:47:25.182+0000] {subprocess.py:93} INFO - [0m00:47:25
[2023-06-21T00:47:25.232+0000] {subprocess.py:93} INFO - [0m00:47:25  Finished running 8 table models, 4 incremental models in 0 hours 1 minutes and 10.19 seconds (70.19s).
[2023-06-21T00:47:25.297+0000] {subprocess.py:93} INFO - [0m00:47:25
[2023-06-21T00:47:25.300+0000] {subprocess.py:93} INFO - [0m00:47:25  [32mCompleted successfully[0m
[2023-06-21T00:47:25.302+0000] {subprocess.py:93} INFO - [0m00:47:25
[2023-06-21T00:47:25.313+0000] {subprocess.py:93} INFO - [0m00:47:25  Done. PASS=12 WARN=0 ERROR=0 SKIP=0 TOTAL=12
[2023-06-21T00:47:25.884+0000] {subprocess.py:97} INFO - Command exited with return code 0
[2023-06-21T00:47:25.939+0000] {taskinstance.py:1327} INFO - Marking task as SUCCESS. dag_id=dbt_ipflow_dag, task_id=dbt_run_3, execution_date=20230621T004610, start_date=20230621T004611, end_date=20230621T004725
[2023-06-21T00:47:26.013+0000] {local_task_job.py:159} INFO - Task exited with return code 0
[2023-06-21T00:47:26.037+0000] {taskinstance.py:2582} INFO - 0 downstream tasks scheduled from follow-on schedule check
