[2023-08-07T00:04:03.349+0000] {taskinstance.py:1087} INFO - Dependencies all met for <TaskInstance: dbt_ipflow_dag.get_input_data scheduled__2023-08-06T00:00:00+00:00 [queued]>
[2023-08-07T00:04:03.360+0000] {taskinstance.py:1087} INFO - Dependencies all met for <TaskInstance: dbt_ipflow_dag.get_input_data scheduled__2023-08-06T00:00:00+00:00 [queued]>
[2023-08-07T00:04:03.361+0000] {taskinstance.py:1283} INFO - 
--------------------------------------------------------------------------------
[2023-08-07T00:04:03.365+0000] {taskinstance.py:1284} INFO - Starting attempt 1 of 1
[2023-08-07T00:04:03.367+0000] {taskinstance.py:1285} INFO - 
--------------------------------------------------------------------------------
[2023-08-07T00:04:03.378+0000] {taskinstance.py:1304} INFO - Executing <Task(BashOperator): get_input_data> on 2023-08-06 00:00:00+00:00
[2023-08-07T00:04:03.389+0000] {standard_task_runner.py:55} INFO - Started process 45694 to run task
[2023-08-07T00:04:03.395+0000] {standard_task_runner.py:82} INFO - Running: ['***', 'tasks', 'run', 'dbt_ipflow_dag', 'get_input_data', 'scheduled__2023-08-06T00:00:00+00:00', '--job-id', '11', '--raw', '--subdir', 'DAGS_FOLDER/dbt_ip_flow_dag.py', '--cfg-path', '/tmp/tmpc9lqng4y']
[2023-08-07T00:04:03.399+0000] {standard_task_runner.py:83} INFO - Job 11: Subtask get_input_data
[2023-08-07T00:04:03.477+0000] {task_command.py:389} INFO - Running <TaskInstance: dbt_ipflow_dag.get_input_data scheduled__2023-08-06T00:00:00+00:00 [running]> on host 2d3cfeb384b0
[2023-08-07T00:04:03.542+0000] {taskinstance.py:1513} INFO - Exporting the following env vars:
AIRFLOW_CTX_DAG_OWNER=***
AIRFLOW_CTX_DAG_ID=dbt_ipflow_dag
AIRFLOW_CTX_TASK_ID=get_input_data
AIRFLOW_CTX_EXECUTION_DATE=2023-08-06T00:00:00+00:00
AIRFLOW_CTX_TRY_NUMBER=1
AIRFLOW_CTX_DAG_RUN_ID=scheduled__2023-08-06T00:00:00+00:00
[2023-08-07T00:04:03.547+0000] {subprocess.py:63} INFO - Tmp dir root location: 
 /tmp
[2023-08-07T00:04:03.548+0000] {subprocess.py:75} INFO - Running command: ['/bin/bash', '-c', "dbt run --select stg_ipflow_input_data --profiles-dir /opt/***/dbt/dbt_dsg_app --project-dir /opt/***/dbt/dbt_dsg_app  --target dev --vars '{'env': 'dev'}' "]
[2023-08-07T00:04:03.568+0000] {subprocess.py:86} INFO - Output:
[2023-08-07T00:04:05.234+0000] {subprocess.py:93} INFO - [0m00:04:05  Running with dbt=1.5.4
[2023-08-07T00:04:05.962+0000] {subprocess.py:93} INFO - [0m00:04:05  Registered adapter: snowflake=1.5.1
[2023-08-07T00:04:06.265+0000] {subprocess.py:93} INFO - [0m00:04:06  Found 12 models, 2 tests, 0 snapshots, 0 analyses, 322 macros, 0 operations, 0 seed files, 0 sources, 0 exposures, 0 metrics, 0 groups
[2023-08-07T00:04:06.272+0000] {subprocess.py:93} INFO - [0m00:04:06
[2023-08-07T00:04:08.316+0000] {subprocess.py:93} INFO - [0m00:04:08  Concurrency: 4 threads (target='dev')
[2023-08-07T00:04:08.319+0000] {subprocess.py:93} INFO - [0m00:04:08
[2023-08-07T00:04:08.331+0000] {subprocess.py:93} INFO - [0m00:04:08  1 of 1 START sql table model DBT_POC.stg_ipflow_input_data ..................... [RUN]
[2023-08-07T00:04:11.668+0000] {subprocess.py:93} INFO - [0m00:04:11  1 of 1 OK created sql table model DBT_POC.stg_ipflow_input_data ................ [[32mSUCCESS 1[0m in 3.30s]
[2023-08-07T00:04:11.798+0000] {subprocess.py:93} INFO - [0m00:04:11
[2023-08-07T00:04:11.801+0000] {subprocess.py:93} INFO - [0m00:04:11  Finished running 1 table model in 0 hours 0 minutes and 5.52 seconds (5.52s).
[2023-08-07T00:04:11.840+0000] {subprocess.py:93} INFO - [0m00:04:11
[2023-08-07T00:04:11.843+0000] {subprocess.py:93} INFO - [0m00:04:11  [32mCompleted successfully[0m
[2023-08-07T00:04:11.845+0000] {subprocess.py:93} INFO - [0m00:04:11
[2023-08-07T00:04:11.848+0000] {subprocess.py:93} INFO - [0m00:04:11  Done. PASS=1 WARN=0 ERROR=0 SKIP=0 TOTAL=1
[2023-08-07T00:04:12.349+0000] {subprocess.py:97} INFO - Command exited with return code 0
[2023-08-07T00:04:12.390+0000] {taskinstance.py:1327} INFO - Marking task as SUCCESS. dag_id=dbt_ipflow_dag, task_id=get_input_data, execution_date=20230806T000000, start_date=20230807T000403, end_date=20230807T000412
[2023-08-07T00:04:12.430+0000] {local_task_job.py:159} INFO - Task exited with return code 0
[2023-08-07T00:04:12.458+0000] {taskinstance.py:2582} INFO - 0 downstream tasks scheduled from follow-on schedule check
