[2023-07-24T02:29:34.415+0000] {taskinstance.py:1087} INFO - Dependencies all met for <TaskInstance: dbt_ipflow_dag.get_input_data manual__2023-07-24T02:26:50.654432+00:00 [queued]>
[2023-07-24T02:29:34.425+0000] {taskinstance.py:1087} INFO - Dependencies all met for <TaskInstance: dbt_ipflow_dag.get_input_data manual__2023-07-24T02:26:50.654432+00:00 [queued]>
[2023-07-24T02:29:34.427+0000] {taskinstance.py:1283} INFO - 
--------------------------------------------------------------------------------
[2023-07-24T02:29:34.429+0000] {taskinstance.py:1284} INFO - Starting attempt 2 of 2
[2023-07-24T02:29:34.431+0000] {taskinstance.py:1285} INFO - 
--------------------------------------------------------------------------------
[2023-07-24T02:29:34.450+0000] {taskinstance.py:1304} INFO - Executing <Task(BashOperator): get_input_data> on 2023-07-24 02:26:50.654432+00:00
[2023-07-24T02:29:34.461+0000] {standard_task_runner.py:55} INFO - Started process 38432 to run task
[2023-07-24T02:29:34.467+0000] {standard_task_runner.py:82} INFO - Running: ['***', 'tasks', 'run', 'dbt_ipflow_dag', 'get_input_data', 'manual__2023-07-24T02:26:50.654432+00:00', '--job-id', '80', '--raw', '--subdir', 'DAGS_FOLDER/dbt_ip_flow_dag.py', '--cfg-path', '/tmp/tmphcyn36_y']
[2023-07-24T02:29:34.476+0000] {standard_task_runner.py:83} INFO - Job 80: Subtask get_input_data
[2023-07-24T02:29:34.594+0000] {task_command.py:389} INFO - Running <TaskInstance: dbt_ipflow_dag.get_input_data manual__2023-07-24T02:26:50.654432+00:00 [running]> on host 635f1a4ac995
[2023-07-24T02:29:34.712+0000] {taskinstance.py:1513} INFO - Exporting the following env vars:
AIRFLOW_CTX_DAG_OWNER=***
AIRFLOW_CTX_DAG_ID=dbt_ipflow_dag
AIRFLOW_CTX_TASK_ID=get_input_data
AIRFLOW_CTX_EXECUTION_DATE=2023-07-24T02:26:50.654432+00:00
AIRFLOW_CTX_TRY_NUMBER=2
AIRFLOW_CTX_DAG_RUN_ID=manual__2023-07-24T02:26:50.654432+00:00
[2023-07-24T02:29:34.717+0000] {subprocess.py:63} INFO - Tmp dir root location: 
 /tmp
[2023-07-24T02:29:34.719+0000] {subprocess.py:75} INFO - Running command: ['/bin/bash', '-c', "dbt run --select stg_ipflow_input_data --profiles-dir /opt/***/dbt/dbt_dsg_app --project-dir /opt/***/dbt/dbt_dsg_app  --target dev --vars '{'env': 'dev'}' "]
[2023-07-24T02:29:34.741+0000] {subprocess.py:86} INFO - Output:
[2023-07-24T02:29:36.999+0000] {subprocess.py:93} INFO - [0m02:29:36  Running with dbt=1.5.1
[2023-07-24T02:29:37.876+0000] {subprocess.py:93} INFO - [0m02:29:37  Found 12 models, 2 tests, 0 snapshots, 0 analyses, 321 macros, 0 operations, 0 seed files, 0 sources, 0 exposures, 0 metrics, 0 groups
[2023-07-24T02:29:37.882+0000] {subprocess.py:93} INFO - [0m02:29:37
[2023-07-24T02:29:39.438+0000] {subprocess.py:93} INFO - [0m02:29:39  Concurrency: 4 threads (target='dev')
[2023-07-24T02:29:39.441+0000] {subprocess.py:93} INFO - [0m02:29:39
[2023-07-24T02:29:39.462+0000] {subprocess.py:93} INFO - [0m02:29:39  1 of 1 START sql table model DBT_POC.stg_ipflow_input_data ..................... [RUN]
[2023-07-24T02:29:42.480+0000] {subprocess.py:93} INFO - [0m02:29:42  1 of 1 OK created sql table model DBT_POC.stg_ipflow_input_data ................ [[32mSUCCESS 1[0m in 3.01s]
[2023-07-24T02:29:42.529+0000] {subprocess.py:93} INFO - [0m02:29:42
[2023-07-24T02:29:42.532+0000] {subprocess.py:93} INFO - [0m02:29:42  Finished running 1 table model in 0 hours 0 minutes and 4.64 seconds (4.64s).
[2023-07-24T02:29:42.623+0000] {subprocess.py:93} INFO - [0m02:29:42
[2023-07-24T02:29:42.632+0000] {subprocess.py:93} INFO - [0m02:29:42  [32mCompleted successfully[0m
[2023-07-24T02:29:42.634+0000] {subprocess.py:93} INFO - [0m02:29:42
[2023-07-24T02:29:42.637+0000] {subprocess.py:93} INFO - [0m02:29:42  Done. PASS=1 WARN=0 ERROR=0 SKIP=0 TOTAL=1
[2023-07-24T02:29:43.141+0000] {subprocess.py:97} INFO - Command exited with return code 0
[2023-07-24T02:29:43.178+0000] {taskinstance.py:1327} INFO - Marking task as SUCCESS. dag_id=dbt_ipflow_dag, task_id=get_input_data, execution_date=20230724T022650, start_date=20230724T022934, end_date=20230724T022943
[2023-07-24T02:29:43.221+0000] {local_task_job.py:159} INFO - Task exited with return code 0
[2023-07-24T02:29:43.250+0000] {taskinstance.py:2582} INFO - 1 downstream tasks scheduled from follow-on schedule check
