[2023-07-24T02:30:11.366+0000] {taskinstance.py:1087} INFO - Dependencies all met for <TaskInstance: dbt_ipflow_dag.cleanup_tables manual__2023-07-24T02:26:50.654432+00:00 [queued]>
[2023-07-24T02:30:11.375+0000] {taskinstance.py:1087} INFO - Dependencies all met for <TaskInstance: dbt_ipflow_dag.cleanup_tables manual__2023-07-24T02:26:50.654432+00:00 [queued]>
[2023-07-24T02:30:11.376+0000] {taskinstance.py:1283} INFO - 
--------------------------------------------------------------------------------
[2023-07-24T02:30:11.388+0000] {taskinstance.py:1284} INFO - Starting attempt 1 of 1
[2023-07-24T02:30:11.390+0000] {taskinstance.py:1285} INFO - 
--------------------------------------------------------------------------------
[2023-07-24T02:30:11.401+0000] {taskinstance.py:1304} INFO - Executing <Task(SnowflakeOperator): cleanup_tables> on 2023-07-24 02:26:50.654432+00:00
[2023-07-24T02:30:11.408+0000] {standard_task_runner.py:55} INFO - Started process 38581 to run task
[2023-07-24T02:30:11.414+0000] {standard_task_runner.py:82} INFO - Running: ['***', 'tasks', 'run', 'dbt_ipflow_dag', 'cleanup_tables', 'manual__2023-07-24T02:26:50.654432+00:00', '--job-id', '85', '--raw', '--subdir', 'DAGS_FOLDER/dbt_ip_flow_dag.py', '--cfg-path', '/tmp/tmprkllvm7n']
[2023-07-24T02:30:11.418+0000] {standard_task_runner.py:83} INFO - Job 85: Subtask cleanup_tables
[2023-07-24T02:30:11.493+0000] {task_command.py:389} INFO - Running <TaskInstance: dbt_ipflow_dag.cleanup_tables manual__2023-07-24T02:26:50.654432+00:00 [running]> on host 635f1a4ac995
[2023-07-24T02:30:11.557+0000] {taskinstance.py:1513} INFO - Exporting the following env vars:
AIRFLOW_CTX_DAG_OWNER=***
AIRFLOW_CTX_DAG_ID=dbt_ipflow_dag
AIRFLOW_CTX_TASK_ID=cleanup_tables
AIRFLOW_CTX_EXECUTION_DATE=2023-07-24T02:26:50.654432+00:00
AIRFLOW_CTX_TRY_NUMBER=1
AIRFLOW_CTX_DAG_RUN_ID=manual__2023-07-24T02:26:50.654432+00:00
[2023-07-24T02:30:11.559+0000] {sql.py:253} INFO - Executing: ['truncate table DEV_QA.DBT_POC.STG_IPFLOW_INPUT_DATA;', 'truncate table DEV_IP_FLOW.RAW_DATA.IP_FLOW_API_OUTPUT_DATA;', 'truncate table DEV_QA.DBT_POC.stg_ipflow_success_data;', 'truncate table DEV_QA.DBT_POC.src_ipflow_normalized_location;']
[2023-07-24T02:30:11.573+0000] {base.py:73} INFO - Using connection ID 'Airflow-Transform-connection' for task execution.
[2023-07-24T02:30:11.743+0000] {base.py:73} INFO - Using connection ID 'Airflow-Transform-connection' for task execution.
[2023-07-24T02:30:11.747+0000] {connection.py:300} INFO - Snowflake Connector for Python Version: 3.0.4, Python Version: 3.7.15, Platform: Linux-5.15.49-linuxkit-aarch64-with-debian-11.5
[2023-07-24T02:30:11.748+0000] {connection.py:1013} INFO - This connection is in OCSP Fail Open Mode. TLS Certificates would be checked for validity and revocation status. Any other Certificate Revocation related exceptions or OCSP Responder failures would be disregarded in favor of connectivity.
[2023-07-24T02:30:11.750+0000] {connection.py:1030} INFO - Setting use_openssl_only mode to False
[2023-07-24T02:30:12.261+0000] {cursor.py:806} INFO - query: [ALTER SESSION SET autocommit=False]
[2023-07-24T02:30:12.365+0000] {cursor.py:819} INFO - query execution done
[2023-07-24T02:30:12.367+0000] {cursor.py:962} INFO - Number of results in first chunk: 1
[2023-07-24T02:30:12.369+0000] {sql.py:364} INFO - Running statement: truncate table DEV_QA.DBT_POC.STG_IPFLOW_INPUT_DATA;, parameters: None
[2023-07-24T02:30:12.370+0000] {cursor.py:806} INFO - query: [truncate table DEV_QA.DBT_POC.STG_IPFLOW_INPUT_DATA;]
[2023-07-24T02:30:12.586+0000] {cursor.py:819} INFO - query execution done
[2023-07-24T02:30:12.587+0000] {cursor.py:962} INFO - Number of results in first chunk: 1
[2023-07-24T02:30:12.589+0000] {sql.py:373} INFO - Rows affected: 1
[2023-07-24T02:30:12.590+0000] {snowflake.py:391} INFO - Rows affected: 1
[2023-07-24T02:30:12.591+0000] {snowflake.py:392} INFO - Snowflake query id: 01add4d6-0404-ad39-002b-b10702d0f886
[2023-07-24T02:30:12.594+0000] {sql.py:364} INFO - Running statement: truncate table DEV_IP_FLOW.RAW_DATA.IP_FLOW_API_OUTPUT_DATA;, parameters: None
[2023-07-24T02:30:12.596+0000] {cursor.py:806} INFO - query: [truncate table DEV_IP_FLOW.RAW_DATA.IP_FLOW_API_OUTPUT_DATA;]
[2023-07-24T02:30:12.740+0000] {cursor.py:819} INFO - query execution done
[2023-07-24T02:30:12.742+0000] {cursor.py:962} INFO - Number of results in first chunk: 1
[2023-07-24T02:30:12.743+0000] {sql.py:373} INFO - Rows affected: 1
[2023-07-24T02:30:12.744+0000] {snowflake.py:391} INFO - Rows affected: 1
[2023-07-24T02:30:12.746+0000] {snowflake.py:392} INFO - Snowflake query id: 01add4d6-0404-ae2d-002b-b10702d0e92a
[2023-07-24T02:30:12.797+0000] {sql.py:364} INFO - Running statement: truncate table DEV_QA.DBT_POC.stg_ipflow_success_data;, parameters: None
[2023-07-24T02:30:12.798+0000] {cursor.py:806} INFO - query: [truncate table DEV_QA.DBT_POC.stg_ipflow_success_data;]
[2023-07-24T02:30:12.958+0000] {cursor.py:819} INFO - query execution done
[2023-07-24T02:30:12.960+0000] {cursor.py:962} INFO - Number of results in first chunk: 1
[2023-07-24T02:30:12.961+0000] {sql.py:373} INFO - Rows affected: 1
[2023-07-24T02:30:12.963+0000] {snowflake.py:391} INFO - Rows affected: 1
[2023-07-24T02:30:12.964+0000] {snowflake.py:392} INFO - Snowflake query id: 01add4d6-0404-ad39-002b-b10702d0f88a
[2023-07-24T02:30:12.965+0000] {sql.py:364} INFO - Running statement: truncate table DEV_QA.DBT_POC.src_ipflow_normalized_location;, parameters: None
[2023-07-24T02:30:12.966+0000] {cursor.py:806} INFO - query: [truncate table DEV_QA.DBT_POC.src_ipflow_normalized_location;]
[2023-07-24T02:30:13.276+0000] {cursor.py:819} INFO - query execution done
[2023-07-24T02:30:13.278+0000] {cursor.py:962} INFO - Number of results in first chunk: 1
[2023-07-24T02:30:13.279+0000] {sql.py:373} INFO - Rows affected: 1
[2023-07-24T02:30:13.280+0000] {snowflake.py:391} INFO - Rows affected: 1
[2023-07-24T02:30:13.281+0000] {snowflake.py:392} INFO - Snowflake query id: 01add4d6-0404-ad39-002b-b10702d0f892
[2023-07-24T02:30:13.283+0000] {cursor.py:806} INFO - query: [COMMIT]
[2023-07-24T02:30:13.900+0000] {cursor.py:819} INFO - query execution done
[2023-07-24T02:30:13.901+0000] {cursor.py:962} INFO - Number of results in first chunk: 1
[2023-07-24T02:30:13.907+0000] {connection.py:605} INFO - closed
[2023-07-24T02:30:13.972+0000] {connection.py:608} INFO - No async queries seem to be running, deleting session
[2023-07-24T02:30:14.114+0000] {taskinstance.py:1327} INFO - Marking task as SUCCESS. dag_id=dbt_ipflow_dag, task_id=cleanup_tables, execution_date=20230724T022650, start_date=20230724T023011, end_date=20230724T023014
[2023-07-24T02:30:14.154+0000] {local_task_job.py:159} INFO - Task exited with return code 0
[2023-07-24T02:30:14.173+0000] {taskinstance.py:2582} INFO - 0 downstream tasks scheduled from follow-on schedule check
