[2023-07-15T00:00:05.857+0000] {processor.py:153} INFO - Started process (PID=43511) to work on /opt/airflow/dags/Beeswax_Data_Processing.py
[2023-07-15T00:00:05.859+0000] {processor.py:743} INFO - Processing file /opt/airflow/dags/Beeswax_Data_Processing.py for tasks to queue
[2023-07-15T00:00:05.861+0000] {logging_mixin.py:137} INFO - [2023-07-15T00:00:05.860+0000] {dagbag.py:538} INFO - Filling up the DagBag from /opt/airflow/dags/Beeswax_Data_Processing.py
[2023-07-15T00:00:05.987+0000] {processor.py:753} INFO - DAG(s) dict_keys(['Beeswax_Channel']) retrieved from /opt/airflow/dags/Beeswax_Data_Processing.py
[2023-07-15T00:00:06.009+0000] {logging_mixin.py:137} INFO - [2023-07-15T00:00:06.009+0000] {dag.py:2676} INFO - Sync 1 DAGs
[2023-07-15T00:00:06.028+0000] {logging_mixin.py:137} INFO - [2023-07-15T00:00:06.028+0000] {dag.py:3427} INFO - Setting next_dagrun for Beeswax_Channel to 2023-07-14T00:00:00+00:00, run_after=2023-07-15T00:00:00+00:00
[2023-07-15T00:00:06.044+0000] {processor.py:175} INFO - Processing /opt/airflow/dags/Beeswax_Data_Processing.py took 0.191 seconds
[2023-07-15T00:00:36.736+0000] {processor.py:153} INFO - Started process (PID=43566) to work on /opt/airflow/dags/Beeswax_Data_Processing.py
[2023-07-15T00:00:36.738+0000] {processor.py:743} INFO - Processing file /opt/airflow/dags/Beeswax_Data_Processing.py for tasks to queue
[2023-07-15T00:00:36.739+0000] {logging_mixin.py:137} INFO - [2023-07-15T00:00:36.739+0000] {dagbag.py:538} INFO - Filling up the DagBag from /opt/airflow/dags/Beeswax_Data_Processing.py
[2023-07-15T00:00:36.916+0000] {processor.py:753} INFO - DAG(s) dict_keys(['Beeswax_Channel']) retrieved from /opt/airflow/dags/Beeswax_Data_Processing.py
[2023-07-15T00:00:36.938+0000] {logging_mixin.py:137} INFO - [2023-07-15T00:00:36.938+0000] {dag.py:2676} INFO - Sync 1 DAGs
[2023-07-15T00:00:36.977+0000] {logging_mixin.py:137} INFO - [2023-07-15T00:00:36.977+0000] {dag.py:3427} INFO - Setting next_dagrun for Beeswax_Channel to 2023-07-14T00:00:00+00:00, run_after=2023-07-15T00:00:00+00:00
[2023-07-15T00:00:36.999+0000] {processor.py:175} INFO - Processing /opt/airflow/dags/Beeswax_Data_Processing.py took 0.267 seconds
[2023-07-15T00:01:07.673+0000] {processor.py:153} INFO - Started process (PID=43611) to work on /opt/airflow/dags/Beeswax_Data_Processing.py
[2023-07-15T00:01:07.675+0000] {processor.py:743} INFO - Processing file /opt/airflow/dags/Beeswax_Data_Processing.py for tasks to queue
[2023-07-15T00:01:07.677+0000] {logging_mixin.py:137} INFO - [2023-07-15T00:01:07.677+0000] {dagbag.py:538} INFO - Filling up the DagBag from /opt/airflow/dags/Beeswax_Data_Processing.py
[2023-07-15T00:01:07.813+0000] {processor.py:753} INFO - DAG(s) dict_keys(['Beeswax_Channel']) retrieved from /opt/airflow/dags/Beeswax_Data_Processing.py
[2023-07-15T00:01:07.836+0000] {logging_mixin.py:137} INFO - [2023-07-15T00:01:07.836+0000] {dag.py:2676} INFO - Sync 1 DAGs
[2023-07-15T00:01:07.857+0000] {logging_mixin.py:137} INFO - [2023-07-15T00:01:07.857+0000] {dag.py:3427} INFO - Setting next_dagrun for Beeswax_Channel to 2023-07-14T00:00:00+00:00, run_after=2023-07-15T00:00:00+00:00
[2023-07-15T00:01:07.872+0000] {processor.py:175} INFO - Processing /opt/airflow/dags/Beeswax_Data_Processing.py took 0.203 seconds
[2023-07-15T00:01:38.369+0000] {processor.py:153} INFO - Started process (PID=43668) to work on /opt/airflow/dags/Beeswax_Data_Processing.py
[2023-07-15T00:01:38.371+0000] {processor.py:743} INFO - Processing file /opt/airflow/dags/Beeswax_Data_Processing.py for tasks to queue
[2023-07-15T00:01:38.373+0000] {logging_mixin.py:137} INFO - [2023-07-15T00:01:38.373+0000] {dagbag.py:538} INFO - Filling up the DagBag from /opt/airflow/dags/Beeswax_Data_Processing.py
[2023-07-15T00:01:38.481+0000] {processor.py:753} INFO - DAG(s) dict_keys(['Beeswax_Channel']) retrieved from /opt/airflow/dags/Beeswax_Data_Processing.py
[2023-07-15T00:01:38.503+0000] {logging_mixin.py:137} INFO - [2023-07-15T00:01:38.503+0000] {dag.py:2676} INFO - Sync 1 DAGs
[2023-07-15T00:01:38.519+0000] {logging_mixin.py:137} INFO - [2023-07-15T00:01:38.519+0000] {dag.py:3427} INFO - Setting next_dagrun for Beeswax_Channel to 2023-07-14T00:00:00+00:00, run_after=2023-07-15T00:00:00+00:00
[2023-07-15T00:01:38.540+0000] {processor.py:175} INFO - Processing /opt/airflow/dags/Beeswax_Data_Processing.py took 0.175 seconds
[2023-07-15T00:02:08.611+0000] {processor.py:153} INFO - Started process (PID=43722) to work on /opt/airflow/dags/Beeswax_Data_Processing.py
[2023-07-15T00:02:08.614+0000] {processor.py:743} INFO - Processing file /opt/airflow/dags/Beeswax_Data_Processing.py for tasks to queue
[2023-07-15T00:02:08.616+0000] {logging_mixin.py:137} INFO - [2023-07-15T00:02:08.615+0000] {dagbag.py:538} INFO - Filling up the DagBag from /opt/airflow/dags/Beeswax_Data_Processing.py
[2023-07-15T00:02:08.761+0000] {processor.py:753} INFO - DAG(s) dict_keys(['Beeswax_Channel']) retrieved from /opt/airflow/dags/Beeswax_Data_Processing.py
[2023-07-15T00:02:08.785+0000] {logging_mixin.py:137} INFO - [2023-07-15T00:02:08.785+0000] {dag.py:2676} INFO - Sync 1 DAGs
[2023-07-15T00:02:08.811+0000] {logging_mixin.py:137} INFO - [2023-07-15T00:02:08.811+0000] {dag.py:3427} INFO - Setting next_dagrun for Beeswax_Channel to 2023-07-14T00:00:00+00:00, run_after=2023-07-15T00:00:00+00:00
[2023-07-15T00:02:08.829+0000] {processor.py:175} INFO - Processing /opt/airflow/dags/Beeswax_Data_Processing.py took 0.222 seconds
[2023-07-15T00:02:39.487+0000] {processor.py:153} INFO - Started process (PID=43770) to work on /opt/airflow/dags/Beeswax_Data_Processing.py
[2023-07-15T00:02:39.492+0000] {processor.py:743} INFO - Processing file /opt/airflow/dags/Beeswax_Data_Processing.py for tasks to queue
[2023-07-15T00:02:39.493+0000] {logging_mixin.py:137} INFO - [2023-07-15T00:02:39.493+0000] {dagbag.py:538} INFO - Filling up the DagBag from /opt/airflow/dags/Beeswax_Data_Processing.py
[2023-07-15T00:02:39.609+0000] {processor.py:753} INFO - DAG(s) dict_keys(['Beeswax_Channel']) retrieved from /opt/airflow/dags/Beeswax_Data_Processing.py
[2023-07-15T00:02:39.632+0000] {logging_mixin.py:137} INFO - [2023-07-15T00:02:39.632+0000] {dag.py:2676} INFO - Sync 1 DAGs
[2023-07-15T00:02:39.649+0000] {logging_mixin.py:137} INFO - [2023-07-15T00:02:39.649+0000] {dag.py:3427} INFO - Setting next_dagrun for Beeswax_Channel to 2023-07-14T00:00:00+00:00, run_after=2023-07-15T00:00:00+00:00
[2023-07-15T00:02:39.664+0000] {processor.py:175} INFO - Processing /opt/airflow/dags/Beeswax_Data_Processing.py took 0.181 seconds
[2023-07-15T00:03:10.228+0000] {processor.py:153} INFO - Started process (PID=43825) to work on /opt/airflow/dags/Beeswax_Data_Processing.py
[2023-07-15T00:03:10.230+0000] {processor.py:743} INFO - Processing file /opt/airflow/dags/Beeswax_Data_Processing.py for tasks to queue
[2023-07-15T00:03:10.232+0000] {logging_mixin.py:137} INFO - [2023-07-15T00:03:10.232+0000] {dagbag.py:538} INFO - Filling up the DagBag from /opt/airflow/dags/Beeswax_Data_Processing.py
[2023-07-15T00:03:10.338+0000] {processor.py:753} INFO - DAG(s) dict_keys(['Beeswax_Channel']) retrieved from /opt/airflow/dags/Beeswax_Data_Processing.py
[2023-07-15T00:03:10.359+0000] {logging_mixin.py:137} INFO - [2023-07-15T00:03:10.359+0000] {dag.py:2676} INFO - Sync 1 DAGs
[2023-07-15T00:03:10.381+0000] {logging_mixin.py:137} INFO - [2023-07-15T00:03:10.381+0000] {dag.py:3427} INFO - Setting next_dagrun for Beeswax_Channel to 2023-07-14T00:00:00+00:00, run_after=2023-07-15T00:00:00+00:00
[2023-07-15T00:03:10.394+0000] {processor.py:175} INFO - Processing /opt/airflow/dags/Beeswax_Data_Processing.py took 0.173 seconds
[2023-07-15T00:03:41.057+0000] {processor.py:153} INFO - Started process (PID=43882) to work on /opt/airflow/dags/Beeswax_Data_Processing.py
[2023-07-15T00:03:41.060+0000] {processor.py:743} INFO - Processing file /opt/airflow/dags/Beeswax_Data_Processing.py for tasks to queue
[2023-07-15T00:03:41.062+0000] {logging_mixin.py:137} INFO - [2023-07-15T00:03:41.062+0000] {dagbag.py:538} INFO - Filling up the DagBag from /opt/airflow/dags/Beeswax_Data_Processing.py
[2023-07-15T00:03:41.202+0000] {processor.py:753} INFO - DAG(s) dict_keys(['Beeswax_Channel']) retrieved from /opt/airflow/dags/Beeswax_Data_Processing.py
[2023-07-15T00:03:41.227+0000] {logging_mixin.py:137} INFO - [2023-07-15T00:03:41.227+0000] {dag.py:2676} INFO - Sync 1 DAGs
[2023-07-15T00:03:41.247+0000] {logging_mixin.py:137} INFO - [2023-07-15T00:03:41.247+0000] {dag.py:3427} INFO - Setting next_dagrun for Beeswax_Channel to 2023-07-14T00:00:00+00:00, run_after=2023-07-15T00:00:00+00:00
[2023-07-15T00:03:41.262+0000] {processor.py:175} INFO - Processing /opt/airflow/dags/Beeswax_Data_Processing.py took 0.209 seconds
[2023-07-15T00:04:11.821+0000] {processor.py:153} INFO - Started process (PID=43927) to work on /opt/airflow/dags/Beeswax_Data_Processing.py
[2023-07-15T00:04:11.825+0000] {processor.py:743} INFO - Processing file /opt/airflow/dags/Beeswax_Data_Processing.py for tasks to queue
[2023-07-15T00:04:11.826+0000] {logging_mixin.py:137} INFO - [2023-07-15T00:04:11.826+0000] {dagbag.py:538} INFO - Filling up the DagBag from /opt/airflow/dags/Beeswax_Data_Processing.py
[2023-07-15T00:04:11.935+0000] {processor.py:753} INFO - DAG(s) dict_keys(['Beeswax_Channel']) retrieved from /opt/airflow/dags/Beeswax_Data_Processing.py
[2023-07-15T00:04:11.961+0000] {logging_mixin.py:137} INFO - [2023-07-15T00:04:11.961+0000] {dag.py:2676} INFO - Sync 1 DAGs
[2023-07-15T00:04:11.980+0000] {logging_mixin.py:137} INFO - [2023-07-15T00:04:11.980+0000] {dag.py:3427} INFO - Setting next_dagrun for Beeswax_Channel to 2023-07-14T00:00:00+00:00, run_after=2023-07-15T00:00:00+00:00
[2023-07-15T00:04:11.992+0000] {processor.py:175} INFO - Processing /opt/airflow/dags/Beeswax_Data_Processing.py took 0.174 seconds
[2023-07-15T00:04:42.071+0000] {processor.py:153} INFO - Started process (PID=43984) to work on /opt/airflow/dags/Beeswax_Data_Processing.py
[2023-07-15T00:04:42.073+0000] {processor.py:743} INFO - Processing file /opt/airflow/dags/Beeswax_Data_Processing.py for tasks to queue
[2023-07-15T00:04:42.075+0000] {logging_mixin.py:137} INFO - [2023-07-15T00:04:42.075+0000] {dagbag.py:538} INFO - Filling up the DagBag from /opt/airflow/dags/Beeswax_Data_Processing.py
[2023-07-15T00:04:42.207+0000] {processor.py:753} INFO - DAG(s) dict_keys(['Beeswax_Channel']) retrieved from /opt/airflow/dags/Beeswax_Data_Processing.py
[2023-07-15T00:04:42.229+0000] {logging_mixin.py:137} INFO - [2023-07-15T00:04:42.229+0000] {dag.py:2676} INFO - Sync 1 DAGs
[2023-07-15T00:04:42.248+0000] {logging_mixin.py:137} INFO - [2023-07-15T00:04:42.248+0000] {dag.py:3427} INFO - Setting next_dagrun for Beeswax_Channel to 2023-07-14T00:00:00+00:00, run_after=2023-07-15T00:00:00+00:00
[2023-07-15T00:04:42.261+0000] {processor.py:175} INFO - Processing /opt/airflow/dags/Beeswax_Data_Processing.py took 0.194 seconds
[2023-07-15T00:05:13.204+0000] {processor.py:153} INFO - Started process (PID=44042) to work on /opt/airflow/dags/Beeswax_Data_Processing.py
[2023-07-15T00:05:13.208+0000] {processor.py:743} INFO - Processing file /opt/airflow/dags/Beeswax_Data_Processing.py for tasks to queue
[2023-07-15T00:05:13.210+0000] {logging_mixin.py:137} INFO - [2023-07-15T00:05:13.210+0000] {dagbag.py:538} INFO - Filling up the DagBag from /opt/airflow/dags/Beeswax_Data_Processing.py
[2023-07-15T00:05:13.325+0000] {processor.py:753} INFO - DAG(s) dict_keys(['Beeswax_Channel']) retrieved from /opt/airflow/dags/Beeswax_Data_Processing.py
[2023-07-15T00:05:13.347+0000] {logging_mixin.py:137} INFO - [2023-07-15T00:05:13.347+0000] {dag.py:2676} INFO - Sync 1 DAGs
[2023-07-15T00:05:13.367+0000] {logging_mixin.py:137} INFO - [2023-07-15T00:05:13.367+0000] {dag.py:3427} INFO - Setting next_dagrun for Beeswax_Channel to 2023-07-14T00:00:00+00:00, run_after=2023-07-15T00:00:00+00:00
[2023-07-15T00:05:13.381+0000] {processor.py:175} INFO - Processing /opt/airflow/dags/Beeswax_Data_Processing.py took 0.182 seconds
[2023-07-15T00:05:43.467+0000] {processor.py:153} INFO - Started process (PID=44088) to work on /opt/airflow/dags/Beeswax_Data_Processing.py
[2023-07-15T00:05:43.469+0000] {processor.py:743} INFO - Processing file /opt/airflow/dags/Beeswax_Data_Processing.py for tasks to queue
[2023-07-15T00:05:43.472+0000] {logging_mixin.py:137} INFO - [2023-07-15T00:05:43.472+0000] {dagbag.py:538} INFO - Filling up the DagBag from /opt/airflow/dags/Beeswax_Data_Processing.py
[2023-07-15T00:05:43.577+0000] {processor.py:753} INFO - DAG(s) dict_keys(['Beeswax_Channel']) retrieved from /opt/airflow/dags/Beeswax_Data_Processing.py
[2023-07-15T00:05:43.602+0000] {logging_mixin.py:137} INFO - [2023-07-15T00:05:43.602+0000] {dag.py:2676} INFO - Sync 1 DAGs
[2023-07-15T00:05:43.619+0000] {logging_mixin.py:137} INFO - [2023-07-15T00:05:43.619+0000] {dag.py:3427} INFO - Setting next_dagrun for Beeswax_Channel to 2023-07-14T00:00:00+00:00, run_after=2023-07-15T00:00:00+00:00
[2023-07-15T00:05:43.634+0000] {processor.py:175} INFO - Processing /opt/airflow/dags/Beeswax_Data_Processing.py took 0.169 seconds
[2023-07-15T00:06:14.354+0000] {processor.py:153} INFO - Started process (PID=44144) to work on /opt/airflow/dags/Beeswax_Data_Processing.py
[2023-07-15T00:06:14.359+0000] {processor.py:743} INFO - Processing file /opt/airflow/dags/Beeswax_Data_Processing.py for tasks to queue
[2023-07-15T00:06:14.361+0000] {logging_mixin.py:137} INFO - [2023-07-15T00:06:14.361+0000] {dagbag.py:538} INFO - Filling up the DagBag from /opt/airflow/dags/Beeswax_Data_Processing.py
[2023-07-15T00:06:14.471+0000] {processor.py:753} INFO - DAG(s) dict_keys(['Beeswax_Channel']) retrieved from /opt/airflow/dags/Beeswax_Data_Processing.py
[2023-07-15T00:06:14.491+0000] {logging_mixin.py:137} INFO - [2023-07-15T00:06:14.491+0000] {dag.py:2676} INFO - Sync 1 DAGs
[2023-07-15T00:06:14.509+0000] {logging_mixin.py:137} INFO - [2023-07-15T00:06:14.509+0000] {dag.py:3427} INFO - Setting next_dagrun for Beeswax_Channel to 2023-07-14T00:00:00+00:00, run_after=2023-07-15T00:00:00+00:00
[2023-07-15T00:06:14.522+0000] {processor.py:175} INFO - Processing /opt/airflow/dags/Beeswax_Data_Processing.py took 0.173 seconds
[2023-07-15T00:06:45.350+0000] {processor.py:153} INFO - Started process (PID=44200) to work on /opt/airflow/dags/Beeswax_Data_Processing.py
[2023-07-15T00:06:45.352+0000] {processor.py:743} INFO - Processing file /opt/airflow/dags/Beeswax_Data_Processing.py for tasks to queue
[2023-07-15T00:06:45.353+0000] {logging_mixin.py:137} INFO - [2023-07-15T00:06:45.353+0000] {dagbag.py:538} INFO - Filling up the DagBag from /opt/airflow/dags/Beeswax_Data_Processing.py
[2023-07-15T00:06:45.463+0000] {processor.py:753} INFO - DAG(s) dict_keys(['Beeswax_Channel']) retrieved from /opt/airflow/dags/Beeswax_Data_Processing.py
[2023-07-15T00:06:45.486+0000] {logging_mixin.py:137} INFO - [2023-07-15T00:06:45.486+0000] {dag.py:2676} INFO - Sync 1 DAGs
[2023-07-15T00:06:45.506+0000] {logging_mixin.py:137} INFO - [2023-07-15T00:06:45.506+0000] {dag.py:3427} INFO - Setting next_dagrun for Beeswax_Channel to 2023-07-14T00:00:00+00:00, run_after=2023-07-15T00:00:00+00:00
[2023-07-15T00:06:45.521+0000] {processor.py:175} INFO - Processing /opt/airflow/dags/Beeswax_Data_Processing.py took 0.175 seconds
[2023-07-15T00:07:15.587+0000] {processor.py:153} INFO - Started process (PID=44246) to work on /opt/airflow/dags/Beeswax_Data_Processing.py
[2023-07-15T00:07:15.589+0000] {processor.py:743} INFO - Processing file /opt/airflow/dags/Beeswax_Data_Processing.py for tasks to queue
[2023-07-15T00:07:15.591+0000] {logging_mixin.py:137} INFO - [2023-07-15T00:07:15.591+0000] {dagbag.py:538} INFO - Filling up the DagBag from /opt/airflow/dags/Beeswax_Data_Processing.py
[2023-07-15T00:07:15.689+0000] {processor.py:753} INFO - DAG(s) dict_keys(['Beeswax_Channel']) retrieved from /opt/airflow/dags/Beeswax_Data_Processing.py
[2023-07-15T00:07:15.710+0000] {logging_mixin.py:137} INFO - [2023-07-15T00:07:15.710+0000] {dag.py:2676} INFO - Sync 1 DAGs
[2023-07-15T00:07:15.727+0000] {logging_mixin.py:137} INFO - [2023-07-15T00:07:15.727+0000] {dag.py:3427} INFO - Setting next_dagrun for Beeswax_Channel to 2023-07-14T00:00:00+00:00, run_after=2023-07-15T00:00:00+00:00
[2023-07-15T00:07:15.741+0000] {processor.py:175} INFO - Processing /opt/airflow/dags/Beeswax_Data_Processing.py took 0.157 seconds
[2023-07-15T00:07:46.369+0000] {processor.py:153} INFO - Started process (PID=44301) to work on /opt/airflow/dags/Beeswax_Data_Processing.py
[2023-07-15T00:07:46.372+0000] {processor.py:743} INFO - Processing file /opt/airflow/dags/Beeswax_Data_Processing.py for tasks to queue
[2023-07-15T00:07:46.374+0000] {logging_mixin.py:137} INFO - [2023-07-15T00:07:46.374+0000] {dagbag.py:538} INFO - Filling up the DagBag from /opt/airflow/dags/Beeswax_Data_Processing.py
[2023-07-15T00:07:46.486+0000] {processor.py:753} INFO - DAG(s) dict_keys(['Beeswax_Channel']) retrieved from /opt/airflow/dags/Beeswax_Data_Processing.py
[2023-07-15T00:07:46.508+0000] {logging_mixin.py:137} INFO - [2023-07-15T00:07:46.508+0000] {dag.py:2676} INFO - Sync 1 DAGs
[2023-07-15T00:07:46.525+0000] {logging_mixin.py:137} INFO - [2023-07-15T00:07:46.525+0000] {dag.py:3427} INFO - Setting next_dagrun for Beeswax_Channel to 2023-07-14T00:00:00+00:00, run_after=2023-07-15T00:00:00+00:00
[2023-07-15T00:07:46.539+0000] {processor.py:175} INFO - Processing /opt/airflow/dags/Beeswax_Data_Processing.py took 0.174 seconds
[2023-07-15T00:08:16.833+0000] {processor.py:153} INFO - Started process (PID=44358) to work on /opt/airflow/dags/Beeswax_Data_Processing.py
[2023-07-15T00:08:16.836+0000] {processor.py:743} INFO - Processing file /opt/airflow/dags/Beeswax_Data_Processing.py for tasks to queue
[2023-07-15T00:08:16.837+0000] {logging_mixin.py:137} INFO - [2023-07-15T00:08:16.837+0000] {dagbag.py:538} INFO - Filling up the DagBag from /opt/airflow/dags/Beeswax_Data_Processing.py
[2023-07-15T00:08:16.959+0000] {processor.py:753} INFO - DAG(s) dict_keys(['Beeswax_Channel']) retrieved from /opt/airflow/dags/Beeswax_Data_Processing.py
[2023-07-15T00:08:16.983+0000] {logging_mixin.py:137} INFO - [2023-07-15T00:08:16.983+0000] {dag.py:2676} INFO - Sync 1 DAGs
[2023-07-15T00:08:17.003+0000] {logging_mixin.py:137} INFO - [2023-07-15T00:08:17.003+0000] {dag.py:3427} INFO - Setting next_dagrun for Beeswax_Channel to 2023-07-14T00:00:00+00:00, run_after=2023-07-15T00:00:00+00:00
[2023-07-15T00:08:17.015+0000] {processor.py:175} INFO - Processing /opt/airflow/dags/Beeswax_Data_Processing.py took 0.186 seconds
[2023-07-15T00:08:47.719+0000] {processor.py:153} INFO - Started process (PID=44403) to work on /opt/airflow/dags/Beeswax_Data_Processing.py
[2023-07-15T00:08:47.722+0000] {processor.py:743} INFO - Processing file /opt/airflow/dags/Beeswax_Data_Processing.py for tasks to queue
[2023-07-15T00:08:47.724+0000] {logging_mixin.py:137} INFO - [2023-07-15T00:08:47.724+0000] {dagbag.py:538} INFO - Filling up the DagBag from /opt/airflow/dags/Beeswax_Data_Processing.py
[2023-07-15T00:08:47.832+0000] {processor.py:753} INFO - DAG(s) dict_keys(['Beeswax_Channel']) retrieved from /opt/airflow/dags/Beeswax_Data_Processing.py
[2023-07-15T00:08:47.853+0000] {logging_mixin.py:137} INFO - [2023-07-15T00:08:47.853+0000] {dag.py:2676} INFO - Sync 1 DAGs
[2023-07-15T00:08:47.871+0000] {logging_mixin.py:137} INFO - [2023-07-15T00:08:47.871+0000] {dag.py:3427} INFO - Setting next_dagrun for Beeswax_Channel to 2023-07-14T00:00:00+00:00, run_after=2023-07-15T00:00:00+00:00
[2023-07-15T00:08:47.883+0000] {processor.py:175} INFO - Processing /opt/airflow/dags/Beeswax_Data_Processing.py took 0.168 seconds
[2023-07-15T00:09:18.454+0000] {processor.py:153} INFO - Started process (PID=44460) to work on /opt/airflow/dags/Beeswax_Data_Processing.py
[2023-07-15T00:09:18.458+0000] {processor.py:743} INFO - Processing file /opt/airflow/dags/Beeswax_Data_Processing.py for tasks to queue
[2023-07-15T00:09:18.460+0000] {logging_mixin.py:137} INFO - [2023-07-15T00:09:18.460+0000] {dagbag.py:538} INFO - Filling up the DagBag from /opt/airflow/dags/Beeswax_Data_Processing.py
[2023-07-15T00:09:18.568+0000] {processor.py:753} INFO - DAG(s) dict_keys(['Beeswax_Channel']) retrieved from /opt/airflow/dags/Beeswax_Data_Processing.py
[2023-07-15T00:09:18.589+0000] {logging_mixin.py:137} INFO - [2023-07-15T00:09:18.589+0000] {dag.py:2676} INFO - Sync 1 DAGs
[2023-07-15T00:09:18.606+0000] {logging_mixin.py:137} INFO - [2023-07-15T00:09:18.605+0000] {dag.py:3427} INFO - Setting next_dagrun for Beeswax_Channel to 2023-07-14T00:00:00+00:00, run_after=2023-07-15T00:00:00+00:00
[2023-07-15T00:09:18.622+0000] {processor.py:175} INFO - Processing /opt/airflow/dags/Beeswax_Data_Processing.py took 0.175 seconds
