[2023-07-15T00:00:18.132+0000] {processor.py:153} INFO - Started process (PID=43533) to work on /opt/airflow/dags/content_intelligence_dag.py
[2023-07-15T00:00:18.134+0000] {processor.py:743} INFO - Processing file /opt/airflow/dags/content_intelligence_dag.py for tasks to queue
[2023-07-15T00:00:18.135+0000] {logging_mixin.py:137} INFO - [2023-07-15T00:00:18.135+0000] {dagbag.py:538} INFO - Filling up the DagBag from /opt/airflow/dags/content_intelligence_dag.py
[2023-07-15T00:00:18.496+0000] {logging_mixin.py:137} WARNING - /home/airflow/.local/lib/python3.7/site-packages/snowflake/connector/options.py:109 UserWarning: You have an incompatible version of 'pyarrow' installed (9.0.0), please install a version that adheres to: 'pyarrow<10.1.0,>=10.0.1; extra == "pandas"'
[2023-07-15T00:00:18.595+0000] {processor.py:753} INFO - DAG(s) dict_keys(['Content_Intelligence']) retrieved from /opt/airflow/dags/content_intelligence_dag.py
[2023-07-15T00:00:18.632+0000] {logging_mixin.py:137} INFO - [2023-07-15T00:00:18.632+0000] {dag.py:2676} INFO - Sync 1 DAGs
[2023-07-15T00:00:18.645+0000] {logging_mixin.py:137} INFO - [2023-07-15T00:00:18.645+0000] {dag.py:3427} INFO - Setting next_dagrun for Content_Intelligence to 2023-07-14T00:00:00+00:00, run_after=2023-07-15T00:00:00+00:00
[2023-07-15T00:00:18.659+0000] {processor.py:175} INFO - Processing /opt/airflow/dags/content_intelligence_dag.py took 0.530 seconds
[2023-07-15T00:00:49.111+0000] {processor.py:153} INFO - Started process (PID=43587) to work on /opt/airflow/dags/content_intelligence_dag.py
[2023-07-15T00:00:49.112+0000] {processor.py:743} INFO - Processing file /opt/airflow/dags/content_intelligence_dag.py for tasks to queue
[2023-07-15T00:00:49.114+0000] {logging_mixin.py:137} INFO - [2023-07-15T00:00:49.114+0000] {dagbag.py:538} INFO - Filling up the DagBag from /opt/airflow/dags/content_intelligence_dag.py
[2023-07-15T00:00:49.569+0000] {logging_mixin.py:137} WARNING - /home/airflow/.local/lib/python3.7/site-packages/snowflake/connector/options.py:109 UserWarning: You have an incompatible version of 'pyarrow' installed (9.0.0), please install a version that adheres to: 'pyarrow<10.1.0,>=10.0.1; extra == "pandas"'
[2023-07-15T00:00:49.681+0000] {processor.py:753} INFO - DAG(s) dict_keys(['Content_Intelligence']) retrieved from /opt/airflow/dags/content_intelligence_dag.py
[2023-07-15T00:00:49.721+0000] {logging_mixin.py:137} INFO - [2023-07-15T00:00:49.720+0000] {dag.py:2676} INFO - Sync 1 DAGs
[2023-07-15T00:00:49.738+0000] {logging_mixin.py:137} INFO - [2023-07-15T00:00:49.737+0000] {dag.py:3427} INFO - Setting next_dagrun for Content_Intelligence to 2023-07-14T00:00:00+00:00, run_after=2023-07-15T00:00:00+00:00
[2023-07-15T00:00:49.755+0000] {processor.py:175} INFO - Processing /opt/airflow/dags/content_intelligence_dag.py took 0.648 seconds
[2023-07-15T00:01:20.053+0000] {processor.py:153} INFO - Started process (PID=43632) to work on /opt/airflow/dags/content_intelligence_dag.py
[2023-07-15T00:01:20.054+0000] {processor.py:743} INFO - Processing file /opt/airflow/dags/content_intelligence_dag.py for tasks to queue
[2023-07-15T00:01:20.057+0000] {logging_mixin.py:137} INFO - [2023-07-15T00:01:20.056+0000] {dagbag.py:538} INFO - Filling up the DagBag from /opt/airflow/dags/content_intelligence_dag.py
[2023-07-15T00:01:20.455+0000] {logging_mixin.py:137} WARNING - /home/airflow/.local/lib/python3.7/site-packages/snowflake/connector/options.py:109 UserWarning: You have an incompatible version of 'pyarrow' installed (9.0.0), please install a version that adheres to: 'pyarrow<10.1.0,>=10.0.1; extra == "pandas"'
[2023-07-15T00:01:20.568+0000] {processor.py:753} INFO - DAG(s) dict_keys(['Content_Intelligence']) retrieved from /opt/airflow/dags/content_intelligence_dag.py
[2023-07-15T00:01:20.610+0000] {logging_mixin.py:137} INFO - [2023-07-15T00:01:20.609+0000] {dag.py:2676} INFO - Sync 1 DAGs
[2023-07-15T00:01:20.624+0000] {logging_mixin.py:137} INFO - [2023-07-15T00:01:20.624+0000] {dag.py:3427} INFO - Setting next_dagrun for Content_Intelligence to 2023-07-14T00:00:00+00:00, run_after=2023-07-15T00:00:00+00:00
[2023-07-15T00:01:20.640+0000] {processor.py:175} INFO - Processing /opt/airflow/dags/content_intelligence_dag.py took 0.590 seconds
[2023-07-15T00:01:50.854+0000] {processor.py:153} INFO - Started process (PID=43690) to work on /opt/airflow/dags/content_intelligence_dag.py
[2023-07-15T00:01:50.857+0000] {processor.py:743} INFO - Processing file /opt/airflow/dags/content_intelligence_dag.py for tasks to queue
[2023-07-15T00:01:50.859+0000] {logging_mixin.py:137} INFO - [2023-07-15T00:01:50.858+0000] {dagbag.py:538} INFO - Filling up the DagBag from /opt/airflow/dags/content_intelligence_dag.py
[2023-07-15T00:01:51.229+0000] {logging_mixin.py:137} WARNING - /home/airflow/.local/lib/python3.7/site-packages/snowflake/connector/options.py:109 UserWarning: You have an incompatible version of 'pyarrow' installed (9.0.0), please install a version that adheres to: 'pyarrow<10.1.0,>=10.0.1; extra == "pandas"'
[2023-07-15T00:01:51.334+0000] {processor.py:753} INFO - DAG(s) dict_keys(['Content_Intelligence']) retrieved from /opt/airflow/dags/content_intelligence_dag.py
[2023-07-15T00:01:51.373+0000] {logging_mixin.py:137} INFO - [2023-07-15T00:01:51.372+0000] {dag.py:2676} INFO - Sync 1 DAGs
[2023-07-15T00:01:51.387+0000] {logging_mixin.py:137} INFO - [2023-07-15T00:01:51.387+0000] {dag.py:3427} INFO - Setting next_dagrun for Content_Intelligence to 2023-07-14T00:00:00+00:00, run_after=2023-07-15T00:00:00+00:00
[2023-07-15T00:01:51.400+0000] {processor.py:175} INFO - Processing /opt/airflow/dags/content_intelligence_dag.py took 0.549 seconds
[2023-07-15T00:02:21.922+0000] {processor.py:153} INFO - Started process (PID=43747) to work on /opt/airflow/dags/content_intelligence_dag.py
[2023-07-15T00:02:21.923+0000] {processor.py:743} INFO - Processing file /opt/airflow/dags/content_intelligence_dag.py for tasks to queue
[2023-07-15T00:02:21.924+0000] {logging_mixin.py:137} INFO - [2023-07-15T00:02:21.924+0000] {dagbag.py:538} INFO - Filling up the DagBag from /opt/airflow/dags/content_intelligence_dag.py
[2023-07-15T00:02:22.289+0000] {logging_mixin.py:137} WARNING - /home/airflow/.local/lib/python3.7/site-packages/snowflake/connector/options.py:109 UserWarning: You have an incompatible version of 'pyarrow' installed (9.0.0), please install a version that adheres to: 'pyarrow<10.1.0,>=10.0.1; extra == "pandas"'
[2023-07-15T00:02:22.387+0000] {processor.py:753} INFO - DAG(s) dict_keys(['Content_Intelligence']) retrieved from /opt/airflow/dags/content_intelligence_dag.py
[2023-07-15T00:02:22.423+0000] {logging_mixin.py:137} INFO - [2023-07-15T00:02:22.423+0000] {dag.py:2676} INFO - Sync 1 DAGs
[2023-07-15T00:02:22.436+0000] {logging_mixin.py:137} INFO - [2023-07-15T00:02:22.436+0000] {dag.py:3427} INFO - Setting next_dagrun for Content_Intelligence to 2023-07-14T00:00:00+00:00, run_after=2023-07-15T00:00:00+00:00
[2023-07-15T00:02:22.449+0000] {processor.py:175} INFO - Processing /opt/airflow/dags/content_intelligence_dag.py took 0.531 seconds
[2023-07-15T00:02:52.648+0000] {processor.py:153} INFO - Started process (PID=43791) to work on /opt/airflow/dags/content_intelligence_dag.py
[2023-07-15T00:02:52.653+0000] {processor.py:743} INFO - Processing file /opt/airflow/dags/content_intelligence_dag.py for tasks to queue
[2023-07-15T00:02:52.655+0000] {logging_mixin.py:137} INFO - [2023-07-15T00:02:52.655+0000] {dagbag.py:538} INFO - Filling up the DagBag from /opt/airflow/dags/content_intelligence_dag.py
[2023-07-15T00:02:53.031+0000] {logging_mixin.py:137} WARNING - /home/airflow/.local/lib/python3.7/site-packages/snowflake/connector/options.py:109 UserWarning: You have an incompatible version of 'pyarrow' installed (9.0.0), please install a version that adheres to: 'pyarrow<10.1.0,>=10.0.1; extra == "pandas"'
[2023-07-15T00:02:53.133+0000] {processor.py:753} INFO - DAG(s) dict_keys(['Content_Intelligence']) retrieved from /opt/airflow/dags/content_intelligence_dag.py
[2023-07-15T00:02:53.171+0000] {logging_mixin.py:137} INFO - [2023-07-15T00:02:53.171+0000] {dag.py:2676} INFO - Sync 1 DAGs
[2023-07-15T00:02:53.185+0000] {logging_mixin.py:137} INFO - [2023-07-15T00:02:53.185+0000] {dag.py:3427} INFO - Setting next_dagrun for Content_Intelligence to 2023-07-14T00:00:00+00:00, run_after=2023-07-15T00:00:00+00:00
[2023-07-15T00:02:53.203+0000] {processor.py:175} INFO - Processing /opt/airflow/dags/content_intelligence_dag.py took 0.558 seconds
[2023-07-15T00:03:23.381+0000] {processor.py:153} INFO - Started process (PID=43847) to work on /opt/airflow/dags/content_intelligence_dag.py
[2023-07-15T00:03:23.383+0000] {processor.py:743} INFO - Processing file /opt/airflow/dags/content_intelligence_dag.py for tasks to queue
[2023-07-15T00:03:23.384+0000] {logging_mixin.py:137} INFO - [2023-07-15T00:03:23.384+0000] {dagbag.py:538} INFO - Filling up the DagBag from /opt/airflow/dags/content_intelligence_dag.py
[2023-07-15T00:03:23.742+0000] {logging_mixin.py:137} WARNING - /home/airflow/.local/lib/python3.7/site-packages/snowflake/connector/options.py:109 UserWarning: You have an incompatible version of 'pyarrow' installed (9.0.0), please install a version that adheres to: 'pyarrow<10.1.0,>=10.0.1; extra == "pandas"'
[2023-07-15T00:03:23.839+0000] {processor.py:753} INFO - DAG(s) dict_keys(['Content_Intelligence']) retrieved from /opt/airflow/dags/content_intelligence_dag.py
[2023-07-15T00:03:23.877+0000] {logging_mixin.py:137} INFO - [2023-07-15T00:03:23.877+0000] {dag.py:2676} INFO - Sync 1 DAGs
[2023-07-15T00:03:23.891+0000] {logging_mixin.py:137} INFO - [2023-07-15T00:03:23.891+0000] {dag.py:3427} INFO - Setting next_dagrun for Content_Intelligence to 2023-07-14T00:00:00+00:00, run_after=2023-07-15T00:00:00+00:00
[2023-07-15T00:03:23.904+0000] {processor.py:175} INFO - Processing /opt/airflow/dags/content_intelligence_dag.py took 0.525 seconds
[2023-07-15T00:03:54.257+0000] {processor.py:153} INFO - Started process (PID=43904) to work on /opt/airflow/dags/content_intelligence_dag.py
[2023-07-15T00:03:54.259+0000] {processor.py:743} INFO - Processing file /opt/airflow/dags/content_intelligence_dag.py for tasks to queue
[2023-07-15T00:03:54.261+0000] {logging_mixin.py:137} INFO - [2023-07-15T00:03:54.261+0000] {dagbag.py:538} INFO - Filling up the DagBag from /opt/airflow/dags/content_intelligence_dag.py
[2023-07-15T00:03:54.627+0000] {logging_mixin.py:137} WARNING - /home/airflow/.local/lib/python3.7/site-packages/snowflake/connector/options.py:109 UserWarning: You have an incompatible version of 'pyarrow' installed (9.0.0), please install a version that adheres to: 'pyarrow<10.1.0,>=10.0.1; extra == "pandas"'
[2023-07-15T00:03:54.731+0000] {processor.py:753} INFO - DAG(s) dict_keys(['Content_Intelligence']) retrieved from /opt/airflow/dags/content_intelligence_dag.py
[2023-07-15T00:03:54.767+0000] {logging_mixin.py:137} INFO - [2023-07-15T00:03:54.767+0000] {dag.py:2676} INFO - Sync 1 DAGs
[2023-07-15T00:03:54.788+0000] {logging_mixin.py:137} INFO - [2023-07-15T00:03:54.788+0000] {dag.py:3427} INFO - Setting next_dagrun for Content_Intelligence to 2023-07-14T00:00:00+00:00, run_after=2023-07-15T00:00:00+00:00
[2023-07-15T00:03:54.801+0000] {processor.py:175} INFO - Processing /opt/airflow/dags/content_intelligence_dag.py took 0.546 seconds
[2023-07-15T00:04:25.155+0000] {processor.py:153} INFO - Started process (PID=43949) to work on /opt/airflow/dags/content_intelligence_dag.py
[2023-07-15T00:04:25.157+0000] {processor.py:743} INFO - Processing file /opt/airflow/dags/content_intelligence_dag.py for tasks to queue
[2023-07-15T00:04:25.158+0000] {logging_mixin.py:137} INFO - [2023-07-15T00:04:25.158+0000] {dagbag.py:538} INFO - Filling up the DagBag from /opt/airflow/dags/content_intelligence_dag.py
[2023-07-15T00:04:25.560+0000] {logging_mixin.py:137} WARNING - /home/airflow/.local/lib/python3.7/site-packages/snowflake/connector/options.py:109 UserWarning: You have an incompatible version of 'pyarrow' installed (9.0.0), please install a version that adheres to: 'pyarrow<10.1.0,>=10.0.1; extra == "pandas"'
[2023-07-15T00:04:25.678+0000] {processor.py:753} INFO - DAG(s) dict_keys(['Content_Intelligence']) retrieved from /opt/airflow/dags/content_intelligence_dag.py
[2023-07-15T00:04:25.724+0000] {logging_mixin.py:137} INFO - [2023-07-15T00:04:25.723+0000] {dag.py:2676} INFO - Sync 1 DAGs
[2023-07-15T00:04:25.739+0000] {logging_mixin.py:137} INFO - [2023-07-15T00:04:25.739+0000] {dag.py:3427} INFO - Setting next_dagrun for Content_Intelligence to 2023-07-14T00:00:00+00:00, run_after=2023-07-15T00:00:00+00:00
[2023-07-15T00:04:25.754+0000] {processor.py:175} INFO - Processing /opt/airflow/dags/content_intelligence_dag.py took 0.602 seconds
[2023-07-15T00:04:56.430+0000] {processor.py:153} INFO - Started process (PID=44007) to work on /opt/airflow/dags/content_intelligence_dag.py
[2023-07-15T00:04:56.432+0000] {processor.py:743} INFO - Processing file /opt/airflow/dags/content_intelligence_dag.py for tasks to queue
[2023-07-15T00:04:56.434+0000] {logging_mixin.py:137} INFO - [2023-07-15T00:04:56.434+0000] {dagbag.py:538} INFO - Filling up the DagBag from /opt/airflow/dags/content_intelligence_dag.py
[2023-07-15T00:04:56.815+0000] {logging_mixin.py:137} WARNING - /home/airflow/.local/lib/python3.7/site-packages/snowflake/connector/options.py:109 UserWarning: You have an incompatible version of 'pyarrow' installed (9.0.0), please install a version that adheres to: 'pyarrow<10.1.0,>=10.0.1; extra == "pandas"'
[2023-07-15T00:04:56.922+0000] {processor.py:753} INFO - DAG(s) dict_keys(['Content_Intelligence']) retrieved from /opt/airflow/dags/content_intelligence_dag.py
[2023-07-15T00:04:56.991+0000] {logging_mixin.py:137} INFO - [2023-07-15T00:04:56.991+0000] {dag.py:2676} INFO - Sync 1 DAGs
[2023-07-15T00:04:57.006+0000] {logging_mixin.py:137} INFO - [2023-07-15T00:04:57.006+0000] {dag.py:3427} INFO - Setting next_dagrun for Content_Intelligence to 2023-07-14T00:00:00+00:00, run_after=2023-07-15T00:00:00+00:00
[2023-07-15T00:04:57.020+0000] {processor.py:175} INFO - Processing /opt/airflow/dags/content_intelligence_dag.py took 0.593 seconds
[2023-07-15T00:05:27.754+0000] {processor.py:153} INFO - Started process (PID=44064) to work on /opt/airflow/dags/content_intelligence_dag.py
[2023-07-15T00:05:27.756+0000] {processor.py:743} INFO - Processing file /opt/airflow/dags/content_intelligence_dag.py for tasks to queue
[2023-07-15T00:05:27.758+0000] {logging_mixin.py:137} INFO - [2023-07-15T00:05:27.758+0000] {dagbag.py:538} INFO - Filling up the DagBag from /opt/airflow/dags/content_intelligence_dag.py
[2023-07-15T00:05:28.161+0000] {logging_mixin.py:137} WARNING - /home/airflow/.local/lib/python3.7/site-packages/snowflake/connector/options.py:109 UserWarning: You have an incompatible version of 'pyarrow' installed (9.0.0), please install a version that adheres to: 'pyarrow<10.1.0,>=10.0.1; extra == "pandas"'
[2023-07-15T00:05:28.262+0000] {processor.py:753} INFO - DAG(s) dict_keys(['Content_Intelligence']) retrieved from /opt/airflow/dags/content_intelligence_dag.py
[2023-07-15T00:05:28.301+0000] {logging_mixin.py:137} INFO - [2023-07-15T00:05:28.301+0000] {dag.py:2676} INFO - Sync 1 DAGs
[2023-07-15T00:05:28.316+0000] {logging_mixin.py:137} INFO - [2023-07-15T00:05:28.316+0000] {dag.py:3427} INFO - Setting next_dagrun for Content_Intelligence to 2023-07-14T00:00:00+00:00, run_after=2023-07-15T00:00:00+00:00
[2023-07-15T00:05:28.328+0000] {processor.py:175} INFO - Processing /opt/airflow/dags/content_intelligence_dag.py took 0.577 seconds
[2023-07-15T00:05:58.899+0000] {processor.py:153} INFO - Started process (PID=44121) to work on /opt/airflow/dags/content_intelligence_dag.py
[2023-07-15T00:05:58.901+0000] {processor.py:743} INFO - Processing file /opt/airflow/dags/content_intelligence_dag.py for tasks to queue
[2023-07-15T00:05:58.903+0000] {logging_mixin.py:137} INFO - [2023-07-15T00:05:58.903+0000] {dagbag.py:538} INFO - Filling up the DagBag from /opt/airflow/dags/content_intelligence_dag.py
[2023-07-15T00:05:59.273+0000] {logging_mixin.py:137} WARNING - /home/airflow/.local/lib/python3.7/site-packages/snowflake/connector/options.py:109 UserWarning: You have an incompatible version of 'pyarrow' installed (9.0.0), please install a version that adheres to: 'pyarrow<10.1.0,>=10.0.1; extra == "pandas"'
[2023-07-15T00:05:59.376+0000] {processor.py:753} INFO - DAG(s) dict_keys(['Content_Intelligence']) retrieved from /opt/airflow/dags/content_intelligence_dag.py
[2023-07-15T00:05:59.415+0000] {logging_mixin.py:137} INFO - [2023-07-15T00:05:59.415+0000] {dag.py:2676} INFO - Sync 1 DAGs
[2023-07-15T00:05:59.429+0000] {logging_mixin.py:137} INFO - [2023-07-15T00:05:59.429+0000] {dag.py:3427} INFO - Setting next_dagrun for Content_Intelligence to 2023-07-14T00:00:00+00:00, run_after=2023-07-15T00:00:00+00:00
[2023-07-15T00:05:59.443+0000] {processor.py:175} INFO - Processing /opt/airflow/dags/content_intelligence_dag.py took 0.547 seconds
[2023-07-15T00:06:29.760+0000] {processor.py:153} INFO - Started process (PID=44166) to work on /opt/airflow/dags/content_intelligence_dag.py
[2023-07-15T00:06:29.762+0000] {processor.py:743} INFO - Processing file /opt/airflow/dags/content_intelligence_dag.py for tasks to queue
[2023-07-15T00:06:29.764+0000] {logging_mixin.py:137} INFO - [2023-07-15T00:06:29.764+0000] {dagbag.py:538} INFO - Filling up the DagBag from /opt/airflow/dags/content_intelligence_dag.py
[2023-07-15T00:06:30.139+0000] {logging_mixin.py:137} WARNING - /home/airflow/.local/lib/python3.7/site-packages/snowflake/connector/options.py:109 UserWarning: You have an incompatible version of 'pyarrow' installed (9.0.0), please install a version that adheres to: 'pyarrow<10.1.0,>=10.0.1; extra == "pandas"'
[2023-07-15T00:06:30.246+0000] {processor.py:753} INFO - DAG(s) dict_keys(['Content_Intelligence']) retrieved from /opt/airflow/dags/content_intelligence_dag.py
[2023-07-15T00:06:30.286+0000] {logging_mixin.py:137} INFO - [2023-07-15T00:06:30.286+0000] {dag.py:2676} INFO - Sync 1 DAGs
[2023-07-15T00:06:30.302+0000] {logging_mixin.py:137} INFO - [2023-07-15T00:06:30.302+0000] {dag.py:3427} INFO - Setting next_dagrun for Content_Intelligence to 2023-07-14T00:00:00+00:00, run_after=2023-07-15T00:00:00+00:00
[2023-07-15T00:06:30.317+0000] {processor.py:175} INFO - Processing /opt/airflow/dags/content_intelligence_dag.py took 0.562 seconds
[2023-07-15T00:07:00.824+0000] {processor.py:153} INFO - Started process (PID=44223) to work on /opt/airflow/dags/content_intelligence_dag.py
[2023-07-15T00:07:00.825+0000] {processor.py:743} INFO - Processing file /opt/airflow/dags/content_intelligence_dag.py for tasks to queue
[2023-07-15T00:07:00.826+0000] {logging_mixin.py:137} INFO - [2023-07-15T00:07:00.826+0000] {dagbag.py:538} INFO - Filling up the DagBag from /opt/airflow/dags/content_intelligence_dag.py
[2023-07-15T00:07:01.198+0000] {logging_mixin.py:137} WARNING - /home/airflow/.local/lib/python3.7/site-packages/snowflake/connector/options.py:109 UserWarning: You have an incompatible version of 'pyarrow' installed (9.0.0), please install a version that adheres to: 'pyarrow<10.1.0,>=10.0.1; extra == "pandas"'
[2023-07-15T00:07:01.305+0000] {processor.py:753} INFO - DAG(s) dict_keys(['Content_Intelligence']) retrieved from /opt/airflow/dags/content_intelligence_dag.py
[2023-07-15T00:07:01.345+0000] {logging_mixin.py:137} INFO - [2023-07-15T00:07:01.345+0000] {dag.py:2676} INFO - Sync 1 DAGs
[2023-07-15T00:07:01.360+0000] {logging_mixin.py:137} INFO - [2023-07-15T00:07:01.360+0000] {dag.py:3427} INFO - Setting next_dagrun for Content_Intelligence to 2023-07-14T00:00:00+00:00, run_after=2023-07-15T00:00:00+00:00
[2023-07-15T00:07:01.373+0000] {processor.py:175} INFO - Processing /opt/airflow/dags/content_intelligence_dag.py took 0.552 seconds
[2023-07-15T00:07:31.832+0000] {processor.py:153} INFO - Started process (PID=44279) to work on /opt/airflow/dags/content_intelligence_dag.py
[2023-07-15T00:07:31.834+0000] {processor.py:743} INFO - Processing file /opt/airflow/dags/content_intelligence_dag.py for tasks to queue
[2023-07-15T00:07:31.838+0000] {logging_mixin.py:137} INFO - [2023-07-15T00:07:31.838+0000] {dagbag.py:538} INFO - Filling up the DagBag from /opt/airflow/dags/content_intelligence_dag.py
[2023-07-15T00:07:32.206+0000] {logging_mixin.py:137} WARNING - /home/airflow/.local/lib/python3.7/site-packages/snowflake/connector/options.py:109 UserWarning: You have an incompatible version of 'pyarrow' installed (9.0.0), please install a version that adheres to: 'pyarrow<10.1.0,>=10.0.1; extra == "pandas"'
[2023-07-15T00:07:32.311+0000] {processor.py:753} INFO - DAG(s) dict_keys(['Content_Intelligence']) retrieved from /opt/airflow/dags/content_intelligence_dag.py
[2023-07-15T00:07:32.347+0000] {logging_mixin.py:137} INFO - [2023-07-15T00:07:32.347+0000] {dag.py:2676} INFO - Sync 1 DAGs
[2023-07-15T00:07:32.361+0000] {logging_mixin.py:137} INFO - [2023-07-15T00:07:32.361+0000] {dag.py:3427} INFO - Setting next_dagrun for Content_Intelligence to 2023-07-14T00:00:00+00:00, run_after=2023-07-15T00:00:00+00:00
[2023-07-15T00:07:32.375+0000] {processor.py:175} INFO - Processing /opt/airflow/dags/content_intelligence_dag.py took 0.545 seconds
[2023-07-15T00:08:02.763+0000] {processor.py:153} INFO - Started process (PID=44322) to work on /opt/airflow/dags/content_intelligence_dag.py
[2023-07-15T00:08:02.765+0000] {processor.py:743} INFO - Processing file /opt/airflow/dags/content_intelligence_dag.py for tasks to queue
[2023-07-15T00:08:02.766+0000] {logging_mixin.py:137} INFO - [2023-07-15T00:08:02.766+0000] {dagbag.py:538} INFO - Filling up the DagBag from /opt/airflow/dags/content_intelligence_dag.py
[2023-07-15T00:08:03.189+0000] {logging_mixin.py:137} WARNING - /home/airflow/.local/lib/python3.7/site-packages/snowflake/connector/options.py:109 UserWarning: You have an incompatible version of 'pyarrow' installed (9.0.0), please install a version that adheres to: 'pyarrow<10.1.0,>=10.0.1; extra == "pandas"'
[2023-07-15T00:08:03.298+0000] {processor.py:753} INFO - DAG(s) dict_keys(['Content_Intelligence']) retrieved from /opt/airflow/dags/content_intelligence_dag.py
[2023-07-15T00:08:03.337+0000] {logging_mixin.py:137} INFO - [2023-07-15T00:08:03.336+0000] {dag.py:2676} INFO - Sync 1 DAGs
[2023-07-15T00:08:03.351+0000] {logging_mixin.py:137} INFO - [2023-07-15T00:08:03.351+0000] {dag.py:3427} INFO - Setting next_dagrun for Content_Intelligence to 2023-07-14T00:00:00+00:00, run_after=2023-07-15T00:00:00+00:00
[2023-07-15T00:08:03.376+0000] {processor.py:175} INFO - Processing /opt/airflow/dags/content_intelligence_dag.py took 0.617 seconds
[2023-07-15T00:08:34.222+0000] {processor.py:153} INFO - Started process (PID=44380) to work on /opt/airflow/dags/content_intelligence_dag.py
[2023-07-15T00:08:34.225+0000] {processor.py:743} INFO - Processing file /opt/airflow/dags/content_intelligence_dag.py for tasks to queue
[2023-07-15T00:08:34.226+0000] {logging_mixin.py:137} INFO - [2023-07-15T00:08:34.226+0000] {dagbag.py:538} INFO - Filling up the DagBag from /opt/airflow/dags/content_intelligence_dag.py
[2023-07-15T00:08:34.575+0000] {logging_mixin.py:137} WARNING - /home/airflow/.local/lib/python3.7/site-packages/snowflake/connector/options.py:109 UserWarning: You have an incompatible version of 'pyarrow' installed (9.0.0), please install a version that adheres to: 'pyarrow<10.1.0,>=10.0.1; extra == "pandas"'
[2023-07-15T00:08:34.676+0000] {processor.py:753} INFO - DAG(s) dict_keys(['Content_Intelligence']) retrieved from /opt/airflow/dags/content_intelligence_dag.py
[2023-07-15T00:08:34.713+0000] {logging_mixin.py:137} INFO - [2023-07-15T00:08:34.713+0000] {dag.py:2676} INFO - Sync 1 DAGs
[2023-07-15T00:08:34.726+0000] {logging_mixin.py:137} INFO - [2023-07-15T00:08:34.726+0000] {dag.py:3427} INFO - Setting next_dagrun for Content_Intelligence to 2023-07-14T00:00:00+00:00, run_after=2023-07-15T00:00:00+00:00
[2023-07-15T00:08:34.738+0000] {processor.py:175} INFO - Processing /opt/airflow/dags/content_intelligence_dag.py took 0.519 seconds
[2023-07-15T00:09:04.961+0000] {processor.py:153} INFO - Started process (PID=44436) to work on /opt/airflow/dags/content_intelligence_dag.py
[2023-07-15T00:09:04.963+0000] {processor.py:743} INFO - Processing file /opt/airflow/dags/content_intelligence_dag.py for tasks to queue
[2023-07-15T00:09:04.964+0000] {logging_mixin.py:137} INFO - [2023-07-15T00:09:04.964+0000] {dagbag.py:538} INFO - Filling up the DagBag from /opt/airflow/dags/content_intelligence_dag.py
[2023-07-15T00:09:05.346+0000] {logging_mixin.py:137} WARNING - /home/airflow/.local/lib/python3.7/site-packages/snowflake/connector/options.py:109 UserWarning: You have an incompatible version of 'pyarrow' installed (9.0.0), please install a version that adheres to: 'pyarrow<10.1.0,>=10.0.1; extra == "pandas"'
[2023-07-15T00:09:05.447+0000] {processor.py:753} INFO - DAG(s) dict_keys(['Content_Intelligence']) retrieved from /opt/airflow/dags/content_intelligence_dag.py
[2023-07-15T00:09:05.482+0000] {logging_mixin.py:137} INFO - [2023-07-15T00:09:05.482+0000] {dag.py:2676} INFO - Sync 1 DAGs
[2023-07-15T00:09:05.495+0000] {logging_mixin.py:137} INFO - [2023-07-15T00:09:05.495+0000] {dag.py:3427} INFO - Setting next_dagrun for Content_Intelligence to 2023-07-14T00:00:00+00:00, run_after=2023-07-15T00:00:00+00:00
[2023-07-15T00:09:05.508+0000] {processor.py:175} INFO - Processing /opt/airflow/dags/content_intelligence_dag.py took 0.552 seconds
