[2023-07-15T00:00:17.323+0000] {processor.py:153} INFO - Started process (PID=43525) to work on /opt/airflow/dags/dbt_ip_flow_dag.py
[2023-07-15T00:00:17.326+0000] {processor.py:743} INFO - Processing file /opt/airflow/dags/dbt_ip_flow_dag.py for tasks to queue
[2023-07-15T00:00:17.327+0000] {logging_mixin.py:137} INFO - [2023-07-15T00:00:17.327+0000] {dagbag.py:538} INFO - Filling up the DagBag from /opt/airflow/dags/dbt_ip_flow_dag.py
[2023-07-15T00:00:17.691+0000] {logging_mixin.py:137} WARNING - /home/airflow/.local/lib/python3.7/site-packages/snowflake/connector/options.py:109 UserWarning: You have an incompatible version of 'pyarrow' installed (9.0.0), please install a version that adheres to: 'pyarrow<10.1.0,>=10.0.1; extra == "pandas"'
[2023-07-15T00:00:17.820+0000] {processor.py:753} INFO - DAG(s) dict_keys(['dbt_ipflow_dag']) retrieved from /opt/airflow/dags/dbt_ip_flow_dag.py
[2023-07-15T00:00:17.832+0000] {logging_mixin.py:137} INFO - [2023-07-15T00:00:17.831+0000] {dag.py:2676} INFO - Sync 1 DAGs
[2023-07-15T00:00:17.847+0000] {logging_mixin.py:137} INFO - [2023-07-15T00:00:17.847+0000] {dag.py:3427} INFO - Setting next_dagrun for dbt_ipflow_dag to 2023-07-14T00:00:00+00:00, run_after=2023-07-15T00:00:00+00:00
[2023-07-15T00:00:17.861+0000] {processor.py:175} INFO - Processing /opt/airflow/dags/dbt_ip_flow_dag.py took 0.541 seconds
[2023-07-15T00:00:48.183+0000] {processor.py:153} INFO - Started process (PID=43577) to work on /opt/airflow/dags/dbt_ip_flow_dag.py
[2023-07-15T00:00:48.184+0000] {processor.py:743} INFO - Processing file /opt/airflow/dags/dbt_ip_flow_dag.py for tasks to queue
[2023-07-15T00:00:48.186+0000] {logging_mixin.py:137} INFO - [2023-07-15T00:00:48.186+0000] {dagbag.py:538} INFO - Filling up the DagBag from /opt/airflow/dags/dbt_ip_flow_dag.py
[2023-07-15T00:00:48.830+0000] {logging_mixin.py:137} WARNING - /home/airflow/.local/lib/python3.7/site-packages/snowflake/connector/options.py:109 UserWarning: You have an incompatible version of 'pyarrow' installed (9.0.0), please install a version that adheres to: 'pyarrow<10.1.0,>=10.0.1; extra == "pandas"'
[2023-07-15T00:00:48.973+0000] {processor.py:753} INFO - DAG(s) dict_keys(['dbt_ipflow_dag']) retrieved from /opt/airflow/dags/dbt_ip_flow_dag.py
[2023-07-15T00:00:48.986+0000] {logging_mixin.py:137} INFO - [2023-07-15T00:00:48.985+0000] {dag.py:2676} INFO - Sync 1 DAGs
[2023-07-15T00:00:49.007+0000] {logging_mixin.py:137} INFO - [2023-07-15T00:00:49.007+0000] {dag.py:3427} INFO - Setting next_dagrun for dbt_ipflow_dag to 2023-07-14T00:00:00+00:00, run_after=2023-07-15T00:00:00+00:00
[2023-07-15T00:00:49.024+0000] {processor.py:175} INFO - Processing /opt/airflow/dags/dbt_ip_flow_dag.py took 0.845 seconds
[2023-07-15T00:01:19.091+0000] {processor.py:153} INFO - Started process (PID=43625) to work on /opt/airflow/dags/dbt_ip_flow_dag.py
[2023-07-15T00:01:19.093+0000] {processor.py:743} INFO - Processing file /opt/airflow/dags/dbt_ip_flow_dag.py for tasks to queue
[2023-07-15T00:01:19.095+0000] {logging_mixin.py:137} INFO - [2023-07-15T00:01:19.095+0000] {dagbag.py:538} INFO - Filling up the DagBag from /opt/airflow/dags/dbt_ip_flow_dag.py
[2023-07-15T00:01:19.434+0000] {logging_mixin.py:137} WARNING - /home/airflow/.local/lib/python3.7/site-packages/snowflake/connector/options.py:109 UserWarning: You have an incompatible version of 'pyarrow' installed (9.0.0), please install a version that adheres to: 'pyarrow<10.1.0,>=10.0.1; extra == "pandas"'
[2023-07-15T00:01:19.557+0000] {processor.py:753} INFO - DAG(s) dict_keys(['dbt_ipflow_dag']) retrieved from /opt/airflow/dags/dbt_ip_flow_dag.py
[2023-07-15T00:01:19.568+0000] {logging_mixin.py:137} INFO - [2023-07-15T00:01:19.568+0000] {dag.py:2676} INFO - Sync 1 DAGs
[2023-07-15T00:01:19.584+0000] {logging_mixin.py:137} INFO - [2023-07-15T00:01:19.584+0000] {dag.py:3427} INFO - Setting next_dagrun for dbt_ipflow_dag to 2023-07-14T00:00:00+00:00, run_after=2023-07-15T00:00:00+00:00
[2023-07-15T00:01:19.595+0000] {processor.py:175} INFO - Processing /opt/airflow/dags/dbt_ip_flow_dag.py took 0.507 seconds
[2023-07-15T00:01:49.731+0000] {processor.py:153} INFO - Started process (PID=43682) to work on /opt/airflow/dags/dbt_ip_flow_dag.py
[2023-07-15T00:01:49.732+0000] {processor.py:743} INFO - Processing file /opt/airflow/dags/dbt_ip_flow_dag.py for tasks to queue
[2023-07-15T00:01:49.733+0000] {logging_mixin.py:137} INFO - [2023-07-15T00:01:49.733+0000] {dagbag.py:538} INFO - Filling up the DagBag from /opt/airflow/dags/dbt_ip_flow_dag.py
[2023-07-15T00:01:50.053+0000] {logging_mixin.py:137} WARNING - /home/airflow/.local/lib/python3.7/site-packages/snowflake/connector/options.py:109 UserWarning: You have an incompatible version of 'pyarrow' installed (9.0.0), please install a version that adheres to: 'pyarrow<10.1.0,>=10.0.1; extra == "pandas"'
[2023-07-15T00:01:50.172+0000] {processor.py:753} INFO - DAG(s) dict_keys(['dbt_ipflow_dag']) retrieved from /opt/airflow/dags/dbt_ip_flow_dag.py
[2023-07-15T00:01:50.182+0000] {logging_mixin.py:137} INFO - [2023-07-15T00:01:50.181+0000] {dag.py:2676} INFO - Sync 1 DAGs
[2023-07-15T00:01:50.199+0000] {logging_mixin.py:137} INFO - [2023-07-15T00:01:50.198+0000] {dag.py:3427} INFO - Setting next_dagrun for dbt_ipflow_dag to 2023-07-14T00:00:00+00:00, run_after=2023-07-15T00:00:00+00:00
[2023-07-15T00:01:50.210+0000] {processor.py:175} INFO - Processing /opt/airflow/dags/dbt_ip_flow_dag.py took 0.482 seconds
[2023-07-15T00:02:20.963+0000] {processor.py:153} INFO - Started process (PID=43739) to work on /opt/airflow/dags/dbt_ip_flow_dag.py
[2023-07-15T00:02:20.965+0000] {processor.py:743} INFO - Processing file /opt/airflow/dags/dbt_ip_flow_dag.py for tasks to queue
[2023-07-15T00:02:20.967+0000] {logging_mixin.py:137} INFO - [2023-07-15T00:02:20.966+0000] {dagbag.py:538} INFO - Filling up the DagBag from /opt/airflow/dags/dbt_ip_flow_dag.py
[2023-07-15T00:02:21.314+0000] {logging_mixin.py:137} WARNING - /home/airflow/.local/lib/python3.7/site-packages/snowflake/connector/options.py:109 UserWarning: You have an incompatible version of 'pyarrow' installed (9.0.0), please install a version that adheres to: 'pyarrow<10.1.0,>=10.0.1; extra == "pandas"'
[2023-07-15T00:02:21.444+0000] {processor.py:753} INFO - DAG(s) dict_keys(['dbt_ipflow_dag']) retrieved from /opt/airflow/dags/dbt_ip_flow_dag.py
[2023-07-15T00:02:21.458+0000] {logging_mixin.py:137} INFO - [2023-07-15T00:02:21.458+0000] {dag.py:2676} INFO - Sync 1 DAGs
[2023-07-15T00:02:21.475+0000] {logging_mixin.py:137} INFO - [2023-07-15T00:02:21.475+0000] {dag.py:3427} INFO - Setting next_dagrun for dbt_ipflow_dag to 2023-07-14T00:00:00+00:00, run_after=2023-07-15T00:00:00+00:00
[2023-07-15T00:02:21.490+0000] {processor.py:175} INFO - Processing /opt/airflow/dags/dbt_ip_flow_dag.py took 0.530 seconds
[2023-07-15T00:02:51.877+0000] {processor.py:153} INFO - Started process (PID=43784) to work on /opt/airflow/dags/dbt_ip_flow_dag.py
[2023-07-15T00:02:51.879+0000] {processor.py:743} INFO - Processing file /opt/airflow/dags/dbt_ip_flow_dag.py for tasks to queue
[2023-07-15T00:02:51.880+0000] {logging_mixin.py:137} INFO - [2023-07-15T00:02:51.880+0000] {dagbag.py:538} INFO - Filling up the DagBag from /opt/airflow/dags/dbt_ip_flow_dag.py
[2023-07-15T00:02:52.230+0000] {logging_mixin.py:137} WARNING - /home/airflow/.local/lib/python3.7/site-packages/snowflake/connector/options.py:109 UserWarning: You have an incompatible version of 'pyarrow' installed (9.0.0), please install a version that adheres to: 'pyarrow<10.1.0,>=10.0.1; extra == "pandas"'
[2023-07-15T00:02:52.359+0000] {processor.py:753} INFO - DAG(s) dict_keys(['dbt_ipflow_dag']) retrieved from /opt/airflow/dags/dbt_ip_flow_dag.py
[2023-07-15T00:02:52.373+0000] {logging_mixin.py:137} INFO - [2023-07-15T00:02:52.373+0000] {dag.py:2676} INFO - Sync 1 DAGs
[2023-07-15T00:02:52.390+0000] {logging_mixin.py:137} INFO - [2023-07-15T00:02:52.390+0000] {dag.py:3427} INFO - Setting next_dagrun for dbt_ipflow_dag to 2023-07-14T00:00:00+00:00, run_after=2023-07-15T00:00:00+00:00
[2023-07-15T00:02:52.406+0000] {processor.py:175} INFO - Processing /opt/airflow/dags/dbt_ip_flow_dag.py took 0.532 seconds
[2023-07-15T00:03:22.601+0000] {processor.py:153} INFO - Started process (PID=43839) to work on /opt/airflow/dags/dbt_ip_flow_dag.py
[2023-07-15T00:03:22.603+0000] {processor.py:743} INFO - Processing file /opt/airflow/dags/dbt_ip_flow_dag.py for tasks to queue
[2023-07-15T00:03:22.605+0000] {logging_mixin.py:137} INFO - [2023-07-15T00:03:22.605+0000] {dagbag.py:538} INFO - Filling up the DagBag from /opt/airflow/dags/dbt_ip_flow_dag.py
[2023-07-15T00:03:22.945+0000] {logging_mixin.py:137} WARNING - /home/airflow/.local/lib/python3.7/site-packages/snowflake/connector/options.py:109 UserWarning: You have an incompatible version of 'pyarrow' installed (9.0.0), please install a version that adheres to: 'pyarrow<10.1.0,>=10.0.1; extra == "pandas"'
[2023-07-15T00:03:23.074+0000] {processor.py:753} INFO - DAG(s) dict_keys(['dbt_ipflow_dag']) retrieved from /opt/airflow/dags/dbt_ip_flow_dag.py
[2023-07-15T00:03:23.086+0000] {logging_mixin.py:137} INFO - [2023-07-15T00:03:23.085+0000] {dag.py:2676} INFO - Sync 1 DAGs
[2023-07-15T00:03:23.103+0000] {logging_mixin.py:137} INFO - [2023-07-15T00:03:23.103+0000] {dag.py:3427} INFO - Setting next_dagrun for dbt_ipflow_dag to 2023-07-14T00:00:00+00:00, run_after=2023-07-15T00:00:00+00:00
[2023-07-15T00:03:23.116+0000] {processor.py:175} INFO - Processing /opt/airflow/dags/dbt_ip_flow_dag.py took 0.520 seconds
[2023-07-15T00:03:53.458+0000] {processor.py:153} INFO - Started process (PID=43896) to work on /opt/airflow/dags/dbt_ip_flow_dag.py
[2023-07-15T00:03:53.461+0000] {processor.py:743} INFO - Processing file /opt/airflow/dags/dbt_ip_flow_dag.py for tasks to queue
[2023-07-15T00:03:53.463+0000] {logging_mixin.py:137} INFO - [2023-07-15T00:03:53.462+0000] {dagbag.py:538} INFO - Filling up the DagBag from /opt/airflow/dags/dbt_ip_flow_dag.py
[2023-07-15T00:03:53.820+0000] {logging_mixin.py:137} WARNING - /home/airflow/.local/lib/python3.7/site-packages/snowflake/connector/options.py:109 UserWarning: You have an incompatible version of 'pyarrow' installed (9.0.0), please install a version that adheres to: 'pyarrow<10.1.0,>=10.0.1; extra == "pandas"'
[2023-07-15T00:03:53.957+0000] {processor.py:753} INFO - DAG(s) dict_keys(['dbt_ipflow_dag']) retrieved from /opt/airflow/dags/dbt_ip_flow_dag.py
[2023-07-15T00:03:53.970+0000] {logging_mixin.py:137} INFO - [2023-07-15T00:03:53.968+0000] {dag.py:2676} INFO - Sync 1 DAGs
[2023-07-15T00:03:53.985+0000] {logging_mixin.py:137} INFO - [2023-07-15T00:03:53.985+0000] {dag.py:3427} INFO - Setting next_dagrun for dbt_ipflow_dag to 2023-07-14T00:00:00+00:00, run_after=2023-07-15T00:00:00+00:00
[2023-07-15T00:03:53.998+0000] {processor.py:175} INFO - Processing /opt/airflow/dags/dbt_ip_flow_dag.py took 0.543 seconds
[2023-07-15T00:04:24.186+0000] {processor.py:153} INFO - Started process (PID=43941) to work on /opt/airflow/dags/dbt_ip_flow_dag.py
[2023-07-15T00:04:24.189+0000] {processor.py:743} INFO - Processing file /opt/airflow/dags/dbt_ip_flow_dag.py for tasks to queue
[2023-07-15T00:04:24.191+0000] {logging_mixin.py:137} INFO - [2023-07-15T00:04:24.191+0000] {dagbag.py:538} INFO - Filling up the DagBag from /opt/airflow/dags/dbt_ip_flow_dag.py
[2023-07-15T00:04:24.548+0000] {logging_mixin.py:137} WARNING - /home/airflow/.local/lib/python3.7/site-packages/snowflake/connector/options.py:109 UserWarning: You have an incompatible version of 'pyarrow' installed (9.0.0), please install a version that adheres to: 'pyarrow<10.1.0,>=10.0.1; extra == "pandas"'
[2023-07-15T00:04:24.681+0000] {processor.py:753} INFO - DAG(s) dict_keys(['dbt_ipflow_dag']) retrieved from /opt/airflow/dags/dbt_ip_flow_dag.py
[2023-07-15T00:04:24.695+0000] {logging_mixin.py:137} INFO - [2023-07-15T00:04:24.694+0000] {dag.py:2676} INFO - Sync 1 DAGs
[2023-07-15T00:04:24.710+0000] {logging_mixin.py:137} INFO - [2023-07-15T00:04:24.710+0000] {dag.py:3427} INFO - Setting next_dagrun for dbt_ipflow_dag to 2023-07-14T00:00:00+00:00, run_after=2023-07-15T00:00:00+00:00
[2023-07-15T00:04:24.724+0000] {processor.py:175} INFO - Processing /opt/airflow/dags/dbt_ip_flow_dag.py took 0.542 seconds
[2023-07-15T00:04:55.422+0000] {processor.py:153} INFO - Started process (PID=43999) to work on /opt/airflow/dags/dbt_ip_flow_dag.py
[2023-07-15T00:04:55.424+0000] {processor.py:743} INFO - Processing file /opt/airflow/dags/dbt_ip_flow_dag.py for tasks to queue
[2023-07-15T00:04:55.425+0000] {logging_mixin.py:137} INFO - [2023-07-15T00:04:55.425+0000] {dagbag.py:538} INFO - Filling up the DagBag from /opt/airflow/dags/dbt_ip_flow_dag.py
[2023-07-15T00:04:55.789+0000] {logging_mixin.py:137} WARNING - /home/airflow/.local/lib/python3.7/site-packages/snowflake/connector/options.py:109 UserWarning: You have an incompatible version of 'pyarrow' installed (9.0.0), please install a version that adheres to: 'pyarrow<10.1.0,>=10.0.1; extra == "pandas"'
[2023-07-15T00:04:55.929+0000] {processor.py:753} INFO - DAG(s) dict_keys(['dbt_ipflow_dag']) retrieved from /opt/airflow/dags/dbt_ip_flow_dag.py
[2023-07-15T00:04:55.941+0000] {logging_mixin.py:137} INFO - [2023-07-15T00:04:55.940+0000] {dag.py:2676} INFO - Sync 1 DAGs
[2023-07-15T00:04:55.957+0000] {logging_mixin.py:137} INFO - [2023-07-15T00:04:55.957+0000] {dag.py:3427} INFO - Setting next_dagrun for dbt_ipflow_dag to 2023-07-14T00:00:00+00:00, run_after=2023-07-15T00:00:00+00:00
[2023-07-15T00:04:55.972+0000] {processor.py:175} INFO - Processing /opt/airflow/dags/dbt_ip_flow_dag.py took 0.554 seconds
[2023-07-15T00:05:26.711+0000] {processor.py:153} INFO - Started process (PID=44056) to work on /opt/airflow/dags/dbt_ip_flow_dag.py
[2023-07-15T00:05:26.716+0000] {processor.py:743} INFO - Processing file /opt/airflow/dags/dbt_ip_flow_dag.py for tasks to queue
[2023-07-15T00:05:26.719+0000] {logging_mixin.py:137} INFO - [2023-07-15T00:05:26.719+0000] {dagbag.py:538} INFO - Filling up the DagBag from /opt/airflow/dags/dbt_ip_flow_dag.py
[2023-07-15T00:05:27.091+0000] {logging_mixin.py:137} WARNING - /home/airflow/.local/lib/python3.7/site-packages/snowflake/connector/options.py:109 UserWarning: You have an incompatible version of 'pyarrow' installed (9.0.0), please install a version that adheres to: 'pyarrow<10.1.0,>=10.0.1; extra == "pandas"'
[2023-07-15T00:05:27.232+0000] {processor.py:753} INFO - DAG(s) dict_keys(['dbt_ipflow_dag']) retrieved from /opt/airflow/dags/dbt_ip_flow_dag.py
[2023-07-15T00:05:27.243+0000] {logging_mixin.py:137} INFO - [2023-07-15T00:05:27.243+0000] {dag.py:2676} INFO - Sync 1 DAGs
[2023-07-15T00:05:27.260+0000] {logging_mixin.py:137} INFO - [2023-07-15T00:05:27.259+0000] {dag.py:3427} INFO - Setting next_dagrun for dbt_ipflow_dag to 2023-07-14T00:00:00+00:00, run_after=2023-07-15T00:00:00+00:00
[2023-07-15T00:05:27.275+0000] {processor.py:175} INFO - Processing /opt/airflow/dags/dbt_ip_flow_dag.py took 0.571 seconds
[2023-07-15T00:05:57.915+0000] {processor.py:153} INFO - Started process (PID=44113) to work on /opt/airflow/dags/dbt_ip_flow_dag.py
[2023-07-15T00:05:57.917+0000] {processor.py:743} INFO - Processing file /opt/airflow/dags/dbt_ip_flow_dag.py for tasks to queue
[2023-07-15T00:05:57.921+0000] {logging_mixin.py:137} INFO - [2023-07-15T00:05:57.921+0000] {dagbag.py:538} INFO - Filling up the DagBag from /opt/airflow/dags/dbt_ip_flow_dag.py
[2023-07-15T00:05:58.409+0000] {logging_mixin.py:137} WARNING - /home/airflow/.local/lib/python3.7/site-packages/snowflake/connector/options.py:109 UserWarning: You have an incompatible version of 'pyarrow' installed (9.0.0), please install a version that adheres to: 'pyarrow<10.1.0,>=10.0.1; extra == "pandas"'
[2023-07-15T00:05:58.610+0000] {processor.py:753} INFO - DAG(s) dict_keys(['dbt_ipflow_dag']) retrieved from /opt/airflow/dags/dbt_ip_flow_dag.py
[2023-07-15T00:05:58.622+0000] {logging_mixin.py:137} INFO - [2023-07-15T00:05:58.621+0000] {dag.py:2676} INFO - Sync 1 DAGs
[2023-07-15T00:05:58.644+0000] {logging_mixin.py:137} INFO - [2023-07-15T00:05:58.644+0000] {dag.py:3427} INFO - Setting next_dagrun for dbt_ipflow_dag to 2023-07-14T00:00:00+00:00, run_after=2023-07-15T00:00:00+00:00
[2023-07-15T00:05:58.661+0000] {processor.py:175} INFO - Processing /opt/airflow/dags/dbt_ip_flow_dag.py took 0.751 seconds
[2023-07-15T00:06:28.759+0000] {processor.py:153} INFO - Started process (PID=44158) to work on /opt/airflow/dags/dbt_ip_flow_dag.py
[2023-07-15T00:06:28.761+0000] {processor.py:743} INFO - Processing file /opt/airflow/dags/dbt_ip_flow_dag.py for tasks to queue
[2023-07-15T00:06:28.764+0000] {logging_mixin.py:137} INFO - [2023-07-15T00:06:28.763+0000] {dagbag.py:538} INFO - Filling up the DagBag from /opt/airflow/dags/dbt_ip_flow_dag.py
[2023-07-15T00:06:29.130+0000] {logging_mixin.py:137} WARNING - /home/airflow/.local/lib/python3.7/site-packages/snowflake/connector/options.py:109 UserWarning: You have an incompatible version of 'pyarrow' installed (9.0.0), please install a version that adheres to: 'pyarrow<10.1.0,>=10.0.1; extra == "pandas"'
[2023-07-15T00:06:29.264+0000] {processor.py:753} INFO - DAG(s) dict_keys(['dbt_ipflow_dag']) retrieved from /opt/airflow/dags/dbt_ip_flow_dag.py
[2023-07-15T00:06:29.277+0000] {logging_mixin.py:137} INFO - [2023-07-15T00:06:29.277+0000] {dag.py:2676} INFO - Sync 1 DAGs
[2023-07-15T00:06:29.295+0000] {logging_mixin.py:137} INFO - [2023-07-15T00:06:29.295+0000] {dag.py:3427} INFO - Setting next_dagrun for dbt_ipflow_dag to 2023-07-14T00:00:00+00:00, run_after=2023-07-15T00:00:00+00:00
[2023-07-15T00:06:29.311+0000] {processor.py:175} INFO - Processing /opt/airflow/dags/dbt_ip_flow_dag.py took 0.556 seconds
[2023-07-15T00:06:59.885+0000] {processor.py:153} INFO - Started process (PID=44215) to work on /opt/airflow/dags/dbt_ip_flow_dag.py
[2023-07-15T00:06:59.888+0000] {processor.py:743} INFO - Processing file /opt/airflow/dags/dbt_ip_flow_dag.py for tasks to queue
[2023-07-15T00:06:59.890+0000] {logging_mixin.py:137} INFO - [2023-07-15T00:06:59.890+0000] {dagbag.py:538} INFO - Filling up the DagBag from /opt/airflow/dags/dbt_ip_flow_dag.py
[2023-07-15T00:07:00.224+0000] {logging_mixin.py:137} WARNING - /home/airflow/.local/lib/python3.7/site-packages/snowflake/connector/options.py:109 UserWarning: You have an incompatible version of 'pyarrow' installed (9.0.0), please install a version that adheres to: 'pyarrow<10.1.0,>=10.0.1; extra == "pandas"'
[2023-07-15T00:07:00.353+0000] {processor.py:753} INFO - DAG(s) dict_keys(['dbt_ipflow_dag']) retrieved from /opt/airflow/dags/dbt_ip_flow_dag.py
[2023-07-15T00:07:00.364+0000] {logging_mixin.py:137} INFO - [2023-07-15T00:07:00.363+0000] {dag.py:2676} INFO - Sync 1 DAGs
[2023-07-15T00:07:00.380+0000] {logging_mixin.py:137} INFO - [2023-07-15T00:07:00.380+0000] {dag.py:3427} INFO - Setting next_dagrun for dbt_ipflow_dag to 2023-07-14T00:00:00+00:00, run_after=2023-07-15T00:00:00+00:00
[2023-07-15T00:07:00.392+0000] {processor.py:175} INFO - Processing /opt/airflow/dags/dbt_ip_flow_dag.py took 0.512 seconds
[2023-07-15T00:07:31.060+0000] {processor.py:153} INFO - Started process (PID=44271) to work on /opt/airflow/dags/dbt_ip_flow_dag.py
[2023-07-15T00:07:31.062+0000] {processor.py:743} INFO - Processing file /opt/airflow/dags/dbt_ip_flow_dag.py for tasks to queue
[2023-07-15T00:07:31.063+0000] {logging_mixin.py:137} INFO - [2023-07-15T00:07:31.063+0000] {dagbag.py:538} INFO - Filling up the DagBag from /opt/airflow/dags/dbt_ip_flow_dag.py
[2023-07-15T00:07:31.410+0000] {logging_mixin.py:137} WARNING - /home/airflow/.local/lib/python3.7/site-packages/snowflake/connector/options.py:109 UserWarning: You have an incompatible version of 'pyarrow' installed (9.0.0), please install a version that adheres to: 'pyarrow<10.1.0,>=10.0.1; extra == "pandas"'
[2023-07-15T00:07:31.540+0000] {processor.py:753} INFO - DAG(s) dict_keys(['dbt_ipflow_dag']) retrieved from /opt/airflow/dags/dbt_ip_flow_dag.py
[2023-07-15T00:07:31.550+0000] {logging_mixin.py:137} INFO - [2023-07-15T00:07:31.550+0000] {dag.py:2676} INFO - Sync 1 DAGs
[2023-07-15T00:07:31.567+0000] {logging_mixin.py:137} INFO - [2023-07-15T00:07:31.567+0000] {dag.py:3427} INFO - Setting next_dagrun for dbt_ipflow_dag to 2023-07-14T00:00:00+00:00, run_after=2023-07-15T00:00:00+00:00
[2023-07-15T00:07:31.580+0000] {processor.py:175} INFO - Processing /opt/airflow/dags/dbt_ip_flow_dag.py took 0.525 seconds
[2023-07-15T00:08:01.877+0000] {processor.py:153} INFO - Started process (PID=44315) to work on /opt/airflow/dags/dbt_ip_flow_dag.py
[2023-07-15T00:08:01.882+0000] {processor.py:743} INFO - Processing file /opt/airflow/dags/dbt_ip_flow_dag.py for tasks to queue
[2023-07-15T00:08:01.883+0000] {logging_mixin.py:137} INFO - [2023-07-15T00:08:01.883+0000] {dagbag.py:538} INFO - Filling up the DagBag from /opt/airflow/dags/dbt_ip_flow_dag.py
[2023-07-15T00:08:02.318+0000] {logging_mixin.py:137} WARNING - /home/airflow/.local/lib/python3.7/site-packages/snowflake/connector/options.py:109 UserWarning: You have an incompatible version of 'pyarrow' installed (9.0.0), please install a version that adheres to: 'pyarrow<10.1.0,>=10.0.1; extra == "pandas"'
[2023-07-15T00:08:02.470+0000] {processor.py:753} INFO - DAG(s) dict_keys(['dbt_ipflow_dag']) retrieved from /opt/airflow/dags/dbt_ip_flow_dag.py
[2023-07-15T00:08:02.481+0000] {logging_mixin.py:137} INFO - [2023-07-15T00:08:02.481+0000] {dag.py:2676} INFO - Sync 1 DAGs
[2023-07-15T00:08:02.497+0000] {logging_mixin.py:137} INFO - [2023-07-15T00:08:02.497+0000] {dag.py:3427} INFO - Setting next_dagrun for dbt_ipflow_dag to 2023-07-14T00:00:00+00:00, run_after=2023-07-15T00:00:00+00:00
[2023-07-15T00:08:02.511+0000] {processor.py:175} INFO - Processing /opt/airflow/dags/dbt_ip_flow_dag.py took 0.639 seconds
[2023-07-15T00:08:33.262+0000] {processor.py:153} INFO - Started process (PID=44372) to work on /opt/airflow/dags/dbt_ip_flow_dag.py
[2023-07-15T00:08:33.265+0000] {processor.py:743} INFO - Processing file /opt/airflow/dags/dbt_ip_flow_dag.py for tasks to queue
[2023-07-15T00:08:33.268+0000] {logging_mixin.py:137} INFO - [2023-07-15T00:08:33.267+0000] {dagbag.py:538} INFO - Filling up the DagBag from /opt/airflow/dags/dbt_ip_flow_dag.py
[2023-07-15T00:08:33.622+0000] {logging_mixin.py:137} WARNING - /home/airflow/.local/lib/python3.7/site-packages/snowflake/connector/options.py:109 UserWarning: You have an incompatible version of 'pyarrow' installed (9.0.0), please install a version that adheres to: 'pyarrow<10.1.0,>=10.0.1; extra == "pandas"'
[2023-07-15T00:08:33.752+0000] {processor.py:753} INFO - DAG(s) dict_keys(['dbt_ipflow_dag']) retrieved from /opt/airflow/dags/dbt_ip_flow_dag.py
[2023-07-15T00:08:33.765+0000] {logging_mixin.py:137} INFO - [2023-07-15T00:08:33.764+0000] {dag.py:2676} INFO - Sync 1 DAGs
[2023-07-15T00:08:33.781+0000] {logging_mixin.py:137} INFO - [2023-07-15T00:08:33.781+0000] {dag.py:3427} INFO - Setting next_dagrun for dbt_ipflow_dag to 2023-07-14T00:00:00+00:00, run_after=2023-07-15T00:00:00+00:00
[2023-07-15T00:08:33.796+0000] {processor.py:175} INFO - Processing /opt/airflow/dags/dbt_ip_flow_dag.py took 0.537 seconds
[2023-07-15T00:09:04.097+0000] {processor.py:153} INFO - Started process (PID=44429) to work on /opt/airflow/dags/dbt_ip_flow_dag.py
[2023-07-15T00:09:04.100+0000] {processor.py:743} INFO - Processing file /opt/airflow/dags/dbt_ip_flow_dag.py for tasks to queue
[2023-07-15T00:09:04.102+0000] {logging_mixin.py:137} INFO - [2023-07-15T00:09:04.102+0000] {dagbag.py:538} INFO - Filling up the DagBag from /opt/airflow/dags/dbt_ip_flow_dag.py
[2023-07-15T00:09:04.509+0000] {logging_mixin.py:137} WARNING - /home/airflow/.local/lib/python3.7/site-packages/snowflake/connector/options.py:109 UserWarning: You have an incompatible version of 'pyarrow' installed (9.0.0), please install a version that adheres to: 'pyarrow<10.1.0,>=10.0.1; extra == "pandas"'
[2023-07-15T00:09:04.651+0000] {processor.py:753} INFO - DAG(s) dict_keys(['dbt_ipflow_dag']) retrieved from /opt/airflow/dags/dbt_ip_flow_dag.py
[2023-07-15T00:09:04.662+0000] {logging_mixin.py:137} INFO - [2023-07-15T00:09:04.662+0000] {dag.py:2676} INFO - Sync 1 DAGs
[2023-07-15T00:09:04.684+0000] {logging_mixin.py:137} INFO - [2023-07-15T00:09:04.684+0000] {dag.py:3427} INFO - Setting next_dagrun for dbt_ipflow_dag to 2023-07-14T00:00:00+00:00, run_after=2023-07-15T00:00:00+00:00
[2023-07-15T00:09:04.702+0000] {processor.py:175} INFO - Processing /opt/airflow/dags/dbt_ip_flow_dag.py took 0.609 seconds
