[2023-07-15T00:00:18.733+0000] {processor.py:153} INFO - Started process (PID=43537) to work on /opt/airflow/dags/email_campaigns_dag.py
[2023-07-15T00:00:18.735+0000] {processor.py:743} INFO - Processing file /opt/airflow/dags/email_campaigns_dag.py for tasks to queue
[2023-07-15T00:00:18.736+0000] {logging_mixin.py:137} INFO - [2023-07-15T00:00:18.736+0000] {dagbag.py:538} INFO - Filling up the DagBag from /opt/airflow/dags/email_campaigns_dag.py
[2023-07-15T00:00:19.130+0000] {logging_mixin.py:137} WARNING - /home/airflow/.local/lib/python3.7/site-packages/snowflake/connector/options.py:109 UserWarning: You have an incompatible version of 'pyarrow' installed (9.0.0), please install a version that adheres to: 'pyarrow<10.1.0,>=10.0.1; extra == "pandas"'
[2023-07-15T00:00:19.206+0000] {processor.py:753} INFO - DAG(s) dict_keys(['Email_Campaigns']) retrieved from /opt/airflow/dags/email_campaigns_dag.py
[2023-07-15T00:00:19.225+0000] {logging_mixin.py:137} INFO - [2023-07-15T00:00:19.224+0000] {dag.py:2676} INFO - Sync 1 DAGs
[2023-07-15T00:00:19.239+0000] {logging_mixin.py:137} INFO - [2023-07-15T00:00:19.239+0000] {dag.py:3427} INFO - Setting next_dagrun for Email_Campaigns to 2023-07-14T00:00:00+00:00, run_after=2023-07-15T00:00:00+00:00
[2023-07-15T00:00:19.251+0000] {processor.py:175} INFO - Processing /opt/airflow/dags/email_campaigns_dag.py took 0.525 seconds
[2023-07-15T00:00:49.810+0000] {processor.py:153} INFO - Started process (PID=43593) to work on /opt/airflow/dags/email_campaigns_dag.py
[2023-07-15T00:00:49.812+0000] {processor.py:743} INFO - Processing file /opt/airflow/dags/email_campaigns_dag.py for tasks to queue
[2023-07-15T00:00:49.814+0000] {logging_mixin.py:137} INFO - [2023-07-15T00:00:49.814+0000] {dagbag.py:538} INFO - Filling up the DagBag from /opt/airflow/dags/email_campaigns_dag.py
[2023-07-15T00:00:50.241+0000] {logging_mixin.py:137} WARNING - /home/airflow/.local/lib/python3.7/site-packages/snowflake/connector/options.py:109 UserWarning: You have an incompatible version of 'pyarrow' installed (9.0.0), please install a version that adheres to: 'pyarrow<10.1.0,>=10.0.1; extra == "pandas"'
[2023-07-15T00:00:50.324+0000] {processor.py:753} INFO - DAG(s) dict_keys(['Email_Campaigns']) retrieved from /opt/airflow/dags/email_campaigns_dag.py
[2023-07-15T00:00:50.341+0000] {logging_mixin.py:137} INFO - [2023-07-15T00:00:50.340+0000] {dag.py:2676} INFO - Sync 1 DAGs
[2023-07-15T00:00:50.355+0000] {logging_mixin.py:137} INFO - [2023-07-15T00:00:50.355+0000] {dag.py:3427} INFO - Setting next_dagrun for Email_Campaigns to 2023-07-14T00:00:00+00:00, run_after=2023-07-15T00:00:00+00:00
[2023-07-15T00:00:50.368+0000] {processor.py:175} INFO - Processing /opt/airflow/dags/email_campaigns_dag.py took 0.560 seconds
[2023-07-15T00:01:20.696+0000] {processor.py:153} INFO - Started process (PID=43638) to work on /opt/airflow/dags/email_campaigns_dag.py
[2023-07-15T00:01:20.698+0000] {processor.py:743} INFO - Processing file /opt/airflow/dags/email_campaigns_dag.py for tasks to queue
[2023-07-15T00:01:20.699+0000] {logging_mixin.py:137} INFO - [2023-07-15T00:01:20.699+0000] {dagbag.py:538} INFO - Filling up the DagBag from /opt/airflow/dags/email_campaigns_dag.py
[2023-07-15T00:01:21.124+0000] {logging_mixin.py:137} WARNING - /home/airflow/.local/lib/python3.7/site-packages/snowflake/connector/options.py:109 UserWarning: You have an incompatible version of 'pyarrow' installed (9.0.0), please install a version that adheres to: 'pyarrow<10.1.0,>=10.0.1; extra == "pandas"'
[2023-07-15T00:01:21.205+0000] {processor.py:753} INFO - DAG(s) dict_keys(['Email_Campaigns']) retrieved from /opt/airflow/dags/email_campaigns_dag.py
[2023-07-15T00:01:21.227+0000] {logging_mixin.py:137} INFO - [2023-07-15T00:01:21.227+0000] {dag.py:2676} INFO - Sync 1 DAGs
[2023-07-15T00:01:21.242+0000] {logging_mixin.py:137} INFO - [2023-07-15T00:01:21.242+0000] {dag.py:3427} INFO - Setting next_dagrun for Email_Campaigns to 2023-07-14T00:00:00+00:00, run_after=2023-07-15T00:00:00+00:00
[2023-07-15T00:01:21.253+0000] {processor.py:175} INFO - Processing /opt/airflow/dags/email_campaigns_dag.py took 0.561 seconds
[2023-07-15T00:01:51.465+0000] {processor.py:153} INFO - Started process (PID=43694) to work on /opt/airflow/dags/email_campaigns_dag.py
[2023-07-15T00:01:51.467+0000] {processor.py:743} INFO - Processing file /opt/airflow/dags/email_campaigns_dag.py for tasks to queue
[2023-07-15T00:01:51.468+0000] {logging_mixin.py:137} INFO - [2023-07-15T00:01:51.468+0000] {dagbag.py:538} INFO - Filling up the DagBag from /opt/airflow/dags/email_campaigns_dag.py
[2023-07-15T00:01:51.872+0000] {logging_mixin.py:137} WARNING - /home/airflow/.local/lib/python3.7/site-packages/snowflake/connector/options.py:109 UserWarning: You have an incompatible version of 'pyarrow' installed (9.0.0), please install a version that adheres to: 'pyarrow<10.1.0,>=10.0.1; extra == "pandas"'
[2023-07-15T00:01:51.949+0000] {processor.py:753} INFO - DAG(s) dict_keys(['Email_Campaigns']) retrieved from /opt/airflow/dags/email_campaigns_dag.py
[2023-07-15T00:01:51.966+0000] {logging_mixin.py:137} INFO - [2023-07-15T00:01:51.966+0000] {dag.py:2676} INFO - Sync 1 DAGs
[2023-07-15T00:01:51.982+0000] {logging_mixin.py:137} INFO - [2023-07-15T00:01:51.982+0000] {dag.py:3427} INFO - Setting next_dagrun for Email_Campaigns to 2023-07-14T00:00:00+00:00, run_after=2023-07-15T00:00:00+00:00
[2023-07-15T00:01:51.995+0000] {processor.py:175} INFO - Processing /opt/airflow/dags/email_campaigns_dag.py took 0.534 seconds
[2023-07-15T00:02:22.506+0000] {processor.py:153} INFO - Started process (PID=43751) to work on /opt/airflow/dags/email_campaigns_dag.py
[2023-07-15T00:02:22.508+0000] {processor.py:743} INFO - Processing file /opt/airflow/dags/email_campaigns_dag.py for tasks to queue
[2023-07-15T00:02:22.511+0000] {logging_mixin.py:137} INFO - [2023-07-15T00:02:22.510+0000] {dagbag.py:538} INFO - Filling up the DagBag from /opt/airflow/dags/email_campaigns_dag.py
[2023-07-15T00:02:22.900+0000] {logging_mixin.py:137} WARNING - /home/airflow/.local/lib/python3.7/site-packages/snowflake/connector/options.py:109 UserWarning: You have an incompatible version of 'pyarrow' installed (9.0.0), please install a version that adheres to: 'pyarrow<10.1.0,>=10.0.1; extra == "pandas"'
[2023-07-15T00:02:22.976+0000] {processor.py:753} INFO - DAG(s) dict_keys(['Email_Campaigns']) retrieved from /opt/airflow/dags/email_campaigns_dag.py
[2023-07-15T00:02:22.992+0000] {logging_mixin.py:137} INFO - [2023-07-15T00:02:22.992+0000] {dag.py:2676} INFO - Sync 1 DAGs
[2023-07-15T00:02:23.008+0000] {logging_mixin.py:137} INFO - [2023-07-15T00:02:23.008+0000] {dag.py:3427} INFO - Setting next_dagrun for Email_Campaigns to 2023-07-14T00:00:00+00:00, run_after=2023-07-15T00:00:00+00:00
[2023-07-15T00:02:23.021+0000] {processor.py:175} INFO - Processing /opt/airflow/dags/email_campaigns_dag.py took 0.517 seconds
[2023-07-15T00:02:53.272+0000] {processor.py:153} INFO - Started process (PID=43796) to work on /opt/airflow/dags/email_campaigns_dag.py
[2023-07-15T00:02:53.274+0000] {processor.py:743} INFO - Processing file /opt/airflow/dags/email_campaigns_dag.py for tasks to queue
[2023-07-15T00:02:53.276+0000] {logging_mixin.py:137} INFO - [2023-07-15T00:02:53.276+0000] {dagbag.py:538} INFO - Filling up the DagBag from /opt/airflow/dags/email_campaigns_dag.py
[2023-07-15T00:02:53.682+0000] {logging_mixin.py:137} WARNING - /home/airflow/.local/lib/python3.7/site-packages/snowflake/connector/options.py:109 UserWarning: You have an incompatible version of 'pyarrow' installed (9.0.0), please install a version that adheres to: 'pyarrow<10.1.0,>=10.0.1; extra == "pandas"'
[2023-07-15T00:02:53.780+0000] {processor.py:753} INFO - DAG(s) dict_keys(['Email_Campaigns']) retrieved from /opt/airflow/dags/email_campaigns_dag.py
[2023-07-15T00:02:53.807+0000] {logging_mixin.py:137} INFO - [2023-07-15T00:02:53.807+0000] {dag.py:2676} INFO - Sync 1 DAGs
[2023-07-15T00:02:53.825+0000] {logging_mixin.py:137} INFO - [2023-07-15T00:02:53.825+0000] {dag.py:3427} INFO - Setting next_dagrun for Email_Campaigns to 2023-07-14T00:00:00+00:00, run_after=2023-07-15T00:00:00+00:00
[2023-07-15T00:02:53.839+0000] {processor.py:175} INFO - Processing /opt/airflow/dags/email_campaigns_dag.py took 0.570 seconds
[2023-07-15T00:03:23.960+0000] {processor.py:153} INFO - Started process (PID=43851) to work on /opt/airflow/dags/email_campaigns_dag.py
[2023-07-15T00:03:23.962+0000] {processor.py:743} INFO - Processing file /opt/airflow/dags/email_campaigns_dag.py for tasks to queue
[2023-07-15T00:03:23.964+0000] {logging_mixin.py:137} INFO - [2023-07-15T00:03:23.964+0000] {dagbag.py:538} INFO - Filling up the DagBag from /opt/airflow/dags/email_campaigns_dag.py
[2023-07-15T00:03:24.385+0000] {logging_mixin.py:137} WARNING - /home/airflow/.local/lib/python3.7/site-packages/snowflake/connector/options.py:109 UserWarning: You have an incompatible version of 'pyarrow' installed (9.0.0), please install a version that adheres to: 'pyarrow<10.1.0,>=10.0.1; extra == "pandas"'
[2023-07-15T00:03:24.468+0000] {processor.py:753} INFO - DAG(s) dict_keys(['Email_Campaigns']) retrieved from /opt/airflow/dags/email_campaigns_dag.py
[2023-07-15T00:03:24.492+0000] {logging_mixin.py:137} INFO - [2023-07-15T00:03:24.492+0000] {dag.py:2676} INFO - Sync 1 DAGs
[2023-07-15T00:03:24.507+0000] {logging_mixin.py:137} INFO - [2023-07-15T00:03:24.507+0000] {dag.py:3427} INFO - Setting next_dagrun for Email_Campaigns to 2023-07-14T00:00:00+00:00, run_after=2023-07-15T00:00:00+00:00
[2023-07-15T00:03:24.521+0000] {processor.py:175} INFO - Processing /opt/airflow/dags/email_campaigns_dag.py took 0.564 seconds
[2023-07-15T00:03:54.864+0000] {processor.py:153} INFO - Started process (PID=43908) to work on /opt/airflow/dags/email_campaigns_dag.py
[2023-07-15T00:03:54.866+0000] {processor.py:743} INFO - Processing file /opt/airflow/dags/email_campaigns_dag.py for tasks to queue
[2023-07-15T00:03:54.868+0000] {logging_mixin.py:137} INFO - [2023-07-15T00:03:54.868+0000] {dagbag.py:538} INFO - Filling up the DagBag from /opt/airflow/dags/email_campaigns_dag.py
[2023-07-15T00:03:55.269+0000] {logging_mixin.py:137} WARNING - /home/airflow/.local/lib/python3.7/site-packages/snowflake/connector/options.py:109 UserWarning: You have an incompatible version of 'pyarrow' installed (9.0.0), please install a version that adheres to: 'pyarrow<10.1.0,>=10.0.1; extra == "pandas"'
[2023-07-15T00:03:55.344+0000] {processor.py:753} INFO - DAG(s) dict_keys(['Email_Campaigns']) retrieved from /opt/airflow/dags/email_campaigns_dag.py
[2023-07-15T00:03:55.363+0000] {logging_mixin.py:137} INFO - [2023-07-15T00:03:55.363+0000] {dag.py:2676} INFO - Sync 1 DAGs
[2023-07-15T00:03:55.378+0000] {logging_mixin.py:137} INFO - [2023-07-15T00:03:55.378+0000] {dag.py:3427} INFO - Setting next_dagrun for Email_Campaigns to 2023-07-14T00:00:00+00:00, run_after=2023-07-15T00:00:00+00:00
[2023-07-15T00:03:55.390+0000] {processor.py:175} INFO - Processing /opt/airflow/dags/email_campaigns_dag.py took 0.529 seconds
[2023-07-15T00:04:25.822+0000] {processor.py:153} INFO - Started process (PID=43962) to work on /opt/airflow/dags/email_campaigns_dag.py
[2023-07-15T00:04:25.824+0000] {processor.py:743} INFO - Processing file /opt/airflow/dags/email_campaigns_dag.py for tasks to queue
[2023-07-15T00:04:25.826+0000] {logging_mixin.py:137} INFO - [2023-07-15T00:04:25.826+0000] {dagbag.py:538} INFO - Filling up the DagBag from /opt/airflow/dags/email_campaigns_dag.py
[2023-07-15T00:04:26.352+0000] {logging_mixin.py:137} WARNING - /home/airflow/.local/lib/python3.7/site-packages/snowflake/connector/options.py:109 UserWarning: You have an incompatible version of 'pyarrow' installed (9.0.0), please install a version that adheres to: 'pyarrow<10.1.0,>=10.0.1; extra == "pandas"'
[2023-07-15T00:04:26.440+0000] {processor.py:753} INFO - DAG(s) dict_keys(['Email_Campaigns']) retrieved from /opt/airflow/dags/email_campaigns_dag.py
[2023-07-15T00:04:26.467+0000] {logging_mixin.py:137} INFO - [2023-07-15T00:04:26.467+0000] {dag.py:2676} INFO - Sync 1 DAGs
[2023-07-15T00:04:26.487+0000] {logging_mixin.py:137} INFO - [2023-07-15T00:04:26.487+0000] {dag.py:3427} INFO - Setting next_dagrun for Email_Campaigns to 2023-07-14T00:00:00+00:00, run_after=2023-07-15T00:00:00+00:00
[2023-07-15T00:04:26.514+0000] {processor.py:175} INFO - Processing /opt/airflow/dags/email_campaigns_dag.py took 0.696 seconds
[2023-07-15T00:04:57.117+0000] {processor.py:153} INFO - Started process (PID=44011) to work on /opt/airflow/dags/email_campaigns_dag.py
[2023-07-15T00:04:57.119+0000] {processor.py:743} INFO - Processing file /opt/airflow/dags/email_campaigns_dag.py for tasks to queue
[2023-07-15T00:04:57.120+0000] {logging_mixin.py:137} INFO - [2023-07-15T00:04:57.120+0000] {dagbag.py:538} INFO - Filling up the DagBag from /opt/airflow/dags/email_campaigns_dag.py
[2023-07-15T00:04:57.552+0000] {logging_mixin.py:137} WARNING - /home/airflow/.local/lib/python3.7/site-packages/snowflake/connector/options.py:109 UserWarning: You have an incompatible version of 'pyarrow' installed (9.0.0), please install a version that adheres to: 'pyarrow<10.1.0,>=10.0.1; extra == "pandas"'
[2023-07-15T00:04:57.628+0000] {processor.py:753} INFO - DAG(s) dict_keys(['Email_Campaigns']) retrieved from /opt/airflow/dags/email_campaigns_dag.py
[2023-07-15T00:04:57.690+0000] {logging_mixin.py:137} INFO - [2023-07-15T00:04:57.690+0000] {dag.py:2676} INFO - Sync 1 DAGs
[2023-07-15T00:04:57.706+0000] {logging_mixin.py:137} INFO - [2023-07-15T00:04:57.706+0000] {dag.py:3427} INFO - Setting next_dagrun for Email_Campaigns to 2023-07-14T00:00:00+00:00, run_after=2023-07-15T00:00:00+00:00
[2023-07-15T00:04:57.718+0000] {processor.py:175} INFO - Processing /opt/airflow/dags/email_campaigns_dag.py took 0.604 seconds
[2023-07-15T00:05:28.395+0000] {processor.py:153} INFO - Started process (PID=44068) to work on /opt/airflow/dags/email_campaigns_dag.py
[2023-07-15T00:05:28.401+0000] {processor.py:743} INFO - Processing file /opt/airflow/dags/email_campaigns_dag.py for tasks to queue
[2023-07-15T00:05:28.402+0000] {logging_mixin.py:137} INFO - [2023-07-15T00:05:28.402+0000] {dagbag.py:538} INFO - Filling up the DagBag from /opt/airflow/dags/email_campaigns_dag.py
[2023-07-15T00:05:28.798+0000] {logging_mixin.py:137} WARNING - /home/airflow/.local/lib/python3.7/site-packages/snowflake/connector/options.py:109 UserWarning: You have an incompatible version of 'pyarrow' installed (9.0.0), please install a version that adheres to: 'pyarrow<10.1.0,>=10.0.1; extra == "pandas"'
[2023-07-15T00:05:28.872+0000] {processor.py:753} INFO - DAG(s) dict_keys(['Email_Campaigns']) retrieved from /opt/airflow/dags/email_campaigns_dag.py
[2023-07-15T00:05:28.888+0000] {logging_mixin.py:137} INFO - [2023-07-15T00:05:28.888+0000] {dag.py:2676} INFO - Sync 1 DAGs
[2023-07-15T00:05:28.904+0000] {logging_mixin.py:137} INFO - [2023-07-15T00:05:28.904+0000] {dag.py:3427} INFO - Setting next_dagrun for Email_Campaigns to 2023-07-14T00:00:00+00:00, run_after=2023-07-15T00:00:00+00:00
[2023-07-15T00:05:28.915+0000] {processor.py:175} INFO - Processing /opt/airflow/dags/email_campaigns_dag.py took 0.525 seconds
[2023-07-15T00:05:59.503+0000] {processor.py:153} INFO - Started process (PID=44125) to work on /opt/airflow/dags/email_campaigns_dag.py
[2023-07-15T00:05:59.505+0000] {processor.py:743} INFO - Processing file /opt/airflow/dags/email_campaigns_dag.py for tasks to queue
[2023-07-15T00:05:59.506+0000] {logging_mixin.py:137} INFO - [2023-07-15T00:05:59.506+0000] {dagbag.py:538} INFO - Filling up the DagBag from /opt/airflow/dags/email_campaigns_dag.py
[2023-07-15T00:05:59.895+0000] {logging_mixin.py:137} WARNING - /home/airflow/.local/lib/python3.7/site-packages/snowflake/connector/options.py:109 UserWarning: You have an incompatible version of 'pyarrow' installed (9.0.0), please install a version that adheres to: 'pyarrow<10.1.0,>=10.0.1; extra == "pandas"'
[2023-07-15T00:05:59.970+0000] {processor.py:753} INFO - DAG(s) dict_keys(['Email_Campaigns']) retrieved from /opt/airflow/dags/email_campaigns_dag.py
[2023-07-15T00:05:59.987+0000] {logging_mixin.py:137} INFO - [2023-07-15T00:05:59.987+0000] {dag.py:2676} INFO - Sync 1 DAGs
[2023-07-15T00:06:00.002+0000] {logging_mixin.py:137} INFO - [2023-07-15T00:06:00.002+0000] {dag.py:3427} INFO - Setting next_dagrun for Email_Campaigns to 2023-07-14T00:00:00+00:00, run_after=2023-07-15T00:00:00+00:00
[2023-07-15T00:06:00.017+0000] {processor.py:175} INFO - Processing /opt/airflow/dags/email_campaigns_dag.py took 0.519 seconds
[2023-07-15T00:06:30.384+0000] {processor.py:153} INFO - Started process (PID=44170) to work on /opt/airflow/dags/email_campaigns_dag.py
[2023-07-15T00:06:30.387+0000] {processor.py:743} INFO - Processing file /opt/airflow/dags/email_campaigns_dag.py for tasks to queue
[2023-07-15T00:06:30.388+0000] {logging_mixin.py:137} INFO - [2023-07-15T00:06:30.388+0000] {dagbag.py:538} INFO - Filling up the DagBag from /opt/airflow/dags/email_campaigns_dag.py
[2023-07-15T00:06:30.794+0000] {logging_mixin.py:137} WARNING - /home/airflow/.local/lib/python3.7/site-packages/snowflake/connector/options.py:109 UserWarning: You have an incompatible version of 'pyarrow' installed (9.0.0), please install a version that adheres to: 'pyarrow<10.1.0,>=10.0.1; extra == "pandas"'
[2023-07-15T00:06:30.869+0000] {processor.py:753} INFO - DAG(s) dict_keys(['Email_Campaigns']) retrieved from /opt/airflow/dags/email_campaigns_dag.py
[2023-07-15T00:06:30.886+0000] {logging_mixin.py:137} INFO - [2023-07-15T00:06:30.886+0000] {dag.py:2676} INFO - Sync 1 DAGs
[2023-07-15T00:06:30.902+0000] {logging_mixin.py:137} INFO - [2023-07-15T00:06:30.902+0000] {dag.py:3427} INFO - Setting next_dagrun for Email_Campaigns to 2023-07-14T00:00:00+00:00, run_after=2023-07-15T00:00:00+00:00
[2023-07-15T00:06:30.915+0000] {processor.py:175} INFO - Processing /opt/airflow/dags/email_campaigns_dag.py took 0.534 seconds
[2023-07-15T00:07:01.435+0000] {processor.py:153} INFO - Started process (PID=44227) to work on /opt/airflow/dags/email_campaigns_dag.py
[2023-07-15T00:07:01.438+0000] {processor.py:743} INFO - Processing file /opt/airflow/dags/email_campaigns_dag.py for tasks to queue
[2023-07-15T00:07:01.440+0000] {logging_mixin.py:137} INFO - [2023-07-15T00:07:01.440+0000] {dagbag.py:538} INFO - Filling up the DagBag from /opt/airflow/dags/email_campaigns_dag.py
[2023-07-15T00:07:01.855+0000] {logging_mixin.py:137} WARNING - /home/airflow/.local/lib/python3.7/site-packages/snowflake/connector/options.py:109 UserWarning: You have an incompatible version of 'pyarrow' installed (9.0.0), please install a version that adheres to: 'pyarrow<10.1.0,>=10.0.1; extra == "pandas"'
[2023-07-15T00:07:01.933+0000] {processor.py:753} INFO - DAG(s) dict_keys(['Email_Campaigns']) retrieved from /opt/airflow/dags/email_campaigns_dag.py
[2023-07-15T00:07:01.952+0000] {logging_mixin.py:137} INFO - [2023-07-15T00:07:01.952+0000] {dag.py:2676} INFO - Sync 1 DAGs
[2023-07-15T00:07:01.968+0000] {logging_mixin.py:137} INFO - [2023-07-15T00:07:01.968+0000] {dag.py:3427} INFO - Setting next_dagrun for Email_Campaigns to 2023-07-14T00:00:00+00:00, run_after=2023-07-15T00:00:00+00:00
[2023-07-15T00:07:01.981+0000] {processor.py:175} INFO - Processing /opt/airflow/dags/email_campaigns_dag.py took 0.551 seconds
[2023-07-15T00:07:32.432+0000] {processor.py:153} INFO - Started process (PID=44283) to work on /opt/airflow/dags/email_campaigns_dag.py
[2023-07-15T00:07:32.434+0000] {processor.py:743} INFO - Processing file /opt/airflow/dags/email_campaigns_dag.py for tasks to queue
[2023-07-15T00:07:32.441+0000] {logging_mixin.py:137} INFO - [2023-07-15T00:07:32.441+0000] {dagbag.py:538} INFO - Filling up the DagBag from /opt/airflow/dags/email_campaigns_dag.py
[2023-07-15T00:07:32.831+0000] {logging_mixin.py:137} WARNING - /home/airflow/.local/lib/python3.7/site-packages/snowflake/connector/options.py:109 UserWarning: You have an incompatible version of 'pyarrow' installed (9.0.0), please install a version that adheres to: 'pyarrow<10.1.0,>=10.0.1; extra == "pandas"'
[2023-07-15T00:07:32.907+0000] {processor.py:753} INFO - DAG(s) dict_keys(['Email_Campaigns']) retrieved from /opt/airflow/dags/email_campaigns_dag.py
[2023-07-15T00:07:32.925+0000] {logging_mixin.py:137} INFO - [2023-07-15T00:07:32.925+0000] {dag.py:2676} INFO - Sync 1 DAGs
[2023-07-15T00:07:32.941+0000] {logging_mixin.py:137} INFO - [2023-07-15T00:07:32.941+0000] {dag.py:3427} INFO - Setting next_dagrun for Email_Campaigns to 2023-07-14T00:00:00+00:00, run_after=2023-07-15T00:00:00+00:00
[2023-07-15T00:07:32.954+0000] {processor.py:175} INFO - Processing /opt/airflow/dags/email_campaigns_dag.py took 0.525 seconds
[2023-07-15T00:08:03.448+0000] {processor.py:153} INFO - Started process (PID=44333) to work on /opt/airflow/dags/email_campaigns_dag.py
[2023-07-15T00:08:03.450+0000] {processor.py:743} INFO - Processing file /opt/airflow/dags/email_campaigns_dag.py for tasks to queue
[2023-07-15T00:08:03.452+0000] {logging_mixin.py:137} INFO - [2023-07-15T00:08:03.452+0000] {dagbag.py:538} INFO - Filling up the DagBag from /opt/airflow/dags/email_campaigns_dag.py
[2023-07-15T00:08:04.176+0000] {logging_mixin.py:137} WARNING - /home/airflow/.local/lib/python3.7/site-packages/snowflake/connector/options.py:109 UserWarning: You have an incompatible version of 'pyarrow' installed (9.0.0), please install a version that adheres to: 'pyarrow<10.1.0,>=10.0.1; extra == "pandas"'
[2023-07-15T00:08:04.301+0000] {processor.py:753} INFO - DAG(s) dict_keys(['Email_Campaigns']) retrieved from /opt/airflow/dags/email_campaigns_dag.py
[2023-07-15T00:08:04.334+0000] {logging_mixin.py:137} INFO - [2023-07-15T00:08:04.333+0000] {dag.py:2676} INFO - Sync 1 DAGs
[2023-07-15T00:08:04.373+0000] {logging_mixin.py:137} INFO - [2023-07-15T00:08:04.373+0000] {dag.py:3427} INFO - Setting next_dagrun for Email_Campaigns to 2023-07-14T00:00:00+00:00, run_after=2023-07-15T00:00:00+00:00
[2023-07-15T00:08:04.400+0000] {processor.py:175} INFO - Processing /opt/airflow/dags/email_campaigns_dag.py took 0.955 seconds
[2023-07-15T00:08:34.803+0000] {processor.py:153} INFO - Started process (PID=44384) to work on /opt/airflow/dags/email_campaigns_dag.py
[2023-07-15T00:08:34.805+0000] {processor.py:743} INFO - Processing file /opt/airflow/dags/email_campaigns_dag.py for tasks to queue
[2023-07-15T00:08:34.807+0000] {logging_mixin.py:137} INFO - [2023-07-15T00:08:34.807+0000] {dagbag.py:538} INFO - Filling up the DagBag from /opt/airflow/dags/email_campaigns_dag.py
[2023-07-15T00:08:35.200+0000] {logging_mixin.py:137} WARNING - /home/airflow/.local/lib/python3.7/site-packages/snowflake/connector/options.py:109 UserWarning: You have an incompatible version of 'pyarrow' installed (9.0.0), please install a version that adheres to: 'pyarrow<10.1.0,>=10.0.1; extra == "pandas"'
[2023-07-15T00:08:35.271+0000] {processor.py:753} INFO - DAG(s) dict_keys(['Email_Campaigns']) retrieved from /opt/airflow/dags/email_campaigns_dag.py
[2023-07-15T00:08:35.288+0000] {logging_mixin.py:137} INFO - [2023-07-15T00:08:35.287+0000] {dag.py:2676} INFO - Sync 1 DAGs
[2023-07-15T00:08:35.304+0000] {logging_mixin.py:137} INFO - [2023-07-15T00:08:35.304+0000] {dag.py:3427} INFO - Setting next_dagrun for Email_Campaigns to 2023-07-14T00:00:00+00:00, run_after=2023-07-15T00:00:00+00:00
[2023-07-15T00:08:35.316+0000] {processor.py:175} INFO - Processing /opt/airflow/dags/email_campaigns_dag.py took 0.519 seconds
[2023-07-15T00:09:05.569+0000] {processor.py:153} INFO - Started process (PID=44441) to work on /opt/airflow/dags/email_campaigns_dag.py
[2023-07-15T00:09:05.571+0000] {processor.py:743} INFO - Processing file /opt/airflow/dags/email_campaigns_dag.py for tasks to queue
[2023-07-15T00:09:05.573+0000] {logging_mixin.py:137} INFO - [2023-07-15T00:09:05.572+0000] {dagbag.py:538} INFO - Filling up the DagBag from /opt/airflow/dags/email_campaigns_dag.py
[2023-07-15T00:09:05.962+0000] {logging_mixin.py:137} WARNING - /home/airflow/.local/lib/python3.7/site-packages/snowflake/connector/options.py:109 UserWarning: You have an incompatible version of 'pyarrow' installed (9.0.0), please install a version that adheres to: 'pyarrow<10.1.0,>=10.0.1; extra == "pandas"'
[2023-07-15T00:09:06.039+0000] {processor.py:753} INFO - DAG(s) dict_keys(['Email_Campaigns']) retrieved from /opt/airflow/dags/email_campaigns_dag.py
[2023-07-15T00:09:06.059+0000] {logging_mixin.py:137} INFO - [2023-07-15T00:09:06.059+0000] {dag.py:2676} INFO - Sync 1 DAGs
[2023-07-15T00:09:06.075+0000] {logging_mixin.py:137} INFO - [2023-07-15T00:09:06.075+0000] {dag.py:3427} INFO - Setting next_dagrun for Email_Campaigns to 2023-07-14T00:00:00+00:00, run_after=2023-07-15T00:00:00+00:00
[2023-07-15T00:09:06.088+0000] {processor.py:175} INFO - Processing /opt/airflow/dags/email_campaigns_dag.py took 0.524 seconds
