[2023-07-15T00:00:17.922+0000] {processor.py:153} INFO - Started process (PID=43531) to work on /opt/airflow/dags/five_by_five_dag.py
[2023-07-15T00:00:17.924+0000] {processor.py:743} INFO - Processing file /opt/airflow/dags/five_by_five_dag.py for tasks to queue
[2023-07-15T00:00:17.926+0000] {logging_mixin.py:137} INFO - [2023-07-15T00:00:17.926+0000] {dagbag.py:538} INFO - Filling up the DagBag from /opt/airflow/dags/five_by_five_dag.py
[2023-07-15T00:00:18.032+0000] {processor.py:753} INFO - DAG(s) dict_keys(['Five-By-Five-IP-to-Domain-Merge']) retrieved from /opt/airflow/dags/five_by_five_dag.py
[2023-07-15T00:00:18.051+0000] {logging_mixin.py:137} INFO - [2023-07-15T00:00:18.051+0000] {dag.py:2676} INFO - Sync 1 DAGs
[2023-07-15T00:00:18.071+0000] {logging_mixin.py:137} INFO - [2023-07-15T00:00:18.071+0000] {dag.py:3427} INFO - Setting next_dagrun for Five-By-Five-IP-to-Domain-Merge to 2023-07-02T00:00:00+00:00, run_after=2023-07-09T00:00:00+00:00
[2023-07-15T00:00:18.088+0000] {processor.py:175} INFO - Processing /opt/airflow/dags/five_by_five_dag.py took 0.169 seconds
[2023-07-15T00:00:49.085+0000] {processor.py:153} INFO - Started process (PID=43586) to work on /opt/airflow/dags/five_by_five_dag.py
[2023-07-15T00:00:49.096+0000] {processor.py:743} INFO - Processing file /opt/airflow/dags/five_by_five_dag.py for tasks to queue
[2023-07-15T00:00:49.098+0000] {logging_mixin.py:137} INFO - [2023-07-15T00:00:49.098+0000] {dagbag.py:538} INFO - Filling up the DagBag from /opt/airflow/dags/five_by_five_dag.py
[2023-07-15T00:00:49.226+0000] {processor.py:753} INFO - DAG(s) dict_keys(['Five-By-Five-IP-to-Domain-Merge']) retrieved from /opt/airflow/dags/five_by_five_dag.py
[2023-07-15T00:00:49.243+0000] {logging_mixin.py:137} INFO - [2023-07-15T00:00:49.243+0000] {dag.py:2676} INFO - Sync 1 DAGs
[2023-07-15T00:00:49.263+0000] {logging_mixin.py:137} INFO - [2023-07-15T00:00:49.263+0000] {dag.py:3427} INFO - Setting next_dagrun for Five-By-Five-IP-to-Domain-Merge to 2023-07-02T00:00:00+00:00, run_after=2023-07-09T00:00:00+00:00
[2023-07-15T00:00:49.279+0000] {processor.py:175} INFO - Processing /opt/airflow/dags/five_by_five_dag.py took 0.198 seconds
[2023-07-15T00:01:19.659+0000] {processor.py:153} INFO - Started process (PID=43629) to work on /opt/airflow/dags/five_by_five_dag.py
[2023-07-15T00:01:19.661+0000] {processor.py:743} INFO - Processing file /opt/airflow/dags/five_by_five_dag.py for tasks to queue
[2023-07-15T00:01:19.662+0000] {logging_mixin.py:137} INFO - [2023-07-15T00:01:19.662+0000] {dagbag.py:538} INFO - Filling up the DagBag from /opt/airflow/dags/five_by_five_dag.py
[2023-07-15T00:01:19.763+0000] {processor.py:753} INFO - DAG(s) dict_keys(['Five-By-Five-IP-to-Domain-Merge']) retrieved from /opt/airflow/dags/five_by_five_dag.py
[2023-07-15T00:01:19.780+0000] {logging_mixin.py:137} INFO - [2023-07-15T00:01:19.780+0000] {dag.py:2676} INFO - Sync 1 DAGs
[2023-07-15T00:01:19.799+0000] {logging_mixin.py:137} INFO - [2023-07-15T00:01:19.799+0000] {dag.py:3427} INFO - Setting next_dagrun for Five-By-Five-IP-to-Domain-Merge to 2023-07-02T00:00:00+00:00, run_after=2023-07-09T00:00:00+00:00
[2023-07-15T00:01:19.813+0000] {processor.py:175} INFO - Processing /opt/airflow/dags/five_by_five_dag.py took 0.158 seconds
[2023-07-15T00:01:50.267+0000] {processor.py:153} INFO - Started process (PID=43686) to work on /opt/airflow/dags/five_by_five_dag.py
[2023-07-15T00:01:50.269+0000] {processor.py:743} INFO - Processing file /opt/airflow/dags/five_by_five_dag.py for tasks to queue
[2023-07-15T00:01:50.271+0000] {logging_mixin.py:137} INFO - [2023-07-15T00:01:50.271+0000] {dagbag.py:538} INFO - Filling up the DagBag from /opt/airflow/dags/five_by_five_dag.py
[2023-07-15T00:01:50.375+0000] {processor.py:753} INFO - DAG(s) dict_keys(['Five-By-Five-IP-to-Domain-Merge']) retrieved from /opt/airflow/dags/five_by_five_dag.py
[2023-07-15T00:01:50.393+0000] {logging_mixin.py:137} INFO - [2023-07-15T00:01:50.393+0000] {dag.py:2676} INFO - Sync 1 DAGs
[2023-07-15T00:01:50.412+0000] {logging_mixin.py:137} INFO - [2023-07-15T00:01:50.411+0000] {dag.py:3427} INFO - Setting next_dagrun for Five-By-Five-IP-to-Domain-Merge to 2023-07-02T00:00:00+00:00, run_after=2023-07-09T00:00:00+00:00
[2023-07-15T00:01:50.426+0000] {processor.py:175} INFO - Processing /opt/airflow/dags/five_by_five_dag.py took 0.163 seconds
[2023-07-15T00:02:21.547+0000] {processor.py:153} INFO - Started process (PID=43745) to work on /opt/airflow/dags/five_by_five_dag.py
[2023-07-15T00:02:21.550+0000] {processor.py:743} INFO - Processing file /opt/airflow/dags/five_by_five_dag.py for tasks to queue
[2023-07-15T00:02:21.551+0000] {logging_mixin.py:137} INFO - [2023-07-15T00:02:21.551+0000] {dagbag.py:538} INFO - Filling up the DagBag from /opt/airflow/dags/five_by_five_dag.py
[2023-07-15T00:02:21.646+0000] {processor.py:753} INFO - DAG(s) dict_keys(['Five-By-Five-IP-to-Domain-Merge']) retrieved from /opt/airflow/dags/five_by_five_dag.py
[2023-07-15T00:02:21.661+0000] {logging_mixin.py:137} INFO - [2023-07-15T00:02:21.661+0000] {dag.py:2676} INFO - Sync 1 DAGs
[2023-07-15T00:02:21.676+0000] {logging_mixin.py:137} INFO - [2023-07-15T00:02:21.676+0000] {dag.py:3427} INFO - Setting next_dagrun for Five-By-Five-IP-to-Domain-Merge to 2023-07-02T00:00:00+00:00, run_after=2023-07-09T00:00:00+00:00
[2023-07-15T00:02:21.687+0000] {processor.py:175} INFO - Processing /opt/airflow/dags/five_by_five_dag.py took 0.143 seconds
[2023-07-15T00:02:52.469+0000] {processor.py:153} INFO - Started process (PID=43790) to work on /opt/airflow/dags/five_by_five_dag.py
[2023-07-15T00:02:52.471+0000] {processor.py:743} INFO - Processing file /opt/airflow/dags/five_by_five_dag.py for tasks to queue
[2023-07-15T00:02:52.473+0000] {logging_mixin.py:137} INFO - [2023-07-15T00:02:52.473+0000] {dagbag.py:538} INFO - Filling up the DagBag from /opt/airflow/dags/five_by_five_dag.py
[2023-07-15T00:02:52.568+0000] {processor.py:753} INFO - DAG(s) dict_keys(['Five-By-Five-IP-to-Domain-Merge']) retrieved from /opt/airflow/dags/five_by_five_dag.py
[2023-07-15T00:02:52.585+0000] {logging_mixin.py:137} INFO - [2023-07-15T00:02:52.585+0000] {dag.py:2676} INFO - Sync 1 DAGs
[2023-07-15T00:02:52.601+0000] {logging_mixin.py:137} INFO - [2023-07-15T00:02:52.601+0000] {dag.py:3427} INFO - Setting next_dagrun for Five-By-Five-IP-to-Domain-Merge to 2023-07-02T00:00:00+00:00, run_after=2023-07-09T00:00:00+00:00
[2023-07-15T00:02:52.612+0000] {processor.py:175} INFO - Processing /opt/airflow/dags/five_by_five_dag.py took 0.148 seconds
[2023-07-15T00:03:23.176+0000] {processor.py:153} INFO - Started process (PID=43845) to work on /opt/airflow/dags/five_by_five_dag.py
[2023-07-15T00:03:23.178+0000] {processor.py:743} INFO - Processing file /opt/airflow/dags/five_by_five_dag.py for tasks to queue
[2023-07-15T00:03:23.180+0000] {logging_mixin.py:137} INFO - [2023-07-15T00:03:23.180+0000] {dagbag.py:538} INFO - Filling up the DagBag from /opt/airflow/dags/five_by_five_dag.py
[2023-07-15T00:03:23.286+0000] {processor.py:753} INFO - DAG(s) dict_keys(['Five-By-Five-IP-to-Domain-Merge']) retrieved from /opt/airflow/dags/five_by_five_dag.py
[2023-07-15T00:03:23.303+0000] {logging_mixin.py:137} INFO - [2023-07-15T00:03:23.303+0000] {dag.py:2676} INFO - Sync 1 DAGs
[2023-07-15T00:03:23.322+0000] {logging_mixin.py:137} INFO - [2023-07-15T00:03:23.322+0000] {dag.py:3427} INFO - Setting next_dagrun for Five-By-Five-IP-to-Domain-Merge to 2023-07-02T00:00:00+00:00, run_after=2023-07-09T00:00:00+00:00
[2023-07-15T00:03:23.336+0000] {processor.py:175} INFO - Processing /opt/airflow/dags/five_by_five_dag.py took 0.163 seconds
[2023-07-15T00:03:54.056+0000] {processor.py:153} INFO - Started process (PID=43902) to work on /opt/airflow/dags/five_by_five_dag.py
[2023-07-15T00:03:54.058+0000] {processor.py:743} INFO - Processing file /opt/airflow/dags/five_by_five_dag.py for tasks to queue
[2023-07-15T00:03:54.061+0000] {logging_mixin.py:137} INFO - [2023-07-15T00:03:54.060+0000] {dagbag.py:538} INFO - Filling up the DagBag from /opt/airflow/dags/five_by_five_dag.py
[2023-07-15T00:03:54.170+0000] {processor.py:753} INFO - DAG(s) dict_keys(['Five-By-Five-IP-to-Domain-Merge']) retrieved from /opt/airflow/dags/five_by_five_dag.py
[2023-07-15T00:03:54.190+0000] {logging_mixin.py:137} INFO - [2023-07-15T00:03:54.190+0000] {dag.py:2676} INFO - Sync 1 DAGs
[2023-07-15T00:03:54.207+0000] {logging_mixin.py:137} INFO - [2023-07-15T00:03:54.206+0000] {dag.py:3427} INFO - Setting next_dagrun for Five-By-Five-IP-to-Domain-Merge to 2023-07-02T00:00:00+00:00, run_after=2023-07-09T00:00:00+00:00
[2023-07-15T00:03:54.221+0000] {processor.py:175} INFO - Processing /opt/airflow/dags/five_by_five_dag.py took 0.167 seconds
[2023-07-15T00:04:24.779+0000] {processor.py:153} INFO - Started process (PID=43947) to work on /opt/airflow/dags/five_by_five_dag.py
[2023-07-15T00:04:24.781+0000] {processor.py:743} INFO - Processing file /opt/airflow/dags/five_by_five_dag.py for tasks to queue
[2023-07-15T00:04:24.783+0000] {logging_mixin.py:137} INFO - [2023-07-15T00:04:24.783+0000] {dagbag.py:538} INFO - Filling up the DagBag from /opt/airflow/dags/five_by_five_dag.py
[2023-07-15T00:04:24.876+0000] {processor.py:753} INFO - DAG(s) dict_keys(['Five-By-Five-IP-to-Domain-Merge']) retrieved from /opt/airflow/dags/five_by_five_dag.py
[2023-07-15T00:04:24.892+0000] {logging_mixin.py:137} INFO - [2023-07-15T00:04:24.892+0000] {dag.py:2676} INFO - Sync 1 DAGs
[2023-07-15T00:04:24.909+0000] {logging_mixin.py:137} INFO - [2023-07-15T00:04:24.909+0000] {dag.py:3427} INFO - Setting next_dagrun for Five-By-Five-IP-to-Domain-Merge to 2023-07-02T00:00:00+00:00, run_after=2023-07-09T00:00:00+00:00
[2023-07-15T00:04:24.921+0000] {processor.py:175} INFO - Processing /opt/airflow/dags/five_by_five_dag.py took 0.145 seconds
[2023-07-15T00:04:56.031+0000] {processor.py:153} INFO - Started process (PID=44005) to work on /opt/airflow/dags/five_by_five_dag.py
[2023-07-15T00:04:56.033+0000] {processor.py:743} INFO - Processing file /opt/airflow/dags/five_by_five_dag.py for tasks to queue
[2023-07-15T00:04:56.035+0000] {logging_mixin.py:137} INFO - [2023-07-15T00:04:56.035+0000] {dagbag.py:538} INFO - Filling up the DagBag from /opt/airflow/dags/five_by_five_dag.py
[2023-07-15T00:04:56.138+0000] {processor.py:753} INFO - DAG(s) dict_keys(['Five-By-Five-IP-to-Domain-Merge']) retrieved from /opt/airflow/dags/five_by_five_dag.py
[2023-07-15T00:04:56.154+0000] {logging_mixin.py:137} INFO - [2023-07-15T00:04:56.154+0000] {dag.py:2676} INFO - Sync 1 DAGs
[2023-07-15T00:04:56.173+0000] {logging_mixin.py:137} INFO - [2023-07-15T00:04:56.173+0000] {dag.py:3427} INFO - Setting next_dagrun for Five-By-Five-IP-to-Domain-Merge to 2023-07-02T00:00:00+00:00, run_after=2023-07-09T00:00:00+00:00
[2023-07-15T00:04:56.186+0000] {processor.py:175} INFO - Processing /opt/airflow/dags/five_by_five_dag.py took 0.158 seconds
[2023-07-15T00:05:27.342+0000] {processor.py:153} INFO - Started process (PID=44062) to work on /opt/airflow/dags/five_by_five_dag.py
[2023-07-15T00:05:27.344+0000] {processor.py:743} INFO - Processing file /opt/airflow/dags/five_by_five_dag.py for tasks to queue
[2023-07-15T00:05:27.345+0000] {logging_mixin.py:137} INFO - [2023-07-15T00:05:27.345+0000] {dagbag.py:538} INFO - Filling up the DagBag from /opt/airflow/dags/five_by_five_dag.py
[2023-07-15T00:05:27.450+0000] {processor.py:753} INFO - DAG(s) dict_keys(['Five-By-Five-IP-to-Domain-Merge']) retrieved from /opt/airflow/dags/five_by_five_dag.py
[2023-07-15T00:05:27.466+0000] {logging_mixin.py:137} INFO - [2023-07-15T00:05:27.466+0000] {dag.py:2676} INFO - Sync 1 DAGs
[2023-07-15T00:05:27.483+0000] {logging_mixin.py:137} INFO - [2023-07-15T00:05:27.482+0000] {dag.py:3427} INFO - Setting next_dagrun for Five-By-Five-IP-to-Domain-Merge to 2023-07-02T00:00:00+00:00, run_after=2023-07-09T00:00:00+00:00
[2023-07-15T00:05:27.495+0000] {processor.py:175} INFO - Processing /opt/airflow/dags/five_by_five_dag.py took 0.156 seconds
[2023-07-15T00:05:58.698+0000] {processor.py:153} INFO - Started process (PID=44119) to work on /opt/airflow/dags/five_by_five_dag.py
[2023-07-15T00:05:58.700+0000] {processor.py:743} INFO - Processing file /opt/airflow/dags/five_by_five_dag.py for tasks to queue
[2023-07-15T00:05:58.701+0000] {logging_mixin.py:137} INFO - [2023-07-15T00:05:58.701+0000] {dagbag.py:538} INFO - Filling up the DagBag from /opt/airflow/dags/five_by_five_dag.py
[2023-07-15T00:05:58.807+0000] {processor.py:753} INFO - DAG(s) dict_keys(['Five-By-Five-IP-to-Domain-Merge']) retrieved from /opt/airflow/dags/five_by_five_dag.py
[2023-07-15T00:05:58.825+0000] {logging_mixin.py:137} INFO - [2023-07-15T00:05:58.824+0000] {dag.py:2676} INFO - Sync 1 DAGs
[2023-07-15T00:05:58.843+0000] {logging_mixin.py:137} INFO - [2023-07-15T00:05:58.843+0000] {dag.py:3427} INFO - Setting next_dagrun for Five-By-Five-IP-to-Domain-Merge to 2023-07-02T00:00:00+00:00, run_after=2023-07-09T00:00:00+00:00
[2023-07-15T00:05:58.858+0000] {processor.py:175} INFO - Processing /opt/airflow/dags/five_by_five_dag.py took 0.163 seconds
[2023-07-15T00:06:29.367+0000] {processor.py:153} INFO - Started process (PID=44164) to work on /opt/airflow/dags/five_by_five_dag.py
[2023-07-15T00:06:29.369+0000] {processor.py:743} INFO - Processing file /opt/airflow/dags/five_by_five_dag.py for tasks to queue
[2023-07-15T00:06:29.371+0000] {logging_mixin.py:137} INFO - [2023-07-15T00:06:29.371+0000] {dagbag.py:538} INFO - Filling up the DagBag from /opt/airflow/dags/five_by_five_dag.py
[2023-07-15T00:06:29.468+0000] {processor.py:753} INFO - DAG(s) dict_keys(['Five-By-Five-IP-to-Domain-Merge']) retrieved from /opt/airflow/dags/five_by_five_dag.py
[2023-07-15T00:06:29.484+0000] {logging_mixin.py:137} INFO - [2023-07-15T00:06:29.483+0000] {dag.py:2676} INFO - Sync 1 DAGs
[2023-07-15T00:06:29.501+0000] {logging_mixin.py:137} INFO - [2023-07-15T00:06:29.501+0000] {dag.py:3427} INFO - Setting next_dagrun for Five-By-Five-IP-to-Domain-Merge to 2023-07-02T00:00:00+00:00, run_after=2023-07-09T00:00:00+00:00
[2023-07-15T00:06:29.514+0000] {processor.py:175} INFO - Processing /opt/airflow/dags/five_by_five_dag.py took 0.151 seconds
[2023-07-15T00:07:00.450+0000] {processor.py:153} INFO - Started process (PID=44221) to work on /opt/airflow/dags/five_by_five_dag.py
[2023-07-15T00:07:00.451+0000] {processor.py:743} INFO - Processing file /opt/airflow/dags/five_by_five_dag.py for tasks to queue
[2023-07-15T00:07:00.453+0000] {logging_mixin.py:137} INFO - [2023-07-15T00:07:00.452+0000] {dagbag.py:538} INFO - Filling up the DagBag from /opt/airflow/dags/five_by_five_dag.py
[2023-07-15T00:07:00.548+0000] {processor.py:753} INFO - DAG(s) dict_keys(['Five-By-Five-IP-to-Domain-Merge']) retrieved from /opt/airflow/dags/five_by_five_dag.py
[2023-07-15T00:07:00.564+0000] {logging_mixin.py:137} INFO - [2023-07-15T00:07:00.564+0000] {dag.py:2676} INFO - Sync 1 DAGs
[2023-07-15T00:07:00.580+0000] {logging_mixin.py:137} INFO - [2023-07-15T00:07:00.580+0000] {dag.py:3427} INFO - Setting next_dagrun for Five-By-Five-IP-to-Domain-Merge to 2023-07-02T00:00:00+00:00, run_after=2023-07-09T00:00:00+00:00
[2023-07-15T00:07:00.593+0000] {processor.py:175} INFO - Processing /opt/airflow/dags/five_by_five_dag.py took 0.146 seconds
[2023-07-15T00:07:31.640+0000] {processor.py:153} INFO - Started process (PID=44277) to work on /opt/airflow/dags/five_by_five_dag.py
[2023-07-15T00:07:31.641+0000] {processor.py:743} INFO - Processing file /opt/airflow/dags/five_by_five_dag.py for tasks to queue
[2023-07-15T00:07:31.642+0000] {logging_mixin.py:137} INFO - [2023-07-15T00:07:31.642+0000] {dagbag.py:538} INFO - Filling up the DagBag from /opt/airflow/dags/five_by_five_dag.py
[2023-07-15T00:07:31.746+0000] {processor.py:753} INFO - DAG(s) dict_keys(['Five-By-Five-IP-to-Domain-Merge']) retrieved from /opt/airflow/dags/five_by_five_dag.py
[2023-07-15T00:07:31.762+0000] {logging_mixin.py:137} INFO - [2023-07-15T00:07:31.761+0000] {dag.py:2676} INFO - Sync 1 DAGs
[2023-07-15T00:07:31.780+0000] {logging_mixin.py:137} INFO - [2023-07-15T00:07:31.780+0000] {dag.py:3427} INFO - Setting next_dagrun for Five-By-Five-IP-to-Domain-Merge to 2023-07-02T00:00:00+00:00, run_after=2023-07-09T00:00:00+00:00
[2023-07-15T00:07:31.795+0000] {processor.py:175} INFO - Processing /opt/airflow/dags/five_by_five_dag.py took 0.157 seconds
[2023-07-15T00:08:02.569+0000] {processor.py:153} INFO - Started process (PID=44321) to work on /opt/airflow/dags/five_by_five_dag.py
[2023-07-15T00:08:02.571+0000] {processor.py:743} INFO - Processing file /opt/airflow/dags/five_by_five_dag.py for tasks to queue
[2023-07-15T00:08:02.579+0000] {logging_mixin.py:137} INFO - [2023-07-15T00:08:02.579+0000] {dagbag.py:538} INFO - Filling up the DagBag from /opt/airflow/dags/five_by_five_dag.py
[2023-07-15T00:08:02.680+0000] {processor.py:753} INFO - DAG(s) dict_keys(['Five-By-Five-IP-to-Domain-Merge']) retrieved from /opt/airflow/dags/five_by_five_dag.py
[2023-07-15T00:08:02.696+0000] {logging_mixin.py:137} INFO - [2023-07-15T00:08:02.696+0000] {dag.py:2676} INFO - Sync 1 DAGs
[2023-07-15T00:08:02.713+0000] {logging_mixin.py:137} INFO - [2023-07-15T00:08:02.713+0000] {dag.py:3427} INFO - Setting next_dagrun for Five-By-Five-IP-to-Domain-Merge to 2023-07-02T00:00:00+00:00, run_after=2023-07-09T00:00:00+00:00
[2023-07-15T00:08:02.725+0000] {processor.py:175} INFO - Processing /opt/airflow/dags/five_by_five_dag.py took 0.159 seconds
[2023-07-15T00:08:33.858+0000] {processor.py:153} INFO - Started process (PID=44378) to work on /opt/airflow/dags/five_by_five_dag.py
[2023-07-15T00:08:33.861+0000] {processor.py:743} INFO - Processing file /opt/airflow/dags/five_by_five_dag.py for tasks to queue
[2023-07-15T00:08:33.863+0000] {logging_mixin.py:137} INFO - [2023-07-15T00:08:33.863+0000] {dagbag.py:538} INFO - Filling up the DagBag from /opt/airflow/dags/five_by_five_dag.py
[2023-07-15T00:08:33.958+0000] {processor.py:753} INFO - DAG(s) dict_keys(['Five-By-Five-IP-to-Domain-Merge']) retrieved from /opt/airflow/dags/five_by_five_dag.py
[2023-07-15T00:08:33.974+0000] {logging_mixin.py:137} INFO - [2023-07-15T00:08:33.974+0000] {dag.py:2676} INFO - Sync 1 DAGs
[2023-07-15T00:08:33.990+0000] {logging_mixin.py:137} INFO - [2023-07-15T00:08:33.990+0000] {dag.py:3427} INFO - Setting next_dagrun for Five-By-Five-IP-to-Domain-Merge to 2023-07-02T00:00:00+00:00, run_after=2023-07-09T00:00:00+00:00
[2023-07-15T00:08:34.002+0000] {processor.py:175} INFO - Processing /opt/airflow/dags/five_by_five_dag.py took 0.147 seconds
[2023-07-15T00:09:04.771+0000] {processor.py:153} INFO - Started process (PID=44435) to work on /opt/airflow/dags/five_by_five_dag.py
[2023-07-15T00:09:04.773+0000] {processor.py:743} INFO - Processing file /opt/airflow/dags/five_by_five_dag.py for tasks to queue
[2023-07-15T00:09:04.775+0000] {logging_mixin.py:137} INFO - [2023-07-15T00:09:04.775+0000] {dagbag.py:538} INFO - Filling up the DagBag from /opt/airflow/dags/five_by_five_dag.py
[2023-07-15T00:09:04.876+0000] {processor.py:753} INFO - DAG(s) dict_keys(['Five-By-Five-IP-to-Domain-Merge']) retrieved from /opt/airflow/dags/five_by_five_dag.py
[2023-07-15T00:09:04.893+0000] {logging_mixin.py:137} INFO - [2023-07-15T00:09:04.892+0000] {dag.py:2676} INFO - Sync 1 DAGs
[2023-07-15T00:09:04.908+0000] {logging_mixin.py:137} INFO - [2023-07-15T00:09:04.908+0000] {dag.py:3427} INFO - Setting next_dagrun for Five-By-Five-IP-to-Domain-Merge to 2023-07-02T00:00:00+00:00, run_after=2023-07-09T00:00:00+00:00
[2023-07-15T00:09:04.921+0000] {processor.py:175} INFO - Processing /opt/airflow/dags/five_by_five_dag.py took 0.153 seconds
