[2023-07-15T00:00:18.724+0000] {processor.py:153} INFO - Started process (PID=43536) to work on /opt/airflow/dags/intent_scoring_dag.py
[2023-07-15T00:00:18.726+0000] {processor.py:743} INFO - Processing file /opt/airflow/dags/intent_scoring_dag.py for tasks to queue
[2023-07-15T00:00:18.727+0000] {logging_mixin.py:137} INFO - [2023-07-15T00:00:18.727+0000] {dagbag.py:538} INFO - Filling up the DagBag from /opt/airflow/dags/intent_scoring_dag.py
[2023-07-15T00:00:19.130+0000] {logging_mixin.py:137} WARNING - /home/airflow/.local/lib/python3.7/site-packages/snowflake/connector/options.py:109 UserWarning: You have an incompatible version of 'pyarrow' installed (9.0.0), please install a version that adheres to: 'pyarrow<10.1.0,>=10.0.1; extra == "pandas"'
[2023-07-15T00:00:19.206+0000] {processor.py:753} INFO - DAG(s) dict_keys(['Intent_Scoring']) retrieved from /opt/airflow/dags/intent_scoring_dag.py
[2023-07-15T00:00:19.224+0000] {logging_mixin.py:137} INFO - [2023-07-15T00:00:19.223+0000] {dag.py:2676} INFO - Sync 1 DAGs
[2023-07-15T00:00:19.239+0000] {logging_mixin.py:137} INFO - [2023-07-15T00:00:19.239+0000] {dag.py:3427} INFO - Setting next_dagrun for Intent_Scoring to 2023-07-02T00:00:00+00:00, run_after=2023-07-09T00:00:00+00:00
[2023-07-15T00:00:19.251+0000] {processor.py:175} INFO - Processing /opt/airflow/dags/intent_scoring_dag.py took 0.531 seconds
[2023-07-15T00:00:49.537+0000] {processor.py:153} INFO - Started process (PID=43590) to work on /opt/airflow/dags/intent_scoring_dag.py
[2023-07-15T00:00:49.538+0000] {processor.py:743} INFO - Processing file /opt/airflow/dags/intent_scoring_dag.py for tasks to queue
[2023-07-15T00:00:49.540+0000] {logging_mixin.py:137} INFO - [2023-07-15T00:00:49.540+0000] {dagbag.py:538} INFO - Filling up the DagBag from /opt/airflow/dags/intent_scoring_dag.py
[2023-07-15T00:00:49.974+0000] {logging_mixin.py:137} WARNING - /home/airflow/.local/lib/python3.7/site-packages/snowflake/connector/options.py:109 UserWarning: You have an incompatible version of 'pyarrow' installed (9.0.0), please install a version that adheres to: 'pyarrow<10.1.0,>=10.0.1; extra == "pandas"'
[2023-07-15T00:00:50.057+0000] {processor.py:753} INFO - DAG(s) dict_keys(['Intent_Scoring']) retrieved from /opt/airflow/dags/intent_scoring_dag.py
[2023-07-15T00:00:50.074+0000] {logging_mixin.py:137} INFO - [2023-07-15T00:00:50.074+0000] {dag.py:2676} INFO - Sync 1 DAGs
[2023-07-15T00:00:50.089+0000] {logging_mixin.py:137} INFO - [2023-07-15T00:00:50.088+0000] {dag.py:3427} INFO - Setting next_dagrun for Intent_Scoring to 2023-07-02T00:00:00+00:00, run_after=2023-07-09T00:00:00+00:00
[2023-07-15T00:00:50.102+0000] {processor.py:175} INFO - Processing /opt/airflow/dags/intent_scoring_dag.py took 0.568 seconds
[2023-07-15T00:01:20.261+0000] {processor.py:153} INFO - Started process (PID=43635) to work on /opt/airflow/dags/intent_scoring_dag.py
[2023-07-15T00:01:20.264+0000] {processor.py:743} INFO - Processing file /opt/airflow/dags/intent_scoring_dag.py for tasks to queue
[2023-07-15T00:01:20.266+0000] {logging_mixin.py:137} INFO - [2023-07-15T00:01:20.265+0000] {dagbag.py:538} INFO - Filling up the DagBag from /opt/airflow/dags/intent_scoring_dag.py
[2023-07-15T00:01:20.694+0000] {logging_mixin.py:137} WARNING - /home/airflow/.local/lib/python3.7/site-packages/snowflake/connector/options.py:109 UserWarning: You have an incompatible version of 'pyarrow' installed (9.0.0), please install a version that adheres to: 'pyarrow<10.1.0,>=10.0.1; extra == "pandas"'
[2023-07-15T00:01:20.777+0000] {processor.py:753} INFO - DAG(s) dict_keys(['Intent_Scoring']) retrieved from /opt/airflow/dags/intent_scoring_dag.py
[2023-07-15T00:01:20.794+0000] {logging_mixin.py:137} INFO - [2023-07-15T00:01:20.793+0000] {dag.py:2676} INFO - Sync 1 DAGs
[2023-07-15T00:01:20.810+0000] {logging_mixin.py:137} INFO - [2023-07-15T00:01:20.810+0000] {dag.py:3427} INFO - Setting next_dagrun for Intent_Scoring to 2023-07-02T00:00:00+00:00, run_after=2023-07-09T00:00:00+00:00
[2023-07-15T00:01:20.822+0000] {processor.py:175} INFO - Processing /opt/airflow/dags/intent_scoring_dag.py took 0.565 seconds
[2023-07-15T00:01:51.461+0000] {processor.py:153} INFO - Started process (PID=43693) to work on /opt/airflow/dags/intent_scoring_dag.py
[2023-07-15T00:01:51.463+0000] {processor.py:743} INFO - Processing file /opt/airflow/dags/intent_scoring_dag.py for tasks to queue
[2023-07-15T00:01:51.464+0000] {logging_mixin.py:137} INFO - [2023-07-15T00:01:51.464+0000] {dagbag.py:538} INFO - Filling up the DagBag from /opt/airflow/dags/intent_scoring_dag.py
[2023-07-15T00:01:51.873+0000] {logging_mixin.py:137} WARNING - /home/airflow/.local/lib/python3.7/site-packages/snowflake/connector/options.py:109 UserWarning: You have an incompatible version of 'pyarrow' installed (9.0.0), please install a version that adheres to: 'pyarrow<10.1.0,>=10.0.1; extra == "pandas"'
[2023-07-15T00:01:51.951+0000] {processor.py:753} INFO - DAG(s) dict_keys(['Intent_Scoring']) retrieved from /opt/airflow/dags/intent_scoring_dag.py
[2023-07-15T00:01:51.969+0000] {logging_mixin.py:137} INFO - [2023-07-15T00:01:51.968+0000] {dag.py:2676} INFO - Sync 1 DAGs
[2023-07-15T00:01:51.984+0000] {logging_mixin.py:137} INFO - [2023-07-15T00:01:51.984+0000] {dag.py:3427} INFO - Setting next_dagrun for Intent_Scoring to 2023-07-02T00:00:00+00:00, run_after=2023-07-09T00:00:00+00:00
[2023-07-15T00:01:51.996+0000] {processor.py:175} INFO - Processing /opt/airflow/dags/intent_scoring_dag.py took 0.539 seconds
[2023-07-15T00:02:22.506+0000] {processor.py:153} INFO - Started process (PID=43750) to work on /opt/airflow/dags/intent_scoring_dag.py
[2023-07-15T00:02:22.508+0000] {processor.py:743} INFO - Processing file /opt/airflow/dags/intent_scoring_dag.py for tasks to queue
[2023-07-15T00:02:22.509+0000] {logging_mixin.py:137} INFO - [2023-07-15T00:02:22.509+0000] {dagbag.py:538} INFO - Filling up the DagBag from /opt/airflow/dags/intent_scoring_dag.py
[2023-07-15T00:02:22.900+0000] {logging_mixin.py:137} WARNING - /home/airflow/.local/lib/python3.7/site-packages/snowflake/connector/options.py:109 UserWarning: You have an incompatible version of 'pyarrow' installed (9.0.0), please install a version that adheres to: 'pyarrow<10.1.0,>=10.0.1; extra == "pandas"'
[2023-07-15T00:02:22.977+0000] {processor.py:753} INFO - DAG(s) dict_keys(['Intent_Scoring']) retrieved from /opt/airflow/dags/intent_scoring_dag.py
[2023-07-15T00:02:22.993+0000] {logging_mixin.py:137} INFO - [2023-07-15T00:02:22.992+0000] {dag.py:2676} INFO - Sync 1 DAGs
[2023-07-15T00:02:23.008+0000] {logging_mixin.py:137} INFO - [2023-07-15T00:02:23.008+0000] {dag.py:3427} INFO - Setting next_dagrun for Intent_Scoring to 2023-07-02T00:00:00+00:00, run_after=2023-07-09T00:00:00+00:00
[2023-07-15T00:02:23.021+0000] {processor.py:175} INFO - Processing /opt/airflow/dags/intent_scoring_dag.py took 0.519 seconds
[2023-07-15T00:02:53.263+0000] {processor.py:153} INFO - Started process (PID=43795) to work on /opt/airflow/dags/intent_scoring_dag.py
[2023-07-15T00:02:53.268+0000] {processor.py:743} INFO - Processing file /opt/airflow/dags/intent_scoring_dag.py for tasks to queue
[2023-07-15T00:02:53.269+0000] {logging_mixin.py:137} INFO - [2023-07-15T00:02:53.269+0000] {dagbag.py:538} INFO - Filling up the DagBag from /opt/airflow/dags/intent_scoring_dag.py
[2023-07-15T00:02:53.683+0000] {logging_mixin.py:137} WARNING - /home/airflow/.local/lib/python3.7/site-packages/snowflake/connector/options.py:109 UserWarning: You have an incompatible version of 'pyarrow' installed (9.0.0), please install a version that adheres to: 'pyarrow<10.1.0,>=10.0.1; extra == "pandas"'
[2023-07-15T00:02:53.795+0000] {processor.py:753} INFO - DAG(s) dict_keys(['Intent_Scoring']) retrieved from /opt/airflow/dags/intent_scoring_dag.py
[2023-07-15T00:02:53.814+0000] {logging_mixin.py:137} INFO - [2023-07-15T00:02:53.814+0000] {dag.py:2676} INFO - Sync 1 DAGs
[2023-07-15T00:02:53.836+0000] {logging_mixin.py:137} INFO - [2023-07-15T00:02:53.836+0000] {dag.py:3427} INFO - Setting next_dagrun for Intent_Scoring to 2023-07-02T00:00:00+00:00, run_after=2023-07-09T00:00:00+00:00
[2023-07-15T00:02:53.849+0000] {processor.py:175} INFO - Processing /opt/airflow/dags/intent_scoring_dag.py took 0.589 seconds
[2023-07-15T00:03:23.959+0000] {processor.py:153} INFO - Started process (PID=43850) to work on /opt/airflow/dags/intent_scoring_dag.py
[2023-07-15T00:03:23.962+0000] {processor.py:743} INFO - Processing file /opt/airflow/dags/intent_scoring_dag.py for tasks to queue
[2023-07-15T00:03:23.964+0000] {logging_mixin.py:137} INFO - [2023-07-15T00:03:23.964+0000] {dagbag.py:538} INFO - Filling up the DagBag from /opt/airflow/dags/intent_scoring_dag.py
[2023-07-15T00:03:24.386+0000] {logging_mixin.py:137} WARNING - /home/airflow/.local/lib/python3.7/site-packages/snowflake/connector/options.py:109 UserWarning: You have an incompatible version of 'pyarrow' installed (9.0.0), please install a version that adheres to: 'pyarrow<10.1.0,>=10.0.1; extra == "pandas"'
[2023-07-15T00:03:24.470+0000] {processor.py:753} INFO - DAG(s) dict_keys(['Intent_Scoring']) retrieved from /opt/airflow/dags/intent_scoring_dag.py
[2023-07-15T00:03:24.490+0000] {logging_mixin.py:137} INFO - [2023-07-15T00:03:24.490+0000] {dag.py:2676} INFO - Sync 1 DAGs
[2023-07-15T00:03:24.506+0000] {logging_mixin.py:137} INFO - [2023-07-15T00:03:24.506+0000] {dag.py:3427} INFO - Setting next_dagrun for Intent_Scoring to 2023-07-02T00:00:00+00:00, run_after=2023-07-09T00:00:00+00:00
[2023-07-15T00:03:24.521+0000] {processor.py:175} INFO - Processing /opt/airflow/dags/intent_scoring_dag.py took 0.566 seconds
[2023-07-15T00:03:54.857+0000] {processor.py:153} INFO - Started process (PID=43907) to work on /opt/airflow/dags/intent_scoring_dag.py
[2023-07-15T00:03:54.859+0000] {processor.py:743} INFO - Processing file /opt/airflow/dags/intent_scoring_dag.py for tasks to queue
[2023-07-15T00:03:54.861+0000] {logging_mixin.py:137} INFO - [2023-07-15T00:03:54.861+0000] {dagbag.py:538} INFO - Filling up the DagBag from /opt/airflow/dags/intent_scoring_dag.py
[2023-07-15T00:03:55.269+0000] {logging_mixin.py:137} WARNING - /home/airflow/.local/lib/python3.7/site-packages/snowflake/connector/options.py:109 UserWarning: You have an incompatible version of 'pyarrow' installed (9.0.0), please install a version that adheres to: 'pyarrow<10.1.0,>=10.0.1; extra == "pandas"'
[2023-07-15T00:03:55.346+0000] {processor.py:753} INFO - DAG(s) dict_keys(['Intent_Scoring']) retrieved from /opt/airflow/dags/intent_scoring_dag.py
[2023-07-15T00:03:55.363+0000] {logging_mixin.py:137} INFO - [2023-07-15T00:03:55.363+0000] {dag.py:2676} INFO - Sync 1 DAGs
[2023-07-15T00:03:55.378+0000] {logging_mixin.py:137} INFO - [2023-07-15T00:03:55.378+0000] {dag.py:3427} INFO - Setting next_dagrun for Intent_Scoring to 2023-07-02T00:00:00+00:00, run_after=2023-07-09T00:00:00+00:00
[2023-07-15T00:03:55.390+0000] {processor.py:175} INFO - Processing /opt/airflow/dags/intent_scoring_dag.py took 0.537 seconds
[2023-07-15T00:04:25.819+0000] {processor.py:153} INFO - Started process (PID=43961) to work on /opt/airflow/dags/intent_scoring_dag.py
[2023-07-15T00:04:25.821+0000] {processor.py:743} INFO - Processing file /opt/airflow/dags/intent_scoring_dag.py for tasks to queue
[2023-07-15T00:04:25.822+0000] {logging_mixin.py:137} INFO - [2023-07-15T00:04:25.822+0000] {dagbag.py:538} INFO - Filling up the DagBag from /opt/airflow/dags/intent_scoring_dag.py
[2023-07-15T00:04:26.332+0000] {logging_mixin.py:137} WARNING - /home/airflow/.local/lib/python3.7/site-packages/snowflake/connector/options.py:109 UserWarning: You have an incompatible version of 'pyarrow' installed (9.0.0), please install a version that adheres to: 'pyarrow<10.1.0,>=10.0.1; extra == "pandas"'
[2023-07-15T00:04:26.421+0000] {processor.py:753} INFO - DAG(s) dict_keys(['Intent_Scoring']) retrieved from /opt/airflow/dags/intent_scoring_dag.py
[2023-07-15T00:04:26.437+0000] {logging_mixin.py:137} INFO - [2023-07-15T00:04:26.437+0000] {dag.py:2676} INFO - Sync 1 DAGs
[2023-07-15T00:04:26.468+0000] {logging_mixin.py:137} INFO - [2023-07-15T00:04:26.468+0000] {dag.py:3427} INFO - Setting next_dagrun for Intent_Scoring to 2023-07-02T00:00:00+00:00, run_after=2023-07-09T00:00:00+00:00
[2023-07-15T00:04:26.487+0000] {processor.py:175} INFO - Processing /opt/airflow/dags/intent_scoring_dag.py took 0.674 seconds
[2023-07-15T00:04:57.117+0000] {processor.py:153} INFO - Started process (PID=44010) to work on /opt/airflow/dags/intent_scoring_dag.py
[2023-07-15T00:04:57.119+0000] {processor.py:743} INFO - Processing file /opt/airflow/dags/intent_scoring_dag.py for tasks to queue
[2023-07-15T00:04:57.121+0000] {logging_mixin.py:137} INFO - [2023-07-15T00:04:57.121+0000] {dagbag.py:538} INFO - Filling up the DagBag from /opt/airflow/dags/intent_scoring_dag.py
[2023-07-15T00:04:57.552+0000] {logging_mixin.py:137} WARNING - /home/airflow/.local/lib/python3.7/site-packages/snowflake/connector/options.py:109 UserWarning: You have an incompatible version of 'pyarrow' installed (9.0.0), please install a version that adheres to: 'pyarrow<10.1.0,>=10.0.1; extra == "pandas"'
[2023-07-15T00:04:57.630+0000] {processor.py:753} INFO - DAG(s) dict_keys(['Intent_Scoring']) retrieved from /opt/airflow/dags/intent_scoring_dag.py
[2023-07-15T00:04:57.694+0000] {logging_mixin.py:137} INFO - [2023-07-15T00:04:57.693+0000] {dag.py:2676} INFO - Sync 1 DAGs
[2023-07-15T00:04:57.709+0000] {logging_mixin.py:137} INFO - [2023-07-15T00:04:57.708+0000] {dag.py:3427} INFO - Setting next_dagrun for Intent_Scoring to 2023-07-02T00:00:00+00:00, run_after=2023-07-09T00:00:00+00:00
[2023-07-15T00:04:57.720+0000] {processor.py:175} INFO - Processing /opt/airflow/dags/intent_scoring_dag.py took 0.606 seconds
[2023-07-15T00:05:28.382+0000] {processor.py:153} INFO - Started process (PID=44067) to work on /opt/airflow/dags/intent_scoring_dag.py
[2023-07-15T00:05:28.384+0000] {processor.py:743} INFO - Processing file /opt/airflow/dags/intent_scoring_dag.py for tasks to queue
[2023-07-15T00:05:28.386+0000] {logging_mixin.py:137} INFO - [2023-07-15T00:05:28.386+0000] {dagbag.py:538} INFO - Filling up the DagBag from /opt/airflow/dags/intent_scoring_dag.py
[2023-07-15T00:05:28.787+0000] {logging_mixin.py:137} WARNING - /home/airflow/.local/lib/python3.7/site-packages/snowflake/connector/options.py:109 UserWarning: You have an incompatible version of 'pyarrow' installed (9.0.0), please install a version that adheres to: 'pyarrow<10.1.0,>=10.0.1; extra == "pandas"'
[2023-07-15T00:05:28.867+0000] {processor.py:753} INFO - DAG(s) dict_keys(['Intent_Scoring']) retrieved from /opt/airflow/dags/intent_scoring_dag.py
[2023-07-15T00:05:28.886+0000] {logging_mixin.py:137} INFO - [2023-07-15T00:05:28.886+0000] {dag.py:2676} INFO - Sync 1 DAGs
[2023-07-15T00:05:28.901+0000] {logging_mixin.py:137} INFO - [2023-07-15T00:05:28.901+0000] {dag.py:3427} INFO - Setting next_dagrun for Intent_Scoring to 2023-07-02T00:00:00+00:00, run_after=2023-07-09T00:00:00+00:00
[2023-07-15T00:05:28.914+0000] {processor.py:175} INFO - Processing /opt/airflow/dags/intent_scoring_dag.py took 0.534 seconds
[2023-07-15T00:05:59.499+0000] {processor.py:153} INFO - Started process (PID=44124) to work on /opt/airflow/dags/intent_scoring_dag.py
[2023-07-15T00:05:59.502+0000] {processor.py:743} INFO - Processing file /opt/airflow/dags/intent_scoring_dag.py for tasks to queue
[2023-07-15T00:05:59.504+0000] {logging_mixin.py:137} INFO - [2023-07-15T00:05:59.504+0000] {dagbag.py:538} INFO - Filling up the DagBag from /opt/airflow/dags/intent_scoring_dag.py
[2023-07-15T00:05:59.895+0000] {logging_mixin.py:137} WARNING - /home/airflow/.local/lib/python3.7/site-packages/snowflake/connector/options.py:109 UserWarning: You have an incompatible version of 'pyarrow' installed (9.0.0), please install a version that adheres to: 'pyarrow<10.1.0,>=10.0.1; extra == "pandas"'
[2023-07-15T00:05:59.974+0000] {processor.py:753} INFO - DAG(s) dict_keys(['Intent_Scoring']) retrieved from /opt/airflow/dags/intent_scoring_dag.py
[2023-07-15T00:05:59.992+0000] {logging_mixin.py:137} INFO - [2023-07-15T00:05:59.992+0000] {dag.py:2676} INFO - Sync 1 DAGs
[2023-07-15T00:06:00.009+0000] {logging_mixin.py:137} INFO - [2023-07-15T00:06:00.009+0000] {dag.py:3427} INFO - Setting next_dagrun for Intent_Scoring to 2023-07-02T00:00:00+00:00, run_after=2023-07-09T00:00:00+00:00
[2023-07-15T00:06:00.023+0000] {processor.py:175} INFO - Processing /opt/airflow/dags/intent_scoring_dag.py took 0.528 seconds
[2023-07-15T00:06:30.384+0000] {processor.py:153} INFO - Started process (PID=44169) to work on /opt/airflow/dags/intent_scoring_dag.py
[2023-07-15T00:06:30.387+0000] {processor.py:743} INFO - Processing file /opt/airflow/dags/intent_scoring_dag.py for tasks to queue
[2023-07-15T00:06:30.389+0000] {logging_mixin.py:137} INFO - [2023-07-15T00:06:30.389+0000] {dagbag.py:538} INFO - Filling up the DagBag from /opt/airflow/dags/intent_scoring_dag.py
[2023-07-15T00:06:30.794+0000] {logging_mixin.py:137} WARNING - /home/airflow/.local/lib/python3.7/site-packages/snowflake/connector/options.py:109 UserWarning: You have an incompatible version of 'pyarrow' installed (9.0.0), please install a version that adheres to: 'pyarrow<10.1.0,>=10.0.1; extra == "pandas"'
[2023-07-15T00:06:30.871+0000] {processor.py:753} INFO - DAG(s) dict_keys(['Intent_Scoring']) retrieved from /opt/airflow/dags/intent_scoring_dag.py
[2023-07-15T00:06:30.887+0000] {logging_mixin.py:137} INFO - [2023-07-15T00:06:30.886+0000] {dag.py:2676} INFO - Sync 1 DAGs
[2023-07-15T00:06:30.902+0000] {logging_mixin.py:137} INFO - [2023-07-15T00:06:30.902+0000] {dag.py:3427} INFO - Setting next_dagrun for Intent_Scoring to 2023-07-02T00:00:00+00:00, run_after=2023-07-09T00:00:00+00:00
[2023-07-15T00:06:30.915+0000] {processor.py:175} INFO - Processing /opt/airflow/dags/intent_scoring_dag.py took 0.534 seconds
[2023-07-15T00:07:01.429+0000] {processor.py:153} INFO - Started process (PID=44226) to work on /opt/airflow/dags/intent_scoring_dag.py
[2023-07-15T00:07:01.431+0000] {processor.py:743} INFO - Processing file /opt/airflow/dags/intent_scoring_dag.py for tasks to queue
[2023-07-15T00:07:01.433+0000] {logging_mixin.py:137} INFO - [2023-07-15T00:07:01.433+0000] {dagbag.py:538} INFO - Filling up the DagBag from /opt/airflow/dags/intent_scoring_dag.py
[2023-07-15T00:07:01.856+0000] {logging_mixin.py:137} WARNING - /home/airflow/.local/lib/python3.7/site-packages/snowflake/connector/options.py:109 UserWarning: You have an incompatible version of 'pyarrow' installed (9.0.0), please install a version that adheres to: 'pyarrow<10.1.0,>=10.0.1; extra == "pandas"'
[2023-07-15T00:07:01.935+0000] {processor.py:753} INFO - DAG(s) dict_keys(['Intent_Scoring']) retrieved from /opt/airflow/dags/intent_scoring_dag.py
[2023-07-15T00:07:01.952+0000] {logging_mixin.py:137} INFO - [2023-07-15T00:07:01.952+0000] {dag.py:2676} INFO - Sync 1 DAGs
[2023-07-15T00:07:01.968+0000] {logging_mixin.py:137} INFO - [2023-07-15T00:07:01.968+0000] {dag.py:3427} INFO - Setting next_dagrun for Intent_Scoring to 2023-07-02T00:00:00+00:00, run_after=2023-07-09T00:00:00+00:00
[2023-07-15T00:07:01.981+0000] {processor.py:175} INFO - Processing /opt/airflow/dags/intent_scoring_dag.py took 0.555 seconds
[2023-07-15T00:07:32.430+0000] {processor.py:153} INFO - Started process (PID=44282) to work on /opt/airflow/dags/intent_scoring_dag.py
[2023-07-15T00:07:32.432+0000] {processor.py:743} INFO - Processing file /opt/airflow/dags/intent_scoring_dag.py for tasks to queue
[2023-07-15T00:07:32.434+0000] {logging_mixin.py:137} INFO - [2023-07-15T00:07:32.434+0000] {dagbag.py:538} INFO - Filling up the DagBag from /opt/airflow/dags/intent_scoring_dag.py
[2023-07-15T00:07:32.831+0000] {logging_mixin.py:137} WARNING - /home/airflow/.local/lib/python3.7/site-packages/snowflake/connector/options.py:109 UserWarning: You have an incompatible version of 'pyarrow' installed (9.0.0), please install a version that adheres to: 'pyarrow<10.1.0,>=10.0.1; extra == "pandas"'
[2023-07-15T00:07:32.908+0000] {processor.py:753} INFO - DAG(s) dict_keys(['Intent_Scoring']) retrieved from /opt/airflow/dags/intent_scoring_dag.py
[2023-07-15T00:07:32.925+0000] {logging_mixin.py:137} INFO - [2023-07-15T00:07:32.925+0000] {dag.py:2676} INFO - Sync 1 DAGs
[2023-07-15T00:07:32.941+0000] {logging_mixin.py:137} INFO - [2023-07-15T00:07:32.941+0000] {dag.py:3427} INFO - Setting next_dagrun for Intent_Scoring to 2023-07-02T00:00:00+00:00, run_after=2023-07-09T00:00:00+00:00
[2023-07-15T00:07:32.954+0000] {processor.py:175} INFO - Processing /opt/airflow/dags/intent_scoring_dag.py took 0.528 seconds
[2023-07-15T00:08:03.444+0000] {processor.py:153} INFO - Started process (PID=44332) to work on /opt/airflow/dags/intent_scoring_dag.py
[2023-07-15T00:08:03.449+0000] {processor.py:743} INFO - Processing file /opt/airflow/dags/intent_scoring_dag.py for tasks to queue
[2023-07-15T00:08:03.451+0000] {logging_mixin.py:137} INFO - [2023-07-15T00:08:03.451+0000] {dagbag.py:538} INFO - Filling up the DagBag from /opt/airflow/dags/intent_scoring_dag.py
[2023-07-15T00:08:04.076+0000] {logging_mixin.py:137} WARNING - /home/airflow/.local/lib/python3.7/site-packages/snowflake/connector/options.py:109 UserWarning: You have an incompatible version of 'pyarrow' installed (9.0.0), please install a version that adheres to: 'pyarrow<10.1.0,>=10.0.1; extra == "pandas"'
[2023-07-15T00:08:04.260+0000] {processor.py:753} INFO - DAG(s) dict_keys(['Intent_Scoring']) retrieved from /opt/airflow/dags/intent_scoring_dag.py
[2023-07-15T00:08:04.292+0000] {logging_mixin.py:137} INFO - [2023-07-15T00:08:04.292+0000] {dag.py:2676} INFO - Sync 1 DAGs
[2023-07-15T00:08:04.326+0000] {logging_mixin.py:137} INFO - [2023-07-15T00:08:04.326+0000] {dag.py:3427} INFO - Setting next_dagrun for Intent_Scoring to 2023-07-02T00:00:00+00:00, run_after=2023-07-09T00:00:00+00:00
[2023-07-15T00:08:04.350+0000] {processor.py:175} INFO - Processing /opt/airflow/dags/intent_scoring_dag.py took 0.910 seconds
[2023-07-15T00:08:34.792+0000] {processor.py:153} INFO - Started process (PID=44383) to work on /opt/airflow/dags/intent_scoring_dag.py
[2023-07-15T00:08:34.794+0000] {processor.py:743} INFO - Processing file /opt/airflow/dags/intent_scoring_dag.py for tasks to queue
[2023-07-15T00:08:34.795+0000] {logging_mixin.py:137} INFO - [2023-07-15T00:08:34.795+0000] {dagbag.py:538} INFO - Filling up the DagBag from /opt/airflow/dags/intent_scoring_dag.py
[2023-07-15T00:08:35.192+0000] {logging_mixin.py:137} WARNING - /home/airflow/.local/lib/python3.7/site-packages/snowflake/connector/options.py:109 UserWarning: You have an incompatible version of 'pyarrow' installed (9.0.0), please install a version that adheres to: 'pyarrow<10.1.0,>=10.0.1; extra == "pandas"'
[2023-07-15T00:08:35.271+0000] {processor.py:753} INFO - DAG(s) dict_keys(['Intent_Scoring']) retrieved from /opt/airflow/dags/intent_scoring_dag.py
[2023-07-15T00:08:35.288+0000] {logging_mixin.py:137} INFO - [2023-07-15T00:08:35.288+0000] {dag.py:2676} INFO - Sync 1 DAGs
[2023-07-15T00:08:35.303+0000] {logging_mixin.py:137} INFO - [2023-07-15T00:08:35.303+0000] {dag.py:3427} INFO - Setting next_dagrun for Intent_Scoring to 2023-07-02T00:00:00+00:00, run_after=2023-07-09T00:00:00+00:00
[2023-07-15T00:08:35.315+0000] {processor.py:175} INFO - Processing /opt/airflow/dags/intent_scoring_dag.py took 0.526 seconds
[2023-07-15T00:09:05.562+0000] {processor.py:153} INFO - Started process (PID=44440) to work on /opt/airflow/dags/intent_scoring_dag.py
[2023-07-15T00:09:05.565+0000] {processor.py:743} INFO - Processing file /opt/airflow/dags/intent_scoring_dag.py for tasks to queue
[2023-07-15T00:09:05.567+0000] {logging_mixin.py:137} INFO - [2023-07-15T00:09:05.567+0000] {dagbag.py:538} INFO - Filling up the DagBag from /opt/airflow/dags/intent_scoring_dag.py
[2023-07-15T00:09:05.962+0000] {logging_mixin.py:137} WARNING - /home/airflow/.local/lib/python3.7/site-packages/snowflake/connector/options.py:109 UserWarning: You have an incompatible version of 'pyarrow' installed (9.0.0), please install a version that adheres to: 'pyarrow<10.1.0,>=10.0.1; extra == "pandas"'
[2023-07-15T00:09:06.042+0000] {processor.py:753} INFO - DAG(s) dict_keys(['Intent_Scoring']) retrieved from /opt/airflow/dags/intent_scoring_dag.py
[2023-07-15T00:09:06.064+0000] {logging_mixin.py:137} INFO - [2023-07-15T00:09:06.064+0000] {dag.py:2676} INFO - Sync 1 DAGs
[2023-07-15T00:09:06.079+0000] {logging_mixin.py:137} INFO - [2023-07-15T00:09:06.079+0000] {dag.py:3427} INFO - Setting next_dagrun for Intent_Scoring to 2023-07-02T00:00:00+00:00, run_after=2023-07-09T00:00:00+00:00
[2023-07-15T00:09:06.094+0000] {processor.py:175} INFO - Processing /opt/airflow/dags/intent_scoring_dag.py took 0.535 seconds
