[2023-07-15T00:00:17.323+0000] {processor.py:153} INFO - Started process (PID=43526) to work on /opt/airflow/dags/ip_flow_dag.py
[2023-07-15T00:00:17.326+0000] {processor.py:743} INFO - Processing file /opt/airflow/dags/ip_flow_dag.py for tasks to queue
[2023-07-15T00:00:17.328+0000] {logging_mixin.py:137} INFO - [2023-07-15T00:00:17.327+0000] {dagbag.py:538} INFO - Filling up the DagBag from /opt/airflow/dags/ip_flow_dag.py
[2023-07-15T00:00:17.691+0000] {logging_mixin.py:137} WARNING - /home/airflow/.local/lib/python3.7/site-packages/snowflake/connector/options.py:109 UserWarning: You have an incompatible version of 'pyarrow' installed (9.0.0), please install a version that adheres to: 'pyarrow<10.1.0,>=10.0.1; extra == "pandas"'
[2023-07-15T00:00:17.819+0000] {processor.py:753} INFO - DAG(s) dict_keys(['IP-Flow-Ingestion']) retrieved from /opt/airflow/dags/ip_flow_dag.py
[2023-07-15T00:00:17.838+0000] {logging_mixin.py:137} INFO - [2023-07-15T00:00:17.838+0000] {dag.py:2676} INFO - Sync 1 DAGs
[2023-07-15T00:00:17.854+0000] {logging_mixin.py:137} INFO - [2023-07-15T00:00:17.854+0000] {dag.py:3427} INFO - Setting next_dagrun for IP-Flow-Ingestion to 2023-07-14T00:00:00+00:00, run_after=2023-07-15T00:00:00+00:00
[2023-07-15T00:00:17.869+0000] {processor.py:175} INFO - Processing /opt/airflow/dags/ip_flow_dag.py took 0.549 seconds
[2023-07-15T00:00:48.180+0000] {processor.py:153} INFO - Started process (PID=43578) to work on /opt/airflow/dags/ip_flow_dag.py
[2023-07-15T00:00:48.184+0000] {processor.py:743} INFO - Processing file /opt/airflow/dags/ip_flow_dag.py for tasks to queue
[2023-07-15T00:00:48.187+0000] {logging_mixin.py:137} INFO - [2023-07-15T00:00:48.186+0000] {dagbag.py:538} INFO - Filling up the DagBag from /opt/airflow/dags/ip_flow_dag.py
[2023-07-15T00:00:48.851+0000] {logging_mixin.py:137} WARNING - /home/airflow/.local/lib/python3.7/site-packages/snowflake/connector/options.py:109 UserWarning: You have an incompatible version of 'pyarrow' installed (9.0.0), please install a version that adheres to: 'pyarrow<10.1.0,>=10.0.1; extra == "pandas"'
[2023-07-15T00:00:48.992+0000] {processor.py:753} INFO - DAG(s) dict_keys(['IP-Flow-Ingestion']) retrieved from /opt/airflow/dags/ip_flow_dag.py
[2023-07-15T00:00:49.011+0000] {logging_mixin.py:137} INFO - [2023-07-15T00:00:49.011+0000] {dag.py:2676} INFO - Sync 1 DAGs
[2023-07-15T00:00:49.032+0000] {logging_mixin.py:137} INFO - [2023-07-15T00:00:49.032+0000] {dag.py:3427} INFO - Setting next_dagrun for IP-Flow-Ingestion to 2023-07-14T00:00:00+00:00, run_after=2023-07-15T00:00:00+00:00
[2023-07-15T00:00:49.046+0000] {processor.py:175} INFO - Processing /opt/airflow/dags/ip_flow_dag.py took 0.877 seconds
[2023-07-15T00:01:19.650+0000] {processor.py:153} INFO - Started process (PID=43628) to work on /opt/airflow/dags/ip_flow_dag.py
[2023-07-15T00:01:19.652+0000] {processor.py:743} INFO - Processing file /opt/airflow/dags/ip_flow_dag.py for tasks to queue
[2023-07-15T00:01:19.654+0000] {logging_mixin.py:137} INFO - [2023-07-15T00:01:19.654+0000] {dagbag.py:538} INFO - Filling up the DagBag from /opt/airflow/dags/ip_flow_dag.py
[2023-07-15T00:01:20.009+0000] {logging_mixin.py:137} WARNING - /home/airflow/.local/lib/python3.7/site-packages/snowflake/connector/options.py:109 UserWarning: You have an incompatible version of 'pyarrow' installed (9.0.0), please install a version that adheres to: 'pyarrow<10.1.0,>=10.0.1; extra == "pandas"'
[2023-07-15T00:01:20.148+0000] {processor.py:753} INFO - DAG(s) dict_keys(['IP-Flow-Ingestion']) retrieved from /opt/airflow/dags/ip_flow_dag.py
[2023-07-15T00:01:20.165+0000] {logging_mixin.py:137} INFO - [2023-07-15T00:01:20.165+0000] {dag.py:2676} INFO - Sync 1 DAGs
[2023-07-15T00:01:20.180+0000] {logging_mixin.py:137} INFO - [2023-07-15T00:01:20.180+0000] {dag.py:3427} INFO - Setting next_dagrun for IP-Flow-Ingestion to 2023-07-14T00:00:00+00:00, run_after=2023-07-15T00:00:00+00:00
[2023-07-15T00:01:20.193+0000] {processor.py:175} INFO - Processing /opt/airflow/dags/ip_flow_dag.py took 0.546 seconds
[2023-07-15T00:01:50.264+0000] {processor.py:153} INFO - Started process (PID=43685) to work on /opt/airflow/dags/ip_flow_dag.py
[2023-07-15T00:01:50.267+0000] {processor.py:743} INFO - Processing file /opt/airflow/dags/ip_flow_dag.py for tasks to queue
[2023-07-15T00:01:50.269+0000] {logging_mixin.py:137} INFO - [2023-07-15T00:01:50.269+0000] {dagbag.py:538} INFO - Filling up the DagBag from /opt/airflow/dags/ip_flow_dag.py
[2023-07-15T00:01:50.635+0000] {logging_mixin.py:137} WARNING - /home/airflow/.local/lib/python3.7/site-packages/snowflake/connector/options.py:109 UserWarning: You have an incompatible version of 'pyarrow' installed (9.0.0), please install a version that adheres to: 'pyarrow<10.1.0,>=10.0.1; extra == "pandas"'
[2023-07-15T00:01:50.760+0000] {processor.py:753} INFO - DAG(s) dict_keys(['IP-Flow-Ingestion']) retrieved from /opt/airflow/dags/ip_flow_dag.py
[2023-07-15T00:01:50.777+0000] {logging_mixin.py:137} INFO - [2023-07-15T00:01:50.777+0000] {dag.py:2676} INFO - Sync 1 DAGs
[2023-07-15T00:01:50.790+0000] {logging_mixin.py:137} INFO - [2023-07-15T00:01:50.790+0000] {dag.py:3427} INFO - Setting next_dagrun for IP-Flow-Ingestion to 2023-07-14T00:00:00+00:00, run_after=2023-07-15T00:00:00+00:00
[2023-07-15T00:01:50.801+0000] {processor.py:175} INFO - Processing /opt/airflow/dags/ip_flow_dag.py took 0.540 seconds
[2023-07-15T00:02:20.968+0000] {processor.py:153} INFO - Started process (PID=43740) to work on /opt/airflow/dags/ip_flow_dag.py
[2023-07-15T00:02:20.972+0000] {processor.py:743} INFO - Processing file /opt/airflow/dags/ip_flow_dag.py for tasks to queue
[2023-07-15T00:02:20.974+0000] {logging_mixin.py:137} INFO - [2023-07-15T00:02:20.974+0000] {dagbag.py:538} INFO - Filling up the DagBag from /opt/airflow/dags/ip_flow_dag.py
[2023-07-15T00:02:21.319+0000] {logging_mixin.py:137} WARNING - /home/airflow/.local/lib/python3.7/site-packages/snowflake/connector/options.py:109 UserWarning: You have an incompatible version of 'pyarrow' installed (9.0.0), please install a version that adheres to: 'pyarrow<10.1.0,>=10.0.1; extra == "pandas"'
[2023-07-15T00:02:21.444+0000] {processor.py:753} INFO - DAG(s) dict_keys(['IP-Flow-Ingestion']) retrieved from /opt/airflow/dags/ip_flow_dag.py
[2023-07-15T00:02:21.461+0000] {logging_mixin.py:137} INFO - [2023-07-15T00:02:21.461+0000] {dag.py:2676} INFO - Sync 1 DAGs
[2023-07-15T00:02:21.477+0000] {logging_mixin.py:137} INFO - [2023-07-15T00:02:21.477+0000] {dag.py:3427} INFO - Setting next_dagrun for IP-Flow-Ingestion to 2023-07-14T00:00:00+00:00, run_after=2023-07-15T00:00:00+00:00
[2023-07-15T00:02:21.491+0000] {processor.py:175} INFO - Processing /opt/airflow/dags/ip_flow_dag.py took 0.526 seconds
[2023-07-15T00:02:51.880+0000] {processor.py:153} INFO - Started process (PID=43785) to work on /opt/airflow/dags/ip_flow_dag.py
[2023-07-15T00:02:51.882+0000] {processor.py:743} INFO - Processing file /opt/airflow/dags/ip_flow_dag.py for tasks to queue
[2023-07-15T00:02:51.884+0000] {logging_mixin.py:137} INFO - [2023-07-15T00:02:51.884+0000] {dagbag.py:538} INFO - Filling up the DagBag from /opt/airflow/dags/ip_flow_dag.py
[2023-07-15T00:02:52.229+0000] {logging_mixin.py:137} WARNING - /home/airflow/.local/lib/python3.7/site-packages/snowflake/connector/options.py:109 UserWarning: You have an incompatible version of 'pyarrow' installed (9.0.0), please install a version that adheres to: 'pyarrow<10.1.0,>=10.0.1; extra == "pandas"'
[2023-07-15T00:02:52.359+0000] {processor.py:753} INFO - DAG(s) dict_keys(['IP-Flow-Ingestion']) retrieved from /opt/airflow/dags/ip_flow_dag.py
[2023-07-15T00:02:52.377+0000] {logging_mixin.py:137} INFO - [2023-07-15T00:02:52.377+0000] {dag.py:2676} INFO - Sync 1 DAGs
[2023-07-15T00:02:52.392+0000] {logging_mixin.py:137} INFO - [2023-07-15T00:02:52.392+0000] {dag.py:3427} INFO - Setting next_dagrun for IP-Flow-Ingestion to 2023-07-14T00:00:00+00:00, run_after=2023-07-15T00:00:00+00:00
[2023-07-15T00:02:52.406+0000] {processor.py:175} INFO - Processing /opt/airflow/dags/ip_flow_dag.py took 0.529 seconds
[2023-07-15T00:03:22.603+0000] {processor.py:153} INFO - Started process (PID=43840) to work on /opt/airflow/dags/ip_flow_dag.py
[2023-07-15T00:03:22.607+0000] {processor.py:743} INFO - Processing file /opt/airflow/dags/ip_flow_dag.py for tasks to queue
[2023-07-15T00:03:22.610+0000] {logging_mixin.py:137} INFO - [2023-07-15T00:03:22.610+0000] {dagbag.py:538} INFO - Filling up the DagBag from /opt/airflow/dags/ip_flow_dag.py
[2023-07-15T00:03:22.945+0000] {logging_mixin.py:137} WARNING - /home/airflow/.local/lib/python3.7/site-packages/snowflake/connector/options.py:109 UserWarning: You have an incompatible version of 'pyarrow' installed (9.0.0), please install a version that adheres to: 'pyarrow<10.1.0,>=10.0.1; extra == "pandas"'
[2023-07-15T00:03:23.074+0000] {processor.py:753} INFO - DAG(s) dict_keys(['IP-Flow-Ingestion']) retrieved from /opt/airflow/dags/ip_flow_dag.py
[2023-07-15T00:03:23.092+0000] {logging_mixin.py:137} INFO - [2023-07-15T00:03:23.092+0000] {dag.py:2676} INFO - Sync 1 DAGs
[2023-07-15T00:03:23.109+0000] {logging_mixin.py:137} INFO - [2023-07-15T00:03:23.108+0000] {dag.py:3427} INFO - Setting next_dagrun for IP-Flow-Ingestion to 2023-07-14T00:00:00+00:00, run_after=2023-07-15T00:00:00+00:00
[2023-07-15T00:03:23.124+0000] {processor.py:175} INFO - Processing /opt/airflow/dags/ip_flow_dag.py took 0.524 seconds
[2023-07-15T00:03:53.463+0000] {processor.py:153} INFO - Started process (PID=43897) to work on /opt/airflow/dags/ip_flow_dag.py
[2023-07-15T00:03:53.465+0000] {processor.py:743} INFO - Processing file /opt/airflow/dags/ip_flow_dag.py for tasks to queue
[2023-07-15T00:03:53.467+0000] {logging_mixin.py:137} INFO - [2023-07-15T00:03:53.467+0000] {dagbag.py:538} INFO - Filling up the DagBag from /opt/airflow/dags/ip_flow_dag.py
[2023-07-15T00:03:53.819+0000] {logging_mixin.py:137} WARNING - /home/airflow/.local/lib/python3.7/site-packages/snowflake/connector/options.py:109 UserWarning: You have an incompatible version of 'pyarrow' installed (9.0.0), please install a version that adheres to: 'pyarrow<10.1.0,>=10.0.1; extra == "pandas"'
[2023-07-15T00:03:53.957+0000] {processor.py:753} INFO - DAG(s) dict_keys(['IP-Flow-Ingestion']) retrieved from /opt/airflow/dags/ip_flow_dag.py
[2023-07-15T00:03:53.977+0000] {logging_mixin.py:137} INFO - [2023-07-15T00:03:53.977+0000] {dag.py:2676} INFO - Sync 1 DAGs
[2023-07-15T00:03:53.992+0000] {logging_mixin.py:137} INFO - [2023-07-15T00:03:53.992+0000] {dag.py:3427} INFO - Setting next_dagrun for IP-Flow-Ingestion to 2023-07-14T00:00:00+00:00, run_after=2023-07-15T00:00:00+00:00
[2023-07-15T00:03:54.004+0000] {processor.py:175} INFO - Processing /opt/airflow/dags/ip_flow_dag.py took 0.544 seconds
[2023-07-15T00:04:24.196+0000] {processor.py:153} INFO - Started process (PID=43942) to work on /opt/airflow/dags/ip_flow_dag.py
[2023-07-15T00:04:24.200+0000] {processor.py:743} INFO - Processing file /opt/airflow/dags/ip_flow_dag.py for tasks to queue
[2023-07-15T00:04:24.201+0000] {logging_mixin.py:137} INFO - [2023-07-15T00:04:24.201+0000] {dagbag.py:538} INFO - Filling up the DagBag from /opt/airflow/dags/ip_flow_dag.py
[2023-07-15T00:04:24.556+0000] {logging_mixin.py:137} WARNING - /home/airflow/.local/lib/python3.7/site-packages/snowflake/connector/options.py:109 UserWarning: You have an incompatible version of 'pyarrow' installed (9.0.0), please install a version that adheres to: 'pyarrow<10.1.0,>=10.0.1; extra == "pandas"'
[2023-07-15T00:04:24.683+0000] {processor.py:753} INFO - DAG(s) dict_keys(['IP-Flow-Ingestion']) retrieved from /opt/airflow/dags/ip_flow_dag.py
[2023-07-15T00:04:24.701+0000] {logging_mixin.py:137} INFO - [2023-07-15T00:04:24.701+0000] {dag.py:2676} INFO - Sync 1 DAGs
[2023-07-15T00:04:24.716+0000] {logging_mixin.py:137} INFO - [2023-07-15T00:04:24.716+0000] {dag.py:3427} INFO - Setting next_dagrun for IP-Flow-Ingestion to 2023-07-14T00:00:00+00:00, run_after=2023-07-15T00:00:00+00:00
[2023-07-15T00:04:24.730+0000] {processor.py:175} INFO - Processing /opt/airflow/dags/ip_flow_dag.py took 0.541 seconds
[2023-07-15T00:04:55.424+0000] {processor.py:153} INFO - Started process (PID=44000) to work on /opt/airflow/dags/ip_flow_dag.py
[2023-07-15T00:04:55.427+0000] {processor.py:743} INFO - Processing file /opt/airflow/dags/ip_flow_dag.py for tasks to queue
[2023-07-15T00:04:55.429+0000] {logging_mixin.py:137} INFO - [2023-07-15T00:04:55.429+0000] {dagbag.py:538} INFO - Filling up the DagBag from /opt/airflow/dags/ip_flow_dag.py
[2023-07-15T00:04:55.788+0000] {logging_mixin.py:137} WARNING - /home/airflow/.local/lib/python3.7/site-packages/snowflake/connector/options.py:109 UserWarning: You have an incompatible version of 'pyarrow' installed (9.0.0), please install a version that adheres to: 'pyarrow<10.1.0,>=10.0.1; extra == "pandas"'
[2023-07-15T00:04:55.929+0000] {processor.py:753} INFO - DAG(s) dict_keys(['IP-Flow-Ingestion']) retrieved from /opt/airflow/dags/ip_flow_dag.py
[2023-07-15T00:04:55.945+0000] {logging_mixin.py:137} INFO - [2023-07-15T00:04:55.945+0000] {dag.py:2676} INFO - Sync 1 DAGs
[2023-07-15T00:04:55.962+0000] {logging_mixin.py:137} INFO - [2023-07-15T00:04:55.962+0000] {dag.py:3427} INFO - Setting next_dagrun for IP-Flow-Ingestion to 2023-07-14T00:00:00+00:00, run_after=2023-07-15T00:00:00+00:00
[2023-07-15T00:04:55.975+0000] {processor.py:175} INFO - Processing /opt/airflow/dags/ip_flow_dag.py took 0.553 seconds
[2023-07-15T00:05:26.723+0000] {processor.py:153} INFO - Started process (PID=44057) to work on /opt/airflow/dags/ip_flow_dag.py
[2023-07-15T00:05:26.725+0000] {processor.py:743} INFO - Processing file /opt/airflow/dags/ip_flow_dag.py for tasks to queue
[2023-07-15T00:05:26.727+0000] {logging_mixin.py:137} INFO - [2023-07-15T00:05:26.727+0000] {dagbag.py:538} INFO - Filling up the DagBag from /opt/airflow/dags/ip_flow_dag.py
[2023-07-15T00:05:27.091+0000] {logging_mixin.py:137} WARNING - /home/airflow/.local/lib/python3.7/site-packages/snowflake/connector/options.py:109 UserWarning: You have an incompatible version of 'pyarrow' installed (9.0.0), please install a version that adheres to: 'pyarrow<10.1.0,>=10.0.1; extra == "pandas"'
[2023-07-15T00:05:27.232+0000] {processor.py:753} INFO - DAG(s) dict_keys(['IP-Flow-Ingestion']) retrieved from /opt/airflow/dags/ip_flow_dag.py
[2023-07-15T00:05:27.249+0000] {logging_mixin.py:137} INFO - [2023-07-15T00:05:27.249+0000] {dag.py:2676} INFO - Sync 1 DAGs
[2023-07-15T00:05:27.265+0000] {logging_mixin.py:137} INFO - [2023-07-15T00:05:27.265+0000] {dag.py:3427} INFO - Setting next_dagrun for IP-Flow-Ingestion to 2023-07-14T00:00:00+00:00, run_after=2023-07-15T00:00:00+00:00
[2023-07-15T00:05:27.280+0000] {processor.py:175} INFO - Processing /opt/airflow/dags/ip_flow_dag.py took 0.561 seconds
[2023-07-15T00:05:57.922+0000] {processor.py:153} INFO - Started process (PID=44114) to work on /opt/airflow/dags/ip_flow_dag.py
[2023-07-15T00:05:57.926+0000] {processor.py:743} INFO - Processing file /opt/airflow/dags/ip_flow_dag.py for tasks to queue
[2023-07-15T00:05:57.939+0000] {logging_mixin.py:137} INFO - [2023-07-15T00:05:57.938+0000] {dagbag.py:538} INFO - Filling up the DagBag from /opt/airflow/dags/ip_flow_dag.py
[2023-07-15T00:05:58.382+0000] {logging_mixin.py:137} WARNING - /home/airflow/.local/lib/python3.7/site-packages/snowflake/connector/options.py:109 UserWarning: You have an incompatible version of 'pyarrow' installed (9.0.0), please install a version that adheres to: 'pyarrow<10.1.0,>=10.0.1; extra == "pandas"'
[2023-07-15T00:05:58.579+0000] {processor.py:753} INFO - DAG(s) dict_keys(['IP-Flow-Ingestion']) retrieved from /opt/airflow/dags/ip_flow_dag.py
[2023-07-15T00:05:58.601+0000] {logging_mixin.py:137} INFO - [2023-07-15T00:05:58.601+0000] {dag.py:2676} INFO - Sync 1 DAGs
[2023-07-15T00:05:58.621+0000] {logging_mixin.py:137} INFO - [2023-07-15T00:05:58.621+0000] {dag.py:3427} INFO - Setting next_dagrun for IP-Flow-Ingestion to 2023-07-14T00:00:00+00:00, run_after=2023-07-15T00:00:00+00:00
[2023-07-15T00:05:58.645+0000] {processor.py:175} INFO - Processing /opt/airflow/dags/ip_flow_dag.py took 0.728 seconds
[2023-07-15T00:06:28.767+0000] {processor.py:153} INFO - Started process (PID=44159) to work on /opt/airflow/dags/ip_flow_dag.py
[2023-07-15T00:06:28.769+0000] {processor.py:743} INFO - Processing file /opt/airflow/dags/ip_flow_dag.py for tasks to queue
[2023-07-15T00:06:28.780+0000] {logging_mixin.py:137} INFO - [2023-07-15T00:06:28.780+0000] {dagbag.py:538} INFO - Filling up the DagBag from /opt/airflow/dags/ip_flow_dag.py
[2023-07-15T00:06:29.130+0000] {logging_mixin.py:137} WARNING - /home/airflow/.local/lib/python3.7/site-packages/snowflake/connector/options.py:109 UserWarning: You have an incompatible version of 'pyarrow' installed (9.0.0), please install a version that adheres to: 'pyarrow<10.1.0,>=10.0.1; extra == "pandas"'
[2023-07-15T00:06:29.264+0000] {processor.py:753} INFO - DAG(s) dict_keys(['IP-Flow-Ingestion']) retrieved from /opt/airflow/dags/ip_flow_dag.py
[2023-07-15T00:06:29.281+0000] {logging_mixin.py:137} INFO - [2023-07-15T00:06:29.281+0000] {dag.py:2676} INFO - Sync 1 DAGs
[2023-07-15T00:06:29.297+0000] {logging_mixin.py:137} INFO - [2023-07-15T00:06:29.297+0000] {dag.py:3427} INFO - Setting next_dagrun for IP-Flow-Ingestion to 2023-07-14T00:00:00+00:00, run_after=2023-07-15T00:00:00+00:00
[2023-07-15T00:06:29.311+0000] {processor.py:175} INFO - Processing /opt/airflow/dags/ip_flow_dag.py took 0.547 seconds
[2023-07-15T00:06:59.886+0000] {processor.py:153} INFO - Started process (PID=44216) to work on /opt/airflow/dags/ip_flow_dag.py
[2023-07-15T00:06:59.888+0000] {processor.py:743} INFO - Processing file /opt/airflow/dags/ip_flow_dag.py for tasks to queue
[2023-07-15T00:06:59.890+0000] {logging_mixin.py:137} INFO - [2023-07-15T00:06:59.890+0000] {dagbag.py:538} INFO - Filling up the DagBag from /opt/airflow/dags/ip_flow_dag.py
[2023-07-15T00:07:00.224+0000] {logging_mixin.py:137} WARNING - /home/airflow/.local/lib/python3.7/site-packages/snowflake/connector/options.py:109 UserWarning: You have an incompatible version of 'pyarrow' installed (9.0.0), please install a version that adheres to: 'pyarrow<10.1.0,>=10.0.1; extra == "pandas"'
[2023-07-15T00:07:00.352+0000] {processor.py:753} INFO - DAG(s) dict_keys(['IP-Flow-Ingestion']) retrieved from /opt/airflow/dags/ip_flow_dag.py
[2023-07-15T00:07:00.370+0000] {logging_mixin.py:137} INFO - [2023-07-15T00:07:00.370+0000] {dag.py:2676} INFO - Sync 1 DAGs
[2023-07-15T00:07:00.385+0000] {logging_mixin.py:137} INFO - [2023-07-15T00:07:00.385+0000] {dag.py:3427} INFO - Setting next_dagrun for IP-Flow-Ingestion to 2023-07-14T00:00:00+00:00, run_after=2023-07-15T00:00:00+00:00
[2023-07-15T00:07:00.397+0000] {processor.py:175} INFO - Processing /opt/airflow/dags/ip_flow_dag.py took 0.517 seconds
[2023-07-15T00:07:31.060+0000] {processor.py:153} INFO - Started process (PID=44272) to work on /opt/airflow/dags/ip_flow_dag.py
[2023-07-15T00:07:31.062+0000] {processor.py:743} INFO - Processing file /opt/airflow/dags/ip_flow_dag.py for tasks to queue
[2023-07-15T00:07:31.064+0000] {logging_mixin.py:137} INFO - [2023-07-15T00:07:31.064+0000] {dagbag.py:538} INFO - Filling up the DagBag from /opt/airflow/dags/ip_flow_dag.py
[2023-07-15T00:07:31.410+0000] {logging_mixin.py:137} WARNING - /home/airflow/.local/lib/python3.7/site-packages/snowflake/connector/options.py:109 UserWarning: You have an incompatible version of 'pyarrow' installed (9.0.0), please install a version that adheres to: 'pyarrow<10.1.0,>=10.0.1; extra == "pandas"'
[2023-07-15T00:07:31.540+0000] {processor.py:753} INFO - DAG(s) dict_keys(['IP-Flow-Ingestion']) retrieved from /opt/airflow/dags/ip_flow_dag.py
[2023-07-15T00:07:31.564+0000] {logging_mixin.py:137} INFO - [2023-07-15T00:07:31.563+0000] {dag.py:2676} INFO - Sync 1 DAGs
[2023-07-15T00:07:31.579+0000] {logging_mixin.py:137} INFO - [2023-07-15T00:07:31.579+0000] {dag.py:3427} INFO - Setting next_dagrun for IP-Flow-Ingestion to 2023-07-14T00:00:00+00:00, run_after=2023-07-15T00:00:00+00:00
[2023-07-15T00:07:31.592+0000] {processor.py:175} INFO - Processing /opt/airflow/dags/ip_flow_dag.py took 0.537 seconds
[2023-07-15T00:08:01.878+0000] {processor.py:153} INFO - Started process (PID=44316) to work on /opt/airflow/dags/ip_flow_dag.py
[2023-07-15T00:08:01.882+0000] {processor.py:743} INFO - Processing file /opt/airflow/dags/ip_flow_dag.py for tasks to queue
[2023-07-15T00:08:01.885+0000] {logging_mixin.py:137} INFO - [2023-07-15T00:08:01.885+0000] {dagbag.py:538} INFO - Filling up the DagBag from /opt/airflow/dags/ip_flow_dag.py
[2023-07-15T00:08:02.318+0000] {logging_mixin.py:137} WARNING - /home/airflow/.local/lib/python3.7/site-packages/snowflake/connector/options.py:109 UserWarning: You have an incompatible version of 'pyarrow' installed (9.0.0), please install a version that adheres to: 'pyarrow<10.1.0,>=10.0.1; extra == "pandas"'
[2023-07-15T00:08:02.470+0000] {processor.py:753} INFO - DAG(s) dict_keys(['IP-Flow-Ingestion']) retrieved from /opt/airflow/dags/ip_flow_dag.py
[2023-07-15T00:08:02.486+0000] {logging_mixin.py:137} INFO - [2023-07-15T00:08:02.486+0000] {dag.py:2676} INFO - Sync 1 DAGs
[2023-07-15T00:08:02.502+0000] {logging_mixin.py:137} INFO - [2023-07-15T00:08:02.502+0000] {dag.py:3427} INFO - Setting next_dagrun for IP-Flow-Ingestion to 2023-07-14T00:00:00+00:00, run_after=2023-07-15T00:00:00+00:00
[2023-07-15T00:08:02.515+0000] {processor.py:175} INFO - Processing /opt/airflow/dags/ip_flow_dag.py took 0.640 seconds
[2023-07-15T00:08:33.262+0000] {processor.py:153} INFO - Started process (PID=44373) to work on /opt/airflow/dags/ip_flow_dag.py
[2023-07-15T00:08:33.265+0000] {processor.py:743} INFO - Processing file /opt/airflow/dags/ip_flow_dag.py for tasks to queue
[2023-07-15T00:08:33.266+0000] {logging_mixin.py:137} INFO - [2023-07-15T00:08:33.266+0000] {dagbag.py:538} INFO - Filling up the DagBag from /opt/airflow/dags/ip_flow_dag.py
[2023-07-15T00:08:33.623+0000] {logging_mixin.py:137} WARNING - /home/airflow/.local/lib/python3.7/site-packages/snowflake/connector/options.py:109 UserWarning: You have an incompatible version of 'pyarrow' installed (9.0.0), please install a version that adheres to: 'pyarrow<10.1.0,>=10.0.1; extra == "pandas"'
[2023-07-15T00:08:33.752+0000] {processor.py:753} INFO - DAG(s) dict_keys(['IP-Flow-Ingestion']) retrieved from /opt/airflow/dags/ip_flow_dag.py
[2023-07-15T00:08:33.768+0000] {logging_mixin.py:137} INFO - [2023-07-15T00:08:33.768+0000] {dag.py:2676} INFO - Sync 1 DAGs
[2023-07-15T00:08:33.784+0000] {logging_mixin.py:137} INFO - [2023-07-15T00:08:33.784+0000] {dag.py:3427} INFO - Setting next_dagrun for IP-Flow-Ingestion to 2023-07-14T00:00:00+00:00, run_after=2023-07-15T00:00:00+00:00
[2023-07-15T00:08:33.796+0000] {processor.py:175} INFO - Processing /opt/airflow/dags/ip_flow_dag.py took 0.536 seconds
[2023-07-15T00:09:04.099+0000] {processor.py:153} INFO - Started process (PID=44430) to work on /opt/airflow/dags/ip_flow_dag.py
[2023-07-15T00:09:04.102+0000] {processor.py:743} INFO - Processing file /opt/airflow/dags/ip_flow_dag.py for tasks to queue
[2023-07-15T00:09:04.104+0000] {logging_mixin.py:137} INFO - [2023-07-15T00:09:04.104+0000] {dagbag.py:538} INFO - Filling up the DagBag from /opt/airflow/dags/ip_flow_dag.py
[2023-07-15T00:09:04.506+0000] {logging_mixin.py:137} WARNING - /home/airflow/.local/lib/python3.7/site-packages/snowflake/connector/options.py:109 UserWarning: You have an incompatible version of 'pyarrow' installed (9.0.0), please install a version that adheres to: 'pyarrow<10.1.0,>=10.0.1; extra == "pandas"'
[2023-07-15T00:09:04.651+0000] {processor.py:753} INFO - DAG(s) dict_keys(['IP-Flow-Ingestion']) retrieved from /opt/airflow/dags/ip_flow_dag.py
[2023-07-15T00:09:04.677+0000] {logging_mixin.py:137} INFO - [2023-07-15T00:09:04.676+0000] {dag.py:2676} INFO - Sync 1 DAGs
[2023-07-15T00:09:04.694+0000] {logging_mixin.py:137} INFO - [2023-07-15T00:09:04.694+0000] {dag.py:3427} INFO - Setting next_dagrun for IP-Flow-Ingestion to 2023-07-14T00:00:00+00:00, run_after=2023-07-15T00:00:00+00:00
[2023-07-15T00:09:04.711+0000] {processor.py:175} INFO - Processing /opt/airflow/dags/ip_flow_dag.py took 0.616 seconds
