[2023-07-15T00:00:19.427+0000] {processor.py:153} INFO - Started process (PID=43543) to work on /opt/airflow/dags/leadsift_dag.py
[2023-07-15T00:00:19.429+0000] {processor.py:743} INFO - Processing file /opt/airflow/dags/leadsift_dag.py for tasks to queue
[2023-07-15T00:00:19.431+0000] {logging_mixin.py:137} INFO - [2023-07-15T00:00:19.431+0000] {dagbag.py:538} INFO - Filling up the DagBag from /opt/airflow/dags/leadsift_dag.py
[2023-07-15T00:00:19.531+0000] {processor.py:753} INFO - DAG(s) dict_keys(['LeadSift-Ingestion']) retrieved from /opt/airflow/dags/leadsift_dag.py
[2023-07-15T00:00:19.546+0000] {logging_mixin.py:137} INFO - [2023-07-15T00:00:19.546+0000] {dag.py:2676} INFO - Sync 1 DAGs
[2023-07-15T00:00:19.562+0000] {logging_mixin.py:137} INFO - [2023-07-15T00:00:19.562+0000] {dag.py:3427} INFO - Setting next_dagrun for LeadSift-Ingestion to 2023-07-02T00:00:00+00:00, run_after=2023-07-09T00:00:00+00:00
[2023-07-15T00:00:19.574+0000] {processor.py:175} INFO - Processing /opt/airflow/dags/leadsift_dag.py took 0.150 seconds
[2023-07-15T00:00:50.271+0000] {processor.py:153} INFO - Started process (PID=43597) to work on /opt/airflow/dags/leadsift_dag.py
[2023-07-15T00:00:50.273+0000] {processor.py:743} INFO - Processing file /opt/airflow/dags/leadsift_dag.py for tasks to queue
[2023-07-15T00:00:50.274+0000] {logging_mixin.py:137} INFO - [2023-07-15T00:00:50.274+0000] {dagbag.py:538} INFO - Filling up the DagBag from /opt/airflow/dags/leadsift_dag.py
[2023-07-15T00:00:50.379+0000] {processor.py:753} INFO - DAG(s) dict_keys(['LeadSift-Ingestion']) retrieved from /opt/airflow/dags/leadsift_dag.py
[2023-07-15T00:00:50.396+0000] {logging_mixin.py:137} INFO - [2023-07-15T00:00:50.396+0000] {dag.py:2676} INFO - Sync 1 DAGs
[2023-07-15T00:00:50.416+0000] {logging_mixin.py:137} INFO - [2023-07-15T00:00:50.416+0000] {dag.py:3427} INFO - Setting next_dagrun for LeadSift-Ingestion to 2023-07-02T00:00:00+00:00, run_after=2023-07-09T00:00:00+00:00
[2023-07-15T00:00:50.428+0000] {processor.py:175} INFO - Processing /opt/airflow/dags/leadsift_dag.py took 0.161 seconds
[2023-07-15T00:01:20.879+0000] {processor.py:153} INFO - Started process (PID=43640) to work on /opt/airflow/dags/leadsift_dag.py
[2023-07-15T00:01:20.881+0000] {processor.py:743} INFO - Processing file /opt/airflow/dags/leadsift_dag.py for tasks to queue
[2023-07-15T00:01:20.882+0000] {logging_mixin.py:137} INFO - [2023-07-15T00:01:20.882+0000] {dagbag.py:538} INFO - Filling up the DagBag from /opt/airflow/dags/leadsift_dag.py
[2023-07-15T00:01:20.988+0000] {processor.py:753} INFO - DAG(s) dict_keys(['LeadSift-Ingestion']) retrieved from /opt/airflow/dags/leadsift_dag.py
[2023-07-15T00:01:21.005+0000] {logging_mixin.py:137} INFO - [2023-07-15T00:01:21.005+0000] {dag.py:2676} INFO - Sync 1 DAGs
[2023-07-15T00:01:21.022+0000] {logging_mixin.py:137} INFO - [2023-07-15T00:01:21.021+0000] {dag.py:3427} INFO - Setting next_dagrun for LeadSift-Ingestion to 2023-07-02T00:00:00+00:00, run_after=2023-07-09T00:00:00+00:00
[2023-07-15T00:01:21.035+0000] {processor.py:175} INFO - Processing /opt/airflow/dags/leadsift_dag.py took 0.160 seconds
[2023-07-15T00:01:52.055+0000] {processor.py:153} INFO - Started process (PID=43699) to work on /opt/airflow/dags/leadsift_dag.py
[2023-07-15T00:01:52.056+0000] {processor.py:743} INFO - Processing file /opt/airflow/dags/leadsift_dag.py for tasks to queue
[2023-07-15T00:01:52.058+0000] {logging_mixin.py:137} INFO - [2023-07-15T00:01:52.058+0000] {dagbag.py:538} INFO - Filling up the DagBag from /opt/airflow/dags/leadsift_dag.py
[2023-07-15T00:01:52.158+0000] {processor.py:753} INFO - DAG(s) dict_keys(['LeadSift-Ingestion']) retrieved from /opt/airflow/dags/leadsift_dag.py
[2023-07-15T00:01:52.174+0000] {logging_mixin.py:137} INFO - [2023-07-15T00:01:52.174+0000] {dag.py:2676} INFO - Sync 1 DAGs
[2023-07-15T00:01:52.191+0000] {logging_mixin.py:137} INFO - [2023-07-15T00:01:52.191+0000] {dag.py:3427} INFO - Setting next_dagrun for LeadSift-Ingestion to 2023-07-02T00:00:00+00:00, run_after=2023-07-09T00:00:00+00:00
[2023-07-15T00:01:52.204+0000] {processor.py:175} INFO - Processing /opt/airflow/dags/leadsift_dag.py took 0.152 seconds
[2023-07-15T00:02:23.079+0000] {processor.py:153} INFO - Started process (PID=43756) to work on /opt/airflow/dags/leadsift_dag.py
[2023-07-15T00:02:23.083+0000] {processor.py:743} INFO - Processing file /opt/airflow/dags/leadsift_dag.py for tasks to queue
[2023-07-15T00:02:23.084+0000] {logging_mixin.py:137} INFO - [2023-07-15T00:02:23.084+0000] {dagbag.py:538} INFO - Filling up the DagBag from /opt/airflow/dags/leadsift_dag.py
[2023-07-15T00:02:23.181+0000] {processor.py:753} INFO - DAG(s) dict_keys(['LeadSift-Ingestion']) retrieved from /opt/airflow/dags/leadsift_dag.py
[2023-07-15T00:02:23.198+0000] {logging_mixin.py:137} INFO - [2023-07-15T00:02:23.197+0000] {dag.py:2676} INFO - Sync 1 DAGs
[2023-07-15T00:02:23.213+0000] {logging_mixin.py:137} INFO - [2023-07-15T00:02:23.213+0000] {dag.py:3427} INFO - Setting next_dagrun for LeadSift-Ingestion to 2023-07-02T00:00:00+00:00, run_after=2023-07-09T00:00:00+00:00
[2023-07-15T00:02:23.225+0000] {processor.py:175} INFO - Processing /opt/airflow/dags/leadsift_dag.py took 0.149 seconds
[2023-07-15T00:02:53.903+0000] {processor.py:153} INFO - Started process (PID=43807) to work on /opt/airflow/dags/leadsift_dag.py
[2023-07-15T00:02:53.905+0000] {processor.py:743} INFO - Processing file /opt/airflow/dags/leadsift_dag.py for tasks to queue
[2023-07-15T00:02:53.906+0000] {logging_mixin.py:137} INFO - [2023-07-15T00:02:53.906+0000] {dagbag.py:538} INFO - Filling up the DagBag from /opt/airflow/dags/leadsift_dag.py
[2023-07-15T00:02:54.043+0000] {processor.py:753} INFO - DAG(s) dict_keys(['LeadSift-Ingestion']) retrieved from /opt/airflow/dags/leadsift_dag.py
[2023-07-15T00:02:54.064+0000] {logging_mixin.py:137} INFO - [2023-07-15T00:02:54.064+0000] {dag.py:2676} INFO - Sync 1 DAGs
[2023-07-15T00:02:54.082+0000] {logging_mixin.py:137} INFO - [2023-07-15T00:02:54.082+0000] {dag.py:3427} INFO - Setting next_dagrun for LeadSift-Ingestion to 2023-07-02T00:00:00+00:00, run_after=2023-07-09T00:00:00+00:00
[2023-07-15T00:02:54.096+0000] {processor.py:175} INFO - Processing /opt/airflow/dags/leadsift_dag.py took 0.196 seconds
[2023-07-15T00:03:24.594+0000] {processor.py:153} INFO - Started process (PID=43856) to work on /opt/airflow/dags/leadsift_dag.py
[2023-07-15T00:03:24.595+0000] {processor.py:743} INFO - Processing file /opt/airflow/dags/leadsift_dag.py for tasks to queue
[2023-07-15T00:03:24.599+0000] {logging_mixin.py:137} INFO - [2023-07-15T00:03:24.599+0000] {dagbag.py:538} INFO - Filling up the DagBag from /opt/airflow/dags/leadsift_dag.py
[2023-07-15T00:03:24.710+0000] {processor.py:753} INFO - DAG(s) dict_keys(['LeadSift-Ingestion']) retrieved from /opt/airflow/dags/leadsift_dag.py
[2023-07-15T00:03:24.725+0000] {logging_mixin.py:137} INFO - [2023-07-15T00:03:24.725+0000] {dag.py:2676} INFO - Sync 1 DAGs
[2023-07-15T00:03:24.741+0000] {logging_mixin.py:137} INFO - [2023-07-15T00:03:24.741+0000] {dag.py:3427} INFO - Setting next_dagrun for LeadSift-Ingestion to 2023-07-02T00:00:00+00:00, run_after=2023-07-09T00:00:00+00:00
[2023-07-15T00:03:24.755+0000] {processor.py:175} INFO - Processing /opt/airflow/dags/leadsift_dag.py took 0.164 seconds
[2023-07-15T00:03:55.452+0000] {processor.py:153} INFO - Started process (PID=43913) to work on /opt/airflow/dags/leadsift_dag.py
[2023-07-15T00:03:55.453+0000] {processor.py:743} INFO - Processing file /opt/airflow/dags/leadsift_dag.py for tasks to queue
[2023-07-15T00:03:55.455+0000] {logging_mixin.py:137} INFO - [2023-07-15T00:03:55.454+0000] {dagbag.py:538} INFO - Filling up the DagBag from /opt/airflow/dags/leadsift_dag.py
[2023-07-15T00:03:55.554+0000] {processor.py:753} INFO - DAG(s) dict_keys(['LeadSift-Ingestion']) retrieved from /opt/airflow/dags/leadsift_dag.py
[2023-07-15T00:03:55.571+0000] {logging_mixin.py:137} INFO - [2023-07-15T00:03:55.570+0000] {dag.py:2676} INFO - Sync 1 DAGs
[2023-07-15T00:03:55.586+0000] {logging_mixin.py:137} INFO - [2023-07-15T00:03:55.586+0000] {dag.py:3427} INFO - Setting next_dagrun for LeadSift-Ingestion to 2023-07-02T00:00:00+00:00, run_after=2023-07-09T00:00:00+00:00
[2023-07-15T00:03:55.600+0000] {processor.py:175} INFO - Processing /opt/airflow/dags/leadsift_dag.py took 0.151 seconds
[2023-07-15T00:04:26.550+0000] {processor.py:153} INFO - Started process (PID=43970) to work on /opt/airflow/dags/leadsift_dag.py
[2023-07-15T00:04:26.552+0000] {processor.py:743} INFO - Processing file /opt/airflow/dags/leadsift_dag.py for tasks to queue
[2023-07-15T00:04:26.553+0000] {logging_mixin.py:137} INFO - [2023-07-15T00:04:26.553+0000] {dagbag.py:538} INFO - Filling up the DagBag from /opt/airflow/dags/leadsift_dag.py
[2023-07-15T00:04:26.703+0000] {processor.py:753} INFO - DAG(s) dict_keys(['LeadSift-Ingestion']) retrieved from /opt/airflow/dags/leadsift_dag.py
[2023-07-15T00:04:26.719+0000] {logging_mixin.py:137} INFO - [2023-07-15T00:04:26.719+0000] {dag.py:2676} INFO - Sync 1 DAGs
[2023-07-15T00:04:26.737+0000] {logging_mixin.py:137} INFO - [2023-07-15T00:04:26.737+0000] {dag.py:3427} INFO - Setting next_dagrun for LeadSift-Ingestion to 2023-07-02T00:00:00+00:00, run_after=2023-07-09T00:00:00+00:00
[2023-07-15T00:04:26.752+0000] {processor.py:175} INFO - Processing /opt/airflow/dags/leadsift_dag.py took 0.206 seconds
[2023-07-15T00:04:57.776+0000] {processor.py:153} INFO - Started process (PID=44016) to work on /opt/airflow/dags/leadsift_dag.py
[2023-07-15T00:04:57.777+0000] {processor.py:743} INFO - Processing file /opt/airflow/dags/leadsift_dag.py for tasks to queue
[2023-07-15T00:04:57.779+0000] {logging_mixin.py:137} INFO - [2023-07-15T00:04:57.779+0000] {dagbag.py:538} INFO - Filling up the DagBag from /opt/airflow/dags/leadsift_dag.py
[2023-07-15T00:04:57.875+0000] {processor.py:753} INFO - DAG(s) dict_keys(['LeadSift-Ingestion']) retrieved from /opt/airflow/dags/leadsift_dag.py
[2023-07-15T00:04:57.898+0000] {logging_mixin.py:137} INFO - [2023-07-15T00:04:57.898+0000] {dag.py:2676} INFO - Sync 1 DAGs
[2023-07-15T00:04:57.914+0000] {logging_mixin.py:137} INFO - [2023-07-15T00:04:57.914+0000] {dag.py:3427} INFO - Setting next_dagrun for LeadSift-Ingestion to 2023-07-02T00:00:00+00:00, run_after=2023-07-09T00:00:00+00:00
[2023-07-15T00:04:57.927+0000] {processor.py:175} INFO - Processing /opt/airflow/dags/leadsift_dag.py took 0.154 seconds
[2023-07-15T00:05:28.969+0000] {processor.py:153} INFO - Started process (PID=44073) to work on /opt/airflow/dags/leadsift_dag.py
[2023-07-15T00:05:28.971+0000] {processor.py:743} INFO - Processing file /opt/airflow/dags/leadsift_dag.py for tasks to queue
[2023-07-15T00:05:28.972+0000] {logging_mixin.py:137} INFO - [2023-07-15T00:05:28.972+0000] {dagbag.py:538} INFO - Filling up the DagBag from /opt/airflow/dags/leadsift_dag.py
[2023-07-15T00:05:29.071+0000] {processor.py:753} INFO - DAG(s) dict_keys(['LeadSift-Ingestion']) retrieved from /opt/airflow/dags/leadsift_dag.py
[2023-07-15T00:05:29.088+0000] {logging_mixin.py:137} INFO - [2023-07-15T00:05:29.088+0000] {dag.py:2676} INFO - Sync 1 DAGs
[2023-07-15T00:05:29.103+0000] {logging_mixin.py:137} INFO - [2023-07-15T00:05:29.103+0000] {dag.py:3427} INFO - Setting next_dagrun for LeadSift-Ingestion to 2023-07-02T00:00:00+00:00, run_after=2023-07-09T00:00:00+00:00
[2023-07-15T00:05:29.123+0000] {processor.py:175} INFO - Processing /opt/airflow/dags/leadsift_dag.py took 0.157 seconds
[2023-07-15T00:06:00.074+0000] {processor.py:153} INFO - Started process (PID=44130) to work on /opt/airflow/dags/leadsift_dag.py
[2023-07-15T00:06:00.076+0000] {processor.py:743} INFO - Processing file /opt/airflow/dags/leadsift_dag.py for tasks to queue
[2023-07-15T00:06:00.077+0000] {logging_mixin.py:137} INFO - [2023-07-15T00:06:00.077+0000] {dagbag.py:538} INFO - Filling up the DagBag from /opt/airflow/dags/leadsift_dag.py
[2023-07-15T00:06:00.182+0000] {processor.py:753} INFO - DAG(s) dict_keys(['LeadSift-Ingestion']) retrieved from /opt/airflow/dags/leadsift_dag.py
[2023-07-15T00:06:00.198+0000] {logging_mixin.py:137} INFO - [2023-07-15T00:06:00.198+0000] {dag.py:2676} INFO - Sync 1 DAGs
[2023-07-15T00:06:00.216+0000] {logging_mixin.py:137} INFO - [2023-07-15T00:06:00.215+0000] {dag.py:3427} INFO - Setting next_dagrun for LeadSift-Ingestion to 2023-07-02T00:00:00+00:00, run_after=2023-07-09T00:00:00+00:00
[2023-07-15T00:06:00.228+0000] {processor.py:175} INFO - Processing /opt/airflow/dags/leadsift_dag.py took 0.158 seconds
[2023-07-15T00:06:30.969+0000] {processor.py:153} INFO - Started process (PID=44175) to work on /opt/airflow/dags/leadsift_dag.py
[2023-07-15T00:06:30.971+0000] {processor.py:743} INFO - Processing file /opt/airflow/dags/leadsift_dag.py for tasks to queue
[2023-07-15T00:06:30.973+0000] {logging_mixin.py:137} INFO - [2023-07-15T00:06:30.972+0000] {dagbag.py:538} INFO - Filling up the DagBag from /opt/airflow/dags/leadsift_dag.py
[2023-07-15T00:06:31.066+0000] {processor.py:753} INFO - DAG(s) dict_keys(['LeadSift-Ingestion']) retrieved from /opt/airflow/dags/leadsift_dag.py
[2023-07-15T00:06:31.089+0000] {logging_mixin.py:137} INFO - [2023-07-15T00:06:31.088+0000] {dag.py:2676} INFO - Sync 1 DAGs
[2023-07-15T00:06:31.104+0000] {logging_mixin.py:137} INFO - [2023-07-15T00:06:31.104+0000] {dag.py:3427} INFO - Setting next_dagrun for LeadSift-Ingestion to 2023-07-02T00:00:00+00:00, run_after=2023-07-09T00:00:00+00:00
[2023-07-15T00:06:31.116+0000] {processor.py:175} INFO - Processing /opt/airflow/dags/leadsift_dag.py took 0.149 seconds
[2023-07-15T00:07:02.044+0000] {processor.py:153} INFO - Started process (PID=44232) to work on /opt/airflow/dags/leadsift_dag.py
[2023-07-15T00:07:02.045+0000] {processor.py:743} INFO - Processing file /opt/airflow/dags/leadsift_dag.py for tasks to queue
[2023-07-15T00:07:02.047+0000] {logging_mixin.py:137} INFO - [2023-07-15T00:07:02.047+0000] {dagbag.py:538} INFO - Filling up the DagBag from /opt/airflow/dags/leadsift_dag.py
[2023-07-15T00:07:02.151+0000] {processor.py:753} INFO - DAG(s) dict_keys(['LeadSift-Ingestion']) retrieved from /opt/airflow/dags/leadsift_dag.py
[2023-07-15T00:07:02.169+0000] {logging_mixin.py:137} INFO - [2023-07-15T00:07:02.169+0000] {dag.py:2676} INFO - Sync 1 DAGs
[2023-07-15T00:07:02.185+0000] {logging_mixin.py:137} INFO - [2023-07-15T00:07:02.185+0000] {dag.py:3427} INFO - Setting next_dagrun for LeadSift-Ingestion to 2023-07-02T00:00:00+00:00, run_after=2023-07-09T00:00:00+00:00
[2023-07-15T00:07:02.300+0000] {processor.py:175} INFO - Processing /opt/airflow/dags/leadsift_dag.py took 0.259 seconds
[2023-07-15T00:07:33.009+0000] {processor.py:153} INFO - Started process (PID=44288) to work on /opt/airflow/dags/leadsift_dag.py
[2023-07-15T00:07:33.011+0000] {processor.py:743} INFO - Processing file /opt/airflow/dags/leadsift_dag.py for tasks to queue
[2023-07-15T00:07:33.012+0000] {logging_mixin.py:137} INFO - [2023-07-15T00:07:33.012+0000] {dagbag.py:538} INFO - Filling up the DagBag from /opt/airflow/dags/leadsift_dag.py
[2023-07-15T00:07:33.107+0000] {processor.py:753} INFO - DAG(s) dict_keys(['LeadSift-Ingestion']) retrieved from /opt/airflow/dags/leadsift_dag.py
[2023-07-15T00:07:33.123+0000] {logging_mixin.py:137} INFO - [2023-07-15T00:07:33.123+0000] {dag.py:2676} INFO - Sync 1 DAGs
[2023-07-15T00:07:33.140+0000] {logging_mixin.py:137} INFO - [2023-07-15T00:07:33.140+0000] {dag.py:3427} INFO - Setting next_dagrun for LeadSift-Ingestion to 2023-07-02T00:00:00+00:00, run_after=2023-07-09T00:00:00+00:00
[2023-07-15T00:07:33.154+0000] {processor.py:175} INFO - Processing /opt/airflow/dags/leadsift_dag.py took 0.148 seconds
[2023-07-15T00:08:04.488+0000] {processor.py:153} INFO - Started process (PID=44341) to work on /opt/airflow/dags/leadsift_dag.py
[2023-07-15T00:08:04.490+0000] {processor.py:743} INFO - Processing file /opt/airflow/dags/leadsift_dag.py for tasks to queue
[2023-07-15T00:08:04.492+0000] {logging_mixin.py:137} INFO - [2023-07-15T00:08:04.492+0000] {dagbag.py:538} INFO - Filling up the DagBag from /opt/airflow/dags/leadsift_dag.py
[2023-07-15T00:08:04.680+0000] {processor.py:753} INFO - DAG(s) dict_keys(['LeadSift-Ingestion']) retrieved from /opt/airflow/dags/leadsift_dag.py
[2023-07-15T00:08:04.699+0000] {logging_mixin.py:137} INFO - [2023-07-15T00:08:04.699+0000] {dag.py:2676} INFO - Sync 1 DAGs
[2023-07-15T00:08:04.721+0000] {logging_mixin.py:137} INFO - [2023-07-15T00:08:04.721+0000] {dag.py:3427} INFO - Setting next_dagrun for LeadSift-Ingestion to 2023-07-02T00:00:00+00:00, run_after=2023-07-09T00:00:00+00:00
[2023-07-15T00:08:04.735+0000] {processor.py:175} INFO - Processing /opt/airflow/dags/leadsift_dag.py took 0.251 seconds
[2023-07-15T00:08:35.372+0000] {processor.py:153} INFO - Started process (PID=44389) to work on /opt/airflow/dags/leadsift_dag.py
[2023-07-15T00:08:35.374+0000] {processor.py:743} INFO - Processing file /opt/airflow/dags/leadsift_dag.py for tasks to queue
[2023-07-15T00:08:35.375+0000] {logging_mixin.py:137} INFO - [2023-07-15T00:08:35.375+0000] {dagbag.py:538} INFO - Filling up the DagBag from /opt/airflow/dags/leadsift_dag.py
[2023-07-15T00:08:35.468+0000] {processor.py:753} INFO - DAG(s) dict_keys(['LeadSift-Ingestion']) retrieved from /opt/airflow/dags/leadsift_dag.py
[2023-07-15T00:08:35.484+0000] {logging_mixin.py:137} INFO - [2023-07-15T00:08:35.484+0000] {dag.py:2676} INFO - Sync 1 DAGs
[2023-07-15T00:08:35.501+0000] {logging_mixin.py:137} INFO - [2023-07-15T00:08:35.500+0000] {dag.py:3427} INFO - Setting next_dagrun for LeadSift-Ingestion to 2023-07-02T00:00:00+00:00, run_after=2023-07-09T00:00:00+00:00
[2023-07-15T00:08:35.513+0000] {processor.py:175} INFO - Processing /opt/airflow/dags/leadsift_dag.py took 0.144 seconds
[2023-07-15T00:09:06.141+0000] {processor.py:153} INFO - Started process (PID=44446) to work on /opt/airflow/dags/leadsift_dag.py
[2023-07-15T00:09:06.142+0000] {processor.py:743} INFO - Processing file /opt/airflow/dags/leadsift_dag.py for tasks to queue
[2023-07-15T00:09:06.143+0000] {logging_mixin.py:137} INFO - [2023-07-15T00:09:06.143+0000] {dagbag.py:538} INFO - Filling up the DagBag from /opt/airflow/dags/leadsift_dag.py
[2023-07-15T00:09:06.263+0000] {processor.py:753} INFO - DAG(s) dict_keys(['LeadSift-Ingestion']) retrieved from /opt/airflow/dags/leadsift_dag.py
[2023-07-15T00:09:06.281+0000] {logging_mixin.py:137} INFO - [2023-07-15T00:09:06.280+0000] {dag.py:2676} INFO - Sync 1 DAGs
[2023-07-15T00:09:06.299+0000] {logging_mixin.py:137} INFO - [2023-07-15T00:09:06.299+0000] {dag.py:3427} INFO - Setting next_dagrun for LeadSift-Ingestion to 2023-07-02T00:00:00+00:00, run_after=2023-07-09T00:00:00+00:00
[2023-07-15T00:09:06.311+0000] {processor.py:175} INFO - Processing /opt/airflow/dags/leadsift_dag.py took 0.172 seconds
