[2023-07-15T00:00:17.946+0000] {processor.py:153} INFO - Started process (PID=43532) to work on /opt/airflow/dags/Pixel_Data.py
[2023-07-15T00:00:17.948+0000] {processor.py:743} INFO - Processing file /opt/airflow/dags/Pixel_Data.py for tasks to queue
[2023-07-15T00:00:17.949+0000] {logging_mixin.py:137} INFO - [2023-07-15T00:00:17.949+0000] {dagbag.py:538} INFO - Filling up the DagBag from /opt/airflow/dags/Pixel_Data.py
[2023-07-15T00:00:18.075+0000] {processor.py:753} INFO - DAG(s) dict_keys(['Pixel_Data_Processing']) retrieved from /opt/airflow/dags/Pixel_Data.py
[2023-07-15T00:00:18.096+0000] {logging_mixin.py:137} INFO - [2023-07-15T00:00:18.096+0000] {dag.py:2676} INFO - Sync 1 DAGs
[2023-07-15T00:00:18.116+0000] {logging_mixin.py:137} INFO - [2023-07-15T00:00:18.115+0000] {dag.py:3427} INFO - Setting next_dagrun for Pixel_Data_Processing to 2023-07-14T00:00:00+00:00, run_after=2023-07-15T00:00:00+00:00
[2023-07-15T00:00:18.134+0000] {processor.py:175} INFO - Processing /opt/airflow/dags/Pixel_Data.py took 0.191 seconds
[2023-07-15T00:00:49.321+0000] {processor.py:153} INFO - Started process (PID=43589) to work on /opt/airflow/dags/Pixel_Data.py
[2023-07-15T00:00:49.323+0000] {processor.py:743} INFO - Processing file /opt/airflow/dags/Pixel_Data.py for tasks to queue
[2023-07-15T00:00:49.325+0000] {logging_mixin.py:137} INFO - [2023-07-15T00:00:49.325+0000] {dagbag.py:538} INFO - Filling up the DagBag from /opt/airflow/dags/Pixel_Data.py
[2023-07-15T00:00:49.442+0000] {processor.py:753} INFO - DAG(s) dict_keys(['Pixel_Data_Processing']) retrieved from /opt/airflow/dags/Pixel_Data.py
[2023-07-15T00:00:49.467+0000] {logging_mixin.py:137} INFO - [2023-07-15T00:00:49.466+0000] {dag.py:2676} INFO - Sync 1 DAGs
[2023-07-15T00:00:49.483+0000] {logging_mixin.py:137} INFO - [2023-07-15T00:00:49.483+0000] {dag.py:3427} INFO - Setting next_dagrun for Pixel_Data_Processing to 2023-07-14T00:00:00+00:00, run_after=2023-07-15T00:00:00+00:00
[2023-07-15T00:00:49.497+0000] {processor.py:175} INFO - Processing /opt/airflow/dags/Pixel_Data.py took 0.180 seconds
[2023-07-15T00:01:19.857+0000] {processor.py:153} INFO - Started process (PID=43631) to work on /opt/airflow/dags/Pixel_Data.py
[2023-07-15T00:01:19.860+0000] {processor.py:743} INFO - Processing file /opt/airflow/dags/Pixel_Data.py for tasks to queue
[2023-07-15T00:01:19.861+0000] {logging_mixin.py:137} INFO - [2023-07-15T00:01:19.861+0000] {dagbag.py:538} INFO - Filling up the DagBag from /opt/airflow/dags/Pixel_Data.py
[2023-07-15T00:01:19.967+0000] {processor.py:753} INFO - DAG(s) dict_keys(['Pixel_Data_Processing']) retrieved from /opt/airflow/dags/Pixel_Data.py
[2023-07-15T00:01:19.985+0000] {logging_mixin.py:137} INFO - [2023-07-15T00:01:19.985+0000] {dag.py:2676} INFO - Sync 1 DAGs
[2023-07-15T00:01:20.004+0000] {logging_mixin.py:137} INFO - [2023-07-15T00:01:20.004+0000] {dag.py:3427} INFO - Setting next_dagrun for Pixel_Data_Processing to 2023-07-14T00:00:00+00:00, run_after=2023-07-15T00:00:00+00:00
[2023-07-15T00:01:20.018+0000] {processor.py:175} INFO - Processing /opt/airflow/dags/Pixel_Data.py took 0.164 seconds
[2023-07-15T00:01:50.466+0000] {processor.py:153} INFO - Started process (PID=43688) to work on /opt/airflow/dags/Pixel_Data.py
[2023-07-15T00:01:50.468+0000] {processor.py:743} INFO - Processing file /opt/airflow/dags/Pixel_Data.py for tasks to queue
[2023-07-15T00:01:50.470+0000] {logging_mixin.py:137} INFO - [2023-07-15T00:01:50.470+0000] {dagbag.py:538} INFO - Filling up the DagBag from /opt/airflow/dags/Pixel_Data.py
[2023-07-15T00:01:50.580+0000] {processor.py:753} INFO - DAG(s) dict_keys(['Pixel_Data_Processing']) retrieved from /opt/airflow/dags/Pixel_Data.py
[2023-07-15T00:01:50.599+0000] {logging_mixin.py:137} INFO - [2023-07-15T00:01:50.599+0000] {dag.py:2676} INFO - Sync 1 DAGs
[2023-07-15T00:01:50.615+0000] {logging_mixin.py:137} INFO - [2023-07-15T00:01:50.615+0000] {dag.py:3427} INFO - Setting next_dagrun for Pixel_Data_Processing to 2023-07-14T00:00:00+00:00, run_after=2023-07-15T00:00:00+00:00
[2023-07-15T00:01:50.628+0000] {processor.py:175} INFO - Processing /opt/airflow/dags/Pixel_Data.py took 0.165 seconds
[2023-07-15T00:02:21.727+0000] {processor.py:153} INFO - Started process (PID=43746) to work on /opt/airflow/dags/Pixel_Data.py
[2023-07-15T00:02:21.729+0000] {processor.py:743} INFO - Processing file /opt/airflow/dags/Pixel_Data.py for tasks to queue
[2023-07-15T00:02:21.732+0000] {logging_mixin.py:137} INFO - [2023-07-15T00:02:21.732+0000] {dagbag.py:538} INFO - Filling up the DagBag from /opt/airflow/dags/Pixel_Data.py
[2023-07-15T00:02:21.836+0000] {processor.py:753} INFO - DAG(s) dict_keys(['Pixel_Data_Processing']) retrieved from /opt/airflow/dags/Pixel_Data.py
[2023-07-15T00:02:21.854+0000] {logging_mixin.py:137} INFO - [2023-07-15T00:02:21.854+0000] {dag.py:2676} INFO - Sync 1 DAGs
[2023-07-15T00:02:21.870+0000] {logging_mixin.py:137} INFO - [2023-07-15T00:02:21.870+0000] {dag.py:3427} INFO - Setting next_dagrun for Pixel_Data_Processing to 2023-07-14T00:00:00+00:00, run_after=2023-07-15T00:00:00+00:00
[2023-07-15T00:02:21.883+0000] {processor.py:175} INFO - Processing /opt/airflow/dags/Pixel_Data.py took 0.160 seconds
[2023-07-15T00:02:52.662+0000] {processor.py:153} INFO - Started process (PID=43792) to work on /opt/airflow/dags/Pixel_Data.py
[2023-07-15T00:02:52.664+0000] {processor.py:743} INFO - Processing file /opt/airflow/dags/Pixel_Data.py for tasks to queue
[2023-07-15T00:02:52.667+0000] {logging_mixin.py:137} INFO - [2023-07-15T00:02:52.667+0000] {dagbag.py:538} INFO - Filling up the DagBag from /opt/airflow/dags/Pixel_Data.py
[2023-07-15T00:02:52.773+0000] {processor.py:753} INFO - DAG(s) dict_keys(['Pixel_Data_Processing']) retrieved from /opt/airflow/dags/Pixel_Data.py
[2023-07-15T00:02:52.792+0000] {logging_mixin.py:137} INFO - [2023-07-15T00:02:52.792+0000] {dag.py:2676} INFO - Sync 1 DAGs
[2023-07-15T00:02:52.810+0000] {logging_mixin.py:137} INFO - [2023-07-15T00:02:52.810+0000] {dag.py:3427} INFO - Setting next_dagrun for Pixel_Data_Processing to 2023-07-14T00:00:00+00:00, run_after=2023-07-15T00:00:00+00:00
[2023-07-15T00:02:52.825+0000] {processor.py:175} INFO - Processing /opt/airflow/dags/Pixel_Data.py took 0.167 seconds
[2023-07-15T00:03:23.190+0000] {processor.py:153} INFO - Started process (PID=43846) to work on /opt/airflow/dags/Pixel_Data.py
[2023-07-15T00:03:23.193+0000] {processor.py:743} INFO - Processing file /opt/airflow/dags/Pixel_Data.py for tasks to queue
[2023-07-15T00:03:23.194+0000] {logging_mixin.py:137} INFO - [2023-07-15T00:03:23.194+0000] {dagbag.py:538} INFO - Filling up the DagBag from /opt/airflow/dags/Pixel_Data.py
[2023-07-15T00:03:23.300+0000] {processor.py:753} INFO - DAG(s) dict_keys(['Pixel_Data_Processing']) retrieved from /opt/airflow/dags/Pixel_Data.py
[2023-07-15T00:03:23.317+0000] {logging_mixin.py:137} INFO - [2023-07-15T00:03:23.317+0000] {dag.py:2676} INFO - Sync 1 DAGs
[2023-07-15T00:03:23.335+0000] {logging_mixin.py:137} INFO - [2023-07-15T00:03:23.335+0000] {dag.py:3427} INFO - Setting next_dagrun for Pixel_Data_Processing to 2023-07-14T00:00:00+00:00, run_after=2023-07-15T00:00:00+00:00
[2023-07-15T00:03:23.349+0000] {processor.py:175} INFO - Processing /opt/airflow/dags/Pixel_Data.py took 0.162 seconds
[2023-07-15T00:03:54.067+0000] {processor.py:153} INFO - Started process (PID=43903) to work on /opt/airflow/dags/Pixel_Data.py
[2023-07-15T00:03:54.071+0000] {processor.py:743} INFO - Processing file /opt/airflow/dags/Pixel_Data.py for tasks to queue
[2023-07-15T00:03:54.072+0000] {logging_mixin.py:137} INFO - [2023-07-15T00:03:54.072+0000] {dagbag.py:538} INFO - Filling up the DagBag from /opt/airflow/dags/Pixel_Data.py
[2023-07-15T00:03:54.178+0000] {processor.py:753} INFO - DAG(s) dict_keys(['Pixel_Data_Processing']) retrieved from /opt/airflow/dags/Pixel_Data.py
[2023-07-15T00:03:54.197+0000] {logging_mixin.py:137} INFO - [2023-07-15T00:03:54.197+0000] {dag.py:2676} INFO - Sync 1 DAGs
[2023-07-15T00:03:54.214+0000] {logging_mixin.py:137} INFO - [2023-07-15T00:03:54.214+0000] {dag.py:3427} INFO - Setting next_dagrun for Pixel_Data_Processing to 2023-07-14T00:00:00+00:00, run_after=2023-07-15T00:00:00+00:00
[2023-07-15T00:03:54.228+0000] {processor.py:175} INFO - Processing /opt/airflow/dags/Pixel_Data.py took 0.165 seconds
[2023-07-15T00:04:24.964+0000] {processor.py:153} INFO - Started process (PID=43948) to work on /opt/airflow/dags/Pixel_Data.py
[2023-07-15T00:04:24.967+0000] {processor.py:743} INFO - Processing file /opt/airflow/dags/Pixel_Data.py for tasks to queue
[2023-07-15T00:04:24.968+0000] {logging_mixin.py:137} INFO - [2023-07-15T00:04:24.968+0000] {dagbag.py:538} INFO - Filling up the DagBag from /opt/airflow/dags/Pixel_Data.py
[2023-07-15T00:04:25.067+0000] {processor.py:753} INFO - DAG(s) dict_keys(['Pixel_Data_Processing']) retrieved from /opt/airflow/dags/Pixel_Data.py
[2023-07-15T00:04:25.085+0000] {logging_mixin.py:137} INFO - [2023-07-15T00:04:25.085+0000] {dag.py:2676} INFO - Sync 1 DAGs
[2023-07-15T00:04:25.101+0000] {logging_mixin.py:137} INFO - [2023-07-15T00:04:25.101+0000] {dag.py:3427} INFO - Setting next_dagrun for Pixel_Data_Processing to 2023-07-14T00:00:00+00:00, run_after=2023-07-15T00:00:00+00:00
[2023-07-15T00:04:25.113+0000] {processor.py:175} INFO - Processing /opt/airflow/dags/Pixel_Data.py took 0.152 seconds
[2023-07-15T00:04:56.224+0000] {processor.py:153} INFO - Started process (PID=44006) to work on /opt/airflow/dags/Pixel_Data.py
[2023-07-15T00:04:56.226+0000] {processor.py:743} INFO - Processing file /opt/airflow/dags/Pixel_Data.py for tasks to queue
[2023-07-15T00:04:56.234+0000] {logging_mixin.py:137} INFO - [2023-07-15T00:04:56.234+0000] {dagbag.py:538} INFO - Filling up the DagBag from /opt/airflow/dags/Pixel_Data.py
[2023-07-15T00:04:56.341+0000] {processor.py:753} INFO - DAG(s) dict_keys(['Pixel_Data_Processing']) retrieved from /opt/airflow/dags/Pixel_Data.py
[2023-07-15T00:04:56.360+0000] {logging_mixin.py:137} INFO - [2023-07-15T00:04:56.360+0000] {dag.py:2676} INFO - Sync 1 DAGs
[2023-07-15T00:04:56.377+0000] {logging_mixin.py:137} INFO - [2023-07-15T00:04:56.377+0000] {dag.py:3427} INFO - Setting next_dagrun for Pixel_Data_Processing to 2023-07-14T00:00:00+00:00, run_after=2023-07-15T00:00:00+00:00
[2023-07-15T00:04:56.390+0000] {processor.py:175} INFO - Processing /opt/airflow/dags/Pixel_Data.py took 0.169 seconds
[2023-07-15T00:05:27.530+0000] {processor.py:153} INFO - Started process (PID=44063) to work on /opt/airflow/dags/Pixel_Data.py
[2023-07-15T00:05:27.534+0000] {processor.py:743} INFO - Processing file /opt/airflow/dags/Pixel_Data.py for tasks to queue
[2023-07-15T00:05:27.536+0000] {logging_mixin.py:137} INFO - [2023-07-15T00:05:27.536+0000] {dagbag.py:538} INFO - Filling up the DagBag from /opt/airflow/dags/Pixel_Data.py
[2023-07-15T00:05:27.657+0000] {processor.py:753} INFO - DAG(s) dict_keys(['Pixel_Data_Processing']) retrieved from /opt/airflow/dags/Pixel_Data.py
[2023-07-15T00:05:27.677+0000] {logging_mixin.py:137} INFO - [2023-07-15T00:05:27.677+0000] {dag.py:2676} INFO - Sync 1 DAGs
[2023-07-15T00:05:27.697+0000] {logging_mixin.py:137} INFO - [2023-07-15T00:05:27.696+0000] {dag.py:3427} INFO - Setting next_dagrun for Pixel_Data_Processing to 2023-07-14T00:00:00+00:00, run_after=2023-07-15T00:00:00+00:00
[2023-07-15T00:05:27.713+0000] {processor.py:175} INFO - Processing /opt/airflow/dags/Pixel_Data.py took 0.186 seconds
[2023-07-15T00:05:58.720+0000] {processor.py:153} INFO - Started process (PID=44120) to work on /opt/airflow/dags/Pixel_Data.py
[2023-07-15T00:05:58.722+0000] {processor.py:743} INFO - Processing file /opt/airflow/dags/Pixel_Data.py for tasks to queue
[2023-07-15T00:05:58.724+0000] {logging_mixin.py:137} INFO - [2023-07-15T00:05:58.724+0000] {dagbag.py:538} INFO - Filling up the DagBag from /opt/airflow/dags/Pixel_Data.py
[2023-07-15T00:05:58.832+0000] {processor.py:753} INFO - DAG(s) dict_keys(['Pixel_Data_Processing']) retrieved from /opt/airflow/dags/Pixel_Data.py
[2023-07-15T00:05:58.850+0000] {logging_mixin.py:137} INFO - [2023-07-15T00:05:58.850+0000] {dag.py:2676} INFO - Sync 1 DAGs
[2023-07-15T00:05:58.869+0000] {logging_mixin.py:137} INFO - [2023-07-15T00:05:58.869+0000] {dag.py:3427} INFO - Setting next_dagrun for Pixel_Data_Processing to 2023-07-14T00:00:00+00:00, run_after=2023-07-15T00:00:00+00:00
[2023-07-15T00:05:58.888+0000] {processor.py:175} INFO - Processing /opt/airflow/dags/Pixel_Data.py took 0.171 seconds
[2023-07-15T00:06:29.559+0000] {processor.py:153} INFO - Started process (PID=44165) to work on /opt/airflow/dags/Pixel_Data.py
[2023-07-15T00:06:29.562+0000] {processor.py:743} INFO - Processing file /opt/airflow/dags/Pixel_Data.py for tasks to queue
[2023-07-15T00:06:29.564+0000] {logging_mixin.py:137} INFO - [2023-07-15T00:06:29.564+0000] {dagbag.py:538} INFO - Filling up the DagBag from /opt/airflow/dags/Pixel_Data.py
[2023-07-15T00:06:29.671+0000] {processor.py:753} INFO - DAG(s) dict_keys(['Pixel_Data_Processing']) retrieved from /opt/airflow/dags/Pixel_Data.py
[2023-07-15T00:06:29.691+0000] {logging_mixin.py:137} INFO - [2023-07-15T00:06:29.690+0000] {dag.py:2676} INFO - Sync 1 DAGs
[2023-07-15T00:06:29.708+0000] {logging_mixin.py:137} INFO - [2023-07-15T00:06:29.708+0000] {dag.py:3427} INFO - Setting next_dagrun for Pixel_Data_Processing to 2023-07-14T00:00:00+00:00, run_after=2023-07-15T00:00:00+00:00
[2023-07-15T00:06:29.721+0000] {processor.py:175} INFO - Processing /opt/airflow/dags/Pixel_Data.py took 0.166 seconds
[2023-07-15T00:07:00.631+0000] {processor.py:153} INFO - Started process (PID=44222) to work on /opt/airflow/dags/Pixel_Data.py
[2023-07-15T00:07:00.633+0000] {processor.py:743} INFO - Processing file /opt/airflow/dags/Pixel_Data.py for tasks to queue
[2023-07-15T00:07:00.635+0000] {logging_mixin.py:137} INFO - [2023-07-15T00:07:00.634+0000] {dagbag.py:538} INFO - Filling up the DagBag from /opt/airflow/dags/Pixel_Data.py
[2023-07-15T00:07:00.734+0000] {processor.py:753} INFO - DAG(s) dict_keys(['Pixel_Data_Processing']) retrieved from /opt/airflow/dags/Pixel_Data.py
[2023-07-15T00:07:00.752+0000] {logging_mixin.py:137} INFO - [2023-07-15T00:07:00.751+0000] {dag.py:2676} INFO - Sync 1 DAGs
[2023-07-15T00:07:00.767+0000] {logging_mixin.py:137} INFO - [2023-07-15T00:07:00.767+0000] {dag.py:3427} INFO - Setting next_dagrun for Pixel_Data_Processing to 2023-07-14T00:00:00+00:00, run_after=2023-07-15T00:00:00+00:00
[2023-07-15T00:07:00.781+0000] {processor.py:175} INFO - Processing /opt/airflow/dags/Pixel_Data.py took 0.152 seconds
[2023-07-15T00:07:31.656+0000] {processor.py:153} INFO - Started process (PID=44278) to work on /opt/airflow/dags/Pixel_Data.py
[2023-07-15T00:07:31.658+0000] {processor.py:743} INFO - Processing file /opt/airflow/dags/Pixel_Data.py for tasks to queue
[2023-07-15T00:07:31.660+0000] {logging_mixin.py:137} INFO - [2023-07-15T00:07:31.660+0000] {dagbag.py:538} INFO - Filling up the DagBag from /opt/airflow/dags/Pixel_Data.py
[2023-07-15T00:07:31.767+0000] {processor.py:753} INFO - DAG(s) dict_keys(['Pixel_Data_Processing']) retrieved from /opt/airflow/dags/Pixel_Data.py
[2023-07-15T00:07:31.784+0000] {logging_mixin.py:137} INFO - [2023-07-15T00:07:31.784+0000] {dag.py:2676} INFO - Sync 1 DAGs
[2023-07-15T00:07:31.809+0000] {logging_mixin.py:137} INFO - [2023-07-15T00:07:31.809+0000] {dag.py:3427} INFO - Setting next_dagrun for Pixel_Data_Processing to 2023-07-14T00:00:00+00:00, run_after=2023-07-15T00:00:00+00:00
[2023-07-15T00:07:31.823+0000] {processor.py:175} INFO - Processing /opt/airflow/dags/Pixel_Data.py took 0.169 seconds
[2023-07-15T00:08:02.766+0000] {processor.py:153} INFO - Started process (PID=44323) to work on /opt/airflow/dags/Pixel_Data.py
[2023-07-15T00:08:02.768+0000] {processor.py:743} INFO - Processing file /opt/airflow/dags/Pixel_Data.py for tasks to queue
[2023-07-15T00:08:02.769+0000] {logging_mixin.py:137} INFO - [2023-07-15T00:08:02.769+0000] {dagbag.py:538} INFO - Filling up the DagBag from /opt/airflow/dags/Pixel_Data.py
[2023-07-15T00:08:02.880+0000] {processor.py:753} INFO - DAG(s) dict_keys(['Pixel_Data_Processing']) retrieved from /opt/airflow/dags/Pixel_Data.py
[2023-07-15T00:08:02.901+0000] {logging_mixin.py:137} INFO - [2023-07-15T00:08:02.901+0000] {dag.py:2676} INFO - Sync 1 DAGs
[2023-07-15T00:08:02.921+0000] {logging_mixin.py:137} INFO - [2023-07-15T00:08:02.921+0000] {dag.py:3427} INFO - Setting next_dagrun for Pixel_Data_Processing to 2023-07-14T00:00:00+00:00, run_after=2023-07-15T00:00:00+00:00
[2023-07-15T00:08:02.937+0000] {processor.py:175} INFO - Processing /opt/airflow/dags/Pixel_Data.py took 0.174 seconds
[2023-07-15T00:08:34.038+0000] {processor.py:153} INFO - Started process (PID=44379) to work on /opt/airflow/dags/Pixel_Data.py
[2023-07-15T00:08:34.040+0000] {processor.py:743} INFO - Processing file /opt/airflow/dags/Pixel_Data.py for tasks to queue
[2023-07-15T00:08:34.041+0000] {logging_mixin.py:137} INFO - [2023-07-15T00:08:34.041+0000] {dagbag.py:538} INFO - Filling up the DagBag from /opt/airflow/dags/Pixel_Data.py
[2023-07-15T00:08:34.139+0000] {processor.py:753} INFO - DAG(s) dict_keys(['Pixel_Data_Processing']) retrieved from /opt/airflow/dags/Pixel_Data.py
[2023-07-15T00:08:34.159+0000] {logging_mixin.py:137} INFO - [2023-07-15T00:08:34.159+0000] {dag.py:2676} INFO - Sync 1 DAGs
[2023-07-15T00:08:34.175+0000] {logging_mixin.py:137} INFO - [2023-07-15T00:08:34.175+0000] {dag.py:3427} INFO - Setting next_dagrun for Pixel_Data_Processing to 2023-07-14T00:00:00+00:00, run_after=2023-07-15T00:00:00+00:00
[2023-07-15T00:08:34.187+0000] {processor.py:175} INFO - Processing /opt/airflow/dags/Pixel_Data.py took 0.152 seconds
[2023-07-15T00:09:04.962+0000] {processor.py:153} INFO - Started process (PID=44437) to work on /opt/airflow/dags/Pixel_Data.py
[2023-07-15T00:09:04.964+0000] {processor.py:743} INFO - Processing file /opt/airflow/dags/Pixel_Data.py for tasks to queue
[2023-07-15T00:09:04.971+0000] {logging_mixin.py:137} INFO - [2023-07-15T00:09:04.971+0000] {dagbag.py:538} INFO - Filling up the DagBag from /opt/airflow/dags/Pixel_Data.py
[2023-07-15T00:09:05.078+0000] {processor.py:753} INFO - DAG(s) dict_keys(['Pixel_Data_Processing']) retrieved from /opt/airflow/dags/Pixel_Data.py
[2023-07-15T00:09:05.098+0000] {logging_mixin.py:137} INFO - [2023-07-15T00:09:05.098+0000] {dag.py:2676} INFO - Sync 1 DAGs
[2023-07-15T00:09:05.117+0000] {logging_mixin.py:137} INFO - [2023-07-15T00:09:05.117+0000] {dag.py:3427} INFO - Setting next_dagrun for Pixel_Data_Processing to 2023-07-14T00:00:00+00:00, run_after=2023-07-15T00:00:00+00:00
[2023-07-15T00:09:05.130+0000] {processor.py:175} INFO - Processing /opt/airflow/dags/Pixel_Data.py took 0.172 seconds
