[2023-07-15T00:00:05.860+0000] {processor.py:153} INFO - Started process (PID=43512) to work on /opt/airflow/dags/pull_de_dag.py
[2023-07-15T00:00:05.864+0000] {processor.py:743} INFO - Processing file /opt/airflow/dags/pull_de_dag.py for tasks to queue
[2023-07-15T00:00:05.866+0000] {logging_mixin.py:137} INFO - [2023-07-15T00:00:05.866+0000] {dagbag.py:538} INFO - Filling up the DagBag from /opt/airflow/dags/pull_de_dag.py
[2023-07-15T00:00:06.003+0000] {processor.py:753} INFO - DAG(s) dict_keys(['Digital-Element-Ingestion']) retrieved from /opt/airflow/dags/pull_de_dag.py
[2023-07-15T00:00:06.020+0000] {logging_mixin.py:137} INFO - [2023-07-15T00:00:06.020+0000] {dag.py:2676} INFO - Sync 1 DAGs
[2023-07-15T00:00:06.039+0000] {logging_mixin.py:137} INFO - [2023-07-15T00:00:06.039+0000] {dag.py:3427} INFO - Setting next_dagrun for Digital-Element-Ingestion to 2023-07-14T00:00:00+00:00, run_after=2023-07-15T00:00:00+00:00
[2023-07-15T00:00:06.056+0000] {processor.py:175} INFO - Processing /opt/airflow/dags/pull_de_dag.py took 0.199 seconds
[2023-07-15T00:00:36.752+0000] {processor.py:153} INFO - Started process (PID=43567) to work on /opt/airflow/dags/pull_de_dag.py
[2023-07-15T00:00:36.754+0000] {processor.py:743} INFO - Processing file /opt/airflow/dags/pull_de_dag.py for tasks to queue
[2023-07-15T00:00:36.755+0000] {logging_mixin.py:137} INFO - [2023-07-15T00:00:36.755+0000] {dagbag.py:538} INFO - Filling up the DagBag from /opt/airflow/dags/pull_de_dag.py
[2023-07-15T00:00:36.998+0000] {processor.py:753} INFO - DAG(s) dict_keys(['Digital-Element-Ingestion']) retrieved from /opt/airflow/dags/pull_de_dag.py
[2023-07-15T00:00:37.032+0000] {logging_mixin.py:137} INFO - [2023-07-15T00:00:37.032+0000] {dag.py:2676} INFO - Sync 1 DAGs
[2023-07-15T00:00:37.051+0000] {logging_mixin.py:137} INFO - [2023-07-15T00:00:37.051+0000] {dag.py:3427} INFO - Setting next_dagrun for Digital-Element-Ingestion to 2023-07-14T00:00:00+00:00, run_after=2023-07-15T00:00:00+00:00
[2023-07-15T00:00:37.064+0000] {processor.py:175} INFO - Processing /opt/airflow/dags/pull_de_dag.py took 0.315 seconds
[2023-07-15T00:01:07.677+0000] {processor.py:153} INFO - Started process (PID=43612) to work on /opt/airflow/dags/pull_de_dag.py
[2023-07-15T00:01:07.679+0000] {processor.py:743} INFO - Processing file /opt/airflow/dags/pull_de_dag.py for tasks to queue
[2023-07-15T00:01:07.680+0000] {logging_mixin.py:137} INFO - [2023-07-15T00:01:07.680+0000] {dagbag.py:538} INFO - Filling up the DagBag from /opt/airflow/dags/pull_de_dag.py
[2023-07-15T00:01:07.829+0000] {processor.py:753} INFO - DAG(s) dict_keys(['Digital-Element-Ingestion']) retrieved from /opt/airflow/dags/pull_de_dag.py
[2023-07-15T00:01:07.851+0000] {logging_mixin.py:137} INFO - [2023-07-15T00:01:07.850+0000] {dag.py:2676} INFO - Sync 1 DAGs
[2023-07-15T00:01:07.871+0000] {logging_mixin.py:137} INFO - [2023-07-15T00:01:07.870+0000] {dag.py:3427} INFO - Setting next_dagrun for Digital-Element-Ingestion to 2023-07-14T00:00:00+00:00, run_after=2023-07-15T00:00:00+00:00
[2023-07-15T00:01:07.887+0000] {processor.py:175} INFO - Processing /opt/airflow/dags/pull_de_dag.py took 0.213 seconds
[2023-07-15T00:01:38.369+0000] {processor.py:153} INFO - Started process (PID=43669) to work on /opt/airflow/dags/pull_de_dag.py
[2023-07-15T00:01:38.372+0000] {processor.py:743} INFO - Processing file /opt/airflow/dags/pull_de_dag.py for tasks to queue
[2023-07-15T00:01:38.373+0000] {logging_mixin.py:137} INFO - [2023-07-15T00:01:38.373+0000] {dagbag.py:538} INFO - Filling up the DagBag from /opt/airflow/dags/pull_de_dag.py
[2023-07-15T00:01:38.491+0000] {processor.py:753} INFO - DAG(s) dict_keys(['Digital-Element-Ingestion']) retrieved from /opt/airflow/dags/pull_de_dag.py
[2023-07-15T00:01:38.508+0000] {logging_mixin.py:137} INFO - [2023-07-15T00:01:38.508+0000] {dag.py:2676} INFO - Sync 1 DAGs
[2023-07-15T00:01:38.525+0000] {logging_mixin.py:137} INFO - [2023-07-15T00:01:38.525+0000] {dag.py:3427} INFO - Setting next_dagrun for Digital-Element-Ingestion to 2023-07-14T00:00:00+00:00, run_after=2023-07-15T00:00:00+00:00
[2023-07-15T00:01:38.540+0000] {processor.py:175} INFO - Processing /opt/airflow/dags/pull_de_dag.py took 0.175 seconds
[2023-07-15T00:02:08.634+0000] {processor.py:153} INFO - Started process (PID=43723) to work on /opt/airflow/dags/pull_de_dag.py
[2023-07-15T00:02:08.638+0000] {processor.py:743} INFO - Processing file /opt/airflow/dags/pull_de_dag.py for tasks to queue
[2023-07-15T00:02:08.640+0000] {logging_mixin.py:137} INFO - [2023-07-15T00:02:08.640+0000] {dagbag.py:538} INFO - Filling up the DagBag from /opt/airflow/dags/pull_de_dag.py
[2023-07-15T00:02:08.813+0000] {processor.py:753} INFO - DAG(s) dict_keys(['Digital-Element-Ingestion']) retrieved from /opt/airflow/dags/pull_de_dag.py
[2023-07-15T00:02:08.838+0000] {logging_mixin.py:137} INFO - [2023-07-15T00:02:08.838+0000] {dag.py:2676} INFO - Sync 1 DAGs
[2023-07-15T00:02:08.862+0000] {logging_mixin.py:137} INFO - [2023-07-15T00:02:08.862+0000] {dag.py:3427} INFO - Setting next_dagrun for Digital-Element-Ingestion to 2023-07-14T00:00:00+00:00, run_after=2023-07-15T00:00:00+00:00
[2023-07-15T00:02:08.876+0000] {processor.py:175} INFO - Processing /opt/airflow/dags/pull_de_dag.py took 0.245 seconds
[2023-07-15T00:02:39.495+0000] {processor.py:153} INFO - Started process (PID=43771) to work on /opt/airflow/dags/pull_de_dag.py
[2023-07-15T00:02:39.498+0000] {processor.py:743} INFO - Processing file /opt/airflow/dags/pull_de_dag.py for tasks to queue
[2023-07-15T00:02:39.500+0000] {logging_mixin.py:137} INFO - [2023-07-15T00:02:39.500+0000] {dagbag.py:538} INFO - Filling up the DagBag from /opt/airflow/dags/pull_de_dag.py
[2023-07-15T00:02:39.622+0000] {processor.py:753} INFO - DAG(s) dict_keys(['Digital-Element-Ingestion']) retrieved from /opt/airflow/dags/pull_de_dag.py
[2023-07-15T00:02:39.638+0000] {logging_mixin.py:137} INFO - [2023-07-15T00:02:39.638+0000] {dag.py:2676} INFO - Sync 1 DAGs
[2023-07-15T00:02:39.656+0000] {logging_mixin.py:137} INFO - [2023-07-15T00:02:39.656+0000] {dag.py:3427} INFO - Setting next_dagrun for Digital-Element-Ingestion to 2023-07-14T00:00:00+00:00, run_after=2023-07-15T00:00:00+00:00
[2023-07-15T00:02:39.774+0000] {processor.py:175} INFO - Processing /opt/airflow/dags/pull_de_dag.py took 0.282 seconds
[2023-07-15T00:03:10.231+0000] {processor.py:153} INFO - Started process (PID=43826) to work on /opt/airflow/dags/pull_de_dag.py
[2023-07-15T00:03:10.232+0000] {processor.py:743} INFO - Processing file /opt/airflow/dags/pull_de_dag.py for tasks to queue
[2023-07-15T00:03:10.234+0000] {logging_mixin.py:137} INFO - [2023-07-15T00:03:10.234+0000] {dagbag.py:538} INFO - Filling up the DagBag from /opt/airflow/dags/pull_de_dag.py
[2023-07-15T00:03:10.362+0000] {processor.py:753} INFO - DAG(s) dict_keys(['Digital-Element-Ingestion']) retrieved from /opt/airflow/dags/pull_de_dag.py
[2023-07-15T00:03:10.378+0000] {logging_mixin.py:137} INFO - [2023-07-15T00:03:10.378+0000] {dag.py:2676} INFO - Sync 1 DAGs
[2023-07-15T00:03:10.400+0000] {logging_mixin.py:137} INFO - [2023-07-15T00:03:10.400+0000] {dag.py:3427} INFO - Setting next_dagrun for Digital-Element-Ingestion to 2023-07-14T00:00:00+00:00, run_after=2023-07-15T00:00:00+00:00
[2023-07-15T00:03:10.415+0000] {processor.py:175} INFO - Processing /opt/airflow/dags/pull_de_dag.py took 0.189 seconds
[2023-07-15T00:03:41.058+0000] {processor.py:153} INFO - Started process (PID=43883) to work on /opt/airflow/dags/pull_de_dag.py
[2023-07-15T00:03:41.061+0000] {processor.py:743} INFO - Processing file /opt/airflow/dags/pull_de_dag.py for tasks to queue
[2023-07-15T00:03:41.062+0000] {logging_mixin.py:137} INFO - [2023-07-15T00:03:41.062+0000] {dagbag.py:538} INFO - Filling up the DagBag from /opt/airflow/dags/pull_de_dag.py
[2023-07-15T00:03:41.219+0000] {processor.py:753} INFO - DAG(s) dict_keys(['Digital-Element-Ingestion']) retrieved from /opt/airflow/dags/pull_de_dag.py
[2023-07-15T00:03:41.238+0000] {logging_mixin.py:137} INFO - [2023-07-15T00:03:41.237+0000] {dag.py:2676} INFO - Sync 1 DAGs
[2023-07-15T00:03:41.257+0000] {logging_mixin.py:137} INFO - [2023-07-15T00:03:41.257+0000] {dag.py:3427} INFO - Setting next_dagrun for Digital-Element-Ingestion to 2023-07-14T00:00:00+00:00, run_after=2023-07-15T00:00:00+00:00
[2023-07-15T00:03:41.272+0000] {processor.py:175} INFO - Processing /opt/airflow/dags/pull_de_dag.py took 0.216 seconds
[2023-07-15T00:04:11.830+0000] {processor.py:153} INFO - Started process (PID=43928) to work on /opt/airflow/dags/pull_de_dag.py
[2023-07-15T00:04:11.832+0000] {processor.py:743} INFO - Processing file /opt/airflow/dags/pull_de_dag.py for tasks to queue
[2023-07-15T00:04:11.834+0000] {logging_mixin.py:137} INFO - [2023-07-15T00:04:11.834+0000] {dagbag.py:538} INFO - Filling up the DagBag from /opt/airflow/dags/pull_de_dag.py
[2023-07-15T00:04:11.958+0000] {processor.py:753} INFO - DAG(s) dict_keys(['Digital-Element-Ingestion']) retrieved from /opt/airflow/dags/pull_de_dag.py
[2023-07-15T00:04:11.976+0000] {logging_mixin.py:137} INFO - [2023-07-15T00:04:11.976+0000] {dag.py:2676} INFO - Sync 1 DAGs
[2023-07-15T00:04:11.996+0000] {logging_mixin.py:137} INFO - [2023-07-15T00:04:11.996+0000] {dag.py:3427} INFO - Setting next_dagrun for Digital-Element-Ingestion to 2023-07-14T00:00:00+00:00, run_after=2023-07-15T00:00:00+00:00
[2023-07-15T00:04:12.012+0000] {processor.py:175} INFO - Processing /opt/airflow/dags/pull_de_dag.py took 0.184 seconds
[2023-07-15T00:04:42.075+0000] {processor.py:153} INFO - Started process (PID=43985) to work on /opt/airflow/dags/pull_de_dag.py
[2023-07-15T00:04:42.077+0000] {processor.py:743} INFO - Processing file /opt/airflow/dags/pull_de_dag.py for tasks to queue
[2023-07-15T00:04:42.079+0000] {logging_mixin.py:137} INFO - [2023-07-15T00:04:42.079+0000] {dagbag.py:538} INFO - Filling up the DagBag from /opt/airflow/dags/pull_de_dag.py
[2023-07-15T00:04:42.218+0000] {processor.py:753} INFO - DAG(s) dict_keys(['Digital-Element-Ingestion']) retrieved from /opt/airflow/dags/pull_de_dag.py
[2023-07-15T00:04:42.235+0000] {logging_mixin.py:137} INFO - [2023-07-15T00:04:42.235+0000] {dag.py:2676} INFO - Sync 1 DAGs
[2023-07-15T00:04:42.253+0000] {logging_mixin.py:137} INFO - [2023-07-15T00:04:42.253+0000] {dag.py:3427} INFO - Setting next_dagrun for Digital-Element-Ingestion to 2023-07-14T00:00:00+00:00, run_after=2023-07-15T00:00:00+00:00
[2023-07-15T00:04:42.270+0000] {processor.py:175} INFO - Processing /opt/airflow/dags/pull_de_dag.py took 0.198 seconds
[2023-07-15T00:05:13.213+0000] {processor.py:153} INFO - Started process (PID=44043) to work on /opt/airflow/dags/pull_de_dag.py
[2023-07-15T00:05:13.216+0000] {processor.py:743} INFO - Processing file /opt/airflow/dags/pull_de_dag.py for tasks to queue
[2023-07-15T00:05:13.218+0000] {logging_mixin.py:137} INFO - [2023-07-15T00:05:13.218+0000] {dagbag.py:538} INFO - Filling up the DagBag from /opt/airflow/dags/pull_de_dag.py
[2023-07-15T00:05:13.347+0000] {processor.py:753} INFO - DAG(s) dict_keys(['Digital-Element-Ingestion']) retrieved from /opt/airflow/dags/pull_de_dag.py
[2023-07-15T00:05:13.364+0000] {logging_mixin.py:137} INFO - [2023-07-15T00:05:13.364+0000] {dag.py:2676} INFO - Sync 1 DAGs
[2023-07-15T00:05:13.381+0000] {logging_mixin.py:137} INFO - [2023-07-15T00:05:13.381+0000] {dag.py:3427} INFO - Setting next_dagrun for Digital-Element-Ingestion to 2023-07-14T00:00:00+00:00, run_after=2023-07-15T00:00:00+00:00
[2023-07-15T00:05:13.398+0000] {processor.py:175} INFO - Processing /opt/airflow/dags/pull_de_dag.py took 0.188 seconds
[2023-07-15T00:05:43.470+0000] {processor.py:153} INFO - Started process (PID=44089) to work on /opt/airflow/dags/pull_de_dag.py
[2023-07-15T00:05:43.472+0000] {processor.py:743} INFO - Processing file /opt/airflow/dags/pull_de_dag.py for tasks to queue
[2023-07-15T00:05:43.473+0000] {logging_mixin.py:137} INFO - [2023-07-15T00:05:43.473+0000] {dagbag.py:538} INFO - Filling up the DagBag from /opt/airflow/dags/pull_de_dag.py
[2023-07-15T00:05:43.594+0000] {processor.py:753} INFO - DAG(s) dict_keys(['Digital-Element-Ingestion']) retrieved from /opt/airflow/dags/pull_de_dag.py
[2023-07-15T00:05:43.610+0000] {logging_mixin.py:137} INFO - [2023-07-15T00:05:43.610+0000] {dag.py:2676} INFO - Sync 1 DAGs
[2023-07-15T00:05:43.632+0000] {logging_mixin.py:137} INFO - [2023-07-15T00:05:43.631+0000] {dag.py:3427} INFO - Setting next_dagrun for Digital-Element-Ingestion to 2023-07-14T00:00:00+00:00, run_after=2023-07-15T00:00:00+00:00
[2023-07-15T00:05:43.744+0000] {processor.py:175} INFO - Processing /opt/airflow/dags/pull_de_dag.py took 0.277 seconds
[2023-07-15T00:06:14.356+0000] {processor.py:153} INFO - Started process (PID=44145) to work on /opt/airflow/dags/pull_de_dag.py
[2023-07-15T00:06:14.358+0000] {processor.py:743} INFO - Processing file /opt/airflow/dags/pull_de_dag.py for tasks to queue
[2023-07-15T00:06:14.361+0000] {logging_mixin.py:137} INFO - [2023-07-15T00:06:14.361+0000] {dagbag.py:538} INFO - Filling up the DagBag from /opt/airflow/dags/pull_de_dag.py
[2023-07-15T00:06:14.475+0000] {processor.py:753} INFO - DAG(s) dict_keys(['Digital-Element-Ingestion']) retrieved from /opt/airflow/dags/pull_de_dag.py
[2023-07-15T00:06:14.491+0000] {logging_mixin.py:137} INFO - [2023-07-15T00:06:14.491+0000] {dag.py:2676} INFO - Sync 1 DAGs
[2023-07-15T00:06:14.509+0000] {logging_mixin.py:137} INFO - [2023-07-15T00:06:14.509+0000] {dag.py:3427} INFO - Setting next_dagrun for Digital-Element-Ingestion to 2023-07-14T00:00:00+00:00, run_after=2023-07-15T00:00:00+00:00
[2023-07-15T00:06:14.522+0000] {processor.py:175} INFO - Processing /opt/airflow/dags/pull_de_dag.py took 0.170 seconds
[2023-07-15T00:06:45.354+0000] {processor.py:153} INFO - Started process (PID=44201) to work on /opt/airflow/dags/pull_de_dag.py
[2023-07-15T00:06:45.356+0000] {processor.py:743} INFO - Processing file /opt/airflow/dags/pull_de_dag.py for tasks to queue
[2023-07-15T00:06:45.358+0000] {logging_mixin.py:137} INFO - [2023-07-15T00:06:45.358+0000] {dagbag.py:538} INFO - Filling up the DagBag from /opt/airflow/dags/pull_de_dag.py
[2023-07-15T00:06:45.487+0000] {processor.py:753} INFO - DAG(s) dict_keys(['Digital-Element-Ingestion']) retrieved from /opt/airflow/dags/pull_de_dag.py
[2023-07-15T00:06:45.506+0000] {logging_mixin.py:137} INFO - [2023-07-15T00:06:45.506+0000] {dag.py:2676} INFO - Sync 1 DAGs
[2023-07-15T00:06:45.524+0000] {logging_mixin.py:137} INFO - [2023-07-15T00:06:45.524+0000] {dag.py:3427} INFO - Setting next_dagrun for Digital-Element-Ingestion to 2023-07-14T00:00:00+00:00, run_after=2023-07-15T00:00:00+00:00
[2023-07-15T00:06:45.538+0000] {processor.py:175} INFO - Processing /opt/airflow/dags/pull_de_dag.py took 0.187 seconds
[2023-07-15T00:07:15.780+0000] {processor.py:153} INFO - Started process (PID=44247) to work on /opt/airflow/dags/pull_de_dag.py
[2023-07-15T00:07:15.782+0000] {processor.py:743} INFO - Processing file /opt/airflow/dags/pull_de_dag.py for tasks to queue
[2023-07-15T00:07:15.783+0000] {logging_mixin.py:137} INFO - [2023-07-15T00:07:15.783+0000] {dagbag.py:538} INFO - Filling up the DagBag from /opt/airflow/dags/pull_de_dag.py
[2023-07-15T00:07:15.891+0000] {processor.py:753} INFO - DAG(s) dict_keys(['Digital-Element-Ingestion']) retrieved from /opt/airflow/dags/pull_de_dag.py
[2023-07-15T00:07:15.908+0000] {logging_mixin.py:137} INFO - [2023-07-15T00:07:15.908+0000] {dag.py:2676} INFO - Sync 1 DAGs
[2023-07-15T00:07:15.925+0000] {logging_mixin.py:137} INFO - [2023-07-15T00:07:15.925+0000] {dag.py:3427} INFO - Setting next_dagrun for Digital-Element-Ingestion to 2023-07-14T00:00:00+00:00, run_after=2023-07-15T00:00:00+00:00
[2023-07-15T00:07:15.937+0000] {processor.py:175} INFO - Processing /opt/airflow/dags/pull_de_dag.py took 0.161 seconds
[2023-07-15T00:07:46.370+0000] {processor.py:153} INFO - Started process (PID=44302) to work on /opt/airflow/dags/pull_de_dag.py
[2023-07-15T00:07:46.372+0000] {processor.py:743} INFO - Processing file /opt/airflow/dags/pull_de_dag.py for tasks to queue
[2023-07-15T00:07:46.374+0000] {logging_mixin.py:137} INFO - [2023-07-15T00:07:46.374+0000] {dagbag.py:538} INFO - Filling up the DagBag from /opt/airflow/dags/pull_de_dag.py
[2023-07-15T00:07:46.496+0000] {processor.py:753} INFO - DAG(s) dict_keys(['Digital-Element-Ingestion']) retrieved from /opt/airflow/dags/pull_de_dag.py
[2023-07-15T00:07:46.515+0000] {logging_mixin.py:137} INFO - [2023-07-15T00:07:46.515+0000] {dag.py:2676} INFO - Sync 1 DAGs
[2023-07-15T00:07:46.533+0000] {logging_mixin.py:137} INFO - [2023-07-15T00:07:46.533+0000] {dag.py:3427} INFO - Setting next_dagrun for Digital-Element-Ingestion to 2023-07-14T00:00:00+00:00, run_after=2023-07-15T00:00:00+00:00
[2023-07-15T00:07:46.545+0000] {processor.py:175} INFO - Processing /opt/airflow/dags/pull_de_dag.py took 0.180 seconds
[2023-07-15T00:08:16.837+0000] {processor.py:153} INFO - Started process (PID=44359) to work on /opt/airflow/dags/pull_de_dag.py
[2023-07-15T00:08:16.840+0000] {processor.py:743} INFO - Processing file /opt/airflow/dags/pull_de_dag.py for tasks to queue
[2023-07-15T00:08:16.842+0000] {logging_mixin.py:137} INFO - [2023-07-15T00:08:16.842+0000] {dagbag.py:538} INFO - Filling up the DagBag from /opt/airflow/dags/pull_de_dag.py
[2023-07-15T00:08:16.986+0000] {processor.py:753} INFO - DAG(s) dict_keys(['Digital-Element-Ingestion']) retrieved from /opt/airflow/dags/pull_de_dag.py
[2023-07-15T00:08:17.003+0000] {logging_mixin.py:137} INFO - [2023-07-15T00:08:17.003+0000] {dag.py:2676} INFO - Sync 1 DAGs
[2023-07-15T00:08:17.020+0000] {logging_mixin.py:137} INFO - [2023-07-15T00:08:17.020+0000] {dag.py:3427} INFO - Setting next_dagrun for Digital-Element-Ingestion to 2023-07-14T00:00:00+00:00, run_after=2023-07-15T00:00:00+00:00
[2023-07-15T00:08:17.036+0000] {processor.py:175} INFO - Processing /opt/airflow/dags/pull_de_dag.py took 0.202 seconds
[2023-07-15T00:08:47.727+0000] {processor.py:153} INFO - Started process (PID=44404) to work on /opt/airflow/dags/pull_de_dag.py
[2023-07-15T00:08:47.729+0000] {processor.py:743} INFO - Processing file /opt/airflow/dags/pull_de_dag.py for tasks to queue
[2023-07-15T00:08:47.732+0000] {logging_mixin.py:137} INFO - [2023-07-15T00:08:47.732+0000] {dagbag.py:538} INFO - Filling up the DagBag from /opt/airflow/dags/pull_de_dag.py
[2023-07-15T00:08:47.851+0000] {processor.py:753} INFO - DAG(s) dict_keys(['Digital-Element-Ingestion']) retrieved from /opt/airflow/dags/pull_de_dag.py
[2023-07-15T00:08:47.869+0000] {logging_mixin.py:137} INFO - [2023-07-15T00:08:47.869+0000] {dag.py:2676} INFO - Sync 1 DAGs
[2023-07-15T00:08:47.985+0000] {logging_mixin.py:137} INFO - [2023-07-15T00:08:47.985+0000] {dag.py:3427} INFO - Setting next_dagrun for Digital-Element-Ingestion to 2023-07-14T00:00:00+00:00, run_after=2023-07-15T00:00:00+00:00
[2023-07-15T00:08:47.997+0000] {processor.py:175} INFO - Processing /opt/airflow/dags/pull_de_dag.py took 0.273 seconds
[2023-07-15T00:09:18.456+0000] {processor.py:153} INFO - Started process (PID=44461) to work on /opt/airflow/dags/pull_de_dag.py
[2023-07-15T00:09:18.459+0000] {processor.py:743} INFO - Processing file /opt/airflow/dags/pull_de_dag.py for tasks to queue
[2023-07-15T00:09:18.461+0000] {logging_mixin.py:137} INFO - [2023-07-15T00:09:18.460+0000] {dagbag.py:538} INFO - Filling up the DagBag from /opt/airflow/dags/pull_de_dag.py
[2023-07-15T00:09:18.578+0000] {processor.py:753} INFO - DAG(s) dict_keys(['Digital-Element-Ingestion']) retrieved from /opt/airflow/dags/pull_de_dag.py
[2023-07-15T00:09:18.592+0000] {logging_mixin.py:137} INFO - [2023-07-15T00:09:18.592+0000] {dag.py:2676} INFO - Sync 1 DAGs
[2023-07-15T00:09:18.610+0000] {logging_mixin.py:137} INFO - [2023-07-15T00:09:18.610+0000] {dag.py:3427} INFO - Setting next_dagrun for Digital-Element-Ingestion to 2023-07-14T00:00:00+00:00, run_after=2023-07-15T00:00:00+00:00
[2023-07-15T00:09:18.622+0000] {processor.py:175} INFO - Processing /opt/airflow/dags/pull_de_dag.py took 0.169 seconds
