[2023-06-21T00:00:02.047+0000] {taskinstance.py:1087} INFO - Dependencies all met for <TaskInstance: dbt_ipflow_dag.dbt_run scheduled__2023-06-20T00:00:00+00:00 [queued]>
[2023-06-21T00:00:02.056+0000] {taskinstance.py:1087} INFO - Dependencies all met for <TaskInstance: dbt_ipflow_dag.dbt_run scheduled__2023-06-20T00:00:00+00:00 [queued]>
[2023-06-21T00:00:02.057+0000] {taskinstance.py:1283} INFO - 
--------------------------------------------------------------------------------
[2023-06-21T00:00:02.058+0000] {taskinstance.py:1284} INFO - Starting attempt 1 of 1
[2023-06-21T00:00:02.060+0000] {taskinstance.py:1285} INFO - 
--------------------------------------------------------------------------------
[2023-06-21T00:00:02.070+0000] {taskinstance.py:1304} INFO - Executing <Task(BashOperator): dbt_run> on 2023-06-20 00:00:00+00:00
[2023-06-21T00:00:02.077+0000] {standard_task_runner.py:55} INFO - Started process 25444 to run task
[2023-06-21T00:00:02.082+0000] {standard_task_runner.py:82} INFO - Running: ['***', 'tasks', 'run', 'dbt_ipflow_dag', 'dbt_run', 'scheduled__2023-06-20T00:00:00+00:00', '--job-id', '32', '--raw', '--subdir', 'DAGS_FOLDER/dbt_ip_flow_dag.py', '--cfg-path', '/tmp/tmpiutq_pu_']
[2023-06-21T00:00:02.085+0000] {standard_task_runner.py:83} INFO - Job 32: Subtask dbt_run
[2023-06-21T00:00:02.161+0000] {task_command.py:389} INFO - Running <TaskInstance: dbt_ipflow_dag.dbt_run scheduled__2023-06-20T00:00:00+00:00 [running]> on host 635f1a4ac995
[2023-06-21T00:00:02.221+0000] {taskinstance.py:1513} INFO - Exporting the following env vars:
AIRFLOW_CTX_DAG_OWNER=***
AIRFLOW_CTX_DAG_ID=dbt_ipflow_dag
AIRFLOW_CTX_TASK_ID=dbt_run
AIRFLOW_CTX_EXECUTION_DATE=2023-06-20T00:00:00+00:00
AIRFLOW_CTX_TRY_NUMBER=1
AIRFLOW_CTX_DAG_RUN_ID=scheduled__2023-06-20T00:00:00+00:00
[2023-06-21T00:00:02.223+0000] {subprocess.py:63} INFO - Tmp dir root location: 
 /tmp
[2023-06-21T00:00:02.225+0000] {subprocess.py:75} INFO - Running command: ['/bin/bash', '-c', 'source /opt/***/dbt_venv/bin/activate']
[2023-06-21T00:00:02.243+0000] {subprocess.py:86} INFO - Output:
[2023-06-21T00:00:02.250+0000] {subprocess.py:97} INFO - Command exited with return code 0
[2023-06-21T00:00:02.285+0000] {taskinstance.py:1327} INFO - Marking task as SUCCESS. dag_id=dbt_ipflow_dag, task_id=dbt_run, execution_date=20230620T000000, start_date=20230621T000002, end_date=20230621T000002
[2023-06-21T00:00:02.334+0000] {local_task_job.py:159} INFO - Task exited with return code 0
[2023-06-21T00:00:02.357+0000] {taskinstance.py:2582} INFO - 1 downstream tasks scheduled from follow-on schedule check
