[2023-06-25T00:01:29.597+0000] {taskinstance.py:1087} INFO - Dependencies all met for <TaskInstance: dbt_ipflow_dag.run_full_outputs_workflow scheduled__2023-06-24T00:00:00+00:00 [queued]>
[2023-06-25T00:01:29.609+0000] {taskinstance.py:1087} INFO - Dependencies all met for <TaskInstance: dbt_ipflow_dag.run_full_outputs_workflow scheduled__2023-06-24T00:00:00+00:00 [queued]>
[2023-06-25T00:01:29.611+0000] {taskinstance.py:1283} INFO - 
--------------------------------------------------------------------------------
[2023-06-25T00:01:29.612+0000] {taskinstance.py:1284} INFO - Starting attempt 1 of 1
[2023-06-25T00:01:29.613+0000] {taskinstance.py:1285} INFO - 
--------------------------------------------------------------------------------
[2023-06-25T00:01:29.626+0000] {taskinstance.py:1304} INFO - Executing <Task(BashOperator): run_full_outputs_workflow> on 2023-06-24 00:00:00+00:00
[2023-06-25T00:01:29.632+0000] {standard_task_runner.py:55} INFO - Started process 93547 to run task
[2023-06-25T00:01:29.636+0000] {standard_task_runner.py:82} INFO - Running: ['***', 'tasks', 'run', 'dbt_ipflow_dag', 'run_full_outputs_workflow', 'scheduled__2023-06-24T00:00:00+00:00', '--job-id', '58', '--raw', '--subdir', 'DAGS_FOLDER/dbt_ip_flow_dag.py', '--cfg-path', '/tmp/tmp6h6zglgw']
[2023-06-25T00:01:29.639+0000] {standard_task_runner.py:83} INFO - Job 58: Subtask run_full_outputs_workflow
[2023-06-25T00:01:29.729+0000] {task_command.py:389} INFO - Running <TaskInstance: dbt_ipflow_dag.run_full_outputs_workflow scheduled__2023-06-24T00:00:00+00:00 [running]> on host 635f1a4ac995
[2023-06-25T00:01:29.801+0000] {taskinstance.py:1513} INFO - Exporting the following env vars:
AIRFLOW_CTX_DAG_OWNER=***
AIRFLOW_CTX_DAG_ID=dbt_ipflow_dag
AIRFLOW_CTX_TASK_ID=run_full_outputs_workflow
AIRFLOW_CTX_EXECUTION_DATE=2023-06-24T00:00:00+00:00
AIRFLOW_CTX_TRY_NUMBER=1
AIRFLOW_CTX_DAG_RUN_ID=scheduled__2023-06-24T00:00:00+00:00
[2023-06-25T00:01:29.807+0000] {subprocess.py:63} INFO - Tmp dir root location: 
 /tmp
[2023-06-25T00:01:29.808+0000] {subprocess.py:75} INFO - Running command: ['/bin/bash', '-c', 'dbt run --select src_ipflow_merge_output+ --select stg_ipflow_success_data+ --profiles-dir /opt/***/dbt/dbt_dsg_app --project-dir /opt/***/dbt/dbt_dsg_app']
[2023-06-25T00:01:29.824+0000] {subprocess.py:86} INFO - Output:
[2023-06-25T00:01:31.269+0000] {subprocess.py:93} INFO - [0m00:01:31  Running with dbt=1.5.1
[2023-06-25T00:01:32.065+0000] {subprocess.py:93} INFO - [0m00:01:32  Found 12 models, 2 tests, 0 snapshots, 0 analyses, 321 macros, 0 operations, 0 seed files, 0 sources, 0 exposures, 0 metrics, 0 groups
[2023-06-25T00:01:32.074+0000] {subprocess.py:93} INFO - [0m00:01:32
[2023-06-25T00:01:33.835+0000] {subprocess.py:93} INFO - [0m00:01:33  Concurrency: 4 threads (target='dev')
[2023-06-25T00:01:33.856+0000] {subprocess.py:93} INFO - [0m00:01:33
[2023-06-25T00:01:33.875+0000] {subprocess.py:93} INFO - [0m00:01:33  1 of 11 START sql table model DBT_POC.src_ipflow_merge_output .................. [RUN]
[2023-06-25T00:01:33.878+0000] {subprocess.py:93} INFO - [0m00:01:33  2 of 11 START sql table model DBT_POC.stg_ipflow_success_data .................. [RUN]
[2023-06-25T00:01:35.217+0000] {subprocess.py:93} INFO - [0m00:01:35  2 of 11 OK created sql table model DBT_POC.stg_ipflow_success_data ............. [[32mSUCCESS 1[0m in 1.33s]
[2023-06-25T00:01:35.226+0000] {subprocess.py:93} INFO - [0m00:01:35  3 of 11 START sql table model DBT_POC.src_ipflow_merge_domain_observations ..... [RUN]
[2023-06-25T00:01:35.230+0000] {subprocess.py:93} INFO - [0m00:01:35  4 of 11 START sql table model DBT_POC.src_ipflow_merge_success_output .......... [RUN]
[2023-06-25T00:01:35.582+0000] {subprocess.py:93} INFO - [0m00:01:35  1 of 11 OK created sql table model DBT_POC.src_ipflow_merge_output ............. [[32mSUCCESS 1[0m in 1.69s]
[2023-06-25T00:01:35.595+0000] {subprocess.py:93} INFO - [0m00:01:35  5 of 11 START sql incremental model DBT_POC.stg_ipflow_merge_output ............ [RUN]
[2023-06-25T00:01:36.290+0000] {subprocess.py:93} INFO - [0m00:01:36  3 of 11 OK created sql table model DBT_POC.src_ipflow_merge_domain_observations  [[32mSUCCESS 1[0m in 1.05s]
[2023-06-25T00:01:36.306+0000] {subprocess.py:93} INFO - [0m00:01:36  6 of 11 START sql incremental model DBT_POC.stg_ipflow_merge_domain_observations  [RUN]
[2023-06-25T00:01:36.380+0000] {subprocess.py:93} INFO - [0m00:01:36  4 of 11 OK created sql table model DBT_POC.src_ipflow_merge_success_output ..... [[32mSUCCESS 1[0m in 1.13s]
[2023-06-25T00:01:36.397+0000] {subprocess.py:93} INFO - [0m00:01:36  7 of 11 START sql incremental model DBT_POC.stg_ipflow_merge_success_output .... [RUN]
[2023-06-25T00:01:38.957+0000] {subprocess.py:93} INFO - [0m00:01:38  5 of 11 OK created sql incremental model DBT_POC.stg_ipflow_merge_output ....... [[32mSUCCESS 1[0m in 3.35s]
[2023-06-25T00:01:40.111+0000] {subprocess.py:93} INFO - [0m00:01:40  7 of 11 OK created sql incremental model DBT_POC.stg_ipflow_merge_success_output  [[32mSUCCESS 0[0m in 3.69s]
[2023-06-25T00:01:40.160+0000] {subprocess.py:93} INFO - [0m00:01:40  8 of 11 START sql table model DBT_POC.src_ipflow_normalized_location ........... [RUN]
[2023-06-25T00:01:40.564+0000] {subprocess.py:93} INFO - [0m00:01:40  6 of 11 OK created sql incremental model DBT_POC.stg_ipflow_merge_domain_observations  [[32mSUCCESS 0[0m in 4.23s]
[2023-06-25T00:01:40.578+0000] {subprocess.py:93} INFO - [0m00:01:40  9 of 11 START sql table model DBT_POC.fact_ip_to_company_domain ................ [RUN]
[2023-06-25T00:01:41.840+0000] {subprocess.py:93} INFO - [0m00:01:41  9 of 11 OK created sql table model DBT_POC.fact_ip_to_company_domain ........... [[32mSUCCESS 1[0m in 1.26s]
[2023-06-25T00:01:41.929+0000] {subprocess.py:93} INFO - [0m00:01:41  8 of 11 OK created sql table model DBT_POC.src_ipflow_normalized_location ...... [[32mSUCCESS 1[0m in 1.76s]
[2023-06-25T00:01:41.955+0000] {subprocess.py:93} INFO - [0m00:01:41  10 of 11 START sql table model DBT_POC.src_ipflow_ip_to_location ............... [RUN]
[2023-06-25T00:01:43.370+0000] {subprocess.py:93} INFO - [0m00:01:43  10 of 11 OK created sql table model DBT_POC.src_ipflow_ip_to_location .......... [[32mSUCCESS 1[0m in 1.41s]
[2023-06-25T00:01:43.383+0000] {subprocess.py:93} INFO - [0m00:01:43  11 of 11 START sql incremental model DBT_POC.stg_ipflow_ip_to_location_mappings  [RUN]
[2023-06-25T00:01:46.405+0000] {subprocess.py:93} INFO - [0m00:01:46  11 of 11 OK created sql incremental model DBT_POC.stg_ipflow_ip_to_location_mappings  [[32mSUCCESS 2[0m in 3.01s]
[2023-06-25T00:01:46.468+0000] {subprocess.py:93} INFO - [0m00:01:46
[2023-06-25T00:01:46.471+0000] {subprocess.py:93} INFO - [0m00:01:46  Finished running 7 table models, 4 incremental models in 0 hours 0 minutes and 14.37 seconds (14.37s).
[2023-06-25T00:01:46.536+0000] {subprocess.py:93} INFO - [0m00:01:46
[2023-06-25T00:01:46.539+0000] {subprocess.py:93} INFO - [0m00:01:46  [32mCompleted successfully[0m
[2023-06-25T00:01:46.541+0000] {subprocess.py:93} INFO - [0m00:01:46
[2023-06-25T00:01:46.543+0000] {subprocess.py:93} INFO - [0m00:01:46  Done. PASS=11 WARN=0 ERROR=0 SKIP=0 TOTAL=11
[2023-06-25T00:01:46.950+0000] {subprocess.py:97} INFO - Command exited with return code 0
[2023-06-25T00:01:47.004+0000] {taskinstance.py:1327} INFO - Marking task as SUCCESS. dag_id=dbt_ipflow_dag, task_id=run_full_outputs_workflow, execution_date=20230624T000000, start_date=20230625T000129, end_date=20230625T000147
[2023-06-25T00:01:47.076+0000] {local_task_job.py:159} INFO - Task exited with return code 0
[2023-06-25T00:01:47.106+0000] {taskinstance.py:2582} INFO - 0 downstream tasks scheduled from follow-on schedule check
