[2023-08-04T18:20:00.575+0000] {taskinstance.py:1087} INFO - Dependencies all met for <TaskInstance: install_dbt_snowflake.install_dbt_snowflake manual__2023-08-04T18:19:59.483993+00:00 [queued]>
[2023-08-04T18:20:00.587+0000] {taskinstance.py:1087} INFO - Dependencies all met for <TaskInstance: install_dbt_snowflake.install_dbt_snowflake manual__2023-08-04T18:19:59.483993+00:00 [queued]>
[2023-08-04T18:20:00.588+0000] {taskinstance.py:1283} INFO - 
--------------------------------------------------------------------------------
[2023-08-04T18:20:00.589+0000] {taskinstance.py:1284} INFO - Starting attempt 1 of 3
[2023-08-04T18:20:00.590+0000] {taskinstance.py:1285} INFO - 
--------------------------------------------------------------------------------
[2023-08-04T18:20:00.612+0000] {taskinstance.py:1304} INFO - Executing <Task(BashOperator): install_dbt_snowflake> on 2023-08-04 18:19:59.483993+00:00
[2023-08-04T18:20:00.625+0000] {standard_task_runner.py:55} INFO - Started process 812 to run task
[2023-08-04T18:20:00.646+0000] {standard_task_runner.py:82} INFO - Running: ['***', 'tasks', 'run', 'install_dbt_snowflake', 'install_dbt_snowflake', 'manual__2023-08-04T18:19:59.483993+00:00', '--job-id', '7', '--raw', '--subdir', 'DAGS_FOLDER/install_dbt_snowflake.py', '--cfg-path', '/tmp/tmpijv0838j']
[2023-08-04T18:20:00.649+0000] {standard_task_runner.py:83} INFO - Job 7: Subtask install_dbt_snowflake
[2023-08-04T18:20:00.762+0000] {task_command.py:389} INFO - Running <TaskInstance: install_dbt_snowflake.install_dbt_snowflake manual__2023-08-04T18:19:59.483993+00:00 [running]> on host 2d3cfeb384b0
[2023-08-04T18:20:00.853+0000] {taskinstance.py:1513} INFO - Exporting the following env vars:
AIRFLOW_CTX_DAG_OWNER=adedayo.okubanjo
AIRFLOW_CTX_DAG_ID=install_dbt_snowflake
AIRFLOW_CTX_TASK_ID=install_dbt_snowflake
AIRFLOW_CTX_EXECUTION_DATE=2023-08-04T18:19:59.483993+00:00
AIRFLOW_CTX_TRY_NUMBER=1
AIRFLOW_CTX_DAG_RUN_ID=manual__2023-08-04T18:19:59.483993+00:00
[2023-08-04T18:20:00.856+0000] {subprocess.py:63} INFO - Tmp dir root location: 
 /tmp
[2023-08-04T18:20:00.858+0000] {subprocess.py:75} INFO - Running command: ['/bin/bash', '-c', 'pip install dbt-snowflake']
[2023-08-04T18:20:00.877+0000] {subprocess.py:86} INFO - Output:
[2023-08-04T18:20:01.512+0000] {subprocess.py:93} INFO - Defaulting to user installation because normal site-packages is not writeable
[2023-08-04T18:20:01.646+0000] {subprocess.py:93} INFO - Requirement already satisfied: dbt-snowflake in /home/***/.local/lib/python3.7/site-packages (1.5.1)
[2023-08-04T18:20:01.662+0000] {subprocess.py:93} INFO - Requirement already satisfied: dbt-core~=1.5.0 in /home/***/.local/lib/python3.7/site-packages (from dbt-snowflake) (1.5.4)
[2023-08-04T18:20:01.664+0000] {subprocess.py:93} INFO - Requirement already satisfied: snowflake-connector-python[secure-local-storage]~=3.0 in /home/***/.local/lib/python3.7/site-packages (from dbt-snowflake) (3.0.4)
[2023-08-04T18:20:01.672+0000] {subprocess.py:93} INFO - Requirement already satisfied: Jinja2==3.1.2 in /home/***/.local/lib/python3.7/site-packages (from dbt-core~=1.5.0->dbt-snowflake) (3.1.2)
[2023-08-04T18:20:01.673+0000] {subprocess.py:93} INFO - Requirement already satisfied: agate<1.7.1,>=1.6 in /home/***/.local/lib/python3.7/site-packages (from dbt-core~=1.5.0->dbt-snowflake) (1.7.0)
[2023-08-04T18:20:01.674+0000] {subprocess.py:93} INFO - Requirement already satisfied: click<8.1.4,>=7.0 in /home/***/.local/lib/python3.7/site-packages (from dbt-core~=1.5.0->dbt-snowflake) (8.1.3)
[2023-08-04T18:20:01.675+0000] {subprocess.py:93} INFO - Requirement already satisfied: colorama<0.4.7,>=0.3.9 in /home/***/.local/lib/python3.7/site-packages (from dbt-core~=1.5.0->dbt-snowflake) (0.4.4)
[2023-08-04T18:20:01.677+0000] {subprocess.py:93} INFO - Requirement already satisfied: hologram<=0.0.16,>=0.0.14 in /home/***/.local/lib/python3.7/site-packages (from dbt-core~=1.5.0->dbt-snowflake) (0.0.16)
[2023-08-04T18:20:01.686+0000] {subprocess.py:93} INFO - Requirement already satisfied: isodate<0.7,>=0.6 in /home/***/.local/lib/python3.7/site-packages (from dbt-core~=1.5.0->dbt-snowflake) (0.6.1)
[2023-08-04T18:20:01.689+0000] {subprocess.py:93} INFO - Requirement already satisfied: logbook<1.6,>=1.5 in /home/***/.local/lib/python3.7/site-packages (from dbt-core~=1.5.0->dbt-snowflake) (1.5.3)
[2023-08-04T18:20:01.690+0000] {subprocess.py:93} INFO - Requirement already satisfied: mashumaro[msgpack]==3.6 in /home/***/.local/lib/python3.7/site-packages (from dbt-core~=1.5.0->dbt-snowflake) (3.6)
[2023-08-04T18:20:01.691+0000] {subprocess.py:93} INFO - Requirement already satisfied: minimal-snowplow-tracker==0.0.2 in /home/***/.local/lib/python3.7/site-packages (from dbt-core~=1.5.0->dbt-snowflake) (0.0.2)
[2023-08-04T18:20:01.692+0000] {subprocess.py:93} INFO - Requirement already satisfied: packaging>20.9 in /home/***/.local/lib/python3.7/site-packages (from dbt-core~=1.5.0->dbt-snowflake) (21.3)
[2023-08-04T18:20:01.693+0000] {subprocess.py:93} INFO - Requirement already satisfied: sqlparse>=0.2.3 in /home/***/.local/lib/python3.7/site-packages (from dbt-core~=1.5.0->dbt-snowflake) (0.4.3)
[2023-08-04T18:20:01.703+0000] {subprocess.py:93} INFO - Requirement already satisfied: dbt-extractor~=0.4.1 in /home/***/.local/lib/python3.7/site-packages (from dbt-core~=1.5.0->dbt-snowflake) (0.4.1)
[2023-08-04T18:20:01.704+0000] {subprocess.py:93} INFO - Requirement already satisfied: typing-extensions>=3.7.4 in /home/***/.local/lib/python3.7/site-packages (from dbt-core~=1.5.0->dbt-snowflake) (4.4.0)
[2023-08-04T18:20:01.705+0000] {subprocess.py:93} INFO - Requirement already satisfied: werkzeug<3,>=1 in /home/***/.local/lib/python3.7/site-packages (from dbt-core~=1.5.0->dbt-snowflake) (2.2.2)
[2023-08-04T18:20:01.706+0000] {subprocess.py:93} INFO - Requirement already satisfied: pathspec<0.12,>=0.9 in /home/***/.local/lib/python3.7/site-packages (from dbt-core~=1.5.0->dbt-snowflake) (0.9.0)
[2023-08-04T18:20:01.707+0000] {subprocess.py:93} INFO - Requirement already satisfied: protobuf>=4.0.0 in /home/***/.local/lib/python3.7/site-packages (from dbt-core~=1.5.0->dbt-snowflake) (4.23.4)
[2023-08-04T18:20:01.708+0000] {subprocess.py:93} INFO - Requirement already satisfied: pytz>=2015.7 in /home/***/.local/lib/python3.7/site-packages (from dbt-core~=1.5.0->dbt-snowflake) (2022.6)
[2023-08-04T18:20:01.709+0000] {subprocess.py:93} INFO - Requirement already satisfied: requests<3.0.0 in /home/***/.local/lib/python3.7/site-packages (from dbt-core~=1.5.0->dbt-snowflake) (2.28.1)
[2023-08-04T18:20:01.710+0000] {subprocess.py:93} INFO - Requirement already satisfied: idna<4,>=2.5 in /home/***/.local/lib/python3.7/site-packages (from dbt-core~=1.5.0->dbt-snowflake) (3.4)
[2023-08-04T18:20:01.711+0000] {subprocess.py:93} INFO - Requirement already satisfied: cffi<2.0.0,>=1.9 in /home/***/.local/lib/python3.7/site-packages (from dbt-core~=1.5.0->dbt-snowflake) (1.15.1)
[2023-08-04T18:20:01.712+0000] {subprocess.py:93} INFO - Requirement already satisfied: pyyaml>=6.0 in /home/***/.local/lib/python3.7/site-packages (from dbt-core~=1.5.0->dbt-snowflake) (6.0.1)
[2023-08-04T18:20:01.713+0000] {subprocess.py:93} INFO - Requirement already satisfied: networkx<2.8.1,>=2.3 in /home/***/.local/lib/python3.7/site-packages (from dbt-core~=1.5.0->dbt-snowflake) (2.6.3)
[2023-08-04T18:20:01.714+0000] {subprocess.py:93} INFO - Requirement already satisfied: MarkupSafe>=2.0 in /home/***/.local/lib/python3.7/site-packages (from Jinja2==3.1.2->dbt-core~=1.5.0->dbt-snowflake) (2.1.1)
[2023-08-04T18:20:01.715+0000] {subprocess.py:93} INFO - Requirement already satisfied: msgpack>=0.5.6 in /home/***/.local/lib/python3.7/site-packages (from mashumaro[msgpack]==3.6->dbt-core~=1.5.0->dbt-snowflake) (1.0.4)
[2023-08-04T18:20:01.716+0000] {subprocess.py:93} INFO - Requirement already satisfied: six<2.0,>=1.9.0 in /home/***/.local/lib/python3.7/site-packages (from minimal-snowplow-tracker==0.0.2->dbt-core~=1.5.0->dbt-snowflake) (1.16.0)
[2023-08-04T18:20:01.717+0000] {subprocess.py:93} INFO - Requirement already satisfied: asn1crypto<2.0.0,>0.24.0 in /home/***/.local/lib/python3.7/site-packages (from snowflake-connector-python[secure-local-storage]~=3.0->dbt-snowflake) (1.5.1)
[2023-08-04T18:20:01.720+0000] {subprocess.py:93} INFO - Requirement already satisfied: cryptography<41.0.0,>=3.1.0 in /home/***/.local/lib/python3.7/site-packages (from snowflake-connector-python[secure-local-storage]~=3.0->dbt-snowflake) (36.0.2)
[2023-08-04T18:20:01.721+0000] {subprocess.py:93} INFO - Requirement already satisfied: oscrypto<2.0.0 in /home/***/.local/lib/python3.7/site-packages (from snowflake-connector-python[secure-local-storage]~=3.0->dbt-snowflake) (1.3.0)
[2023-08-04T18:20:01.722+0000] {subprocess.py:93} INFO - Requirement already satisfied: pyOpenSSL<24.0.0,>=16.2.0 in /home/***/.local/lib/python3.7/site-packages (from snowflake-connector-python[secure-local-storage]~=3.0->dbt-snowflake) (22.0.0)
[2023-08-04T18:20:01.723+0000] {subprocess.py:93} INFO - Requirement already satisfied: pycryptodomex!=3.5.0,<4.0.0,>=3.2 in /home/***/.local/lib/python3.7/site-packages (from snowflake-connector-python[secure-local-storage]~=3.0->dbt-snowflake) (3.18.0)
[2023-08-04T18:20:01.724+0000] {subprocess.py:93} INFO - Requirement already satisfied: pyjwt<3.0.0 in /home/***/.local/lib/python3.7/site-packages (from snowflake-connector-python[secure-local-storage]~=3.0->dbt-snowflake) (2.6.0)
[2023-08-04T18:20:01.725+0000] {subprocess.py:93} INFO - Requirement already satisfied: charset-normalizer<4,>=2 in /home/***/.local/lib/python3.7/site-packages (from snowflake-connector-python[secure-local-storage]~=3.0->dbt-snowflake) (2.1.1)
[2023-08-04T18:20:01.727+0000] {subprocess.py:93} INFO - Requirement already satisfied: urllib3<1.27,>=1.21.1 in /home/***/.local/lib/python3.7/site-packages (from snowflake-connector-python[secure-local-storage]~=3.0->dbt-snowflake) (1.26.13)
[2023-08-04T18:20:01.729+0000] {subprocess.py:93} INFO - Requirement already satisfied: certifi>=2017.4.17 in /home/***/.local/lib/python3.7/site-packages (from snowflake-connector-python[secure-local-storage]~=3.0->dbt-snowflake) (2022.9.24)
[2023-08-04T18:20:01.730+0000] {subprocess.py:93} INFO - Requirement already satisfied: filelock<4,>=3.5 in /home/***/.local/lib/python3.7/site-packages (from snowflake-connector-python[secure-local-storage]~=3.0->dbt-snowflake) (3.8.0)
[2023-08-04T18:20:01.730+0000] {subprocess.py:93} INFO - Requirement already satisfied: sortedcontainers>=2.4.0 in /home/***/.local/lib/python3.7/site-packages (from snowflake-connector-python[secure-local-storage]~=3.0->dbt-snowflake) (2.4.0)
[2023-08-04T18:20:01.731+0000] {subprocess.py:93} INFO - Requirement already satisfied: importlib-metadata in /home/***/.local/lib/python3.7/site-packages (from snowflake-connector-python[secure-local-storage]~=3.0->dbt-snowflake) (4.13.0)
[2023-08-04T18:20:01.732+0000] {subprocess.py:93} INFO - Requirement already satisfied: keyring!=16.1.0,<24.0.0 in /home/***/.local/lib/python3.7/site-packages (from snowflake-connector-python[secure-local-storage]~=3.0->dbt-snowflake) (23.13.1)
[2023-08-04T18:20:01.733+0000] {subprocess.py:93} INFO - Requirement already satisfied: Babel>=2.0 in /home/***/.local/lib/python3.7/site-packages (from agate<1.7.1,>=1.6->dbt-core~=1.5.0->dbt-snowflake) (2.11.0)
[2023-08-04T18:20:01.734+0000] {subprocess.py:93} INFO - Requirement already satisfied: leather>=0.3.2 in /home/***/.local/lib/python3.7/site-packages (from agate<1.7.1,>=1.6->dbt-core~=1.5.0->dbt-snowflake) (0.3.4)
[2023-08-04T18:20:01.767+0000] {subprocess.py:93} INFO - Requirement already satisfied: parsedatetime!=2.5,!=2.6,>=2.1 in /home/***/.local/lib/python3.7/site-packages (from agate<1.7.1,>=1.6->dbt-core~=1.5.0->dbt-snowflake) (2.4)
[2023-08-04T18:20:01.768+0000] {subprocess.py:93} INFO - Requirement already satisfied: python-slugify>=1.2.1 in /home/***/.local/lib/python3.7/site-packages (from agate<1.7.1,>=1.6->dbt-core~=1.5.0->dbt-snowflake) (7.0.0)
[2023-08-04T18:20:01.769+0000] {subprocess.py:93} INFO - Requirement already satisfied: pytimeparse>=1.1.5 in /home/***/.local/lib/python3.7/site-packages (from agate<1.7.1,>=1.6->dbt-core~=1.5.0->dbt-snowflake) (1.1.8)
[2023-08-04T18:20:01.770+0000] {subprocess.py:93} INFO - Requirement already satisfied: pycparser in /home/***/.local/lib/python3.7/site-packages (from cffi<2.0.0,>=1.9->dbt-core~=1.5.0->dbt-snowflake) (2.21)
[2023-08-04T18:20:01.772+0000] {subprocess.py:93} INFO - Requirement already satisfied: python-dateutil<2.9,>=2.8 in /home/***/.local/lib/python3.7/site-packages (from hologram<=0.0.16,>=0.0.14->dbt-core~=1.5.0->dbt-snowflake) (2.8.2)
[2023-08-04T18:20:01.773+0000] {subprocess.py:93} INFO - Requirement already satisfied: jsonschema>=3.0 in /home/***/.local/lib/python3.7/site-packages (from hologram<=0.0.16,>=0.0.14->dbt-core~=1.5.0->dbt-snowflake) (4.17.3)
[2023-08-04T18:20:01.774+0000] {subprocess.py:93} INFO - Requirement already satisfied: jaraco.classes in /home/***/.local/lib/python3.7/site-packages (from keyring!=16.1.0,<24.0.0->snowflake-connector-python[secure-local-storage]~=3.0->dbt-snowflake) (3.2.3)
[2023-08-04T18:20:01.775+0000] {subprocess.py:93} INFO - Requirement already satisfied: importlib-resources in /home/***/.local/lib/python3.7/site-packages (from keyring!=16.1.0,<24.0.0->snowflake-connector-python[secure-local-storage]~=3.0->dbt-snowflake) (5.10.0)
[2023-08-04T18:20:01.776+0000] {subprocess.py:93} INFO - Requirement already satisfied: SecretStorage>=3.2 in /home/***/.local/lib/python3.7/site-packages (from keyring!=16.1.0,<24.0.0->snowflake-connector-python[secure-local-storage]~=3.0->dbt-snowflake) (3.3.3)
[2023-08-04T18:20:01.777+0000] {subprocess.py:93} INFO - Requirement already satisfied: jeepney>=0.4.2 in /home/***/.local/lib/python3.7/site-packages (from keyring!=16.1.0,<24.0.0->snowflake-connector-python[secure-local-storage]~=3.0->dbt-snowflake) (0.8.0)
[2023-08-04T18:20:01.787+0000] {subprocess.py:93} INFO - Requirement already satisfied: zipp>=0.5 in /home/***/.local/lib/python3.7/site-packages (from importlib-metadata->snowflake-connector-python[secure-local-storage]~=3.0->dbt-snowflake) (3.11.0)
[2023-08-04T18:20:01.825+0000] {subprocess.py:93} INFO - Requirement already satisfied: pyparsing!=3.0.5,>=2.0.2 in /home/***/.local/lib/python3.7/site-packages (from packaging>20.9->dbt-core~=1.5.0->dbt-snowflake) (3.0.9)
[2023-08-04T18:20:01.921+0000] {subprocess.py:93} INFO - Requirement already satisfied: attrs>=17.4.0 in /home/***/.local/lib/python3.7/site-packages (from jsonschema>=3.0->hologram<=0.0.16,>=0.0.14->dbt-core~=1.5.0->dbt-snowflake) (22.1.0)
[2023-08-04T18:20:01.922+0000] {subprocess.py:93} INFO - Requirement already satisfied: pkgutil-resolve-name>=1.3.10 in /home/***/.local/lib/python3.7/site-packages (from jsonschema>=3.0->hologram<=0.0.16,>=0.0.14->dbt-core~=1.5.0->dbt-snowflake) (1.3.10)
[2023-08-04T18:20:01.923+0000] {subprocess.py:93} INFO - Requirement already satisfied: pyrsistent!=0.17.0,!=0.17.1,!=0.17.2,>=0.14.0 in /home/***/.local/lib/python3.7/site-packages (from jsonschema>=3.0->hologram<=0.0.16,>=0.0.14->dbt-core~=1.5.0->dbt-snowflake) (0.19.2)
[2023-08-04T18:20:01.954+0000] {subprocess.py:93} INFO - Requirement already satisfied: future in /home/***/.local/lib/python3.7/site-packages (from parsedatetime!=2.5,!=2.6,>=2.1->agate<1.7.1,>=1.6->dbt-core~=1.5.0->dbt-snowflake) (0.18.2)
[2023-08-04T18:20:01.970+0000] {subprocess.py:93} INFO - Requirement already satisfied: text-unidecode>=1.3 in /home/***/.local/lib/python3.7/site-packages (from python-slugify>=1.2.1->agate<1.7.1,>=1.6->dbt-core~=1.5.0->dbt-snowflake) (1.3)
[2023-08-04T18:20:02.009+0000] {subprocess.py:93} INFO - Requirement already satisfied: more-itertools in /home/***/.local/lib/python3.7/site-packages (from jaraco.classes->keyring!=16.1.0,<24.0.0->snowflake-connector-python[secure-local-storage]~=3.0->dbt-snowflake) (9.1.0)
[2023-08-04T18:20:04.362+0000] {subprocess.py:93} INFO - 
[2023-08-04T18:20:04.364+0000] {subprocess.py:93} INFO - [notice] A new release of pip is available: 23.1.2 -> 23.2.1
[2023-08-04T18:20:04.400+0000] {subprocess.py:93} INFO - [notice] To update, run: python -m pip install --upgrade pip
[2023-08-04T18:20:04.491+0000] {subprocess.py:97} INFO - Command exited with return code 0
[2023-08-04T18:20:04.521+0000] {taskinstance.py:1327} INFO - Marking task as SUCCESS. dag_id=install_dbt_snowflake, task_id=install_dbt_snowflake, execution_date=20230804T181959, start_date=20230804T182000, end_date=20230804T182004
[2023-08-04T18:20:04.548+0000] {local_task_job.py:159} INFO - Task exited with return code 0
[2023-08-04T18:20:04.566+0000] {taskinstance.py:2582} INFO - 0 downstream tasks scheduled from follow-on schedule check
