[2023-06-26T19:00:06.147+0000] {taskinstance.py:1087} INFO - Dependencies all met for <TaskInstance: dbt_ipflow_dag.run_full_outputs_workflow manual__2023-06-26T18:52:04.674534+00:00 [queued]>
[2023-06-26T19:00:06.159+0000] {taskinstance.py:1087} INFO - Dependencies all met for <TaskInstance: dbt_ipflow_dag.run_full_outputs_workflow manual__2023-06-26T18:52:04.674534+00:00 [queued]>
[2023-06-26T19:00:06.161+0000] {taskinstance.py:1283} INFO - 
--------------------------------------------------------------------------------
[2023-06-26T19:00:06.163+0000] {taskinstance.py:1284} INFO - Starting attempt 1 of 1
[2023-06-26T19:00:06.165+0000] {taskinstance.py:1285} INFO - 
--------------------------------------------------------------------------------
[2023-06-26T19:00:06.177+0000] {taskinstance.py:1304} INFO - Executing <Task(BashOperator): run_full_outputs_workflow> on 2023-06-26 18:52:04.674534+00:00
[2023-06-26T19:00:06.186+0000] {standard_task_runner.py:55} INFO - Started process 27330 to run task
[2023-06-26T19:00:06.192+0000] {standard_task_runner.py:82} INFO - Running: ['***', 'tasks', 'run', 'dbt_ipflow_dag', 'run_full_outputs_workflow', 'manual__2023-06-26T18:52:04.674534+00:00', '--job-id', '68', '--raw', '--subdir', 'DAGS_FOLDER/dbt_ip_flow_dag.py', '--cfg-path', '/tmp/tmpftqjp42y']
[2023-06-26T19:00:06.215+0000] {standard_task_runner.py:83} INFO - Job 68: Subtask run_full_outputs_workflow
[2023-06-26T19:00:06.291+0000] {task_command.py:389} INFO - Running <TaskInstance: dbt_ipflow_dag.run_full_outputs_workflow manual__2023-06-26T18:52:04.674534+00:00 [running]> on host 635f1a4ac995
[2023-06-26T19:00:06.349+0000] {taskinstance.py:1513} INFO - Exporting the following env vars:
AIRFLOW_CTX_DAG_OWNER=***
AIRFLOW_CTX_DAG_ID=dbt_ipflow_dag
AIRFLOW_CTX_TASK_ID=run_full_outputs_workflow
AIRFLOW_CTX_EXECUTION_DATE=2023-06-26T18:52:04.674534+00:00
AIRFLOW_CTX_TRY_NUMBER=1
AIRFLOW_CTX_DAG_RUN_ID=manual__2023-06-26T18:52:04.674534+00:00
[2023-06-26T19:00:06.352+0000] {subprocess.py:63} INFO - Tmp dir root location: 
 /tmp
[2023-06-26T19:00:06.353+0000] {subprocess.py:75} INFO - Running command: ['/bin/bash', '-c', 'dbt run --select src_ipflow_merge_output+ --select stg_ipflow_success_data+ --profiles-dir /opt/***/dbt/dbt_dsg_app --project-dir /opt/***/dbt/dbt_dsg_app']
[2023-06-26T19:00:06.373+0000] {subprocess.py:86} INFO - Output:
[2023-06-26T19:00:07.818+0000] {subprocess.py:93} INFO - [0m19:00:07  Running with dbt=1.5.1
[2023-06-26T19:00:08.701+0000] {subprocess.py:93} INFO - [0m19:00:08  Found 12 models, 2 tests, 0 snapshots, 0 analyses, 321 macros, 0 operations, 0 seed files, 0 sources, 0 exposures, 0 metrics, 0 groups
[2023-06-26T19:00:08.709+0000] {subprocess.py:93} INFO - [0m19:00:08
[2023-06-26T19:00:10.925+0000] {subprocess.py:93} INFO - [0m19:00:10  Concurrency: 4 threads (target='dev')
[2023-06-26T19:00:10.930+0000] {subprocess.py:93} INFO - [0m19:00:10
[2023-06-26T19:00:10.948+0000] {subprocess.py:93} INFO - [0m19:00:10  1 of 11 START sql table model DBT_POC.src_ipflow_merge_output .................. [RUN]
[2023-06-26T19:00:10.959+0000] {subprocess.py:93} INFO - [0m19:00:10  2 of 11 START sql table model DBT_POC.stg_ipflow_success_data .................. [RUN]
[2023-06-26T19:00:11.029+0000] {subprocess.py:93} INFO - [0m19:00:11  1 of 11 ERROR creating sql table model DBT_POC.src_ipflow_merge_output ......... [[31mERROR[0m in 0.04s]
[2023-06-26T19:00:11.043+0000] {subprocess.py:93} INFO - [0m19:00:11  3 of 11 SKIP relation DBT_POC.stg_ipflow_merge_output .......................... [[33mSKIP[0m]
[2023-06-26T19:00:12.487+0000] {subprocess.py:93} INFO - [0m19:00:12  2 of 11 OK created sql table model DBT_POC.stg_ipflow_success_data ............. [[32mSUCCESS 1[0m in 1.52s]
[2023-06-26T19:00:12.504+0000] {subprocess.py:93} INFO - [0m19:00:12  4 of 11 START sql table model DBT_POC.src_ipflow_merge_domain_observations ..... [RUN]
[2023-06-26T19:00:12.506+0000] {subprocess.py:93} INFO - [0m19:00:12  5 of 11 START sql table model DBT_POC.src_ipflow_merge_success_output .......... [RUN]
[2023-06-26T19:00:13.828+0000] {subprocess.py:93} INFO - [0m19:00:13  4 of 11 OK created sql table model DBT_POC.src_ipflow_merge_domain_observations  [[32mSUCCESS 1[0m in 1.31s]
[2023-06-26T19:00:13.891+0000] {subprocess.py:93} INFO - [0m19:00:13  6 of 11 START sql incremental model DBT_POC.stg_ipflow_merge_domain_observations  [RUN]
[2023-06-26T19:00:14.484+0000] {subprocess.py:93} INFO - [0m19:00:14  5 of 11 OK created sql table model DBT_POC.src_ipflow_merge_success_output ..... [[32mSUCCESS 1[0m in 1.96s]
[2023-06-26T19:00:14.518+0000] {subprocess.py:93} INFO - [0m19:00:14  7 of 11 START sql incremental model DBT_POC.stg_ipflow_merge_success_output .... [RUN]
[2023-06-26T19:00:17.873+0000] {subprocess.py:93} INFO - [0m19:00:17  6 of 11 OK created sql incremental model DBT_POC.stg_ipflow_merge_domain_observations  [[32mSUCCESS 0[0m in 3.91s]
[2023-06-26T19:00:17.894+0000] {subprocess.py:93} INFO - [0m19:00:17  8 of 11 START sql table model DBT_POC.fact_ip_to_company_domain ................ [RUN]
[2023-06-26T19:00:18.764+0000] {subprocess.py:93} INFO - [0m19:00:18  7 of 11 OK created sql incremental model DBT_POC.stg_ipflow_merge_success_output  [[32mSUCCESS 0[0m in 4.24s]
[2023-06-26T19:00:18.776+0000] {subprocess.py:93} INFO - [0m19:00:18  9 of 11 START sql table model DBT_POC.src_ipflow_normalized_location ........... [RUN]
[2023-06-26T19:00:19.364+0000] {subprocess.py:93} INFO - [0m19:00:19  8 of 11 OK created sql table model DBT_POC.fact_ip_to_company_domain ........... [[32mSUCCESS 1[0m in 1.46s]
[2023-06-26T19:00:20.702+0000] {subprocess.py:93} INFO - [0m19:00:20  9 of 11 OK created sql table model DBT_POC.src_ipflow_normalized_location ...... [[32mSUCCESS 1[0m in 1.92s]
[2023-06-26T19:00:20.712+0000] {subprocess.py:93} INFO - [0m19:00:20  10 of 11 START sql table model DBT_POC.src_ipflow_ip_to_location ............... [RUN]
[2023-06-26T19:00:22.160+0000] {subprocess.py:93} INFO - [0m19:00:22  10 of 11 OK created sql table model DBT_POC.src_ipflow_ip_to_location .......... [[32mSUCCESS 1[0m in 1.43s]
[2023-06-26T19:00:22.182+0000] {subprocess.py:93} INFO - [0m19:00:22  11 of 11 START sql incremental model DBT_POC.stg_ipflow_ip_to_location_mappings  [RUN]
[2023-06-26T19:00:25.233+0000] {subprocess.py:93} INFO - [0m19:00:25  11 of 11 OK created sql incremental model DBT_POC.stg_ipflow_ip_to_location_mappings  [[32mSUCCESS 2[0m in 3.04s]
[2023-06-26T19:00:25.352+0000] {subprocess.py:93} INFO - [0m19:00:25
[2023-06-26T19:00:25.355+0000] {subprocess.py:93} INFO - [0m19:00:25  Finished running 7 table models, 4 incremental models in 0 hours 0 minutes and 16.64 seconds (16.64s).
[2023-06-26T19:00:25.440+0000] {subprocess.py:93} INFO - [0m19:00:25
[2023-06-26T19:00:25.450+0000] {subprocess.py:93} INFO - [0m19:00:25  [31mCompleted with 1 error and 0 warnings:[0m
[2023-06-26T19:00:25.453+0000] {subprocess.py:93} INFO - [0m19:00:25
[2023-06-26T19:00:25.455+0000] {subprocess.py:93} INFO - [0m19:00:25  [33mCompilation Error in model src_ipflow_merge_output (models/ipflow/src_ipflow_merge_output.sql)[0m
[2023-06-26T19:00:25.458+0000] {subprocess.py:93} INFO - [0m19:00:25    Required var 'env' not found in config:
[2023-06-26T19:00:25.461+0000] {subprocess.py:93} INFO - [0m19:00:25    Vars supplied to src_ipflow_merge_output = {}
[2023-06-26T19:00:25.463+0000] {subprocess.py:93} INFO - [0m19:00:25
[2023-06-26T19:00:25.466+0000] {subprocess.py:93} INFO - [0m19:00:25  Done. PASS=9 WARN=0 ERROR=1 SKIP=1 TOTAL=11
[2023-06-26T19:00:25.926+0000] {subprocess.py:97} INFO - Command exited with return code 1
[2023-06-26T19:00:25.958+0000] {taskinstance.py:1772} ERROR - Task failed with exception
Traceback (most recent call last):
  File "/home/airflow/.local/lib/python3.7/site-packages/airflow/operators/bash.py", line 197, in execute
    f"Bash command failed. The command returned a non-zero exit code {result.exit_code}."
airflow.exceptions.AirflowException: Bash command failed. The command returned a non-zero exit code 1.
[2023-06-26T19:00:25.967+0000] {taskinstance.py:1327} INFO - Marking task as FAILED. dag_id=dbt_ipflow_dag, task_id=run_full_outputs_workflow, execution_date=20230626T185204, start_date=20230626T190006, end_date=20230626T190025
[2023-06-26T19:00:26.004+0000] {standard_task_runner.py:105} ERROR - Failed to execute job 68 for task run_full_outputs_workflow (Bash command failed. The command returned a non-zero exit code 1.; 27330)
[2023-06-26T19:00:26.047+0000] {local_task_job.py:159} INFO - Task exited with return code 1
[2023-06-26T19:00:26.090+0000] {taskinstance.py:2582} INFO - 0 downstream tasks scheduled from follow-on schedule check
