[2023-06-26T19:04:26.936+0000] {taskinstance.py:1087} INFO - Dependencies all met for <TaskInstance: dbt_ipflow_dag.run_full_outputs_workflow manual__2023-06-26T18:52:04.674534+00:00 [queued]>
[2023-06-26T19:04:26.958+0000] {taskinstance.py:1087} INFO - Dependencies all met for <TaskInstance: dbt_ipflow_dag.run_full_outputs_workflow manual__2023-06-26T18:52:04.674534+00:00 [queued]>
[2023-06-26T19:04:26.959+0000] {taskinstance.py:1283} INFO - 
--------------------------------------------------------------------------------
[2023-06-26T19:04:26.960+0000] {taskinstance.py:1284} INFO - Starting attempt 2 of 2
[2023-06-26T19:04:26.962+0000] {taskinstance.py:1285} INFO - 
--------------------------------------------------------------------------------
[2023-06-26T19:04:26.971+0000] {taskinstance.py:1304} INFO - Executing <Task(BashOperator): run_full_outputs_workflow> on 2023-06-26 18:52:04.674534+00:00
[2023-06-26T19:04:26.978+0000] {standard_task_runner.py:55} INFO - Started process 27646 to run task
[2023-06-26T19:04:26.984+0000] {standard_task_runner.py:82} INFO - Running: ['***', 'tasks', 'run', 'dbt_ipflow_dag', 'run_full_outputs_workflow', 'manual__2023-06-26T18:52:04.674534+00:00', '--job-id', '70', '--raw', '--subdir', 'DAGS_FOLDER/dbt_ip_flow_dag.py', '--cfg-path', '/tmp/tmpft9iijyu']
[2023-06-26T19:04:26.987+0000] {standard_task_runner.py:83} INFO - Job 70: Subtask run_full_outputs_workflow
[2023-06-26T19:04:27.051+0000] {task_command.py:389} INFO - Running <TaskInstance: dbt_ipflow_dag.run_full_outputs_workflow manual__2023-06-26T18:52:04.674534+00:00 [running]> on host 635f1a4ac995
[2023-06-26T19:04:27.110+0000] {taskinstance.py:1513} INFO - Exporting the following env vars:
AIRFLOW_CTX_DAG_OWNER=***
AIRFLOW_CTX_DAG_ID=dbt_ipflow_dag
AIRFLOW_CTX_TASK_ID=run_full_outputs_workflow
AIRFLOW_CTX_EXECUTION_DATE=2023-06-26T18:52:04.674534+00:00
AIRFLOW_CTX_TRY_NUMBER=2
AIRFLOW_CTX_DAG_RUN_ID=manual__2023-06-26T18:52:04.674534+00:00
[2023-06-26T19:04:27.116+0000] {subprocess.py:63} INFO - Tmp dir root location: 
 /tmp
[2023-06-26T19:04:27.117+0000] {subprocess.py:75} INFO - Running command: ['/bin/bash', '-c', "dbt run --select src_ipflow_merge_output+ --profiles-dir /opt/***/dbt/dbt_dsg_app --project-dir /opt/***/dbt/dbt_dsg_app  --target dev --vars '{'env': 'dev'}' "]
[2023-06-26T19:04:27.132+0000] {subprocess.py:86} INFO - Output:
[2023-06-26T19:04:28.623+0000] {subprocess.py:93} INFO - [0m19:04:28  Running with dbt=1.5.1
[2023-06-26T19:04:29.451+0000] {subprocess.py:93} INFO - [0m19:04:29  Unable to do partial parsing because config vars, config profile, or config target have changed
[2023-06-26T19:04:30.307+0000] {subprocess.py:93} INFO - [0m19:04:30  Found 12 models, 2 tests, 0 snapshots, 0 analyses, 321 macros, 0 operations, 0 seed files, 0 sources, 0 exposures, 0 metrics, 0 groups
[2023-06-26T19:04:30.336+0000] {subprocess.py:93} INFO - [0m19:04:30
[2023-06-26T19:04:32.080+0000] {subprocess.py:93} INFO - [0m19:04:32  Concurrency: 4 threads (target='dev')
[2023-06-26T19:04:32.084+0000] {subprocess.py:93} INFO - [0m19:04:32
[2023-06-26T19:04:32.097+0000] {subprocess.py:93} INFO - [0m19:04:32  1 of 2 START sql table model DBT_POC.src_ipflow_merge_output ................... [RUN]
[2023-06-26T19:04:33.845+0000] {subprocess.py:93} INFO - [0m19:04:33  1 of 2 OK created sql table model DBT_POC.src_ipflow_merge_output .............. [[32mSUCCESS 1[0m in 1.74s]
[2023-06-26T19:04:33.854+0000] {subprocess.py:93} INFO - [0m19:04:33  2 of 2 START sql incremental model DBT_POC.stg_ipflow_merge_output ............. [RUN]
[2023-06-26T19:04:37.032+0000] {subprocess.py:93} INFO - [0m19:04:37  2 of 2 OK created sql incremental model DBT_POC.stg_ipflow_merge_output ........ [[32mSUCCESS 1[0m in 3.17s]
[2023-06-26T19:04:37.097+0000] {subprocess.py:93} INFO - [0m19:04:37
[2023-06-26T19:04:37.099+0000] {subprocess.py:93} INFO - [0m19:04:37  Finished running 1 table model, 1 incremental model in 0 hours 0 minutes and 6.76 seconds (6.76s).
[2023-06-26T19:04:37.180+0000] {subprocess.py:93} INFO - [0m19:04:37
[2023-06-26T19:04:37.183+0000] {subprocess.py:93} INFO - [0m19:04:37  [32mCompleted successfully[0m
[2023-06-26T19:04:37.189+0000] {subprocess.py:93} INFO - [0m19:04:37
[2023-06-26T19:04:37.191+0000] {subprocess.py:93} INFO - [0m19:04:37  Done. PASS=2 WARN=0 ERROR=0 SKIP=0 TOTAL=2
[2023-06-26T19:04:37.732+0000] {subprocess.py:97} INFO - Command exited with return code 0
[2023-06-26T19:04:37.767+0000] {taskinstance.py:1327} INFO - Marking task as SUCCESS. dag_id=dbt_ipflow_dag, task_id=run_full_outputs_workflow, execution_date=20230626T185204, start_date=20230626T190426, end_date=20230626T190437
[2023-06-26T19:04:37.808+0000] {local_task_job.py:159} INFO - Task exited with return code 0
[2023-06-26T19:04:37.835+0000] {taskinstance.py:2582} INFO - 1 downstream tasks scheduled from follow-on schedule check
