[2023-06-21T01:19:06.065+0000] {taskinstance.py:1087} INFO - Dependencies all met for <TaskInstance: dbt_ipflow_dag.run_success_outputs_workflow manual__2023-06-21T01:17:13.639585+00:00 [queued]>
[2023-06-21T01:19:06.081+0000] {taskinstance.py:1087} INFO - Dependencies all met for <TaskInstance: dbt_ipflow_dag.run_success_outputs_workflow manual__2023-06-21T01:17:13.639585+00:00 [queued]>
[2023-06-21T01:19:06.084+0000] {taskinstance.py:1283} INFO - 
--------------------------------------------------------------------------------
[2023-06-21T01:19:06.085+0000] {taskinstance.py:1284} INFO - Starting attempt 1 of 1
[2023-06-21T01:19:06.087+0000] {taskinstance.py:1285} INFO - 
--------------------------------------------------------------------------------
[2023-06-21T01:19:06.113+0000] {taskinstance.py:1304} INFO - Executing <Task(BashOperator): run_success_outputs_workflow> on 2023-06-21 01:17:13.639585+00:00
[2023-06-21T01:19:06.126+0000] {standard_task_runner.py:55} INFO - Started process 30559 to run task
[2023-06-21T01:19:06.145+0000] {standard_task_runner.py:82} INFO - Running: ['***', 'tasks', 'run', 'dbt_ipflow_dag', 'run_success_outputs_workflow', 'manual__2023-06-21T01:17:13.639585+00:00', '--job-id', '44', '--raw', '--subdir', 'DAGS_FOLDER/dbt_ip_flow_dag.py', '--cfg-path', '/tmp/tmpu_ht_ncq']
[2023-06-21T01:19:06.151+0000] {standard_task_runner.py:83} INFO - Job 44: Subtask run_success_outputs_workflow
[2023-06-21T01:19:06.318+0000] {task_command.py:389} INFO - Running <TaskInstance: dbt_ipflow_dag.run_success_outputs_workflow manual__2023-06-21T01:17:13.639585+00:00 [running]> on host 635f1a4ac995
[2023-06-21T01:19:06.477+0000] {taskinstance.py:1513} INFO - Exporting the following env vars:
AIRFLOW_CTX_DAG_OWNER=***
AIRFLOW_CTX_DAG_ID=dbt_ipflow_dag
AIRFLOW_CTX_TASK_ID=run_success_outputs_workflow
AIRFLOW_CTX_EXECUTION_DATE=2023-06-21T01:17:13.639585+00:00
AIRFLOW_CTX_TRY_NUMBER=1
AIRFLOW_CTX_DAG_RUN_ID=manual__2023-06-21T01:17:13.639585+00:00
[2023-06-21T01:19:06.480+0000] {subprocess.py:63} INFO - Tmp dir root location: 
 /tmp
[2023-06-21T01:19:06.481+0000] {subprocess.py:75} INFO - Running command: ['/bin/bash', '-c', 'dbt run --select stg_ipflow_success_data+ --profiles-dir /opt/***/dbt/dbt_dsg_app --project-dir /opt/***/dbt/dbt_dsg_app']
[2023-06-21T01:19:06.501+0000] {subprocess.py:86} INFO - Output:
[2023-06-21T01:19:08.496+0000] {subprocess.py:93} INFO - [0m01:19:08  Running with dbt=1.5.1
[2023-06-21T01:19:09.444+0000] {subprocess.py:93} INFO - [0m01:19:09  Found 12 models, 2 tests, 0 snapshots, 0 analyses, 321 macros, 0 operations, 0 seed files, 0 sources, 0 exposures, 0 metrics, 0 groups
[2023-06-21T01:19:09.465+0000] {subprocess.py:93} INFO - [0m01:19:09
[2023-06-21T01:19:11.339+0000] {subprocess.py:93} INFO - [0m01:19:11  Concurrency: 4 threads (target='dev')
[2023-06-21T01:19:11.342+0000] {subprocess.py:93} INFO - [0m01:19:11
[2023-06-21T01:19:11.359+0000] {subprocess.py:93} INFO - [0m01:19:11  1 of 9 START sql table model DBT_POC.stg_ipflow_success_data ................... [RUN]
[2023-06-21T01:19:13.025+0000] {subprocess.py:93} INFO - [0m01:19:13  1 of 9 OK created sql table model DBT_POC.stg_ipflow_success_data .............. [[32mSUCCESS 1[0m in 1.66s]
[2023-06-21T01:19:13.043+0000] {subprocess.py:93} INFO - [0m01:19:13  2 of 9 START sql table model DBT_POC.src_ipflow_merge_domain_observations ...... [RUN]
[2023-06-21T01:19:13.046+0000] {subprocess.py:93} INFO - [0m01:19:13  3 of 9 START sql table model DBT_POC.src_ipflow_merge_success_output ........... [RUN]
[2023-06-21T01:19:14.373+0000] {subprocess.py:93} INFO - [0m01:19:14  2 of 9 OK created sql table model DBT_POC.src_ipflow_merge_domain_observations . [[32mSUCCESS 1[0m in 1.32s]
[2023-06-21T01:19:14.389+0000] {subprocess.py:93} INFO - [0m01:19:14  4 of 9 START sql incremental model DBT_POC.stg_ipflow_merge_domain_observations  [RUN]
[2023-06-21T01:19:14.674+0000] {subprocess.py:93} INFO - [0m01:19:14  3 of 9 OK created sql table model DBT_POC.src_ipflow_merge_success_output ...... [[32mSUCCESS 1[0m in 1.61s]
[2023-06-21T01:19:14.704+0000] {subprocess.py:93} INFO - [0m01:19:14  5 of 9 START sql incremental model DBT_POC.stg_ipflow_merge_success_output ..... [RUN]
[2023-06-21T01:19:17.338+0000] {subprocess.py:93} INFO - [0m01:19:17  5 of 9 OK created sql incremental model DBT_POC.stg_ipflow_merge_success_output  [[32mSUCCESS 1[0m in 2.62s]
[2023-06-21T01:19:17.429+0000] {subprocess.py:93} INFO - [0m01:19:17  6 of 9 START sql table model DBT_POC.src_ipflow_normalized_location ............ [RUN]
[2023-06-21T01:19:17.469+0000] {subprocess.py:93} INFO - [0m01:19:17  4 of 9 OK created sql incremental model DBT_POC.stg_ipflow_merge_domain_observations  [[32mSUCCESS 1[0m in 3.05s]
[2023-06-21T01:19:17.519+0000] {subprocess.py:93} INFO - [0m01:19:17  7 of 9 START sql table model DBT_POC.fact_ip_to_company_domain ................. [RUN]
[2023-06-21T01:19:19.999+0000] {subprocess.py:93} INFO - [0m01:19:19  7 of 9 OK created sql table model DBT_POC.fact_ip_to_company_domain ............ [[32mSUCCESS 1[0m in 2.42s]
[2023-06-21T01:19:20.135+0000] {subprocess.py:93} INFO - [0m01:19:20  6 of 9 OK created sql table model DBT_POC.src_ipflow_normalized_location ....... [[32mSUCCESS 1[0m in 2.69s]
[2023-06-21T01:19:20.161+0000] {subprocess.py:93} INFO - [0m01:19:20  8 of 9 START sql table model DBT_POC.src_ipflow_ip_to_location ................. [RUN]
[2023-06-21T01:19:22.226+0000] {subprocess.py:93} INFO - [0m01:19:22  8 of 9 OK created sql table model DBT_POC.src_ipflow_ip_to_location ............ [[32mSUCCESS 1[0m in 2.05s]
[2023-06-21T01:19:22.239+0000] {subprocess.py:93} INFO - [0m01:19:22  9 of 9 START sql incremental model DBT_POC.stg_ipflow_ip_to_location_mappings .. [RUN]
[2023-06-21T01:19:25.084+0000] {subprocess.py:93} INFO - [0m01:19:25  9 of 9 OK created sql incremental model DBT_POC.stg_ipflow_ip_to_location_mappings  [[32mSUCCESS 1[0m in 2.84s]
[2023-06-21T01:19:25.148+0000] {subprocess.py:93} INFO - [0m01:19:25
[2023-06-21T01:19:25.152+0000] {subprocess.py:93} INFO - [0m01:19:25  Finished running 6 table models, 3 incremental models in 0 hours 0 minutes and 15.68 seconds (15.68s).
[2023-06-21T01:19:25.199+0000] {subprocess.py:93} INFO - [0m01:19:25
[2023-06-21T01:19:25.204+0000] {subprocess.py:93} INFO - [0m01:19:25  [32mCompleted successfully[0m
[2023-06-21T01:19:25.206+0000] {subprocess.py:93} INFO - [0m01:19:25
[2023-06-21T01:19:25.208+0000] {subprocess.py:93} INFO - [0m01:19:25  Done. PASS=9 WARN=0 ERROR=0 SKIP=0 TOTAL=9
[2023-06-21T01:19:25.731+0000] {subprocess.py:97} INFO - Command exited with return code 0
[2023-06-21T01:19:25.792+0000] {taskinstance.py:1327} INFO - Marking task as SUCCESS. dag_id=dbt_ipflow_dag, task_id=run_success_outputs_workflow, execution_date=20230621T011713, start_date=20230621T011906, end_date=20230621T011925
[2023-06-21T01:19:25.877+0000] {local_task_job.py:159} INFO - Task exited with return code 0
[2023-06-21T01:19:25.926+0000] {taskinstance.py:2582} INFO - 0 downstream tasks scheduled from follow-on schedule check
