[2023-06-25T00:00:01.124+0000] {taskinstance.py:1087} INFO - Dependencies all met for <TaskInstance: dbt_ipflow_dag.get_input_data scheduled__2023-06-24T00:00:00+00:00 [queued]>
[2023-06-25T00:00:01.131+0000] {taskinstance.py:1087} INFO - Dependencies all met for <TaskInstance: dbt_ipflow_dag.get_input_data scheduled__2023-06-24T00:00:00+00:00 [queued]>
[2023-06-25T00:00:01.132+0000] {taskinstance.py:1283} INFO - 
--------------------------------------------------------------------------------
[2023-06-25T00:00:01.134+0000] {taskinstance.py:1284} INFO - Starting attempt 1 of 1
[2023-06-25T00:00:01.135+0000] {taskinstance.py:1285} INFO - 
--------------------------------------------------------------------------------
[2023-06-25T00:00:01.145+0000] {taskinstance.py:1304} INFO - Executing <Task(BashOperator): get_input_data> on 2023-06-24 00:00:00+00:00
[2023-06-25T00:00:01.152+0000] {standard_task_runner.py:55} INFO - Started process 93394 to run task
[2023-06-25T00:00:01.157+0000] {standard_task_runner.py:82} INFO - Running: ['***', 'tasks', 'run', 'dbt_ipflow_dag', 'get_input_data', 'scheduled__2023-06-24T00:00:00+00:00', '--job-id', '54', '--raw', '--subdir', 'DAGS_FOLDER/dbt_ip_flow_dag.py', '--cfg-path', '/tmp/tmpj4e5f91q']
[2023-06-25T00:00:01.160+0000] {standard_task_runner.py:83} INFO - Job 54: Subtask get_input_data
[2023-06-25T00:00:01.225+0000] {task_command.py:389} INFO - Running <TaskInstance: dbt_ipflow_dag.get_input_data scheduled__2023-06-24T00:00:00+00:00 [running]> on host 635f1a4ac995
[2023-06-25T00:00:01.282+0000] {taskinstance.py:1513} INFO - Exporting the following env vars:
AIRFLOW_CTX_DAG_OWNER=***
AIRFLOW_CTX_DAG_ID=dbt_ipflow_dag
AIRFLOW_CTX_TASK_ID=get_input_data
AIRFLOW_CTX_EXECUTION_DATE=2023-06-24T00:00:00+00:00
AIRFLOW_CTX_TRY_NUMBER=1
AIRFLOW_CTX_DAG_RUN_ID=scheduled__2023-06-24T00:00:00+00:00
[2023-06-25T00:00:01.287+0000] {subprocess.py:63} INFO - Tmp dir root location: 
 /tmp
[2023-06-25T00:00:01.291+0000] {subprocess.py:75} INFO - Running command: ['/bin/bash', '-c', 'dbt run --select stg_ipflow_input_data --profiles-dir /opt/***/dbt/dbt_dsg_app --project-dir /opt/***/dbt/dbt_dsg_app']
[2023-06-25T00:00:01.306+0000] {subprocess.py:86} INFO - Output:
[2023-06-25T00:00:03.040+0000] {subprocess.py:93} INFO - [0m00:00:03  Running with dbt=1.5.1
[2023-06-25T00:00:03.806+0000] {subprocess.py:93} INFO - [0m00:00:03  Found 12 models, 2 tests, 0 snapshots, 0 analyses, 321 macros, 0 operations, 0 seed files, 0 sources, 0 exposures, 0 metrics, 0 groups
[2023-06-25T00:00:03.811+0000] {subprocess.py:93} INFO - [0m00:00:03
[2023-06-25T00:00:06.049+0000] {subprocess.py:93} INFO - [0m00:00:06  Concurrency: 4 threads (target='dev')
[2023-06-25T00:00:06.052+0000] {subprocess.py:93} INFO - [0m00:00:06
[2023-06-25T00:00:06.080+0000] {subprocess.py:93} INFO - [0m00:00:06  1 of 1 START sql table model DBT_POC.stg_ipflow_input_data ..................... [RUN]
[2023-06-25T00:01:15.593+0000] {subprocess.py:93} INFO - [0m00:01:15  1 of 1 OK created sql table model DBT_POC.stg_ipflow_input_data ................ [[32mSUCCESS 1[0m in 69.50s]
[2023-06-25T00:01:15.669+0000] {subprocess.py:93} INFO - [0m00:01:15
[2023-06-25T00:01:15.671+0000] {subprocess.py:93} INFO - [0m00:01:15  Finished running 1 table model in 0 hours 1 minutes and 11.85 seconds (71.85s).
[2023-06-25T00:01:15.754+0000] {subprocess.py:93} INFO - [0m00:01:15
[2023-06-25T00:01:15.758+0000] {subprocess.py:93} INFO - [0m00:01:15  [32mCompleted successfully[0m
[2023-06-25T00:01:15.762+0000] {subprocess.py:93} INFO - [0m00:01:15
[2023-06-25T00:01:15.770+0000] {subprocess.py:93} INFO - [0m00:01:15  Done. PASS=1 WARN=0 ERROR=0 SKIP=0 TOTAL=1
[2023-06-25T00:01:16.356+0000] {subprocess.py:97} INFO - Command exited with return code 0
[2023-06-25T00:01:16.411+0000] {taskinstance.py:1327} INFO - Marking task as SUCCESS. dag_id=dbt_ipflow_dag, task_id=get_input_data, execution_date=20230624T000000, start_date=20230625T000001, end_date=20230625T000116
[2023-06-25T00:01:16.487+0000] {local_task_job.py:159} INFO - Task exited with return code 0
[2023-06-25T00:01:16.523+0000] {taskinstance.py:2582} INFO - 1 downstream tasks scheduled from follow-on schedule check
