[2023-06-21T00:00:09.804+0000] {taskinstance.py:1087} INFO - Dependencies all met for <TaskInstance: dbt_ipflow_dag.dbt_run_2 scheduled__2023-06-20T00:00:00+00:00 [queued]>
[2023-06-21T00:00:09.811+0000] {taskinstance.py:1087} INFO - Dependencies all met for <TaskInstance: dbt_ipflow_dag.dbt_run_2 scheduled__2023-06-20T00:00:00+00:00 [queued]>
[2023-06-21T00:00:09.812+0000] {taskinstance.py:1283} INFO - 
--------------------------------------------------------------------------------
[2023-06-21T00:00:09.814+0000] {taskinstance.py:1284} INFO - Starting attempt 1 of 1
[2023-06-21T00:00:09.821+0000] {taskinstance.py:1285} INFO - 
--------------------------------------------------------------------------------
[2023-06-21T00:00:09.831+0000] {taskinstance.py:1304} INFO - Executing <Task(BashOperator): dbt_run_2> on 2023-06-20 00:00:00+00:00
[2023-06-21T00:00:09.838+0000] {standard_task_runner.py:55} INFO - Started process 25470 to run task
[2023-06-21T00:00:09.843+0000] {standard_task_runner.py:82} INFO - Running: ['***', 'tasks', 'run', 'dbt_ipflow_dag', 'dbt_run_2', 'scheduled__2023-06-20T00:00:00+00:00', '--job-id', '34', '--raw', '--subdir', 'DAGS_FOLDER/dbt_ip_flow_dag.py', '--cfg-path', '/tmp/tmphmdav_zh']
[2023-06-21T00:00:09.846+0000] {standard_task_runner.py:83} INFO - Job 34: Subtask dbt_run_2
[2023-06-21T00:00:09.915+0000] {task_command.py:389} INFO - Running <TaskInstance: dbt_ipflow_dag.dbt_run_2 scheduled__2023-06-20T00:00:00+00:00 [running]> on host 635f1a4ac995
[2023-06-21T00:00:09.989+0000] {taskinstance.py:1513} INFO - Exporting the following env vars:
AIRFLOW_CTX_DAG_OWNER=***
AIRFLOW_CTX_DAG_ID=dbt_ipflow_dag
AIRFLOW_CTX_TASK_ID=dbt_run_2
AIRFLOW_CTX_EXECUTION_DATE=2023-06-20T00:00:00+00:00
AIRFLOW_CTX_TRY_NUMBER=1
AIRFLOW_CTX_DAG_RUN_ID=scheduled__2023-06-20T00:00:00+00:00
[2023-06-21T00:00:09.992+0000] {subprocess.py:63} INFO - Tmp dir root location: 
 /tmp
[2023-06-21T00:00:09.994+0000] {subprocess.py:75} INFO - Running command: ['/bin/bash', '-c', 'cd /opt/***/dbt/dbt_dsg_app']
[2023-06-21T00:00:10.011+0000] {subprocess.py:86} INFO - Output:
[2023-06-21T00:00:10.017+0000] {subprocess.py:97} INFO - Command exited with return code 0
[2023-06-21T00:00:10.045+0000] {taskinstance.py:1327} INFO - Marking task as SUCCESS. dag_id=dbt_ipflow_dag, task_id=dbt_run_2, execution_date=20230620T000000, start_date=20230621T000009, end_date=20230621T000010
[2023-06-21T00:00:10.098+0000] {local_task_job.py:159} INFO - Task exited with return code 0
[2023-06-21T00:00:10.119+0000] {taskinstance.py:2582} INFO - 1 downstream tasks scheduled from follow-on schedule check
