[2023-06-20T23:22:16.420+0000] {taskinstance.py:1087} INFO - Dependencies all met for <TaskInstance: dbt_ipflow_dag.dbt_run_3 manual__2023-06-20T23:21:58.234118+00:00 [queued]>
[2023-06-20T23:22:16.427+0000] {taskinstance.py:1087} INFO - Dependencies all met for <TaskInstance: dbt_ipflow_dag.dbt_run_3 manual__2023-06-20T23:21:58.234118+00:00 [queued]>
[2023-06-20T23:22:16.428+0000] {taskinstance.py:1283} INFO - 
--------------------------------------------------------------------------------
[2023-06-20T23:22:16.431+0000] {taskinstance.py:1284} INFO - Starting attempt 1 of 1
[2023-06-20T23:22:16.432+0000] {taskinstance.py:1285} INFO - 
--------------------------------------------------------------------------------
[2023-06-20T23:22:16.442+0000] {taskinstance.py:1304} INFO - Executing <Task(BashOperator): dbt_run_3> on 2023-06-20 23:21:58.234118+00:00
[2023-06-20T23:22:16.449+0000] {standard_task_runner.py:55} INFO - Started process 23030 to run task
[2023-06-20T23:22:16.454+0000] {standard_task_runner.py:82} INFO - Running: ['***', 'tasks', 'run', 'dbt_ipflow_dag', 'dbt_run_3', 'manual__2023-06-20T23:21:58.234118+00:00', '--job-id', '31', '--raw', '--subdir', 'DAGS_FOLDER/dbt_ip_flow_dag.py', '--cfg-path', '/tmp/tmp8_5lgdzl']
[2023-06-20T23:22:16.458+0000] {standard_task_runner.py:83} INFO - Job 31: Subtask dbt_run_3
[2023-06-20T23:22:16.521+0000] {task_command.py:389} INFO - Running <TaskInstance: dbt_ipflow_dag.dbt_run_3 manual__2023-06-20T23:21:58.234118+00:00 [running]> on host 635f1a4ac995
[2023-06-20T23:22:16.578+0000] {taskinstance.py:1513} INFO - Exporting the following env vars:
AIRFLOW_CTX_DAG_OWNER=***
AIRFLOW_CTX_DAG_ID=dbt_ipflow_dag
AIRFLOW_CTX_TASK_ID=dbt_run_3
AIRFLOW_CTX_EXECUTION_DATE=2023-06-20T23:21:58.234118+00:00
AIRFLOW_CTX_TRY_NUMBER=1
AIRFLOW_CTX_DAG_RUN_ID=manual__2023-06-20T23:21:58.234118+00:00
[2023-06-20T23:22:16.581+0000] {subprocess.py:63} INFO - Tmp dir root location: 
 /tmp
[2023-06-20T23:22:16.583+0000] {subprocess.py:75} INFO - Running command: ['/bin/bash', '-c', 'dbt run --profiles-dir /opt/***/dbt/dbt_dsg_app --project-dir /opt/***/dbt/dbt_dsg_app']
[2023-06-20T23:22:16.599+0000] {subprocess.py:86} INFO - Output:
[2023-06-20T23:22:18.295+0000] {subprocess.py:93} INFO - [0m23:22:18  Running with dbt=1.5.1
[2023-06-20T23:22:18.859+0000] {subprocess.py:93} INFO - [0m23:22:18  Unable to do partial parsing because saved manifest not found. Starting full parse.
[2023-06-20T23:22:19.719+0000] {subprocess.py:93} INFO - [0m23:22:19  Found 12 models, 0 tests, 0 snapshots, 0 analyses, 321 macros, 0 operations, 0 seed files, 0 sources, 0 exposures, 0 metrics, 0 groups
[2023-06-20T23:22:19.732+0000] {subprocess.py:93} INFO - [0m23:22:19
[2023-06-20T23:22:21.736+0000] {subprocess.py:93} INFO - [0m23:22:21  Concurrency: 4 threads (target='dev')
[2023-06-20T23:22:21.740+0000] {subprocess.py:93} INFO - [0m23:22:21
[2023-06-20T23:22:21.800+0000] {subprocess.py:93} INFO - [0m23:22:21  1 of 12 START sql table model DBT_POC.src_ipflow_merge_output .................. [RUN]
[2023-06-20T23:22:21.803+0000] {subprocess.py:93} INFO - [0m23:22:21  3 of 12 START sql table model DBT_POC.stg_ipflow_success_data .................. [RUN]
[2023-06-20T23:22:21.869+0000] {subprocess.py:93} INFO - [0m23:22:21  2 of 12 START sql table model DBT_POC.stg_ipflow_input_data .................... [RUN]
[2023-06-20T23:22:24.566+0000] {subprocess.py:93} INFO - [0m23:22:24  3 of 12 OK created sql table model DBT_POC.stg_ipflow_success_data ............. [[32mSUCCESS 1[0m in 2.76s]
[2023-06-20T23:22:24.577+0000] {subprocess.py:93} INFO - [0m23:22:24  4 of 12 START sql table model DBT_POC.src_ipflow_merge_domain_observations ..... [RUN]
[2023-06-20T23:22:24.580+0000] {subprocess.py:93} INFO - [0m23:22:24  5 of 12 START sql table model DBT_POC.src_ipflow_merge_success_output .......... [RUN]
[2023-06-20T23:22:24.699+0000] {subprocess.py:93} INFO - [0m23:22:24  1 of 12 OK created sql table model DBT_POC.src_ipflow_merge_output ............. [[32mSUCCESS 1[0m in 2.87s]
[2023-06-20T23:22:24.739+0000] {subprocess.py:93} INFO - [0m23:22:24  6 of 12 START sql incremental model DBT_POC.stg_ipflow_merge_output ............ [RUN]
[2023-06-20T23:22:25.774+0000] {subprocess.py:93} INFO - [0m23:22:25  4 of 12 OK created sql table model DBT_POC.src_ipflow_merge_domain_observations  [[32mSUCCESS 1[0m in 1.19s]
[2023-06-20T23:22:25.793+0000] {subprocess.py:93} INFO - [0m23:22:25  7 of 12 START sql incremental model DBT_POC.stg_ipflow_merge_domain_observations  [RUN]
[2023-06-20T23:22:26.328+0000] {subprocess.py:93} INFO - [0m23:22:26  5 of 12 OK created sql table model DBT_POC.src_ipflow_merge_success_output ..... [[32mSUCCESS 1[0m in 1.72s]
[2023-06-20T23:22:26.419+0000] {subprocess.py:93} INFO - [0m23:22:26  8 of 12 START sql incremental model DBT_POC.stg_ipflow_merge_success_output .... [RUN]
[2023-06-20T23:22:27.012+0000] {subprocess.py:93} INFO - [0m23:22:27  6 of 12 OK created sql incremental model DBT_POC.stg_ipflow_merge_output ....... [[32mSUCCESS 0[0m in 2.27s]
[2023-06-20T23:22:28.367+0000] {subprocess.py:93} INFO - [0m23:22:28  7 of 12 OK created sql incremental model DBT_POC.stg_ipflow_merge_domain_observations  [[32mSUCCESS 0[0m in 2.56s]
[2023-06-20T23:22:28.380+0000] {subprocess.py:93} INFO - [0m23:22:28  9 of 12 START sql table model DBT_POC.fact_ip_to_company_domain ................ [RUN]
[2023-06-20T23:22:28.658+0000] {subprocess.py:93} INFO - [0m23:22:28  8 of 12 OK created sql incremental model DBT_POC.stg_ipflow_merge_success_output  [[32mSUCCESS 0[0m in 2.23s]
[2023-06-20T23:22:28.671+0000] {subprocess.py:93} INFO - [0m23:22:28  10 of 12 START sql table model DBT_POC.src_ipflow_normalized_location .......... [RUN]
[2023-06-20T23:22:29.642+0000] {subprocess.py:93} INFO - [0m23:22:29  9 of 12 OK created sql table model DBT_POC.fact_ip_to_company_domain ........... [[32mSUCCESS 1[0m in 1.24s]
[2023-06-20T23:22:29.918+0000] {subprocess.py:93} INFO - [0m23:22:29  10 of 12 OK created sql table model DBT_POC.src_ipflow_normalized_location ..... [[32mSUCCESS 1[0m in 1.24s]
[2023-06-20T23:22:29.930+0000] {subprocess.py:93} INFO - [0m23:22:29  11 of 12 START sql table model DBT_POC.src_ipflow_ip_to_location ............... [RUN]
[2023-06-20T23:22:31.617+0000] {subprocess.py:93} INFO - [0m23:22:31  11 of 12 OK created sql table model DBT_POC.src_ipflow_ip_to_location .......... [[32mSUCCESS 1[0m in 1.67s]
[2023-06-20T23:22:31.647+0000] {subprocess.py:93} INFO - [0m23:22:31  12 of 12 START sql incremental model DBT_POC.stg_ipflow_ip_to_location_mappings  [RUN]
[2023-06-20T23:22:34.693+0000] {subprocess.py:93} INFO - [0m23:22:34  12 of 12 OK created sql incremental model DBT_POC.stg_ipflow_ip_to_location_mappings  [[32mSUCCESS 0[0m in 3.02s]
[2023-06-20T23:23:30.575+0000] {subprocess.py:93} INFO - [0m23:23:30  2 of 12 OK created sql table model DBT_POC.stg_ipflow_input_data ............... [[32mSUCCESS 1[0m in 68.68s]
[2023-06-20T23:23:30.675+0000] {subprocess.py:93} INFO - [0m23:23:30
[2023-06-20T23:23:30.678+0000] {subprocess.py:93} INFO - [0m23:23:30  Finished running 8 table models, 4 incremental models in 0 hours 1 minutes and 10.94 seconds (70.94s).
[2023-06-20T23:23:30.713+0000] {subprocess.py:93} INFO - [0m23:23:30
[2023-06-20T23:23:30.717+0000] {subprocess.py:93} INFO - [0m23:23:30  [32mCompleted successfully[0m
[2023-06-20T23:23:30.728+0000] {subprocess.py:93} INFO - [0m23:23:30
[2023-06-20T23:23:30.732+0000] {subprocess.py:93} INFO - [0m23:23:30  Done. PASS=12 WARN=0 ERROR=0 SKIP=0 TOTAL=12
[2023-06-20T23:23:31.349+0000] {subprocess.py:97} INFO - Command exited with return code 0
[2023-06-20T23:23:31.394+0000] {taskinstance.py:1327} INFO - Marking task as SUCCESS. dag_id=dbt_ipflow_dag, task_id=dbt_run_3, execution_date=20230620T232158, start_date=20230620T232216, end_date=20230620T232331
[2023-06-20T23:23:31.444+0000] {local_task_job.py:159} INFO - Task exited with return code 0
[2023-06-20T23:23:31.475+0000] {taskinstance.py:2582} INFO - 0 downstream tasks scheduled from follow-on schedule check
