[2023-06-24T00:11:26.915+0000] {taskinstance.py:1087} INFO - Dependencies all met for <TaskInstance: dbt_ipflow_dag.get_input_data scheduled__2023-06-23T00:00:00+00:00 [queued]>
[2023-06-24T00:11:26.924+0000] {taskinstance.py:1087} INFO - Dependencies all met for <TaskInstance: dbt_ipflow_dag.get_input_data scheduled__2023-06-23T00:00:00+00:00 [queued]>
[2023-06-24T00:11:26.926+0000] {taskinstance.py:1283} INFO - 
--------------------------------------------------------------------------------
[2023-06-24T00:11:26.927+0000] {taskinstance.py:1284} INFO - Starting attempt 1 of 1
[2023-06-24T00:11:26.928+0000] {taskinstance.py:1285} INFO - 
--------------------------------------------------------------------------------
[2023-06-24T00:11:26.943+0000] {taskinstance.py:1304} INFO - Executing <Task(BashOperator): get_input_data> on 2023-06-23 00:00:00+00:00
[2023-06-24T00:11:26.953+0000] {standard_task_runner.py:55} INFO - Started process 63612 to run task
[2023-06-24T00:11:26.955+0000] {standard_task_runner.py:82} INFO - Running: ['***', 'tasks', 'run', 'dbt_ipflow_dag', 'get_input_data', 'scheduled__2023-06-23T00:00:00+00:00', '--job-id', '53', '--raw', '--subdir', 'DAGS_FOLDER/dbt_ip_flow_dag.py', '--cfg-path', '/tmp/tmp3hfc9xnx']
[2023-06-24T00:11:26.959+0000] {standard_task_runner.py:83} INFO - Job 53: Subtask get_input_data
[2023-06-24T00:11:27.047+0000] {task_command.py:389} INFO - Running <TaskInstance: dbt_ipflow_dag.get_input_data scheduled__2023-06-23T00:00:00+00:00 [running]> on host 635f1a4ac995
[2023-06-24T00:11:27.116+0000] {taskinstance.py:1513} INFO - Exporting the following env vars:
AIRFLOW_CTX_DAG_OWNER=***
AIRFLOW_CTX_DAG_ID=dbt_ipflow_dag
AIRFLOW_CTX_TASK_ID=get_input_data
AIRFLOW_CTX_EXECUTION_DATE=2023-06-23T00:00:00+00:00
AIRFLOW_CTX_TRY_NUMBER=1
AIRFLOW_CTX_DAG_RUN_ID=scheduled__2023-06-23T00:00:00+00:00
[2023-06-24T00:11:27.122+0000] {subprocess.py:63} INFO - Tmp dir root location: 
 /tmp
[2023-06-24T00:11:27.124+0000] {subprocess.py:75} INFO - Running command: ['/bin/bash', '-c', 'dbt run --select stg_ipflow_input_data --profiles-dir /opt/***/dbt/dbt_dsg_app --project-dir /opt/***/dbt/dbt_dsg_app']
[2023-06-24T00:11:27.146+0000] {subprocess.py:86} INFO - Output:
[2023-06-24T00:11:28.972+0000] {subprocess.py:93} INFO - [0m00:11:28  Running with dbt=1.5.1
[2023-06-24T00:11:29.758+0000] {subprocess.py:93} INFO - [0m00:11:29  Found 12 models, 2 tests, 0 snapshots, 0 analyses, 321 macros, 0 operations, 0 seed files, 0 sources, 0 exposures, 0 metrics, 0 groups
[2023-06-24T00:11:29.764+0000] {subprocess.py:93} INFO - [0m00:11:29
[2023-06-24T00:11:33.528+0000] {subprocess.py:93} INFO - [0m00:11:33  Concurrency: 4 threads (target='dev')
[2023-06-24T00:11:33.530+0000] {subprocess.py:93} INFO - [0m00:11:33
[2023-06-24T00:11:33.542+0000] {subprocess.py:93} INFO - [0m00:11:33  1 of 1 START sql table model DBT_POC.stg_ipflow_input_data ..................... [RUN]
[2023-06-24T00:30:33.776+0000] {subprocess.py:93} INFO - [0m00:30:33  1 of 1 OK created sql table model DBT_POC.stg_ipflow_input_data ................ [[32mSUCCESS 1[0m in 1140.21s]
[2023-06-24T00:30:33.832+0000] {subprocess.py:93} INFO - [0m00:30:33
[2023-06-24T00:30:33.836+0000] {subprocess.py:93} INFO - [0m00:30:33  Finished running 1 table model in 0 hours 19 minutes and 4.06 seconds (1144.06s).
[2023-06-24T00:30:33.900+0000] {subprocess.py:93} INFO - [0m00:30:33
[2023-06-24T00:30:33.903+0000] {subprocess.py:93} INFO - [0m00:30:33  [32mCompleted successfully[0m
[2023-06-24T00:30:33.906+0000] {subprocess.py:93} INFO - [0m00:30:33
[2023-06-24T00:30:33.909+0000] {subprocess.py:93} INFO - [0m00:30:33  Done. PASS=1 WARN=0 ERROR=0 SKIP=0 TOTAL=1
[2023-06-24T00:30:34.501+0000] {subprocess.py:97} INFO - Command exited with return code 0
[2023-06-24T00:30:34.545+0000] {taskinstance.py:1327} INFO - Marking task as SUCCESS. dag_id=dbt_ipflow_dag, task_id=get_input_data, execution_date=20230623T000000, start_date=20230624T001126, end_date=20230624T003034
[2023-06-24T00:30:34.616+0000] {local_task_job.py:159} INFO - Task exited with return code 0
[2023-06-24T00:30:34.638+0000] {taskinstance.py:2582} INFO - 0 downstream tasks scheduled from follow-on schedule check
