[2023-08-08T13:56:14.192+0000] {taskinstance.py:1087} INFO - Dependencies all met for <TaskInstance: dbt_ipflow_dag.get_input_data manual__2023-08-08T13:56:11.860212+00:00 [queued]>
[2023-08-08T13:56:14.201+0000] {taskinstance.py:1087} INFO - Dependencies all met for <TaskInstance: dbt_ipflow_dag.get_input_data manual__2023-08-08T13:56:11.860212+00:00 [queued]>
[2023-08-08T13:56:14.222+0000] {taskinstance.py:1283} INFO - 
--------------------------------------------------------------------------------
[2023-08-08T13:56:14.231+0000] {taskinstance.py:1284} INFO - Starting attempt 1 of 1
[2023-08-08T13:56:14.238+0000] {taskinstance.py:1285} INFO - 
--------------------------------------------------------------------------------
[2023-08-08T13:56:14.258+0000] {taskinstance.py:1304} INFO - Executing <Task(BashOperator): get_input_data> on 2023-08-08 13:56:11.860212+00:00
[2023-08-08T13:56:14.276+0000] {standard_task_runner.py:55} INFO - Started process 60449 to run task
[2023-08-08T13:56:14.282+0000] {standard_task_runner.py:82} INFO - Running: ['***', 'tasks', 'run', 'dbt_ipflow_dag', 'get_input_data', 'manual__2023-08-08T13:56:11.860212+00:00', '--job-id', '13', '--raw', '--subdir', 'DAGS_FOLDER/dbt_ip_flow_dag.py', '--cfg-path', '/tmp/tmpqkhktqbs']
[2023-08-08T13:56:14.287+0000] {standard_task_runner.py:83} INFO - Job 13: Subtask get_input_data
[2023-08-08T13:56:14.366+0000] {task_command.py:389} INFO - Running <TaskInstance: dbt_ipflow_dag.get_input_data manual__2023-08-08T13:56:11.860212+00:00 [running]> on host 2d3cfeb384b0
[2023-08-08T13:56:14.430+0000] {taskinstance.py:1513} INFO - Exporting the following env vars:
AIRFLOW_CTX_DAG_OWNER=***
AIRFLOW_CTX_DAG_ID=dbt_ipflow_dag
AIRFLOW_CTX_TASK_ID=get_input_data
AIRFLOW_CTX_EXECUTION_DATE=2023-08-08T13:56:11.860212+00:00
AIRFLOW_CTX_TRY_NUMBER=1
AIRFLOW_CTX_DAG_RUN_ID=manual__2023-08-08T13:56:11.860212+00:00
[2023-08-08T13:56:14.436+0000] {subprocess.py:63} INFO - Tmp dir root location: 
 /tmp
[2023-08-08T13:56:14.445+0000] {subprocess.py:75} INFO - Running command: ['/bin/bash', '-c', "dbt run --select stg_ipflow_input_data --profiles-dir /opt/***/dbt/dbt_dsg_app --project-dir /opt/***/dbt/dbt_dsg_app  --target dev --vars '{'env': 'dev'}' "]
[2023-08-08T13:56:14.477+0000] {subprocess.py:86} INFO - Output:
[2023-08-08T13:56:16.417+0000] {subprocess.py:93} INFO - [0m13:56:16  Running with dbt=1.5.4
[2023-08-08T13:56:17.179+0000] {subprocess.py:93} INFO - [0m13:56:17  Registered adapter: snowflake=1.5.1
[2023-08-08T13:56:17.409+0000] {subprocess.py:93} INFO - [0m13:56:17  Found 12 models, 2 tests, 0 snapshots, 0 analyses, 322 macros, 0 operations, 0 seed files, 0 sources, 0 exposures, 0 metrics, 0 groups
[2023-08-08T13:56:17.415+0000] {subprocess.py:93} INFO - [0m13:56:17
[2023-08-08T13:56:19.157+0000] {subprocess.py:93} INFO - [0m13:56:19  Concurrency: 4 threads (target='dev')
[2023-08-08T13:56:19.168+0000] {subprocess.py:93} INFO - [0m13:56:19
[2023-08-08T13:56:19.212+0000] {subprocess.py:93} INFO - [0m13:56:19  1 of 1 START sql table model DBT_POC.stg_ipflow_input_data ..................... [RUN]
[2023-08-08T13:56:23.459+0000] {subprocess.py:93} INFO - [0m13:56:23  1 of 1 OK created sql table model DBT_POC.stg_ipflow_input_data ................ [[32mSUCCESS 1[0m in 4.19s]
[2023-08-08T13:56:23.750+0000] {subprocess.py:93} INFO - [0m13:56:23
[2023-08-08T13:56:23.758+0000] {subprocess.py:93} INFO - [0m13:56:23  Finished running 1 table model in 0 hours 0 minutes and 6.32 seconds (6.32s).
[2023-08-08T13:56:23.974+0000] {subprocess.py:93} INFO - [0m13:56:23
[2023-08-08T13:56:23.979+0000] {subprocess.py:93} INFO - [0m13:56:23  [32mCompleted successfully[0m
[2023-08-08T13:56:23.986+0000] {subprocess.py:93} INFO - [0m13:56:23
[2023-08-08T13:56:23.991+0000] {subprocess.py:93} INFO - [0m13:56:23  Done. PASS=1 WARN=0 ERROR=0 SKIP=0 TOTAL=1
[2023-08-08T13:56:24.985+0000] {subprocess.py:97} INFO - Command exited with return code 0
[2023-08-08T13:56:25.085+0000] {taskinstance.py:1327} INFO - Marking task as SUCCESS. dag_id=dbt_ipflow_dag, task_id=get_input_data, execution_date=20230808T135611, start_date=20230808T135614, end_date=20230808T135625
[2023-08-08T13:56:25.218+0000] {local_task_job.py:159} INFO - Task exited with return code 0
[2023-08-08T13:56:25.280+0000] {taskinstance.py:2582} INFO - 0 downstream tasks scheduled from follow-on schedule check
