[0m15:58:43.302946 [debug] [MainThread]: Sending event: {'category': 'dbt', 'action': 'invocation', 'label': 'start', 'context': [<snowplow_tracker.self_describing_json.SelfDescribingJson object at 0x7fe761650a30>, <snowplow_tracker.self_describing_json.SelfDescribingJson object at 0x7fe75081fd90>, <snowplow_tracker.self_describing_json.SelfDescribingJson object at 0x7fe75081ffa0>]}


============================== 15:58:43.307476 | f595c244-96d6-4aa3-856e-c48d7129ded7 ==============================
[0m15:58:43.307476 [info ] [MainThread]: Running with dbt=1.5.1
[0m15:58:43.308264 [debug] [MainThread]: running dbt with arguments {'printer_width': '80', 'indirect_selection': 'eager', 'write_json': 'True', 'log_cache_events': 'False', 'partial_parse': 'True', 'cache_selected_only': 'False', 'profiles_dir': '/Users/dayookubanjo/.dbt', 'debug': 'False', 'warn_error': 'None', 'log_path': 'logs', 'fail_fast': 'False', 'version_check': 'True', 'use_colors': 'True', 'use_experimental_parser': 'False', 'no_print': 'None', 'quiet': 'False', 'log_format': 'default', 'introspect': 'True', 'warn_error_options': 'WarnErrorOptions(include=[], exclude=[])', 'static_parser': 'True', 'target_path': 'None', 'send_anonymous_usage_stats': 'True'}
[0m15:58:43.308784 [error] [MainThread]: Encountered an error:
Runtime Error
  No dbt_project.yml found at expected path /Users/dayookubanjo/Documents/dev-test-local/dsg-airflow-standalone/dbt_project.yml
  Verify that each entry within packages.yml (and their transitive dependencies) contains a file named dbt_project.yml
  
[0m15:58:43.309871 [debug] [MainThread]: Command `dbt docs serve` failed at 15:58:43.309444 after 0.06 seconds
[0m15:58:43.310215 [debug] [MainThread]: Sending event: {'category': 'dbt', 'action': 'invocation', 'label': 'end', 'context': [<snowplow_tracker.self_describing_json.SelfDescribingJson object at 0x7fe761650a30>, <snowplow_tracker.self_describing_json.SelfDescribingJson object at 0x7fe75081ffa0>, <snowplow_tracker.self_describing_json.SelfDescribingJson object at 0x7fe75081f5e0>]}
[0m15:58:43.310544 [debug] [MainThread]: Flushing usage events
[0m13:10:19.117160 [debug] [MainThread]: Sending event: {'category': 'dbt', 'action': 'invocation', 'label': 'start', 'context': [<snowplow_tracker.self_describing_json.SelfDescribingJson object at 0x7fc268ebb670>, <snowplow_tracker.self_describing_json.SelfDescribingJson object at 0x7fc2696d7d00>, <snowplow_tracker.self_describing_json.SelfDescribingJson object at 0x7fc2696d7f10>]}


============================== 13:10:19.123657 | fc88b58c-0356-4da2-b4a8-399f24cbcf06 ==============================
[0m13:10:19.123657 [info ] [MainThread]: Running with dbt=1.5.1
[0m13:10:19.124236 [debug] [MainThread]: running dbt with arguments {'printer_width': '80', 'indirect_selection': 'eager', 'log_cache_events': 'False', 'write_json': 'True', 'partial_parse': 'True', 'cache_selected_only': 'False', 'warn_error': 'None', 'fail_fast': 'False', 'version_check': 'True', 'log_path': 'logs', 'debug': 'False', 'profiles_dir': '/Users/dayookubanjo/.dbt', 'use_colors': 'True', 'use_experimental_parser': 'False', 'no_print': 'None', 'quiet': 'False', 'log_format': 'default', 'introspect': 'True', 'static_parser': 'True', 'warn_error_options': 'WarnErrorOptions(include=[], exclude=[])', 'target_path': 'None', 'send_anonymous_usage_stats': 'True'}
[0m13:10:19.124781 [info ] [MainThread]: dbt version: 1.5.1
[0m13:10:19.125083 [info ] [MainThread]: python version: 3.9.13
[0m13:10:19.125364 [info ] [MainThread]: python path: /Users/dayookubanjo/Documents/dev-test-local/dsg-airflow-standalone/dbt_venv/bin/python
[0m13:10:19.125635 [info ] [MainThread]: os info: macOS-10.16-x86_64-i386-64bit
[0m13:10:19.126001 [info ] [MainThread]: Using profiles.yml file at /Users/dayookubanjo/.dbt/profiles.yml
[0m13:10:19.126346 [info ] [MainThread]: Using dbt_project.yml file at /Users/dayookubanjo/Documents/dev-test-local/ec2-dsg-airflow-standalone/dbt_project.yml
[0m13:10:19.126619 [info ] [MainThread]: Configuration:
[0m13:10:22.764021 [info ] [MainThread]:   profiles.yml file [[32mOK found and valid[0m]
[0m13:10:22.764503 [info ] [MainThread]:   dbt_project.yml file [[31mERROR not found[0m]
[0m13:10:22.764785 [info ] [MainThread]: Required dependencies:
[0m13:10:22.765217 [debug] [MainThread]: Executing "git --help"
[0m13:10:23.161759 [debug] [MainThread]: STDOUT: "b"usage: git [-v | --version] [-h | --help] [-C <path>] [-c <name>=<value>]\n           [--exec-path[=<path>]] [--html-path] [--man-path] [--info-path]\n           [-p | --paginate | -P | --no-pager] [--no-replace-objects] [--bare]\n           [--git-dir=<path>] [--work-tree=<path>] [--namespace=<name>]\n           [--super-prefix=<path>] [--config-env=<name>=<envvar>]\n           <command> [<args>]\n\nThese are common Git commands used in various situations:\n\nstart a working area (see also: git help tutorial)\n   clone     Clone a repository into a new directory\n   init      Create an empty Git repository or reinitialize an existing one\n\nwork on the current change (see also: git help everyday)\n   add       Add file contents to the index\n   mv        Move or rename a file, a directory, or a symlink\n   restore   Restore working tree files\n   rm        Remove files from the working tree and from the index\n\nexamine the history and state (see also: git help revisions)\n   bisect    Use binary search to find the commit that introduced a bug\n   diff      Show changes between commits, commit and working tree, etc\n   grep      Print lines matching a pattern\n   log       Show commit logs\n   show      Show various types of objects\n   status    Show the working tree status\n\ngrow, mark and tweak your common history\n   branch    List, create, or delete branches\n   commit    Record changes to the repository\n   merge     Join two or more development histories together\n   rebase    Reapply commits on top of another base tip\n   reset     Reset current HEAD to the specified state\n   switch    Switch branches\n   tag       Create, list, delete or verify a tag object signed with GPG\n\ncollaborate (see also: git help workflows)\n   fetch     Download objects and refs from another repository\n   pull      Fetch from and integrate with another repository or a local branch\n   push      Update remote refs along with associated objects\n\n'git help -a' and 'git help -g' list available subcommands and some\nconcept guides. See 'git help <command>' or 'git help <concept>'\nto read about a specific subcommand or concept.\nSee 'git help git' for an overview of the system.\n""
[0m13:10:23.162658 [debug] [MainThread]: STDERR: "b''"
[0m13:10:23.162945 [info ] [MainThread]:  - git [[32mOK found[0m]

[0m13:10:23.163265 [info ] [MainThread]: [31m1 check failed:[0m
[0m13:10:23.163537 [info ] [MainThread]: Could not load dbt_project.yml

[0m13:10:23.164474 [debug] [MainThread]: Command `dbt debug` failed at 13:10:23.164169 after 4.09 seconds
[0m13:10:23.164914 [debug] [MainThread]: Sending event: {'category': 'dbt', 'action': 'invocation', 'label': 'end', 'context': [<snowplow_tracker.self_describing_json.SelfDescribingJson object at 0x7fc268ebb670>, <snowplow_tracker.self_describing_json.SelfDescribingJson object at 0x7fc269721850>, <snowplow_tracker.self_describing_json.SelfDescribingJson object at 0x7fc2696d7f10>]}
[0m13:10:23.165361 [debug] [MainThread]: Flushing usage events
