[2023-06-26T19:00:06.165+0000] {taskinstance.py:1087} INFO - Dependencies all met for <TaskInstance: dbt_ipflow_dag.run_success_outputs_workflow manual__2023-06-26T18:52:04.674534+00:00 [queued]>
[2023-06-26T19:00:06.172+0000] {taskinstance.py:1087} INFO - Dependencies all met for <TaskInstance: dbt_ipflow_dag.run_success_outputs_workflow manual__2023-06-26T18:52:04.674534+00:00 [queued]>
[2023-06-26T19:00:06.174+0000] {taskinstance.py:1283} INFO - 
--------------------------------------------------------------------------------
[2023-06-26T19:00:06.175+0000] {taskinstance.py:1284} INFO - Starting attempt 1 of 1
[2023-06-26T19:00:06.176+0000] {taskinstance.py:1285} INFO - 
--------------------------------------------------------------------------------
[2023-06-26T19:00:06.187+0000] {taskinstance.py:1304} INFO - Executing <Task(BashOperator): run_success_outputs_workflow> on 2023-06-26 18:52:04.674534+00:00
[2023-06-26T19:00:06.194+0000] {standard_task_runner.py:55} INFO - Started process 27331 to run task
[2023-06-26T19:00:06.198+0000] {standard_task_runner.py:82} INFO - Running: ['***', 'tasks', 'run', 'dbt_ipflow_dag', 'run_success_outputs_workflow', 'manual__2023-06-26T18:52:04.674534+00:00', '--job-id', '69', '--raw', '--subdir', 'DAGS_FOLDER/dbt_ip_flow_dag.py', '--cfg-path', '/tmp/tmpm683fs90']
[2023-06-26T19:00:06.216+0000] {standard_task_runner.py:83} INFO - Job 69: Subtask run_success_outputs_workflow
[2023-06-26T19:00:06.288+0000] {task_command.py:389} INFO - Running <TaskInstance: dbt_ipflow_dag.run_success_outputs_workflow manual__2023-06-26T18:52:04.674534+00:00 [running]> on host 635f1a4ac995
[2023-06-26T19:00:06.349+0000] {taskinstance.py:1513} INFO - Exporting the following env vars:
AIRFLOW_CTX_DAG_OWNER=***
AIRFLOW_CTX_DAG_ID=dbt_ipflow_dag
AIRFLOW_CTX_TASK_ID=run_success_outputs_workflow
AIRFLOW_CTX_EXECUTION_DATE=2023-06-26T18:52:04.674534+00:00
AIRFLOW_CTX_TRY_NUMBER=1
AIRFLOW_CTX_DAG_RUN_ID=manual__2023-06-26T18:52:04.674534+00:00
[2023-06-26T19:00:06.352+0000] {subprocess.py:63} INFO - Tmp dir root location: 
 /tmp
[2023-06-26T19:00:06.353+0000] {subprocess.py:75} INFO - Running command: ['/bin/bash', '-c', 'dbt run --select stg_ipflow_success_data+ --profiles-dir /opt/***/dbt/dbt_dsg_app --project-dir /opt/***/dbt/dbt_dsg_app']
[2023-06-26T19:00:06.371+0000] {subprocess.py:86} INFO - Output:
[2023-06-26T19:00:07.822+0000] {subprocess.py:93} INFO - [0m19:00:07  Running with dbt=1.5.1
[2023-06-26T19:00:08.694+0000] {subprocess.py:93} INFO - [0m19:00:08  Found 12 models, 2 tests, 0 snapshots, 0 analyses, 321 macros, 0 operations, 0 seed files, 0 sources, 0 exposures, 0 metrics, 0 groups
[2023-06-26T19:00:08.702+0000] {subprocess.py:93} INFO - [0m19:00:08
[2023-06-26T19:00:11.302+0000] {subprocess.py:93} INFO - [0m19:00:11  Concurrency: 4 threads (target='dev')
[2023-06-26T19:00:11.310+0000] {subprocess.py:93} INFO - [0m19:00:11
[2023-06-26T19:00:11.327+0000] {subprocess.py:93} INFO - [0m19:00:11  1 of 9 START sql table model DBT_POC.stg_ipflow_success_data ................... [RUN]
[2023-06-26T19:00:12.654+0000] {subprocess.py:93} INFO - [0m19:00:12  1 of 9 OK created sql table model DBT_POC.stg_ipflow_success_data .............. [[32mSUCCESS 1[0m in 1.31s]
[2023-06-26T19:00:12.674+0000] {subprocess.py:93} INFO - [0m19:00:12  2 of 9 START sql table model DBT_POC.src_ipflow_merge_domain_observations ...... [RUN]
[2023-06-26T19:00:12.677+0000] {subprocess.py:93} INFO - [0m19:00:12  3 of 9 START sql table model DBT_POC.src_ipflow_merge_success_output ........... [RUN]
[2023-06-26T19:00:14.132+0000] {subprocess.py:93} INFO - [0m19:00:14  3 of 9 OK created sql table model DBT_POC.src_ipflow_merge_success_output ...... [[32mSUCCESS 1[0m in 1.44s]
[2023-06-26T19:00:14.162+0000] {subprocess.py:93} INFO - [0m19:00:14  4 of 9 START sql incremental model DBT_POC.stg_ipflow_merge_success_output ..... [RUN]
[2023-06-26T19:00:14.558+0000] {subprocess.py:93} INFO - [0m19:00:14  2 of 9 OK created sql table model DBT_POC.src_ipflow_merge_domain_observations . [[32mSUCCESS 1[0m in 1.86s]
[2023-06-26T19:00:14.573+0000] {subprocess.py:93} INFO - [0m19:00:14  5 of 9 START sql incremental model DBT_POC.stg_ipflow_merge_domain_observations  [RUN]
[2023-06-26T19:00:17.864+0000] {subprocess.py:93} INFO - [0m19:00:17  4 of 9 OK created sql incremental model DBT_POC.stg_ipflow_merge_success_output  [[32mSUCCESS 0[0m in 3.64s]
[2023-06-26T19:00:17.888+0000] {subprocess.py:93} INFO - [0m19:00:17  6 of 9 START sql table model DBT_POC.src_ipflow_normalized_location ............ [RUN]
[2023-06-26T19:00:18.830+0000] {subprocess.py:93} INFO - [0m19:00:18  5 of 9 OK created sql incremental model DBT_POC.stg_ipflow_merge_domain_observations  [[32mSUCCESS 0[0m in 4.22s]
[2023-06-26T19:00:18.844+0000] {subprocess.py:93} INFO - [0m19:00:18  7 of 9 START sql table model DBT_POC.fact_ip_to_company_domain ................. [RUN]
[2023-06-26T19:00:20.455+0000] {subprocess.py:93} INFO - [0m19:00:20  6 of 9 OK created sql table model DBT_POC.src_ipflow_normalized_location ....... [[32mSUCCESS 1[0m in 2.55s]
[2023-06-26T19:00:20.459+0000] {subprocess.py:93} INFO - [0m19:00:20  7 of 9 OK created sql table model DBT_POC.fact_ip_to_company_domain ............ [[32mSUCCESS 1[0m in 1.60s]
[2023-06-26T19:00:20.480+0000] {subprocess.py:93} INFO - [0m19:00:20  8 of 9 START sql table model DBT_POC.src_ipflow_ip_to_location ................. [RUN]
[2023-06-26T19:00:22.164+0000] {subprocess.py:93} INFO - [0m19:00:22  8 of 9 OK created sql table model DBT_POC.src_ipflow_ip_to_location ............ [[32mSUCCESS 1[0m in 1.67s]
[2023-06-26T19:00:22.186+0000] {subprocess.py:93} INFO - [0m19:00:22  9 of 9 START sql incremental model DBT_POC.stg_ipflow_ip_to_location_mappings .. [RUN]
[2023-06-26T19:00:25.981+0000] {subprocess.py:93} INFO - [0m19:00:25  9 of 9 OK created sql incremental model DBT_POC.stg_ipflow_ip_to_location_mappings  [[32mSUCCESS 2[0m in 3.78s]
[2023-06-26T19:00:26.055+0000] {subprocess.py:93} INFO - [0m19:00:26
[2023-06-26T19:00:26.086+0000] {subprocess.py:93} INFO - [0m19:00:26  Finished running 6 table models, 3 incremental models in 0 hours 0 minutes and 17.34 seconds (17.34s).
[2023-06-26T19:00:26.165+0000] {subprocess.py:93} INFO - [0m19:00:26
[2023-06-26T19:00:26.170+0000] {subprocess.py:93} INFO - [0m19:00:26  [32mCompleted successfully[0m
[2023-06-26T19:00:26.176+0000] {subprocess.py:93} INFO - [0m19:00:26
[2023-06-26T19:00:26.194+0000] {subprocess.py:93} INFO - [0m19:00:26  Done. PASS=9 WARN=0 ERROR=0 SKIP=0 TOTAL=9
[2023-06-26T19:00:26.725+0000] {subprocess.py:97} INFO - Command exited with return code 0
[2023-06-26T19:00:26.787+0000] {taskinstance.py:1327} INFO - Marking task as SUCCESS. dag_id=dbt_ipflow_dag, task_id=run_success_outputs_workflow, execution_date=20230626T185204, start_date=20230626T190006, end_date=20230626T190026
[2023-06-26T19:00:26.836+0000] {local_task_job.py:159} INFO - Task exited with return code 0
[2023-06-26T19:00:26.863+0000] {taskinstance.py:2582} INFO - 0 downstream tasks scheduled from follow-on schedule check
