[2023-06-20T23:22:01.019+0000] {taskinstance.py:1087} INFO - Dependencies all met for <TaskInstance: dbt_ipflow_dag.dbt_install manual__2023-06-20T23:21:58.234118+00:00 [queued]>
[2023-06-20T23:22:01.028+0000] {taskinstance.py:1087} INFO - Dependencies all met for <TaskInstance: dbt_ipflow_dag.dbt_install manual__2023-06-20T23:21:58.234118+00:00 [queued]>
[2023-06-20T23:22:01.069+0000] {taskinstance.py:1283} INFO - 
--------------------------------------------------------------------------------
[2023-06-20T23:22:01.070+0000] {taskinstance.py:1284} INFO - Starting attempt 1 of 1
[2023-06-20T23:22:01.071+0000] {taskinstance.py:1285} INFO - 
--------------------------------------------------------------------------------
[2023-06-20T23:22:01.082+0000] {taskinstance.py:1304} INFO - Executing <Task(BashOperator): dbt_install> on 2023-06-20 23:21:58.234118+00:00
[2023-06-20T23:22:01.093+0000] {standard_task_runner.py:55} INFO - Started process 22974 to run task
[2023-06-20T23:22:01.098+0000] {standard_task_runner.py:82} INFO - Running: ['***', 'tasks', 'run', 'dbt_ipflow_dag', 'dbt_install', 'manual__2023-06-20T23:21:58.234118+00:00', '--job-id', '29', '--raw', '--subdir', 'DAGS_FOLDER/dbt_ip_flow_dag.py', '--cfg-path', '/tmp/tmprxc6a01u']
[2023-06-20T23:22:01.104+0000] {standard_task_runner.py:83} INFO - Job 29: Subtask dbt_install
[2023-06-20T23:22:01.177+0000] {task_command.py:389} INFO - Running <TaskInstance: dbt_ipflow_dag.dbt_install manual__2023-06-20T23:21:58.234118+00:00 [running]> on host 635f1a4ac995
[2023-06-20T23:22:01.243+0000] {taskinstance.py:1513} INFO - Exporting the following env vars:
AIRFLOW_CTX_DAG_OWNER=***
AIRFLOW_CTX_DAG_ID=dbt_ipflow_dag
AIRFLOW_CTX_TASK_ID=dbt_install
AIRFLOW_CTX_EXECUTION_DATE=2023-06-20T23:21:58.234118+00:00
AIRFLOW_CTX_TRY_NUMBER=1
AIRFLOW_CTX_DAG_RUN_ID=manual__2023-06-20T23:21:58.234118+00:00
[2023-06-20T23:22:01.246+0000] {subprocess.py:63} INFO - Tmp dir root location: 
 /tmp
[2023-06-20T23:22:01.248+0000] {subprocess.py:75} INFO - Running command: ['/bin/bash', '-c', 'pip install dbt-snowflake']
[2023-06-20T23:22:01.274+0000] {subprocess.py:86} INFO - Output:
[2023-06-20T23:22:02.009+0000] {subprocess.py:93} INFO - Defaulting to user installation because normal site-packages is not writeable
[2023-06-20T23:22:02.310+0000] {subprocess.py:93} INFO - Collecting dbt-snowflake
[2023-06-20T23:22:02.400+0000] {subprocess.py:93} INFO -   Downloading dbt_snowflake-1.5.1-py3-none-any.whl (31 kB)
[2023-06-20T23:22:02.460+0000] {subprocess.py:93} INFO - Collecting dbt-core~=1.5.0 (from dbt-snowflake)
[2023-06-20T23:22:02.478+0000] {subprocess.py:93} INFO -   Downloading dbt_core-1.5.1-py3-none-any.whl (947 kB)
[2023-06-20T23:22:02.604+0000] {subprocess.py:93} INFO -      ━━━━━━━━━━━━━━━━━━━━━━━━━━━━━━━━━━━━━━━ 947.9/947.9 kB 7.6 MB/s eta 0:00:00
[2023-06-20T23:22:02.607+0000] {subprocess.py:93} INFO - Requirement already satisfied: snowflake-connector-python[secure-local-storage]~=3.0 in /home/***/.local/lib/python3.7/site-packages (from dbt-snowflake) (3.0.4)
[2023-06-20T23:22:02.618+0000] {subprocess.py:93} INFO - Requirement already satisfied: Jinja2==3.1.2 in /home/***/.local/lib/python3.7/site-packages (from dbt-core~=1.5.0->dbt-snowflake) (3.1.2)
[2023-06-20T23:22:02.665+0000] {subprocess.py:93} INFO - Collecting agate<1.7.1,>=1.6 (from dbt-core~=1.5.0->dbt-snowflake)
[2023-06-20T23:22:02.683+0000] {subprocess.py:93} INFO -   Downloading agate-1.7.0-py2.py3-none-any.whl (97 kB)
[2023-06-20T23:22:02.740+0000] {subprocess.py:93} INFO -      ━━━━━━━━━━━━━━━━━━━━━━━━━━━━━━━━━━━━━━━━ 97.1/97.1 kB 9.0 MB/s eta 0:00:00
[2023-06-20T23:22:02.742+0000] {subprocess.py:93} INFO - Requirement already satisfied: click<9,>=7.0 in /home/***/.local/lib/python3.7/site-packages (from dbt-core~=1.5.0->dbt-snowflake) (8.1.3)
[2023-06-20T23:22:02.744+0000] {subprocess.py:93} INFO - Requirement already satisfied: colorama<0.4.7,>=0.3.9 in /home/***/.local/lib/python3.7/site-packages (from dbt-core~=1.5.0->dbt-snowflake) (0.4.4)
[2023-06-20T23:22:02.812+0000] {subprocess.py:93} INFO - Collecting hologram<=0.0.16,>=0.0.14 (from dbt-core~=1.5.0->dbt-snowflake)
[2023-06-20T23:22:02.828+0000] {subprocess.py:93} INFO -   Downloading hologram-0.0.16-py3-none-any.whl (11 kB)
[2023-06-20T23:22:02.832+0000] {subprocess.py:93} INFO - Requirement already satisfied: isodate<0.7,>=0.6 in /home/***/.local/lib/python3.7/site-packages (from dbt-core~=1.5.0->dbt-snowflake) (0.6.1)
[2023-06-20T23:22:02.898+0000] {subprocess.py:93} INFO - Collecting logbook<1.6,>=1.5 (from dbt-core~=1.5.0->dbt-snowflake)
[2023-06-20T23:22:02.916+0000] {subprocess.py:93} INFO -   Downloading Logbook-1.5.3.tar.gz (85 kB)
[2023-06-20T23:22:02.926+0000] {subprocess.py:93} INFO -      ━━━━━━━━━━━━━━━━━━━━━━━━━━━━━━━━━━━━━━━━ 85.8/85.8 kB 8.9 MB/s eta 0:00:00
[2023-06-20T23:22:02.942+0000] {subprocess.py:93} INFO -   Preparing metadata (setup.py): started
[2023-06-20T23:22:03.426+0000] {subprocess.py:93} INFO -   Preparing metadata (setup.py): finished with status 'done'
[2023-06-20T23:22:03.460+0000] {subprocess.py:93} INFO - Collecting mashumaro[msgpack]==3.6 (from dbt-core~=1.5.0->dbt-snowflake)
[2023-06-20T23:22:03.486+0000] {subprocess.py:93} INFO -   Downloading mashumaro-3.6-py3-none-any.whl (66 kB)
[2023-06-20T23:22:03.491+0000] {subprocess.py:93} INFO -      ━━━━━━━━━━━━━━━━━━━━━━━━━━━━━━━━━━━━━━━━ 66.5/66.5 kB 20.6 MB/s eta 0:00:00
[2023-06-20T23:22:03.509+0000] {subprocess.py:93} INFO - Collecting minimal-snowplow-tracker==0.0.2 (from dbt-core~=1.5.0->dbt-snowflake)
[2023-06-20T23:22:03.527+0000] {subprocess.py:93} INFO -   Downloading minimal-snowplow-tracker-0.0.2.tar.gz (12 kB)
[2023-06-20T23:22:03.535+0000] {subprocess.py:93} INFO -   Preparing metadata (setup.py): started
[2023-06-20T23:22:03.981+0000] {subprocess.py:93} INFO -   Preparing metadata (setup.py): finished with status 'done'
[2023-06-20T23:22:04.014+0000] {subprocess.py:93} INFO - Requirement already satisfied: packaging>20.9 in /home/***/.local/lib/python3.7/site-packages (from dbt-core~=1.5.0->dbt-snowflake) (21.3)
[2023-06-20T23:22:04.015+0000] {subprocess.py:93} INFO - Requirement already satisfied: sqlparse<0.4.4,>=0.2.3 in /home/***/.local/lib/python3.7/site-packages (from dbt-core~=1.5.0->dbt-snowflake) (0.4.3)
[2023-06-20T23:22:04.067+0000] {subprocess.py:93} INFO - Collecting dbt-extractor~=0.4.1 (from dbt-core~=1.5.0->dbt-snowflake)
[2023-06-20T23:22:04.107+0000] {subprocess.py:93} INFO -   Downloading dbt_extractor-0.4.1-cp36-abi3-manylinux_2_17_aarch64.manylinux2014_aarch64.whl (1.1 MB)
[2023-06-20T23:22:04.184+0000] {subprocess.py:93} INFO -      ━━━━━━━━━━━━━━━━━━━━━━━━━━━━━━━━━━━━━━━━ 1.1/1.1 MB 14.4 MB/s eta 0:00:00
[2023-06-20T23:22:04.187+0000] {subprocess.py:93} INFO - Requirement already satisfied: typing-extensions>=3.7.4 in /home/***/.local/lib/python3.7/site-packages (from dbt-core~=1.5.0->dbt-snowflake) (4.4.0)
[2023-06-20T23:22:04.188+0000] {subprocess.py:93} INFO - Requirement already satisfied: werkzeug<3,>=1 in /home/***/.local/lib/python3.7/site-packages (from dbt-core~=1.5.0->dbt-snowflake) (2.2.2)
[2023-06-20T23:22:04.191+0000] {subprocess.py:93} INFO - Requirement already satisfied: pathspec<0.12,>=0.9 in /home/***/.local/lib/python3.7/site-packages (from dbt-core~=1.5.0->dbt-snowflake) (0.9.0)
[2023-06-20T23:22:04.393+0000] {subprocess.py:93} INFO - Collecting protobuf>=4.0.0 (from dbt-core~=1.5.0->dbt-snowflake)
[2023-06-20T23:22:04.411+0000] {subprocess.py:93} INFO -   Downloading protobuf-4.23.3-cp37-abi3-manylinux2014_aarch64.whl (303 kB)
[2023-06-20T23:22:04.439+0000] {subprocess.py:93} INFO -      ━━━━━━━━━━━━━━━━━━━━━━━━━━━━━━━━━━━━━━ 303.5/303.5 kB 11.0 MB/s eta 0:00:00
[2023-06-20T23:22:04.441+0000] {subprocess.py:93} INFO - Requirement already satisfied: pytz>=2015.7 in /home/***/.local/lib/python3.7/site-packages (from dbt-core~=1.5.0->dbt-snowflake) (2022.6)
[2023-06-20T23:22:04.444+0000] {subprocess.py:93} INFO - Requirement already satisfied: requests<3.0.0 in /home/***/.local/lib/python3.7/site-packages (from dbt-core~=1.5.0->dbt-snowflake) (2.28.1)
[2023-06-20T23:22:04.445+0000] {subprocess.py:93} INFO - Requirement already satisfied: idna<4,>=2.5 in /home/***/.local/lib/python3.7/site-packages (from dbt-core~=1.5.0->dbt-snowflake) (3.4)
[2023-06-20T23:22:04.446+0000] {subprocess.py:93} INFO - Requirement already satisfied: cffi<2.0.0,>=1.9 in /home/***/.local/lib/python3.7/site-packages (from dbt-core~=1.5.0->dbt-snowflake) (1.15.1)
[2023-06-20T23:22:04.476+0000] {subprocess.py:93} INFO - Collecting pyyaml>=6.0 (from dbt-core~=1.5.0->dbt-snowflake)
[2023-06-20T23:22:04.493+0000] {subprocess.py:93} INFO -   Downloading PyYAML-6.0-cp37-cp37m-manylinux_2_17_aarch64.manylinux2014_aarch64.whl (656 kB)
[2023-06-20T23:22:04.570+0000] {subprocess.py:93} INFO -      ━━━━━━━━━━━━━━━━━━━━━━━━━━━━━━━━━━━━━━━ 657.0/657.0 kB 8.7 MB/s eta 0:00:00
[2023-06-20T23:22:04.603+0000] {subprocess.py:93} INFO - Collecting networkx<2.8.1,>=2.3 (from dbt-core~=1.5.0->dbt-snowflake)
[2023-06-20T23:22:04.619+0000] {subprocess.py:93} INFO -   Downloading networkx-2.6.3-py3-none-any.whl (1.9 MB)
[2023-06-20T23:22:04.787+0000] {subprocess.py:93} INFO -      ━━━━━━━━━━━━━━━━━━━━━━━━━━━━━━━━━━━━━━━━ 1.9/1.9 MB 11.9 MB/s eta 0:00:00
[2023-06-20T23:22:04.794+0000] {subprocess.py:93} INFO - Requirement already satisfied: MarkupSafe>=2.0 in /home/***/.local/lib/python3.7/site-packages (from Jinja2==3.1.2->dbt-core~=1.5.0->dbt-snowflake) (2.1.1)
[2023-06-20T23:22:04.801+0000] {subprocess.py:93} INFO - Requirement already satisfied: msgpack>=0.5.6 in /home/***/.local/lib/python3.7/site-packages (from mashumaro[msgpack]==3.6->dbt-core~=1.5.0->dbt-snowflake) (1.0.4)
[2023-06-20T23:22:04.803+0000] {subprocess.py:93} INFO - Requirement already satisfied: six<2.0,>=1.9.0 in /home/***/.local/lib/python3.7/site-packages (from minimal-snowplow-tracker==0.0.2->dbt-core~=1.5.0->dbt-snowflake) (1.16.0)
[2023-06-20T23:22:04.819+0000] {subprocess.py:93} INFO - Requirement already satisfied: asn1crypto<2.0.0,>0.24.0 in /home/***/.local/lib/python3.7/site-packages (from snowflake-connector-python[secure-local-storage]~=3.0->dbt-snowflake) (1.5.1)
[2023-06-20T23:22:04.820+0000] {subprocess.py:93} INFO - Requirement already satisfied: cryptography<41.0.0,>=3.1.0 in /home/***/.local/lib/python3.7/site-packages (from snowflake-connector-python[secure-local-storage]~=3.0->dbt-snowflake) (36.0.2)
[2023-06-20T23:22:04.821+0000] {subprocess.py:93} INFO - Requirement already satisfied: oscrypto<2.0.0 in /home/***/.local/lib/python3.7/site-packages (from snowflake-connector-python[secure-local-storage]~=3.0->dbt-snowflake) (1.3.0)
[2023-06-20T23:22:04.822+0000] {subprocess.py:93} INFO - Requirement already satisfied: pyOpenSSL<24.0.0,>=16.2.0 in /home/***/.local/lib/python3.7/site-packages (from snowflake-connector-python[secure-local-storage]~=3.0->dbt-snowflake) (22.0.0)
[2023-06-20T23:22:04.823+0000] {subprocess.py:93} INFO - Requirement already satisfied: pycryptodomex!=3.5.0,<4.0.0,>=3.2 in /home/***/.local/lib/python3.7/site-packages (from snowflake-connector-python[secure-local-storage]~=3.0->dbt-snowflake) (3.18.0)
[2023-06-20T23:22:04.825+0000] {subprocess.py:93} INFO - Requirement already satisfied: pyjwt<3.0.0 in /home/***/.local/lib/python3.7/site-packages (from snowflake-connector-python[secure-local-storage]~=3.0->dbt-snowflake) (2.6.0)
[2023-06-20T23:22:04.826+0000] {subprocess.py:93} INFO - Requirement already satisfied: charset-normalizer<4,>=2 in /home/***/.local/lib/python3.7/site-packages (from snowflake-connector-python[secure-local-storage]~=3.0->dbt-snowflake) (2.1.1)
[2023-06-20T23:22:04.827+0000] {subprocess.py:93} INFO - Requirement already satisfied: urllib3<1.27,>=1.21.1 in /home/***/.local/lib/python3.7/site-packages (from snowflake-connector-python[secure-local-storage]~=3.0->dbt-snowflake) (1.26.13)
[2023-06-20T23:22:04.829+0000] {subprocess.py:93} INFO - Requirement already satisfied: certifi>=2017.4.17 in /home/***/.local/lib/python3.7/site-packages (from snowflake-connector-python[secure-local-storage]~=3.0->dbt-snowflake) (2022.9.24)
[2023-06-20T23:22:04.830+0000] {subprocess.py:93} INFO - Requirement already satisfied: filelock<4,>=3.5 in /home/***/.local/lib/python3.7/site-packages (from snowflake-connector-python[secure-local-storage]~=3.0->dbt-snowflake) (3.8.0)
[2023-06-20T23:22:04.833+0000] {subprocess.py:93} INFO - Requirement already satisfied: sortedcontainers>=2.4.0 in /home/***/.local/lib/python3.7/site-packages (from snowflake-connector-python[secure-local-storage]~=3.0->dbt-snowflake) (2.4.0)
[2023-06-20T23:22:04.834+0000] {subprocess.py:93} INFO - Requirement already satisfied: importlib-metadata in /home/***/.local/lib/python3.7/site-packages (from snowflake-connector-python[secure-local-storage]~=3.0->dbt-snowflake) (4.13.0)
[2023-06-20T23:22:04.888+0000] {subprocess.py:93} INFO - Collecting keyring!=16.1.0,<24.0.0 (from snowflake-connector-python[secure-local-storage]~=3.0->dbt-snowflake)
[2023-06-20T23:22:04.904+0000] {subprocess.py:93} INFO -   Downloading keyring-23.13.1-py3-none-any.whl (37 kB)
[2023-06-20T23:22:04.918+0000] {subprocess.py:93} INFO - Requirement already satisfied: Babel>=2.0 in /home/***/.local/lib/python3.7/site-packages (from agate<1.7.1,>=1.6->dbt-core~=1.5.0->dbt-snowflake) (2.11.0)
[2023-06-20T23:22:04.935+0000] {subprocess.py:93} INFO - Collecting leather>=0.3.2 (from agate<1.7.1,>=1.6->dbt-core~=1.5.0->dbt-snowflake)
[2023-06-20T23:22:04.993+0000] {subprocess.py:93} INFO -   Downloading leather-0.3.4-py2.py3-none-any.whl (31 kB)
[2023-06-20T23:22:05.021+0000] {subprocess.py:93} INFO - Collecting parsedatetime!=2.5,!=2.6,>=2.1 (from agate<1.7.1,>=1.6->dbt-core~=1.5.0->dbt-snowflake)
[2023-06-20T23:22:05.039+0000] {subprocess.py:93} INFO -   Downloading parsedatetime-2.4.tar.gz (58 kB)
[2023-06-20T23:22:05.051+0000] {subprocess.py:93} INFO -      ━━━━━━━━━━━━━━━━━━━━━━━━━━━━━━━━━━━━━━━━ 58.8/58.8 kB 9.8 MB/s eta 0:00:00
[2023-06-20T23:22:05.066+0000] {subprocess.py:93} INFO -   Preparing metadata (setup.py): started
[2023-06-20T23:22:05.539+0000] {subprocess.py:93} INFO -   Preparing metadata (setup.py): finished with status 'done'
[2023-06-20T23:22:05.542+0000] {subprocess.py:93} INFO - Requirement already satisfied: python-slugify>=1.2.1 in /home/***/.local/lib/python3.7/site-packages (from agate<1.7.1,>=1.6->dbt-core~=1.5.0->dbt-snowflake) (7.0.0)
[2023-06-20T23:22:05.575+0000] {subprocess.py:93} INFO - Collecting pytimeparse>=1.1.5 (from agate<1.7.1,>=1.6->dbt-core~=1.5.0->dbt-snowflake)
[2023-06-20T23:22:05.591+0000] {subprocess.py:93} INFO -   Downloading pytimeparse-1.1.8-py2.py3-none-any.whl (10.0 kB)
[2023-06-20T23:22:05.599+0000] {subprocess.py:93} INFO - Requirement already satisfied: pycparser in /home/***/.local/lib/python3.7/site-packages (from cffi<2.0.0,>=1.9->dbt-core~=1.5.0->dbt-snowflake) (2.21)
[2023-06-20T23:22:05.638+0000] {subprocess.py:93} INFO - Requirement already satisfied: python-dateutil<2.9,>=2.8 in /home/***/.local/lib/python3.7/site-packages (from hologram<=0.0.16,>=0.0.14->dbt-core~=1.5.0->dbt-snowflake) (2.8.2)
[2023-06-20T23:22:05.640+0000] {subprocess.py:93} INFO - Requirement already satisfied: jsonschema>=3.0 in /home/***/.local/lib/python3.7/site-packages (from hologram<=0.0.16,>=0.0.14->dbt-core~=1.5.0->dbt-snowflake) (4.17.3)
[2023-06-20T23:22:05.681+0000] {subprocess.py:93} INFO - Collecting jaraco.classes (from keyring!=16.1.0,<24.0.0->snowflake-connector-python[secure-local-storage]~=3.0->dbt-snowflake)
[2023-06-20T23:22:05.697+0000] {subprocess.py:93} INFO -   Downloading jaraco.classes-3.2.3-py3-none-any.whl (6.0 kB)
[2023-06-20T23:22:05.702+0000] {subprocess.py:93} INFO - Requirement already satisfied: importlib-resources in /home/***/.local/lib/python3.7/site-packages (from keyring!=16.1.0,<24.0.0->snowflake-connector-python[secure-local-storage]~=3.0->dbt-snowflake) (5.10.0)
[2023-06-20T23:22:05.726+0000] {subprocess.py:93} INFO - Collecting SecretStorage>=3.2 (from keyring!=16.1.0,<24.0.0->snowflake-connector-python[secure-local-storage]~=3.0->dbt-snowflake)
[2023-06-20T23:22:05.744+0000] {subprocess.py:93} INFO -   Downloading SecretStorage-3.3.3-py3-none-any.whl (15 kB)
[2023-06-20T23:22:05.769+0000] {subprocess.py:93} INFO - Collecting jeepney>=0.4.2 (from keyring!=16.1.0,<24.0.0->snowflake-connector-python[secure-local-storage]~=3.0->dbt-snowflake)
[2023-06-20T23:22:05.785+0000] {subprocess.py:93} INFO -   Downloading jeepney-0.8.0-py3-none-any.whl (48 kB)
[2023-06-20T23:22:05.792+0000] {subprocess.py:93} INFO -      ━━━━━━━━━━━━━━━━━━━━━━━━━━━━━━━━━━━━━━━━ 48.4/48.4 kB 7.8 MB/s eta 0:00:00
[2023-06-20T23:22:05.808+0000] {subprocess.py:93} INFO - Requirement already satisfied: zipp>=0.5 in /home/***/.local/lib/python3.7/site-packages (from importlib-metadata->snowflake-connector-python[secure-local-storage]~=3.0->dbt-snowflake) (3.11.0)
[2023-06-20T23:22:05.830+0000] {subprocess.py:93} INFO - Requirement already satisfied: pyparsing!=3.0.5,>=2.0.2 in /home/***/.local/lib/python3.7/site-packages (from packaging>20.9->dbt-core~=1.5.0->dbt-snowflake) (3.0.9)
[2023-06-20T23:22:05.908+0000] {subprocess.py:93} INFO - Requirement already satisfied: attrs>=17.4.0 in /home/***/.local/lib/python3.7/site-packages (from jsonschema>=3.0->hologram<=0.0.16,>=0.0.14->dbt-core~=1.5.0->dbt-snowflake) (22.1.0)
[2023-06-20T23:22:05.910+0000] {subprocess.py:93} INFO - Requirement already satisfied: pkgutil-resolve-name>=1.3.10 in /home/***/.local/lib/python3.7/site-packages (from jsonschema>=3.0->hologram<=0.0.16,>=0.0.14->dbt-core~=1.5.0->dbt-snowflake) (1.3.10)
[2023-06-20T23:22:05.911+0000] {subprocess.py:93} INFO - Requirement already satisfied: pyrsistent!=0.17.0,!=0.17.1,!=0.17.2,>=0.14.0 in /home/***/.local/lib/python3.7/site-packages (from jsonschema>=3.0->hologram<=0.0.16,>=0.0.14->dbt-core~=1.5.0->dbt-snowflake) (0.19.2)
[2023-06-20T23:22:05.940+0000] {subprocess.py:93} INFO - Requirement already satisfied: future in /home/***/.local/lib/python3.7/site-packages (from parsedatetime!=2.5,!=2.6,>=2.1->agate<1.7.1,>=1.6->dbt-core~=1.5.0->dbt-snowflake) (0.18.2)
[2023-06-20T23:22:05.955+0000] {subprocess.py:93} INFO - Requirement already satisfied: text-unidecode>=1.3 in /home/***/.local/lib/python3.7/site-packages (from python-slugify>=1.2.1->agate<1.7.1,>=1.6->dbt-core~=1.5.0->dbt-snowflake) (1.3)
[2023-06-20T23:22:06.022+0000] {subprocess.py:93} INFO - Collecting more-itertools (from jaraco.classes->keyring!=16.1.0,<24.0.0->snowflake-connector-python[secure-local-storage]~=3.0->dbt-snowflake)
[2023-06-20T23:22:06.040+0000] {subprocess.py:93} INFO -   Downloading more_itertools-9.1.0-py3-none-any.whl (54 kB)
[2023-06-20T23:22:06.047+0000] {subprocess.py:93} INFO -      ━━━━━━━━━━━━━━━━━━━━━━━━━━━━━━━━━━━━━━━━ 54.2/54.2 kB 8.4 MB/s eta 0:00:00
[2023-06-20T23:22:06.129+0000] {subprocess.py:93} INFO - Building wheels for collected packages: minimal-snowplow-tracker, logbook, parsedatetime
[2023-06-20T23:22:06.135+0000] {subprocess.py:93} INFO -   Building wheel for minimal-snowplow-tracker (setup.py): started
[2023-06-20T23:22:06.839+0000] {subprocess.py:93} INFO -   Building wheel for minimal-snowplow-tracker (setup.py): finished with status 'done'
[2023-06-20T23:22:06.842+0000] {subprocess.py:93} INFO -   Created wheel for minimal-snowplow-tracker: filename=minimal_snowplow_tracker-0.0.2-py3-none-any.whl size=17815 sha256=ce546b09d81e739addb02ab154724cd0e4386b71ea8e00a63968891f05aa0d09
[2023-06-20T23:22:06.853+0000] {subprocess.py:93} INFO -   Stored in directory: /home/***/.cache/pip/wheels/9d/ee/55/8faefee41ca3bccb25152e0159002567575047be7ef1ce8ac1
[2023-06-20T23:22:06.855+0000] {subprocess.py:93} INFO -   Building wheel for logbook (setup.py): started
[2023-06-20T23:22:07.567+0000] {subprocess.py:93} INFO -   Building wheel for logbook (setup.py): finished with status 'done'
[2023-06-20T23:22:07.569+0000] {subprocess.py:93} INFO -   Created wheel for logbook: filename=Logbook-1.5.3-cp37-cp37m-linux_aarch64.whl size=66394 sha256=4a14ee2645d95b95ff7871f59f5e8204eb765b0172bb3500887585c2d0b44444
[2023-06-20T23:22:07.571+0000] {subprocess.py:93} INFO -   Stored in directory: /home/***/.cache/pip/wheels/95/4b/a3/fc9b9d17a06a956767a8dc74058ba64d4306653df2289094cc
[2023-06-20T23:22:07.581+0000] {subprocess.py:93} INFO -   Building wheel for parsedatetime (setup.py): started
[2023-06-20T23:22:08.205+0000] {subprocess.py:93} INFO -   Building wheel for parsedatetime (setup.py): finished with status 'done'
[2023-06-20T23:22:08.207+0000] {subprocess.py:93} INFO -   Created wheel for parsedatetime: filename=parsedatetime-2.4-py3-none-any.whl size=42773 sha256=2dad939b81d5283d886dbd1126667eea4d858a0e1ddfd481e42911c575066e23
[2023-06-20T23:22:08.208+0000] {subprocess.py:93} INFO -   Stored in directory: /home/***/.cache/pip/wheels/68/0f/b7/539a31a4068565a53913d7f8cfc6c7521cca2ea091b8a72048
[2023-06-20T23:22:08.209+0000] {subprocess.py:93} INFO - Successfully built minimal-snowplow-tracker logbook parsedatetime
[2023-06-20T23:22:11.047+0000] {subprocess.py:93} INFO - Installing collected packages: pytimeparse, logbook, pyyaml, protobuf, parsedatetime, networkx, more-itertools, mashumaro, leather, jeepney, dbt-extractor, minimal-snowplow-tracker, jaraco.classes, agate, SecretStorage, hologram, keyring, dbt-core, dbt-snowflake
[2023-06-20T23:22:11.092+0000] {subprocess.py:93} INFO -   Attempting uninstall: pyyaml
[2023-06-20T23:22:11.098+0000] {subprocess.py:93} INFO -     Found existing installation: PyYAML 5.4.1
[2023-06-20T23:22:11.105+0000] {subprocess.py:93} INFO -     Uninstalling PyYAML-5.4.1:
[2023-06-20T23:22:11.125+0000] {subprocess.py:93} INFO -       Successfully uninstalled PyYAML-5.4.1
[2023-06-20T23:22:11.175+0000] {subprocess.py:93} INFO -   Attempting uninstall: protobuf
[2023-06-20T23:22:11.176+0000] {subprocess.py:93} INFO -     Found existing installation: protobuf 3.20.0
[2023-06-20T23:22:11.185+0000] {subprocess.py:93} INFO -     Uninstalling protobuf-3.20.0:
[2023-06-20T23:22:12.152+0000] {subprocess.py:93} INFO -       Successfully uninstalled protobuf-3.20.0
[2023-06-20T23:22:13.404+0000] {subprocess.py:93} INFO - ERROR: pip's dependency resolver does not currently take into account all the packages that are installed. This behaviour is the source of the following dependency conflicts.
[2023-06-20T23:22:13.406+0000] {subprocess.py:93} INFO - apache-***-providers-google 8.6.0 requires protobuf<=3.20.0, but you have protobuf 4.23.3 which is incompatible.
[2023-06-20T23:22:13.407+0000] {subprocess.py:93} INFO - awscli 1.27.156 requires PyYAML<5.5,>=3.10, but you have pyyaml 6.0 which is incompatible.
[2023-06-20T23:22:13.409+0000] {subprocess.py:93} INFO - google-ads 18.0.0 requires protobuf!=3.18.*,!=3.19.*,<=3.20.0,>=3.12.0, but you have protobuf 4.23.3 which is incompatible.
[2023-06-20T23:22:13.411+0000] {subprocess.py:93} INFO - google-cloud-aiplatform 1.16.1 requires protobuf<4.0.0dev,>=3.19.0, but you have protobuf 4.23.3 which is incompatible.
[2023-06-20T23:22:13.412+0000] {subprocess.py:93} INFO - google-cloud-appengine-logging 1.1.3 requires protobuf<4.0.0dev,>=3.19.0, but you have protobuf 4.23.3 which is incompatible.
[2023-06-20T23:22:13.414+0000] {subprocess.py:93} INFO - google-cloud-automl 2.8.0 requires protobuf<4.0.0dev,>=3.19.0, but you have protobuf 4.23.3 which is incompatible.
[2023-06-20T23:22:13.415+0000] {subprocess.py:93} INFO - google-cloud-bigquery 2.34.4 requires protobuf<4.0.0dev,>=3.12.0, but you have protobuf 4.23.3 which is incompatible.
[2023-06-20T23:22:13.416+0000] {subprocess.py:93} INFO - google-cloud-bigquery-datatransfer 3.7.0 requires protobuf<4.0.0dev,>=3.19.0, but you have protobuf 4.23.3 which is incompatible.
[2023-06-20T23:22:13.418+0000] {subprocess.py:93} INFO - google-cloud-bigquery-storage 2.14.1 requires protobuf<4.0.0dev,>=3.19.0, but you have protobuf 4.23.3 which is incompatible.
[2023-06-20T23:22:13.419+0000] {subprocess.py:93} INFO - google-cloud-bigtable 1.7.3 requires protobuf<4.0.0dev, but you have protobuf 4.23.3 which is incompatible.
[2023-06-20T23:22:13.422+0000] {subprocess.py:93} INFO - google-cloud-build 3.9.0 requires protobuf<4.0.0dev,>=3.19.0, but you have protobuf 4.23.3 which is incompatible.
[2023-06-20T23:22:13.423+0000] {subprocess.py:93} INFO - google-cloud-container 2.11.1 requires protobuf<4.0.0dev,>=3.19.0, but you have protobuf 4.23.3 which is incompatible.
[2023-06-20T23:22:13.424+0000] {subprocess.py:93} INFO - google-cloud-datacatalog 3.9.0 requires protobuf<4.0.0dev,>=3.19.0, but you have protobuf 4.23.3 which is incompatible.
[2023-06-20T23:22:13.426+0000] {subprocess.py:93} INFO - google-cloud-dataform 0.2.0 requires protobuf<4.0.0dev,>=3.19.0, but you have protobuf 4.23.3 which is incompatible.
[2023-06-20T23:22:13.427+0000] {subprocess.py:93} INFO - google-cloud-dataplex 1.1.0 requires protobuf<4.0.0dev,>=3.19.0, but you have protobuf 4.23.3 which is incompatible.
[2023-06-20T23:22:13.428+0000] {subprocess.py:93} INFO - google-cloud-dataproc 5.0.0 requires protobuf<4.0.0dev,>=3.19.0, but you have protobuf 4.23.3 which is incompatible.
[2023-06-20T23:22:13.429+0000] {subprocess.py:93} INFO - google-cloud-dataproc-metastore 1.6.0 requires protobuf<4.0.0dev,>=3.19.0, but you have protobuf 4.23.3 which is incompatible.
[2023-06-20T23:22:13.431+0000] {subprocess.py:93} INFO - google-cloud-dlp 1.0.2 requires protobuf<4.0.0dev, but you have protobuf 4.23.3 which is incompatible.
[2023-06-20T23:22:13.431+0000] {subprocess.py:93} INFO - google-cloud-kms 2.12.0 requires protobuf<4.0.0dev,>=3.19.0, but you have protobuf 4.23.3 which is incompatible.
[2023-06-20T23:22:13.482+0000] {subprocess.py:93} INFO - google-cloud-language 1.3.2 requires protobuf<4.0.0dev, but you have protobuf 4.23.3 which is incompatible.
[2023-06-20T23:22:13.483+0000] {subprocess.py:93} INFO - google-cloud-logging 3.2.1 requires protobuf<4.0.0dev,>=3.19.0, but you have protobuf 4.23.3 which is incompatible.
[2023-06-20T23:22:13.484+0000] {subprocess.py:93} INFO - google-cloud-memcache 1.4.1 requires protobuf<4.0.0dev,>=3.19.0, but you have protobuf 4.23.3 which is incompatible.
[2023-06-20T23:22:13.485+0000] {subprocess.py:93} INFO - google-cloud-monitoring 2.11.0 requires protobuf<4.0.0dev,>=3.19.0, but you have protobuf 4.23.3 which is incompatible.
[2023-06-20T23:22:13.487+0000] {subprocess.py:93} INFO - google-cloud-orchestration-*** 1.4.1 requires protobuf<4.0.0dev,>=3.19.0, but you have protobuf 4.23.3 which is incompatible.
[2023-06-20T23:22:13.488+0000] {subprocess.py:93} INFO - google-cloud-os-login 2.7.1 requires protobuf<4.0.0dev,>=3.19.0, but you have protobuf 4.23.3 which is incompatible.
[2023-06-20T23:22:13.489+0000] {subprocess.py:93} INFO - google-cloud-pubsub 2.13.5 requires protobuf<4.0.0dev,>=3.19.0, but you have protobuf 4.23.3 which is incompatible.
[2023-06-20T23:22:13.490+0000] {subprocess.py:93} INFO - google-cloud-redis 2.9.0 requires protobuf<4.0.0dev,>=3.19.0, but you have protobuf 4.23.3 which is incompatible.
[2023-06-20T23:22:13.491+0000] {subprocess.py:93} INFO - google-cloud-resource-manager 1.6.0 requires protobuf<4.0.0dev,>=3.19.0, but you have protobuf 4.23.3 which is incompatible.
[2023-06-20T23:22:13.493+0000] {subprocess.py:93} INFO - google-cloud-secret-manager 1.0.2 requires protobuf<4.0.0dev, but you have protobuf 4.23.3 which is incompatible.
[2023-06-20T23:22:13.494+0000] {subprocess.py:93} INFO - google-cloud-spanner 1.19.3 requires protobuf<4.0.0dev, but you have protobuf 4.23.3 which is incompatible.
[2023-06-20T23:22:13.495+0000] {subprocess.py:93} INFO - google-cloud-speech 1.3.4 requires protobuf<4.0.0dev, but you have protobuf 4.23.3 which is incompatible.
[2023-06-20T23:22:13.496+0000] {subprocess.py:93} INFO - google-cloud-tasks 2.10.1 requires protobuf<4.0.0dev,>=3.19.0, but you have protobuf 4.23.3 which is incompatible.
[2023-06-20T23:22:13.498+0000] {subprocess.py:93} INFO - google-cloud-texttospeech 1.0.3 requires protobuf<4.0.0dev, but you have protobuf 4.23.3 which is incompatible.
[2023-06-20T23:22:13.509+0000] {subprocess.py:93} INFO - google-cloud-translate 1.7.2 requires protobuf<4.0.0dev, but you have protobuf 4.23.3 which is incompatible.
[2023-06-20T23:22:13.510+0000] {subprocess.py:93} INFO - google-cloud-videointelligence 1.16.3 requires protobuf<4.0.0dev, but you have protobuf 4.23.3 which is incompatible.
[2023-06-20T23:22:13.511+0000] {subprocess.py:93} INFO - google-cloud-vision 1.0.2 requires protobuf<4.0.0dev, but you have protobuf 4.23.3 which is incompatible.
[2023-06-20T23:22:13.512+0000] {subprocess.py:93} INFO - google-cloud-workflows 1.7.1 requires protobuf<4.0.0dev,>=3.19.0, but you have protobuf 4.23.3 which is incompatible.
[2023-06-20T23:22:13.513+0000] {subprocess.py:93} INFO - Successfully installed SecretStorage-3.3.3 agate-1.7.0 dbt-core-1.5.1 dbt-extractor-0.4.1 dbt-snowflake-1.5.1 hologram-0.0.16 jaraco.classes-3.2.3 jeepney-0.8.0 keyring-23.13.1 leather-0.3.4 logbook-1.5.3 mashumaro-3.6 minimal-snowplow-tracker-0.0.2 more-itertools-9.1.0 networkx-2.6.3 parsedatetime-2.4 protobuf-4.23.3 pytimeparse-1.1.8 pyyaml-6.0
[2023-06-20T23:22:13.576+0000] {subprocess.py:97} INFO - Command exited with return code 0
[2023-06-20T23:22:13.612+0000] {taskinstance.py:1327} INFO - Marking task as SUCCESS. dag_id=dbt_ipflow_dag, task_id=dbt_install, execution_date=20230620T232158, start_date=20230620T232201, end_date=20230620T232213
[2023-06-20T23:22:13.663+0000] {local_task_job.py:159} INFO - Task exited with return code 0
[2023-06-20T23:22:13.695+0000] {taskinstance.py:2582} INFO - 1 downstream tasks scheduled from follow-on schedule check
