[2023-06-20T23:22:15.213+0000] {taskinstance.py:1087} INFO - Dependencies all met for <TaskInstance: dbt_ipflow_dag.dbt_run_2 manual__2023-06-20T23:21:58.234118+00:00 [queued]>
[2023-06-20T23:22:15.220+0000] {taskinstance.py:1087} INFO - Dependencies all met for <TaskInstance: dbt_ipflow_dag.dbt_run_2 manual__2023-06-20T23:21:58.234118+00:00 [queued]>
[2023-06-20T23:22:15.221+0000] {taskinstance.py:1283} INFO - 
--------------------------------------------------------------------------------
[2023-06-20T23:22:15.223+0000] {taskinstance.py:1284} INFO - Starting attempt 1 of 1
[2023-06-20T23:22:15.224+0000] {taskinstance.py:1285} INFO - 
--------------------------------------------------------------------------------
[2023-06-20T23:22:15.233+0000] {taskinstance.py:1304} INFO - Executing <Task(BashOperator): dbt_run_2> on 2023-06-20 23:21:58.234118+00:00
[2023-06-20T23:22:15.241+0000] {standard_task_runner.py:55} INFO - Started process 23025 to run task
[2023-06-20T23:22:15.247+0000] {standard_task_runner.py:82} INFO - Running: ['***', 'tasks', 'run', 'dbt_ipflow_dag', 'dbt_run_2', 'manual__2023-06-20T23:21:58.234118+00:00', '--job-id', '30', '--raw', '--subdir', 'DAGS_FOLDER/dbt_ip_flow_dag.py', '--cfg-path', '/tmp/tmpdlaytsyr']
[2023-06-20T23:22:15.250+0000] {standard_task_runner.py:83} INFO - Job 30: Subtask dbt_run_2
[2023-06-20T23:22:15.383+0000] {task_command.py:389} INFO - Running <TaskInstance: dbt_ipflow_dag.dbt_run_2 manual__2023-06-20T23:21:58.234118+00:00 [running]> on host 635f1a4ac995
[2023-06-20T23:22:15.454+0000] {taskinstance.py:1513} INFO - Exporting the following env vars:
AIRFLOW_CTX_DAG_OWNER=***
AIRFLOW_CTX_DAG_ID=dbt_ipflow_dag
AIRFLOW_CTX_TASK_ID=dbt_run_2
AIRFLOW_CTX_EXECUTION_DATE=2023-06-20T23:21:58.234118+00:00
AIRFLOW_CTX_TRY_NUMBER=1
AIRFLOW_CTX_DAG_RUN_ID=manual__2023-06-20T23:21:58.234118+00:00
[2023-06-20T23:22:15.458+0000] {subprocess.py:63} INFO - Tmp dir root location: 
 /tmp
[2023-06-20T23:22:15.461+0000] {subprocess.py:75} INFO - Running command: ['/bin/bash', '-c', 'cd /opt/***/dbt/dbt_dsg_app']
[2023-06-20T23:22:15.480+0000] {subprocess.py:86} INFO - Output:
[2023-06-20T23:22:15.489+0000] {subprocess.py:97} INFO - Command exited with return code 0
[2023-06-20T23:22:15.520+0000] {taskinstance.py:1327} INFO - Marking task as SUCCESS. dag_id=dbt_ipflow_dag, task_id=dbt_run_2, execution_date=20230620T232158, start_date=20230620T232215, end_date=20230620T232215
[2023-06-20T23:22:15.582+0000] {local_task_job.py:159} INFO - Task exited with return code 0
[2023-06-20T23:22:15.608+0000] {taskinstance.py:2582} INFO - 0 downstream tasks scheduled from follow-on schedule check
