[2023-06-20T22:02:39.677+0000] {taskinstance.py:1087} INFO - Dependencies all met for <TaskInstance: dbt_ipflow_dag.dbt_run manual__2023-06-20T22:02:38.038689+00:00 [queued]>
[2023-06-20T22:02:39.687+0000] {taskinstance.py:1087} INFO - Dependencies all met for <TaskInstance: dbt_ipflow_dag.dbt_run manual__2023-06-20T22:02:38.038689+00:00 [queued]>
[2023-06-20T22:02:39.689+0000] {taskinstance.py:1283} INFO - 
--------------------------------------------------------------------------------
[2023-06-20T22:02:39.690+0000] {taskinstance.py:1284} INFO - Starting attempt 1 of 1
[2023-06-20T22:02:39.692+0000] {taskinstance.py:1285} INFO - 
--------------------------------------------------------------------------------
[2023-06-20T22:02:39.702+0000] {taskinstance.py:1304} INFO - Executing <Task(BashOperator): dbt_run> on 2023-06-20 22:02:38.038689+00:00
[2023-06-20T22:02:39.709+0000] {standard_task_runner.py:55} INFO - Started process 17901 to run task
[2023-06-20T22:02:39.717+0000] {standard_task_runner.py:82} INFO - Running: ['***', 'tasks', 'run', 'dbt_ipflow_dag', 'dbt_run', 'manual__2023-06-20T22:02:38.038689+00:00', '--job-id', '23', '--raw', '--subdir', 'DAGS_FOLDER/dbt_ip_flow_dag.py', '--cfg-path', '/tmp/tmpwpbg6wh4']
[2023-06-20T22:02:39.724+0000] {standard_task_runner.py:83} INFO - Job 23: Subtask dbt_run
[2023-06-20T22:02:39.817+0000] {task_command.py:389} INFO - Running <TaskInstance: dbt_ipflow_dag.dbt_run manual__2023-06-20T22:02:38.038689+00:00 [running]> on host 635f1a4ac995
[2023-06-20T22:02:39.891+0000] {taskinstance.py:1513} INFO - Exporting the following env vars:
AIRFLOW_CTX_DAG_OWNER=***
AIRFLOW_CTX_DAG_ID=dbt_ipflow_dag
AIRFLOW_CTX_TASK_ID=dbt_run
AIRFLOW_CTX_EXECUTION_DATE=2023-06-20T22:02:38.038689+00:00
AIRFLOW_CTX_TRY_NUMBER=1
AIRFLOW_CTX_DAG_RUN_ID=manual__2023-06-20T22:02:38.038689+00:00
[2023-06-20T22:02:39.894+0000] {subprocess.py:63} INFO - Tmp dir root location: 
 /tmp
[2023-06-20T22:02:39.896+0000] {subprocess.py:75} INFO - Running command: ['/bin/bash', '-c', 'source /opt/***/dbt_venv/bin/activate']
[2023-06-20T22:02:39.913+0000] {subprocess.py:86} INFO - Output:
[2023-06-20T22:02:39.965+0000] {subprocess.py:97} INFO - Command exited with return code 0
[2023-06-20T22:02:39.994+0000] {taskinstance.py:1327} INFO - Marking task as SUCCESS. dag_id=dbt_ipflow_dag, task_id=dbt_run, execution_date=20230620T220238, start_date=20230620T220239, end_date=20230620T220239
[2023-06-20T22:02:40.051+0000] {local_task_job.py:159} INFO - Task exited with return code 0
[2023-06-20T22:02:40.076+0000] {taskinstance.py:2582} INFO - 1 downstream tasks scheduled from follow-on schedule check
