[2023-06-21T01:19:05.991+0000] {taskinstance.py:1087} INFO - Dependencies all met for <TaskInstance: dbt_ipflow_dag.run_full_outputs_workflow manual__2023-06-21T01:17:13.639585+00:00 [queued]>
[2023-06-21T01:19:06.016+0000] {taskinstance.py:1087} INFO - Dependencies all met for <TaskInstance: dbt_ipflow_dag.run_full_outputs_workflow manual__2023-06-21T01:17:13.639585+00:00 [queued]>
[2023-06-21T01:19:06.021+0000] {taskinstance.py:1283} INFO - 
--------------------------------------------------------------------------------
[2023-06-21T01:19:06.024+0000] {taskinstance.py:1284} INFO - Starting attempt 1 of 1
[2023-06-21T01:19:06.027+0000] {taskinstance.py:1285} INFO - 
--------------------------------------------------------------------------------
[2023-06-21T01:19:06.048+0000] {taskinstance.py:1304} INFO - Executing <Task(BashOperator): run_full_outputs_workflow> on 2023-06-21 01:17:13.639585+00:00
[2023-06-21T01:19:06.061+0000] {standard_task_runner.py:55} INFO - Started process 30558 to run task
[2023-06-21T01:19:06.079+0000] {standard_task_runner.py:82} INFO - Running: ['***', 'tasks', 'run', 'dbt_ipflow_dag', 'run_full_outputs_workflow', 'manual__2023-06-21T01:17:13.639585+00:00', '--job-id', '43', '--raw', '--subdir', 'DAGS_FOLDER/dbt_ip_flow_dag.py', '--cfg-path', '/tmp/tmp7q31o9s_']
[2023-06-21T01:19:06.084+0000] {standard_task_runner.py:83} INFO - Job 43: Subtask run_full_outputs_workflow
[2023-06-21T01:19:06.241+0000] {task_command.py:389} INFO - Running <TaskInstance: dbt_ipflow_dag.run_full_outputs_workflow manual__2023-06-21T01:17:13.639585+00:00 [running]> on host 635f1a4ac995
[2023-06-21T01:19:06.437+0000] {taskinstance.py:1513} INFO - Exporting the following env vars:
AIRFLOW_CTX_DAG_OWNER=***
AIRFLOW_CTX_DAG_ID=dbt_ipflow_dag
AIRFLOW_CTX_TASK_ID=run_full_outputs_workflow
AIRFLOW_CTX_EXECUTION_DATE=2023-06-21T01:17:13.639585+00:00
AIRFLOW_CTX_TRY_NUMBER=1
AIRFLOW_CTX_DAG_RUN_ID=manual__2023-06-21T01:17:13.639585+00:00
[2023-06-21T01:19:06.445+0000] {subprocess.py:63} INFO - Tmp dir root location: 
 /tmp
[2023-06-21T01:19:06.449+0000] {subprocess.py:75} INFO - Running command: ['/bin/bash', '-c', 'dbt run --select src_ipflow_merge_output+ --select stg_ipflow_success_data+ --profiles-dir /opt/***/dbt/dbt_dsg_app --project-dir /opt/***/dbt/dbt_dsg_app']
[2023-06-21T01:19:06.491+0000] {subprocess.py:86} INFO - Output:
[2023-06-21T01:19:08.493+0000] {subprocess.py:93} INFO - [0m01:19:08  Running with dbt=1.5.1
[2023-06-21T01:19:09.376+0000] {subprocess.py:93} INFO - [0m01:19:09  Found 12 models, 2 tests, 0 snapshots, 0 analyses, 321 macros, 0 operations, 0 seed files, 0 sources, 0 exposures, 0 metrics, 0 groups
[2023-06-21T01:19:09.442+0000] {subprocess.py:93} INFO - [0m01:19:09
[2023-06-21T01:19:11.349+0000] {subprocess.py:93} INFO - [0m01:19:11  Concurrency: 4 threads (target='dev')
[2023-06-21T01:19:11.352+0000] {subprocess.py:93} INFO - [0m01:19:11
[2023-06-21T01:19:11.377+0000] {subprocess.py:93} INFO - [0m01:19:11  1 of 11 START sql table model DBT_POC.src_ipflow_merge_output .................. [RUN]
[2023-06-21T01:19:11.393+0000] {subprocess.py:93} INFO - [0m01:19:11  2 of 11 START sql table model DBT_POC.stg_ipflow_success_data .................. [RUN]
[2023-06-21T01:19:12.793+0000] {subprocess.py:93} INFO - [0m01:19:12  2 of 11 OK created sql table model DBT_POC.stg_ipflow_success_data ............. [[32mSUCCESS 1[0m in 1.34s]
[2023-06-21T01:19:12.804+0000] {subprocess.py:93} INFO - [0m01:19:12  3 of 11 START sql table model DBT_POC.src_ipflow_merge_domain_observations ..... [RUN]
[2023-06-21T01:19:12.828+0000] {subprocess.py:93} INFO - [0m01:19:12  4 of 11 START sql table model DBT_POC.src_ipflow_merge_success_output .......... [RUN]
[2023-06-21T01:19:12.958+0000] {subprocess.py:93} INFO - [0m01:19:12  1 of 11 OK created sql table model DBT_POC.src_ipflow_merge_output ............. [[32mSUCCESS 1[0m in 1.57s]
[2023-06-21T01:19:12.967+0000] {subprocess.py:93} INFO - [0m01:19:12  5 of 11 START sql incremental model DBT_POC.stg_ipflow_merge_output ............ [RUN]
[2023-06-21T01:19:14.429+0000] {subprocess.py:93} INFO - [0m01:19:14  4 of 11 OK created sql table model DBT_POC.src_ipflow_merge_success_output ..... [[32mSUCCESS 1[0m in 1.58s]
[2023-06-21T01:19:14.450+0000] {subprocess.py:93} INFO - [0m01:19:14  6 of 11 START sql incremental model DBT_POC.stg_ipflow_merge_success_output .... [RUN]
[2023-06-21T01:19:14.524+0000] {subprocess.py:93} INFO - [0m01:19:14  3 of 11 OK created sql table model DBT_POC.src_ipflow_merge_domain_observations  [[32mSUCCESS 1[0m in 1.71s]
[2023-06-21T01:19:14.533+0000] {subprocess.py:93} INFO - [0m01:19:14  7 of 11 START sql incremental model DBT_POC.stg_ipflow_merge_domain_observations  [RUN]
[2023-06-21T01:19:15.953+0000] {subprocess.py:93} INFO - [0m01:19:15  5 of 11 OK created sql incremental model DBT_POC.stg_ipflow_merge_output ....... [[32mSUCCESS 1[0m in 2.93s]
[2023-06-21T01:19:17.594+0000] {subprocess.py:93} INFO - [0m01:19:17  6 of 11 OK created sql incremental model DBT_POC.stg_ipflow_merge_success_output  [[32mSUCCESS 1[0m in 3.12s]
[2023-06-21T01:19:17.694+0000] {subprocess.py:93} INFO - [0m01:19:17  8 of 11 START sql table model DBT_POC.src_ipflow_normalized_location ........... [RUN]
[2023-06-21T01:19:17.815+0000] {subprocess.py:93} INFO - [0m01:19:17  7 of 11 OK created sql incremental model DBT_POC.stg_ipflow_merge_domain_observations  [[32mSUCCESS 1[0m in 3.20s]
[2023-06-21T01:19:17.954+0000] {subprocess.py:93} INFO - [0m01:19:17  9 of 11 START sql table model DBT_POC.fact_ip_to_company_domain ................ [RUN]
[2023-06-21T01:19:20.479+0000] {subprocess.py:93} INFO - [0m01:19:20  9 of 11 OK created sql table model DBT_POC.fact_ip_to_company_domain ........... [[32mSUCCESS 1[0m in 2.40s]
[2023-06-21T01:19:20.664+0000] {subprocess.py:93} INFO - [0m01:19:20  8 of 11 OK created sql table model DBT_POC.src_ipflow_normalized_location ...... [[32mSUCCESS 1[0m in 2.95s]
[2023-06-21T01:19:20.691+0000] {subprocess.py:93} INFO - [0m01:19:20  10 of 11 START sql table model DBT_POC.src_ipflow_ip_to_location ............... [RUN]
[2023-06-21T01:19:22.427+0000] {subprocess.py:93} INFO - [0m01:19:22  10 of 11 OK created sql table model DBT_POC.src_ipflow_ip_to_location .......... [[32mSUCCESS 1[0m in 1.73s]
[2023-06-21T01:19:22.450+0000] {subprocess.py:93} INFO - [0m01:19:22  11 of 11 START sql incremental model DBT_POC.stg_ipflow_ip_to_location_mappings  [RUN]
[2023-06-21T01:19:25.930+0000] {subprocess.py:93} INFO - [0m01:19:25  11 of 11 OK created sql incremental model DBT_POC.stg_ipflow_ip_to_location_mappings  [[32mSUCCESS 1[0m in 3.46s]
[2023-06-21T01:19:26.052+0000] {subprocess.py:93} INFO - [0m01:19:26
[2023-06-21T01:19:26.055+0000] {subprocess.py:93} INFO - [0m01:19:26  Finished running 7 table models, 4 incremental models in 0 hours 0 minutes and 16.60 seconds (16.60s).
[2023-06-21T01:19:26.172+0000] {subprocess.py:93} INFO - [0m01:19:26
[2023-06-21T01:19:26.174+0000] {subprocess.py:93} INFO - [0m01:19:26  [32mCompleted successfully[0m
[2023-06-21T01:19:26.185+0000] {subprocess.py:93} INFO - [0m01:19:26
[2023-06-21T01:19:26.188+0000] {subprocess.py:93} INFO - [0m01:19:26  Done. PASS=11 WARN=0 ERROR=0 SKIP=0 TOTAL=11
[2023-06-21T01:19:26.623+0000] {subprocess.py:97} INFO - Command exited with return code 0
[2023-06-21T01:19:26.688+0000] {taskinstance.py:1327} INFO - Marking task as SUCCESS. dag_id=dbt_ipflow_dag, task_id=run_full_outputs_workflow, execution_date=20230621T011713, start_date=20230621T011906, end_date=20230621T011926
[2023-06-21T01:19:26.751+0000] {local_task_job.py:159} INFO - Task exited with return code 0
[2023-06-21T01:19:26.782+0000] {taskinstance.py:2582} INFO - 0 downstream tasks scheduled from follow-on schedule check
