[2023-08-01T00:37:54.941+0000] {taskinstance.py:1087} INFO - Dependencies all met for <TaskInstance: dbt_ipflow_dag.get_input_data scheduled__2023-07-31T00:00:00+00:00 [queued]>
[2023-08-01T00:37:55.049+0000] {taskinstance.py:1087} INFO - Dependencies all met for <TaskInstance: dbt_ipflow_dag.get_input_data scheduled__2023-07-31T00:00:00+00:00 [queued]>
[2023-08-01T00:37:55.050+0000] {taskinstance.py:1283} INFO - 
--------------------------------------------------------------------------------
[2023-08-01T00:37:55.051+0000] {taskinstance.py:1284} INFO - Starting attempt 1 of 1
[2023-08-01T00:37:55.052+0000] {taskinstance.py:1285} INFO - 
--------------------------------------------------------------------------------
[2023-08-01T00:37:55.064+0000] {taskinstance.py:1304} INFO - Executing <Task(BashOperator): get_input_data> on 2023-07-31 00:00:00+00:00
[2023-08-01T00:37:55.072+0000] {standard_task_runner.py:55} INFO - Started process 30838 to run task
[2023-08-01T00:37:55.080+0000] {standard_task_runner.py:82} INFO - Running: ['***', 'tasks', 'run', 'dbt_ipflow_dag', 'get_input_data', 'scheduled__2023-07-31T00:00:00+00:00', '--job-id', '93', '--raw', '--subdir', 'DAGS_FOLDER/dbt_ip_flow_dag.py', '--cfg-path', '/tmp/tmpxrmppa8g']
[2023-08-01T00:37:55.084+0000] {standard_task_runner.py:83} INFO - Job 93: Subtask get_input_data
[2023-08-01T00:37:55.169+0000] {task_command.py:389} INFO - Running <TaskInstance: dbt_ipflow_dag.get_input_data scheduled__2023-07-31T00:00:00+00:00 [running]> on host 635f1a4ac995
[2023-08-01T00:37:55.242+0000] {taskinstance.py:1513} INFO - Exporting the following env vars:
AIRFLOW_CTX_DAG_OWNER=***
AIRFLOW_CTX_DAG_ID=dbt_ipflow_dag
AIRFLOW_CTX_TASK_ID=get_input_data
AIRFLOW_CTX_EXECUTION_DATE=2023-07-31T00:00:00+00:00
AIRFLOW_CTX_TRY_NUMBER=1
AIRFLOW_CTX_DAG_RUN_ID=scheduled__2023-07-31T00:00:00+00:00
[2023-08-01T00:37:55.251+0000] {subprocess.py:63} INFO - Tmp dir root location: 
 /tmp
[2023-08-01T00:37:55.252+0000] {subprocess.py:75} INFO - Running command: ['/bin/bash', '-c', "dbt run --select stg_ipflow_input_data --profiles-dir /opt/***/dbt/dbt_dsg_app --project-dir /opt/***/dbt/dbt_dsg_app  --target dev --vars '{'env': 'dev'}' "]
[2023-08-01T00:37:55.268+0000] {subprocess.py:86} INFO - Output:
[2023-08-01T00:37:56.874+0000] {subprocess.py:93} INFO - [0m00:37:56  Running with dbt=1.5.1
[2023-08-01T00:37:57.790+0000] {subprocess.py:93} INFO - [0m00:37:57  Found 12 models, 2 tests, 0 snapshots, 0 analyses, 321 macros, 0 operations, 0 seed files, 0 sources, 0 exposures, 0 metrics, 0 groups
[2023-08-01T00:37:57.800+0000] {subprocess.py:93} INFO - [0m00:37:57
[2023-08-01T01:42:50.839+0000] {local_task_job.py:224} WARNING - State of this instance has been externally set to failed. Terminating instance.
[2023-08-01T01:42:50.853+0000] {process_utils.py:133} INFO - Sending Signals.SIGTERM to group 30838. PIDs of all processes in the group: [30839, 30838]
[2023-08-01T01:42:50.856+0000] {process_utils.py:84} INFO - Sending the signal Signals.SIGTERM to group 30838
[2023-08-01T01:42:50.862+0000] {taskinstance.py:1483} ERROR - Received SIGTERM. Terminating subprocesses.
[2023-08-01T01:42:50.865+0000] {subprocess.py:104} INFO - Sending SIGTERM signal to process group
[2023-08-01T01:42:50.994+0000] {process_utils.py:79} INFO - Process psutil.Process(pid=30838, status='terminated', exitcode=0, started='00:37:54') (30838) terminated with exit code 0
[2023-08-01T01:42:51.004+0000] {process_utils.py:79} INFO - Process psutil.Process(pid=30839, status='terminated', started='00:37:54') (30839) terminated with exit code None
