[2023-06-21T00:00:03.933+0000] {taskinstance.py:1087} INFO - Dependencies all met for <TaskInstance: dbt_ipflow_dag.dbt_install scheduled__2023-06-20T00:00:00+00:00 [queued]>
[2023-06-21T00:00:03.940+0000] {taskinstance.py:1087} INFO - Dependencies all met for <TaskInstance: dbt_ipflow_dag.dbt_install scheduled__2023-06-20T00:00:00+00:00 [queued]>
[2023-06-21T00:00:03.942+0000] {taskinstance.py:1283} INFO - 
--------------------------------------------------------------------------------
[2023-06-21T00:00:03.943+0000] {taskinstance.py:1284} INFO - Starting attempt 1 of 1
[2023-06-21T00:00:03.944+0000] {taskinstance.py:1285} INFO - 
--------------------------------------------------------------------------------
[2023-06-21T00:00:03.954+0000] {taskinstance.py:1304} INFO - Executing <Task(BashOperator): dbt_install> on 2023-06-20 00:00:00+00:00
[2023-06-21T00:00:03.960+0000] {standard_task_runner.py:55} INFO - Started process 25449 to run task
[2023-06-21T00:00:03.966+0000] {standard_task_runner.py:82} INFO - Running: ['***', 'tasks', 'run', 'dbt_ipflow_dag', 'dbt_install', 'scheduled__2023-06-20T00:00:00+00:00', '--job-id', '33', '--raw', '--subdir', 'DAGS_FOLDER/dbt_ip_flow_dag.py', '--cfg-path', '/tmp/tmpecg0bwy_']
[2023-06-21T00:00:03.968+0000] {standard_task_runner.py:83} INFO - Job 33: Subtask dbt_install
[2023-06-21T00:00:04.039+0000] {task_command.py:389} INFO - Running <TaskInstance: dbt_ipflow_dag.dbt_install scheduled__2023-06-20T00:00:00+00:00 [running]> on host 635f1a4ac995
[2023-06-21T00:00:04.101+0000] {taskinstance.py:1513} INFO - Exporting the following env vars:
AIRFLOW_CTX_DAG_OWNER=***
AIRFLOW_CTX_DAG_ID=dbt_ipflow_dag
AIRFLOW_CTX_TASK_ID=dbt_install
AIRFLOW_CTX_EXECUTION_DATE=2023-06-20T00:00:00+00:00
AIRFLOW_CTX_TRY_NUMBER=1
AIRFLOW_CTX_DAG_RUN_ID=scheduled__2023-06-20T00:00:00+00:00
[2023-06-21T00:00:04.103+0000] {subprocess.py:63} INFO - Tmp dir root location: 
 /tmp
[2023-06-21T00:00:04.105+0000] {subprocess.py:75} INFO - Running command: ['/bin/bash', '-c', 'pip install dbt-snowflake']
[2023-06-21T00:00:04.120+0000] {subprocess.py:86} INFO - Output:
[2023-06-21T00:00:04.685+0000] {subprocess.py:93} INFO - Defaulting to user installation because normal site-packages is not writeable
[2023-06-21T00:00:04.864+0000] {subprocess.py:93} INFO - Requirement already satisfied: dbt-snowflake in /home/***/.local/lib/python3.7/site-packages (1.5.1)
[2023-06-21T00:00:04.867+0000] {subprocess.py:93} INFO - Requirement already satisfied: dbt-core~=1.5.0 in /home/***/.local/lib/python3.7/site-packages (from dbt-snowflake) (1.5.1)
[2023-06-21T00:00:04.868+0000] {subprocess.py:93} INFO - Requirement already satisfied: snowflake-connector-python[secure-local-storage]~=3.0 in /home/***/.local/lib/python3.7/site-packages (from dbt-snowflake) (3.0.4)
[2023-06-21T00:00:04.878+0000] {subprocess.py:93} INFO - Requirement already satisfied: Jinja2==3.1.2 in /home/***/.local/lib/python3.7/site-packages (from dbt-core~=1.5.0->dbt-snowflake) (3.1.2)
[2023-06-21T00:00:04.880+0000] {subprocess.py:93} INFO - Requirement already satisfied: agate<1.7.1,>=1.6 in /home/***/.local/lib/python3.7/site-packages (from dbt-core~=1.5.0->dbt-snowflake) (1.7.0)
[2023-06-21T00:00:04.881+0000] {subprocess.py:93} INFO - Requirement already satisfied: click<9,>=7.0 in /home/***/.local/lib/python3.7/site-packages (from dbt-core~=1.5.0->dbt-snowflake) (8.1.3)
[2023-06-21T00:00:04.882+0000] {subprocess.py:93} INFO - Requirement already satisfied: colorama<0.4.7,>=0.3.9 in /home/***/.local/lib/python3.7/site-packages (from dbt-core~=1.5.0->dbt-snowflake) (0.4.4)
[2023-06-21T00:00:04.884+0000] {subprocess.py:93} INFO - Requirement already satisfied: hologram<=0.0.16,>=0.0.14 in /home/***/.local/lib/python3.7/site-packages (from dbt-core~=1.5.0->dbt-snowflake) (0.0.16)
[2023-06-21T00:00:04.885+0000] {subprocess.py:93} INFO - Requirement already satisfied: isodate<0.7,>=0.6 in /home/***/.local/lib/python3.7/site-packages (from dbt-core~=1.5.0->dbt-snowflake) (0.6.1)
[2023-06-21T00:00:04.930+0000] {subprocess.py:93} INFO - Requirement already satisfied: logbook<1.6,>=1.5 in /home/***/.local/lib/python3.7/site-packages (from dbt-core~=1.5.0->dbt-snowflake) (1.5.3)
[2023-06-21T00:00:04.932+0000] {subprocess.py:93} INFO - Requirement already satisfied: mashumaro[msgpack]==3.6 in /home/***/.local/lib/python3.7/site-packages (from dbt-core~=1.5.0->dbt-snowflake) (3.6)
[2023-06-21T00:00:04.933+0000] {subprocess.py:93} INFO - Requirement already satisfied: minimal-snowplow-tracker==0.0.2 in /home/***/.local/lib/python3.7/site-packages (from dbt-core~=1.5.0->dbt-snowflake) (0.0.2)
[2023-06-21T00:00:04.935+0000] {subprocess.py:93} INFO - Requirement already satisfied: packaging>20.9 in /home/***/.local/lib/python3.7/site-packages (from dbt-core~=1.5.0->dbt-snowflake) (21.3)
[2023-06-21T00:00:04.936+0000] {subprocess.py:93} INFO - Requirement already satisfied: sqlparse<0.4.4,>=0.2.3 in /home/***/.local/lib/python3.7/site-packages (from dbt-core~=1.5.0->dbt-snowflake) (0.4.3)
[2023-06-21T00:00:04.938+0000] {subprocess.py:93} INFO - Requirement already satisfied: dbt-extractor~=0.4.1 in /home/***/.local/lib/python3.7/site-packages (from dbt-core~=1.5.0->dbt-snowflake) (0.4.1)
[2023-06-21T00:00:04.939+0000] {subprocess.py:93} INFO - Requirement already satisfied: typing-extensions>=3.7.4 in /home/***/.local/lib/python3.7/site-packages (from dbt-core~=1.5.0->dbt-snowflake) (4.4.0)
[2023-06-21T00:00:04.940+0000] {subprocess.py:93} INFO - Requirement already satisfied: werkzeug<3,>=1 in /home/***/.local/lib/python3.7/site-packages (from dbt-core~=1.5.0->dbt-snowflake) (2.2.2)
[2023-06-21T00:00:04.941+0000] {subprocess.py:93} INFO - Requirement already satisfied: pathspec<0.12,>=0.9 in /home/***/.local/lib/python3.7/site-packages (from dbt-core~=1.5.0->dbt-snowflake) (0.9.0)
[2023-06-21T00:00:04.942+0000] {subprocess.py:93} INFO - Requirement already satisfied: protobuf>=4.0.0 in /home/***/.local/lib/python3.7/site-packages (from dbt-core~=1.5.0->dbt-snowflake) (4.23.3)
[2023-06-21T00:00:04.944+0000] {subprocess.py:93} INFO - Requirement already satisfied: pytz>=2015.7 in /home/***/.local/lib/python3.7/site-packages (from dbt-core~=1.5.0->dbt-snowflake) (2022.6)
[2023-06-21T00:00:04.945+0000] {subprocess.py:93} INFO - Requirement already satisfied: requests<3.0.0 in /home/***/.local/lib/python3.7/site-packages (from dbt-core~=1.5.0->dbt-snowflake) (2.28.1)
[2023-06-21T00:00:04.946+0000] {subprocess.py:93} INFO - Requirement already satisfied: idna<4,>=2.5 in /home/***/.local/lib/python3.7/site-packages (from dbt-core~=1.5.0->dbt-snowflake) (3.4)
[2023-06-21T00:00:04.956+0000] {subprocess.py:93} INFO - Requirement already satisfied: cffi<2.0.0,>=1.9 in /home/***/.local/lib/python3.7/site-packages (from dbt-core~=1.5.0->dbt-snowflake) (1.15.1)
[2023-06-21T00:00:04.957+0000] {subprocess.py:93} INFO - Requirement already satisfied: pyyaml>=6.0 in /home/***/.local/lib/python3.7/site-packages (from dbt-core~=1.5.0->dbt-snowflake) (6.0)
[2023-06-21T00:00:04.958+0000] {subprocess.py:93} INFO - Requirement already satisfied: networkx<2.8.1,>=2.3 in /home/***/.local/lib/python3.7/site-packages (from dbt-core~=1.5.0->dbt-snowflake) (2.6.3)
[2023-06-21T00:00:04.959+0000] {subprocess.py:93} INFO - Requirement already satisfied: MarkupSafe>=2.0 in /home/***/.local/lib/python3.7/site-packages (from Jinja2==3.1.2->dbt-core~=1.5.0->dbt-snowflake) (2.1.1)
[2023-06-21T00:00:04.961+0000] {subprocess.py:93} INFO - Requirement already satisfied: msgpack>=0.5.6 in /home/***/.local/lib/python3.7/site-packages (from mashumaro[msgpack]==3.6->dbt-core~=1.5.0->dbt-snowflake) (1.0.4)
[2023-06-21T00:00:04.962+0000] {subprocess.py:93} INFO - Requirement already satisfied: six<2.0,>=1.9.0 in /home/***/.local/lib/python3.7/site-packages (from minimal-snowplow-tracker==0.0.2->dbt-core~=1.5.0->dbt-snowflake) (1.16.0)
[2023-06-21T00:00:04.963+0000] {subprocess.py:93} INFO - Requirement already satisfied: asn1crypto<2.0.0,>0.24.0 in /home/***/.local/lib/python3.7/site-packages (from snowflake-connector-python[secure-local-storage]~=3.0->dbt-snowflake) (1.5.1)
[2023-06-21T00:00:04.964+0000] {subprocess.py:93} INFO - Requirement already satisfied: cryptography<41.0.0,>=3.1.0 in /home/***/.local/lib/python3.7/site-packages (from snowflake-connector-python[secure-local-storage]~=3.0->dbt-snowflake) (36.0.2)
[2023-06-21T00:00:04.965+0000] {subprocess.py:93} INFO - Requirement already satisfied: oscrypto<2.0.0 in /home/***/.local/lib/python3.7/site-packages (from snowflake-connector-python[secure-local-storage]~=3.0->dbt-snowflake) (1.3.0)
[2023-06-21T00:00:04.975+0000] {subprocess.py:93} INFO - Requirement already satisfied: pyOpenSSL<24.0.0,>=16.2.0 in /home/***/.local/lib/python3.7/site-packages (from snowflake-connector-python[secure-local-storage]~=3.0->dbt-snowflake) (22.0.0)
[2023-06-21T00:00:04.976+0000] {subprocess.py:93} INFO - Requirement already satisfied: pycryptodomex!=3.5.0,<4.0.0,>=3.2 in /home/***/.local/lib/python3.7/site-packages (from snowflake-connector-python[secure-local-storage]~=3.0->dbt-snowflake) (3.18.0)
[2023-06-21T00:00:04.977+0000] {subprocess.py:93} INFO - Requirement already satisfied: pyjwt<3.0.0 in /home/***/.local/lib/python3.7/site-packages (from snowflake-connector-python[secure-local-storage]~=3.0->dbt-snowflake) (2.6.0)
[2023-06-21T00:00:04.978+0000] {subprocess.py:93} INFO - Requirement already satisfied: charset-normalizer<4,>=2 in /home/***/.local/lib/python3.7/site-packages (from snowflake-connector-python[secure-local-storage]~=3.0->dbt-snowflake) (2.1.1)
[2023-06-21T00:00:04.980+0000] {subprocess.py:93} INFO - Requirement already satisfied: urllib3<1.27,>=1.21.1 in /home/***/.local/lib/python3.7/site-packages (from snowflake-connector-python[secure-local-storage]~=3.0->dbt-snowflake) (1.26.13)
[2023-06-21T00:00:04.981+0000] {subprocess.py:93} INFO - Requirement already satisfied: certifi>=2017.4.17 in /home/***/.local/lib/python3.7/site-packages (from snowflake-connector-python[secure-local-storage]~=3.0->dbt-snowflake) (2022.9.24)
[2023-06-21T00:00:04.982+0000] {subprocess.py:93} INFO - Requirement already satisfied: filelock<4,>=3.5 in /home/***/.local/lib/python3.7/site-packages (from snowflake-connector-python[secure-local-storage]~=3.0->dbt-snowflake) (3.8.0)
[2023-06-21T00:00:04.983+0000] {subprocess.py:93} INFO - Requirement already satisfied: sortedcontainers>=2.4.0 in /home/***/.local/lib/python3.7/site-packages (from snowflake-connector-python[secure-local-storage]~=3.0->dbt-snowflake) (2.4.0)
[2023-06-21T00:00:04.984+0000] {subprocess.py:93} INFO - Requirement already satisfied: importlib-metadata in /home/***/.local/lib/python3.7/site-packages (from snowflake-connector-python[secure-local-storage]~=3.0->dbt-snowflake) (4.13.0)
[2023-06-21T00:00:04.985+0000] {subprocess.py:93} INFO - Requirement already satisfied: keyring!=16.1.0,<24.0.0 in /home/***/.local/lib/python3.7/site-packages (from snowflake-connector-python[secure-local-storage]~=3.0->dbt-snowflake) (23.13.1)
[2023-06-21T00:00:04.994+0000] {subprocess.py:93} INFO - Requirement already satisfied: Babel>=2.0 in /home/***/.local/lib/python3.7/site-packages (from agate<1.7.1,>=1.6->dbt-core~=1.5.0->dbt-snowflake) (2.11.0)
[2023-06-21T00:00:04.995+0000] {subprocess.py:93} INFO - Requirement already satisfied: leather>=0.3.2 in /home/***/.local/lib/python3.7/site-packages (from agate<1.7.1,>=1.6->dbt-core~=1.5.0->dbt-snowflake) (0.3.4)
[2023-06-21T00:00:04.996+0000] {subprocess.py:93} INFO - Requirement already satisfied: parsedatetime!=2.5,!=2.6,>=2.1 in /home/***/.local/lib/python3.7/site-packages (from agate<1.7.1,>=1.6->dbt-core~=1.5.0->dbt-snowflake) (2.4)
[2023-06-21T00:00:04.997+0000] {subprocess.py:93} INFO - Requirement already satisfied: python-slugify>=1.2.1 in /home/***/.local/lib/python3.7/site-packages (from agate<1.7.1,>=1.6->dbt-core~=1.5.0->dbt-snowflake) (7.0.0)
[2023-06-21T00:00:04.998+0000] {subprocess.py:93} INFO - Requirement already satisfied: pytimeparse>=1.1.5 in /home/***/.local/lib/python3.7/site-packages (from agate<1.7.1,>=1.6->dbt-core~=1.5.0->dbt-snowflake) (1.1.8)
[2023-06-21T00:00:04.999+0000] {subprocess.py:93} INFO - Requirement already satisfied: pycparser in /home/***/.local/lib/python3.7/site-packages (from cffi<2.0.0,>=1.9->dbt-core~=1.5.0->dbt-snowflake) (2.21)
[2023-06-21T00:00:05.001+0000] {subprocess.py:93} INFO - Requirement already satisfied: python-dateutil<2.9,>=2.8 in /home/***/.local/lib/python3.7/site-packages (from hologram<=0.0.16,>=0.0.14->dbt-core~=1.5.0->dbt-snowflake) (2.8.2)
[2023-06-21T00:00:05.002+0000] {subprocess.py:93} INFO - Requirement already satisfied: jsonschema>=3.0 in /home/***/.local/lib/python3.7/site-packages (from hologram<=0.0.16,>=0.0.14->dbt-core~=1.5.0->dbt-snowflake) (4.17.3)
[2023-06-21T00:00:05.003+0000] {subprocess.py:93} INFO - Requirement already satisfied: jaraco.classes in /home/***/.local/lib/python3.7/site-packages (from keyring!=16.1.0,<24.0.0->snowflake-connector-python[secure-local-storage]~=3.0->dbt-snowflake) (3.2.3)
[2023-06-21T00:00:05.008+0000] {subprocess.py:93} INFO - Requirement already satisfied: importlib-resources in /home/***/.local/lib/python3.7/site-packages (from keyring!=16.1.0,<24.0.0->snowflake-connector-python[secure-local-storage]~=3.0->dbt-snowflake) (5.10.0)
[2023-06-21T00:00:05.009+0000] {subprocess.py:93} INFO - Requirement already satisfied: SecretStorage>=3.2 in /home/***/.local/lib/python3.7/site-packages (from keyring!=16.1.0,<24.0.0->snowflake-connector-python[secure-local-storage]~=3.0->dbt-snowflake) (3.3.3)
[2023-06-21T00:00:05.010+0000] {subprocess.py:93} INFO - Requirement already satisfied: jeepney>=0.4.2 in /home/***/.local/lib/python3.7/site-packages (from keyring!=16.1.0,<24.0.0->snowflake-connector-python[secure-local-storage]~=3.0->dbt-snowflake) (0.8.0)
[2023-06-21T00:00:05.011+0000] {subprocess.py:93} INFO - Requirement already satisfied: zipp>=0.5 in /home/***/.local/lib/python3.7/site-packages (from importlib-metadata->snowflake-connector-python[secure-local-storage]~=3.0->dbt-snowflake) (3.11.0)
[2023-06-21T00:00:05.029+0000] {subprocess.py:93} INFO - Requirement already satisfied: pyparsing!=3.0.5,>=2.0.2 in /home/***/.local/lib/python3.7/site-packages (from packaging>20.9->dbt-core~=1.5.0->dbt-snowflake) (3.0.9)
[2023-06-21T00:00:05.115+0000] {subprocess.py:93} INFO - Requirement already satisfied: attrs>=17.4.0 in /home/***/.local/lib/python3.7/site-packages (from jsonschema>=3.0->hologram<=0.0.16,>=0.0.14->dbt-core~=1.5.0->dbt-snowflake) (22.1.0)
[2023-06-21T00:00:05.117+0000] {subprocess.py:93} INFO - Requirement already satisfied: pkgutil-resolve-name>=1.3.10 in /home/***/.local/lib/python3.7/site-packages (from jsonschema>=3.0->hologram<=0.0.16,>=0.0.14->dbt-core~=1.5.0->dbt-snowflake) (1.3.10)
[2023-06-21T00:00:05.118+0000] {subprocess.py:93} INFO - Requirement already satisfied: pyrsistent!=0.17.0,!=0.17.1,!=0.17.2,>=0.14.0 in /home/***/.local/lib/python3.7/site-packages (from jsonschema>=3.0->hologram<=0.0.16,>=0.0.14->dbt-core~=1.5.0->dbt-snowflake) (0.19.2)
[2023-06-21T00:00:05.157+0000] {subprocess.py:93} INFO - Requirement already satisfied: future in /home/***/.local/lib/python3.7/site-packages (from parsedatetime!=2.5,!=2.6,>=2.1->agate<1.7.1,>=1.6->dbt-core~=1.5.0->dbt-snowflake) (0.18.2)
[2023-06-21T00:00:05.180+0000] {subprocess.py:93} INFO - Requirement already satisfied: text-unidecode>=1.3 in /home/***/.local/lib/python3.7/site-packages (from python-slugify>=1.2.1->agate<1.7.1,>=1.6->dbt-core~=1.5.0->dbt-snowflake) (1.3)
[2023-06-21T00:00:05.231+0000] {subprocess.py:93} INFO - Requirement already satisfied: more-itertools in /home/***/.local/lib/python3.7/site-packages (from jaraco.classes->keyring!=16.1.0,<24.0.0->snowflake-connector-python[secure-local-storage]~=3.0->dbt-snowflake) (9.1.0)
[2023-06-21T00:00:08.257+0000] {subprocess.py:97} INFO - Command exited with return code 0
[2023-06-21T00:00:08.350+0000] {taskinstance.py:1327} INFO - Marking task as SUCCESS. dag_id=dbt_ipflow_dag, task_id=dbt_install, execution_date=20230620T000000, start_date=20230621T000003, end_date=20230621T000008
[2023-06-21T00:00:08.426+0000] {local_task_job.py:159} INFO - Task exited with return code 0
[2023-06-21T00:00:08.501+0000] {taskinstance.py:2582} INFO - 0 downstream tasks scheduled from follow-on schedule check
